20250527	10:35:58	4efbd62d-461a-499d-84fe-28a3165f043b	Error retrieving pending issues: Illegal mix of collations (utf8mb4_0900_ai_ci,IMPLICIT) and (utf8mb4_unicode_ci,IMPLICIT) for operation '='
20250527	10:35:58	149734a9-0c48-412a-b2ff-0e5c57f703ba	Error retrieving pending issues: Illegal mix of collations (utf8mb4_0900_ai_ci,IMPLICIT) and (utf8mb4_unicode_ci,IMPLICIT) for operation '='
20250527	10:37:17	cbe897a0-e7b6-45de-b9e8-a2988cc4dde3	Error retrieving pending issues: Illegal mix of collations (utf8mb4_0900_ai_ci,IMPLICIT) and (utf8mb4_unicode_ci,IMPLICIT) for operation '='
20250527	10:37:17	779528ab-467d-4821-bf9d-95b8271313e0	Error retrieving pending issues: Illegal mix of collations (utf8mb4_0900_ai_ci,IMPLICIT) and (utf8mb4_unicode_ci,IMPLICIT) for operation '='
20250527	10:42:15	caac9226-ae1d-4548-ad1d-60a3caead61d	Item issued successfully - NAC: GT 04552, Quantity: 10 by user: Saman Tripathee
20250527	10:42:15	6bb8dd74-1d0b-42c4-a581-5d798e16aaef	Item issued successfully - NAC: GT 04552, Quantity: 10 by user: Saman Tripathee
20250527	10:42:15	7f7356b1-bc0a-48a4-b797-b29a0a3f99d1	Item issued successfully - NAC: GT 19080, Quantity: 100 by user: Saman Tripathee
20250527	10:42:15	37b9dba4-0c6d-4535-8541-a7997c426108	Issue created successfully for date: 2025/05/26 by user: Saman Tripathee
20250527	10:42:18	66d7a988-fdbb-43f4-ba0a-31ad61a8e896	Error retrieving pending issues: Illegal mix of collations (utf8mb4_0900_ai_ci,IMPLICIT) and (utf8mb4_unicode_ci,IMPLICIT) for operation '='
20250527	10:42:18	3b1607c0-f0ac-40f4-bdbb-ce34ff3c5089	Error retrieving pending issues: Illegal mix of collations (utf8mb4_0900_ai_ci,IMPLICIT) and (utf8mb4_unicode_ci,IMPLICIT) for operation '='
20250527	10:45:55	21a303af-eafc-4018-b163-a8e4c2719da7	Successfully retrieved 3 pending issues
20250527	10:45:55	2e19d924-1ece-4942-99ad-bdcac08e7a82	Successfully retrieved 3 pending issues
20250527	10:46:22	157fc5a6-8e21-4637-bbe5-d9385be878dc	Successfully retrieved 3 pending issues
20250527	10:46:22	3000efff-b402-4b39-a6c6-2a26a5575a57	Successfully retrieved 3 pending issues
20250527	10:57:17	e9726030-5b99-45aa-9e80-06d521cd0fc1	Successfully retrieved 3 pending issues
20250527	10:57:17	0c955389-7757-489a-93e5-f0a30f9e0002	Successfully retrieved 3 pending issues
20250527	10:58:49	330e345e-696b-4f57-a249-2df7d3af4d5b	Successfully retrieved 3 pending issues
20250527	10:58:49	bd23e48f-42b4-45c6-9371-d3ef64a8ee6a	Successfully retrieved 3 pending issues
20250527	11:11:58	cbb11a51-9c95-46ae-a688-9912785176e5	Successfully retrieved 3 pending issues
20250527	11:11:58	f198bb99-be57-4f8a-9c36-43211aee6b42	Successfully retrieved 3 pending issues
20250527	11:14:40	1219f21b-eb1f-401e-b88c-8a878b72a29f	Successfully retrieved 3 pending issues
20250527	11:14:40	ca0b6905-37ec-4fd9-ad0c-9fcd124026f7	Successfully retrieved 3 pending issues
20250527	11:15:18	c0148b03-eaed-4b17-b476-fd7885bb3a19	Successfully retrieved 3 pending issues
20250527	11:15:18	a7086e12-f9ae-4134-ab72-1df17902802f	Successfully retrieved 3 pending issues
20250527	11:15:44	c5876343-15de-4587-ba03-e345a5c9ab1f	Successfully retrieved 3 pending issues
20250527	11:15:44	c8a8e734-1ea6-4869-874e-33b57d8f261d	Successfully retrieved 3 pending issues
20250527	11:17:08	8807210e-2763-4292-a670-577f6507c4ea	Successfully retrieved 3 pending issues
20250527	11:17:08	e64d19e4-d576-4cff-8b46-3ece59b06301	Successfully retrieved 3 pending issues
20250527	11:18:32	d2e232a1-d8a9-41c2-94f2-c5547e350588	Successfully retrieved 3 pending issues
20250527	11:18:32	b5258e1d-ed13-4225-ba57-2c47768abd0d	Successfully retrieved 3 pending issues
20250527	11:18:53	13889456-37c7-439b-8405-099c2b83bfbd	Successfully retrieved 3 pending issues
20250527	11:18:53	088b55f7-9b9b-4d48-b1a8-38ac6a890703	Successfully retrieved 3 pending issues
20250527	11:20:25	612f6dd9-2ff2-48e7-8daf-9dc372e81765	Successfully retrieved 3 pending issues
20250527	11:20:25	2660bda6-762c-49cb-8092-cf79c327fdff	Successfully retrieved 3 pending issues
20250527	11:21:21	88627914-6aba-43f6-b2ea-bdc8772c22c0	Successfully retrieved 3 pending issues
20250527	11:21:21	2eb644c0-1895-4760-9267-e71abd2a4adc	Successfully retrieved 3 pending issues
20250527	11:29:01	fb050cf3-89f7-4ecf-91c4-52412ca6a977	Successfully retrieved 3 pending issues
20250527	11:29:01	6f9731d3-59d7-4366-abce-e3f34e8e13cc	Successfully retrieved 3 pending issues
20250527	11:32:45	788dc396-56a8-4ec3-a908-66fe76c4af3b	Successfully retrieved 3 pending issues
20250527	11:32:45	3cadc04e-825e-494e-b839-014ec71982ee	Successfully retrieved 3 pending issues
20250527	11:36:23	e354d1e5-beb4-43e6-bd29-afd270bfd581	Successfully retrieved 3 pending issues
20250527	11:59:18	c24e6835-4e71-49a1-b55b-8f99c77303f9	Successfully updated issue item ID: 13 with new quantity: 15
20250527	11:59:43	5cbf93b4-7172-415a-a3f4-26e9581d8a48	Successfully retrieved 3 pending issues
20250527	11:59:43	16a13cdc-b08c-4d9c-8177-c232f98113d5	Successfully retrieved 3 pending issues
20250527	12:01:11	990be418-5cdb-4ee7-98d5-8c8e6e3f657a	Successfully updated issue item ID: 13 with new quantity: 20
20250527	12:02:16	29d0ace2-750a-47c5-9424-03a753744fcc	Successfully deleted issue item ID: 13
20250527	12:17:43	7660a1d1-cfdd-4fa4-85a1-52fcd203c6f3	Failed to reject issues - No issues found with IDs: 14, 15
20250527	12:17:43	534764d5-e13a-41f3-8689-c65b47f4ca14	Error rejecting issues: Issue records not found for IDs: 14, 15
20250527	12:18:57	e977a85c-48f1-4ab0-a739-53a37f199a7f	Successfully rejected issues with IDs: 14, 15 by user: superadmin@god.com
20250527	12:18:57	8d7fb3eb-f6d9-4a32-95b1-842f265f1fcd	Successfully retrieved 0 pending issues
20250527	12:19:06	5bd25a88-a227-46be-bfce-5b7565a035cf	Successfully retrieved 0 pending issues
20250527	12:19:06	011b6500-7c38-4288-8e45-b03970811656	Successfully retrieved 0 pending issues
20250527	12:20:37	6dd603f6-361b-4f26-be65-94ac256e3f90	Item issued successfully - NAC: GT 22336, Quantity: 1 by user: Saman Tripathee
20250527	12:20:37	d009562c-48fc-43e2-9d67-6a799f9e2375	Issue created successfully for date: 2025/05/20 by user: Saman Tripathee
20250527	12:21:13	87c0db84-49f7-44f6-b24b-a96c32640a1e	Successfully retrieved 1 pending issues
20250527	12:21:13	61f65c2e-ef5d-42c8-822f-0996a546e925	Successfully retrieved 1 pending issues
20250527	12:21:17	eb481a6e-105e-403f-875d-af894d290f05	Successfully rejected issues with IDs: 16 by user: superadmin@god.com
20250527	12:21:17	c2ba355a-4915-4629-aa4d-6f01620e58d2	Successfully retrieved 0 pending issues
20250527	12:21:20	9c918a9b-f6d2-42b2-899c-d46b6c6aa097	Successfully retrieved 0 pending issues
20250527	12:21:20	1feb1695-dbbd-4d3c-8690-bd15fa5203a0	Successfully retrieved 0 pending issues
20250527	12:21:35	5a1111be-724a-4353-bcd9-5b8cf85ac214	Successfully retrieved 0 pending issues
20250527	12:21:35	b504e417-2176-4512-ba58-128e7466aa23	Successfully retrieved 0 pending issues
20250527	12:21:50	279adac8-3914-47b8-a3f2-d4bb16b0ce66	Successfully retrieved 0 pending issues
20250527	12:21:50	aaab324f-680d-4406-89d1-138d2b41993f	Successfully retrieved 0 pending issues
20250527	12:23:00	8e799cf0-b038-4d03-a080-8607ea2c1ab5	Successfully retrieved 0 pending issues
20250527	12:23:00	ea94fc48-473a-4e95-91d4-be2f571594d0	Successfully retrieved 0 pending issues
20250527	12:24:44	eeead4fa-25b5-49c8-8c64-e202f20e7656	Successfully retrieved 0 pending issues
20250527	12:24:44	37e3a305-ebe7-4e24-bd97-eef665f9be9b	Successfully retrieved 0 pending issues
20250527	12:35:38	753da10b-71aa-44bc-9d75-db5ead6cc2d7	Successfully retrieved 0 pending issues
20250527	12:35:38	d1c4676b-cf76-4461-b832-b15bac6c95e0	Successfully retrieved 0 pending issues
20250527	13:07:03	b7698942-2c81-4ab9-b02f-6661c6132653	Successfully retrieved 0 pending issues
20250527	13:07:03	b0196c58-51a5-4b2e-b936-5d2068ab874d	Successfully retrieved 0 pending issues
20250527	13:07:15	3f2188ca-e190-45ee-8e64-7923c63c321b	Successfully retrieved 0 pending issues
20250527	13:07:15	3cdf1e11-a3a9-4039-97b3-408784a453ce	Successfully retrieved 0 pending issues
20250527	13:07:49	82c1dbcd-a6d7-4d9e-82e2-d4a20d4b8a9e	Successfully retrieved 0 pending issues
20250527	13:07:49	7f2cfa09-0be3-46c9-8924-b849cba76e00	Successfully retrieved 0 pending issues
20250527	13:09:16	758058ad-5676-433c-973c-7435ecabaac4	Successfully retrieved 0 pending issues
20250527	13:09:16	3f6b861c-1ea8-4afb-8996-7c6dba956ffe	Successfully retrieved 0 pending issues
20250527	13:39:11	440f1289-8d52-4755-a2ea-9b3a19a39a94	Item issued successfully - NAC: GT 19080, Quantity: 1 by user: Saman Tripathee
20250527	13:39:11	81c97326-0646-40f5-8bf8-22742f5abff1	Item issued successfully - NAC: GT 19080, Quantity: 2 by user: Saman Tripathee
20250527	13:39:11	803e2512-ca9d-4f43-9a52-987e7f96ce8f	Item issued successfully - NAC: GS 82025, Quantity: 1 by user: Saman Tripathee
20250527	13:39:11	955ed0b8-def3-413f-812f-a96e123e12ee	Issue created successfully for date: 2025/04/30 by user: Saman Tripathee
20250527	13:40:27	b15c0f44-1c84-4f0c-946a-cc98f17bcf54	Item issued successfully - NAC: GT 05153, Quantity: 10 by user: Saman Tripathee
20250527	13:40:27	50135cc4-255c-4762-98f8-a9297b9b545a	Issue created successfully for date: 2025/05/01 by user: Saman Tripathee
20250527	13:40:38	63e4cea3-a013-41cc-b76f-3b1f3827411a	Successfully retrieved 4 pending issues
20250527	13:40:38	d50cead1-2a42-42f7-b65f-ef768ade4353	Successfully retrieved 4 pending issues
20250527	14:55:07	9a03b3d2-d0dd-4ed2-a6aa-f8b7cf3fdf61	Item issued successfully - NAC: GT 04552, Quantity: 10 by user: Saman Tripathee
20250527	14:55:07	c132d436-f526-4b9a-8cf0-3d2b125a6f8f	Issue created successfully for date: 2025/05/26 by user: Saman Tripathee
20250527	15:00:23	d421bcc4-75c4-4e17-8545-b7d9bee09368	Item issued successfully - NAC: GT 04552, Quantity: 10 by user: Saman Tripathee
20250527	15:00:23	edc1e718-d6e4-4770-9d21-3ebb84d76f88	Issue created successfully for date: 2025/04/30 by user: Saman Tripathee
20250527	15:02:53	c30724a4-a73e-4853-a99b-3feee366fae9	Item issued successfully - NAC: GT 19080, Quantity: 10 by user: Saman Tripathee
20250527	15:02:53	9e743cff-669e-47b5-80f6-78ddfa92af80	Issue created successfully for date: 2025/04/30 by user: Saman Tripathee
20250527	15:04:17	78ddaa49-10be-4a22-97f5-11c9b9ac144a	Item issued successfully - NAC: GT 19080, Quantity: 10 by user: Saman Tripathee
20250527	15:04:17	aa9d7ee9-be29-4a15-a279-ca24d69d3ac5	Issue created successfully for date: 2025/04/30 by user: Saman Tripathee
20250527	15:04:35	14e52bab-906f-47ef-9495-c276e6acaa57	Item issued successfully - NAC: GT 19080, Quantity: 10 by user: Saman Tripathee
20250527	15:04:35	55195068-6a2c-4411-90b0-cef42b7bcdd3	Issue created successfully for date: 2025/04/30 by user: Saman Tripathee
20250527	15:07:03	97fe3bf4-fc92-47e7-90cf-fa9a21657c96	Item issued successfully - NAC: GT 04552, Quantity: 10 by user: Saman Tripathee
20250527	15:07:03	31497f93-31eb-4d3e-bcf9-614604409357	Issue created successfully for date: 2025/04/30 by user: Saman Tripathee
20250527	15:08:05	41ea41e1-ca0c-44ad-b5a7-9d51fcf3484e	Item issued successfully - NAC: GT 04552, Quantity: 10 by user: Saman Tripathee
20250527	15:08:05	d0d33fb4-5ba2-4459-b391-185b86fb4512	Issue created successfully for date: 2025/05/01 by user: Saman Tripathee
20250527	16:03:03	9fada288-a735-469a-86ac-92a1fec78f57	Item issued successfully - NAC: GT 04552, Quantity: 10 by user: Saman Tripathee
20250527	16:03:03	2d5408b2-06fd-4afc-9295-a757b517941a	Issue created successfully for date: 2025/05/01 by user: Saman Tripathee
20250527	16:05:06	d5bc44e5-3eac-4efd-bfaa-5bd2274a54e2	Item issued successfully - NAC: GT 04552, Quantity: 100 by user: Saman Tripathee
20250527	16:05:06	c17d59e0-fe5c-4fd9-8471-bdc254342644	Item issued successfully - NAC: GT 19080, Quantity: 10 by user: Saman Tripathee
20250527	16:05:06	88555dc0-a8cd-4ab1-b4a5-8541384546d8	Issue created successfully for date: 2025/05/01 by user: Saman Tripathee
20250527	16:06:29	734c2502-c176-4318-b3ad-fdbbabe79e46	Item issued successfully - NAC: GT 04552, Quantity: 100 by user: Saman Tripathee
20250527	16:06:29	24997244-4a56-4f9f-ad64-dba789d0840b	Item issued successfully - NAC: GT 04552, Quantity: 10 by user: Saman Tripathee
20250527	16:06:29	9525124b-4332-4212-a85e-6afdcf55f5e4	Item issued successfully - NAC: GT 19080, Quantity: 1000 by user: Saman Tripathee
20250527	16:06:29	30a2a9d9-5c69-4a94-aaba-9689f1492f08	Issue created successfully for date: 2025/05/01 by user: Saman Tripathee
20250527	16:07:02	8f280c92-7819-43ee-a0aa-02557341dfb5	Item issued successfully - NAC: GT 19080, Quantity: 20 by user: Saman Tripathee
20250527	16:07:02	5c238391-40f6-47e2-991a-b825f3de45b0	Issue created successfully for date: 2025/05/02 by user: Saman Tripathee
20250527	16:07:34	de5d4781-359e-43f6-bbcb-c0da3f0b8a57	Item issued successfully - NAC: GT 04552, Quantity: 100 by user: Saman Tripathee
20250527	16:07:34	cf22c5c3-4330-4416-a5d5-28be27d434de	Issue created successfully for date: 2025/05/15 by user: Saman Tripathee
20250527	16:11:40	facd8b3f-e42a-4f36-b4fb-5a19fe8a89cf	Item issued successfully - NAC: GT 19080, Quantity: 15 by user: Saman Tripathee
20250527	16:11:40	a5070250-316e-4ad3-9d73-689f2ab37064	Issue created successfully for date: 2025/05/15 by user: Saman Tripathee
20250527	16:12:31	e1a5b812-821c-4d9a-9e46-d56a4c4545c3	Item issued successfully - NAC: GT 19080, Quantity: 10 by user: Saman Tripathee
20250527	16:12:31	c0cc6dd0-e687-4c33-9378-9f325f29101c	Issue created successfully for date: 2025/05/01 by user: Saman Tripathee
20250527	16:17:48	fa1f96d8-f7fd-4232-bcde-0d2996be5945	Successfully retrieved 5 pending issues
20250527	16:17:48	8a3f4c92-8abb-4b70-a5f3-d881388b425e	Successfully retrieved 5 pending issues
20250527	16:29:02	7e370b2a-3609-41e0-8f87-e256b7f82792	Item issued successfully - NAC: GS 84690, Quantity: 1 by user: Saman Tripathee
20250527	16:29:02	69949e86-a196-4013-82a7-a5bd3f3faa03	Issue created successfully for date: 2025/04/30 by user: Saman Tripathee
20250528	10:01:37	37185d50-85e3-4ce3-a74d-27b0107db6b8	Successfully retrieved 6 pending issues
20250528	10:01:37	117bedf4-e895-4001-9707-6ba9f493bf94	Successfully retrieved 6 pending issues
20250528	10:02:09	3d6e8fcd-9912-4235-b6ab-53a6a2924972	Successfully retrieved 6 pending issues
20250528	10:02:09	8767b578-5a62-4a17-9805-692360f4afd3	Successfully retrieved 6 pending issues
20250528	10:02:14	810dc87a-7141-436f-9054-70b17ae39f55	Failed to approve issues - No issues found with IDs: 36
20250528	10:02:14	c136bb7f-7a9e-4189-b416-a32a533fbf6a	Error approving issues: Issue records not found for IDs: 36
20250528	10:03:44	fb06a2c7-0873-4094-a756-b29691ce1e61	Successfully approved issues with IDs: 36 by user: superadmin@god.com
20250528	10:03:44	214983d1-f9bf-44c9-88d1-89d96d0539e2	Successfully retrieved 5 pending issues
20250528	10:03:46	76538b71-14c8-4532-9806-472d10f68402	Successfully approved issues with IDs: 34 by user: superadmin@god.com
20250528	10:03:46	bf43d5a9-5b7b-4154-9ad6-a691115a60b7	Successfully retrieved 4 pending issues
20250528	10:03:49	08cf7f8d-af7c-41d4-a0f6-6245eeb95af4	Successfully approved issues with IDs: 38 by user: superadmin@god.com
20250528	10:03:49	c7cac6b2-ca61-4ed3-bfa9-91e857d44c47	Successfully retrieved 3 pending issues
20250528	10:03:51	8d992fc7-daa7-44fd-becf-efba3dcfe801	Successfully approved issues with IDs: 31, 32, 33 by user: superadmin@god.com
20250528	10:03:51	51f16476-c2db-4a53-8d5e-3c5dffa94ddd	Successfully retrieved 0 pending issues
20250528	10:04:00	140c1840-5254-41dc-82c3-944b11fc35bc	Successfully retrieved 0 pending issues
20250528	10:04:00	3843f47b-d474-4a9d-80bd-a2a4a289a93d	Successfully retrieved 0 pending issues
20250528	11:05:39	55c49777-3840-4f58-9cff-c1f5824a4d55	Successfully retrieved 0 pending issues
20250528	11:05:39	46d19300-ca4e-4ff9-9cb8-feddabeb0bca	Successfully retrieved 0 pending issues
20250528	13:41:03	7e171f4b-bfd7-4bf7-b292-5b777cfbc540	Successfully retrieved 0 pending issues
20250528	13:41:03	b26ab352-ae56-436c-98c9-aaca4f35b5ab	Successfully retrieved 0 pending issues
20250528	13:42:44	e9d9ab61-e90c-4920-a9dc-0250492eec8d	Successfully retrieved 0 pending issues
20250528	13:42:44	6c7f9ea1-f985-4a04-b39a-55be1e23a2c4	Successfully retrieved 0 pending issues
20250602	12:33:21	00104d42-ab96-4910-93e1-c374efe3c327	Successfully retrieved 0 pending issues
20250602	12:33:21	8b921b7a-a92a-4dd4-9fd4-3c3993aa808a	Successfully retrieved 0 pending issues
20250602	16:10:11	81886fc6-a7c0-40a5-bcfc-0e5b2dc5f481	Successfully retrieved 0 pending issues
20250602	16:10:11	1b42723d-c191-4afc-a1b6-fc75813b07fb	Successfully retrieved 0 pending issues
20250603	10:08:15	2092524b-df8b-4a8a-94a4-59494b70f23b	Successfully retrieved 0 pending issues
20250603	10:08:15	2dd6968c-26eb-4d83-8174-8085fdd06ac7	Successfully retrieved 0 pending issues
20250603	10:10:52	71a827f8-12cd-4fdb-8308-79d44bf3ddf4	Successfully retrieved 0 pending issues
20250603	10:10:52	da6eff3a-bc26-4108-a7b7-6947ea82593e	Successfully retrieved 0 pending issues
20250603	10:12:35	bed22d00-16b3-4001-beb3-f1f2a2319de4	Successfully retrieved 0 pending issues
20250603	10:12:35	7884a271-c530-4722-a8db-1a50ba35b609	Successfully retrieved 0 pending issues
20250603	10:21:23	2e773e82-d165-4c24-bf53-2e51780a738a	Successfully retrieved 0 pending issues
20250603	10:21:23	268e21be-6f99-4d01-a1f0-793bddbfeca8	Successfully retrieved 0 pending issues
20250603	10:23:11	30bfeee6-ece5-49cc-b146-5544c515213a	Successfully retrieved 0 pending issues
20250603	10:23:11	eb77757a-b1d7-4f14-958a-31dad60170f6	Successfully retrieved 0 pending issues
20250603	10:25:50	34780d21-e4ca-412a-b9bd-05c47ad32d5f	Successfully retrieved 0 pending issues
20250603	10:25:50	849e497b-e821-44e0-a413-750a2fbf42e3	Successfully retrieved 0 pending issues
20250603	10:26:10	4e7da2c7-8f5f-4a11-9da4-c8abbff1e99a	Successfully retrieved 0 pending issues
20250603	10:26:10	78b1f91e-264c-4d49-b2eb-c46f7446611e	Successfully retrieved 0 pending issues
20250603	10:28:33	5ef071c6-06b5-48e2-94ee-930e30a2b30f	Successfully retrieved 0 pending issues
20250603	10:28:33	3c4bc66e-58ba-474b-9184-f705b1ec22dd	Successfully retrieved 0 pending issues
20250603	10:28:36	8c817557-2c65-4738-82bb-9be87c6d62d7	Successfully retrieved 0 pending issues
20250603	10:28:36	c5a7f4ef-0ea5-44b3-8852-d1aaf69087de	Successfully retrieved 0 pending issues
20250603	10:46:08	ec0edea6-9878-4fcb-bc7a-e64f43a1d0d3	Successfully retrieved 0 pending issues
20250603	10:46:08	4546ee79-db86-4eda-9355-14460ef1e31f	Successfully retrieved 0 pending issues
20250603	11:02:51	eddc80b1-2aee-49df-9537-c6700be55960	Successfully retrieved 0 pending issues
20250603	11:02:51	caf3bbd8-4bea-4d65-98a3-5dd9ca6c4ece	Successfully retrieved 0 pending issues
20250603	11:05:55	432b0b92-232e-4213-b0f7-55b1ad2557f6	Successfully retrieved 0 pending issues
20250603	11:05:55	8920aee9-3922-472c-a42e-85d9e72a4bc9	Successfully retrieved 0 pending issues
20250603	11:06:31	f43d88fe-e8fd-4a0f-87e1-37b70141ec3f	Successfully retrieved 0 pending issues
20250603	11:06:31	7cbc237f-fde1-452a-a2a5-3213ceb7d6b0	Successfully retrieved 0 pending issues
20250603	11:20:36	46f2278b-b291-446b-9866-ae9bface1cf3	Successfully retrieved 0 pending issues
20250603	11:20:36	361b4ff4-e5c4-49d6-9cdc-9f94392c2e79	Successfully retrieved 0 pending issues
20250603	11:34:35	b2a20056-ab70-485a-96a6-157c0814b5cd	Successfully retrieved 0 pending issues
20250603	11:34:35	fe207c22-1bf0-4f06-be03-1900fffca022	Successfully retrieved 0 pending issues
20250603	11:35:36	57fa4f76-0c08-4902-b4a1-d262dc035486	Successfully retrieved 0 pending issues
20250603	11:35:37	fa28b81b-d4d4-478d-9b9a-aa359b197e04	Successfully retrieved 0 pending issues
20250603	11:36:15	d04aec0c-7913-47b0-a1f3-d35432b721a5	Successfully retrieved 0 pending issues
20250603	11:36:15	a7ab24ac-e967-49ac-99c7-c62ca0ec0187	Successfully retrieved 0 pending issues
20250603	16:31:22	5937acfb-a212-4dbf-be08-ab44d514f337	Successfully retrieved 0 pending issues
20250603	16:31:22	9bb65dce-3976-4735-86b5-44ba891bc971	Successfully retrieved 0 pending issues
20250603	16:31:35	823af6a7-75da-4331-9b74-76fc1bf22081	Successfully retrieved 0 pending issues
20250603	16:31:36	625e60ab-51fd-4959-a0db-fe3640dd908d	Successfully retrieved 0 pending issues
20250603	16:35:56	16e64bc5-f37c-48a7-bc19-454da22d92cf	Successfully retrieved 0 pending issues
20250603	16:35:56	b94edb7f-94ec-4fa4-8276-414e80dfa5af	Successfully retrieved 0 pending issues
20250603	16:37:38	e79a40dd-bcf0-411b-97a3-dfb7e834d36f	Successfully retrieved 0 pending issues
20250603	16:37:38	2a9a2392-4681-44db-a379-2d83a61dcd69	Successfully retrieved 0 pending issues
20250603	16:38:05	bbf68135-836f-4280-bb49-ea07b002a0f0	Successfully retrieved 0 pending issues
20250603	16:38:05	ecccf4fa-ba19-4a4c-a178-528e908bdf9a	Successfully retrieved 0 pending issues
20250603	16:38:19	ab9ed7f9-464c-404d-952e-5036edd9b011	Successfully retrieved 0 pending issues
20250603	16:38:19	71fe1e8c-07e5-4fb7-9207-47b0b09d054c	Successfully retrieved 0 pending issues
20250603	16:42:24	c56c6843-acb4-4857-86c7-89c50130106a	Successfully retrieved 0 pending issues
20250603	16:42:24	58b4670f-1b68-4df8-9b4b-6dbc01cbf487	Successfully retrieved 0 pending issues
20250603	16:45:24	41096b2f-dc5b-4fe0-8acd-ec31ebd3e42e	Successfully retrieved 0 pending issues
20250603	16:45:24	ffaf7880-537d-44a3-8590-1a4979bd6883	Successfully retrieved 0 pending issues
20250603	16:46:09	b998e946-cdb4-417a-87ed-cbe25d6d2cb9	Successfully retrieved 0 pending issues
20250603	16:46:09	965847f8-56df-4914-83c3-5ebb5139a8c3	Successfully retrieved 0 pending issues
20250604	10:07:08	3293023c-e38a-4799-8046-3779a552b053	Successfully retrieved 0 pending issues
20250604	10:07:08	9b9d18ad-9070-4526-8e83-a6448670e462	Successfully retrieved 0 pending issues
20250604	10:10:34	0dc1f7d0-9bd8-4c95-b1f7-ce7a83e0acbc	Successfully retrieved 0 pending issues
20250604	10:10:34	659fb20e-cec7-4796-af8a-17d1d0a42e3e	Successfully retrieved 0 pending issues
20250604	10:20:16	f2d9f892-d0be-40a6-976c-5be2c3f7c489	Successfully retrieved 0 pending issues
20250604	10:20:16	f023f3d1-1d69-472e-a9cb-a912790d5913	Successfully retrieved 0 pending issues
20250604	11:22:45	c8515134-90cc-44cd-b98a-0e8cbfc4e5ca	Successfully retrieved 0 pending issues
20250604	11:22:45	d63987ce-242f-499f-b435-2ce008bf5488	Successfully retrieved 0 pending issues
20250604	11:29:22	e7c6c7d3-d022-4194-9cde-d3f5fdb414d5	Successfully retrieved 0 pending issues
20250604	11:29:22	12545b3b-ce4b-4227-8fc5-7cb320d63200	Successfully retrieved 0 pending issues
20250604	11:29:56	92f51e9b-0867-4fc0-a23f-0623fe6b0644	Successfully retrieved 0 pending issues
20250604	11:29:56	e2cf675b-9578-468d-9dc2-e9709a1c15b3	Successfully retrieved 0 pending issues
20250604	11:29:59	54e14e2b-0bed-4dc7-bd22-7aa9c11cb17c	Successfully retrieved 0 pending issues
20250604	11:29:59	4be8d4b6-3144-40e4-8034-cc9d13edf2a9	Successfully retrieved 0 pending issues
20250604	11:32:44	7ae35d85-164a-41ba-90d0-752d8510fea8	Successfully retrieved 0 pending issues
20250604	11:32:44	cc9d24d4-90e3-4e87-8339-afeba8a56bd1	Successfully retrieved 0 pending issues
20250604	11:32:52	47a804df-ee73-4188-85f5-3c9c8c0b67a6	Successfully retrieved 0 pending issues
20250604	11:32:52	071a6277-6b5a-49c6-a344-ba9cc88e968f	Successfully retrieved 0 pending issues
20250604	11:39:35	35d4c768-e758-4a1e-9940-fc21e2235df5	Successfully retrieved 0 pending issues
20250604	11:39:35	56c1595b-86a1-49c5-b86d-d7152a94c869	Successfully retrieved 0 pending issues
20250604	13:32:32	109553a9-8f2d-4e60-bee8-56b447765512	Successfully retrieved 0 pending issues
20250604	13:32:32	fe0f4570-bcc8-45e2-ae39-50818515e021	Successfully retrieved 0 pending issues
20250606	11:43:51	1d2599f5-0ac3-4408-b258-b953dcfa87f6	Successfully retrieved 0 pending issues
20250606	11:43:51	a83ebc89-ef7c-4ae1-bbe6-3cf747e40323	Successfully retrieved 0 pending issues
20250606	11:46:34	a8c95acf-6594-422f-9f23-2cfb31f75867	Successfully retrieved 0 pending issues
20250606	11:46:34	e2362b99-ef1b-452f-b1d1-16a41d962c6a	Successfully retrieved 0 pending issues
20250606	11:46:39	e67886dd-f0bb-43ac-b6b2-ac94b20ee359	Successfully retrieved 0 pending issues
20250606	11:46:39	da59cb99-5ee1-416c-813e-b921a71c67b9	Successfully retrieved 0 pending issues
20250606	11:47:51	d753b3dd-89b7-43e6-8551-f55a77e76edd	Successfully retrieved 0 pending issues
20250606	11:47:51	5cc22252-956d-42f3-9772-9750c54cae04	Successfully retrieved 0 pending issues
20250606	11:53:32	a52422e8-be56-43b2-a0c0-2266104874b5	Successfully retrieved 0 pending issues
20250606	11:53:32	f25013d2-42d7-48ee-99e0-12bee2b68be0	Successfully retrieved 0 pending issues
20250606	11:55:56	8817b9d2-b4a5-426a-8743-b5bcecd420ca	Successfully retrieved 0 pending issues
20250606	11:55:56	94db696f-aef9-4e1f-a8cc-fbec9e3a2ce7	Successfully retrieved 0 pending issues
20250606	11:56:03	e1b31408-9609-4d79-b4e6-f1ba7699967f	Successfully retrieved 0 pending issues
20250606	11:56:03	c20ef979-77a2-4ef9-97c5-4a82ffef385a	Successfully retrieved 0 pending issues
20250606	12:22:45	eda0f808-0878-4c87-8434-f71d694d4653	Successfully retrieved 0 pending issues
20250606	12:22:45	389c2609-e620-4925-b152-a61f98247235	Successfully retrieved 0 pending issues
20250608	13:22:42	8ce32431-1ac1-4ab6-9a14-c35e79940c62	Successfully retrieved 0 pending issues
20250608	13:22:42	717b7b2e-a619-4170-bae3-370b3fdaa5db	Successfully retrieved 0 pending issues
20250608	16:28:41	a1d44754-3835-4e4c-bec1-c8eeec81ec30	Successfully retrieved 0 pending issues
20250608	16:28:41	3ca77a8e-951c-4f28-a11f-77c77296ab59	Successfully retrieved 0 pending issues
20250608	16:50:06	3c05d874-9b6f-4231-a66f-6de792f9c99d	Successfully retrieved 0 pending issues
20250608	16:50:06	a6b05be1-83f5-4ebb-a5e1-a357fd446915	Successfully retrieved 0 pending issues
20250609	10:16:56	66cc7218-024a-4cff-a3bb-63e233862cb2	Successfully retrieved 0 pending issues
20250609	10:16:56	d2a87981-4443-4bf3-ba95-d397f6ba1c26	Successfully retrieved 0 pending issues
20250609	10:17:23	a4cc161e-b5ac-4170-b08b-35d8d2e77c12	Successfully retrieved 0 pending issues
20250609	10:17:23	f8131831-26cf-4e42-a865-a4b436b20b25	Successfully retrieved 0 pending issues
20250609	10:54:27	6e93c6e3-ee00-4f60-978a-78e565c5e6ac	Successfully retrieved 0 pending issues
20250609	10:54:27	a37bc27e-a1e0-4f73-bb44-581a085cf0ec	Successfully retrieved 0 pending issues
20250609	10:59:50	e873ef3a-1e20-40e1-9d3f-2be439097137	Successfully retrieved 0 pending issues
20250609	10:59:50	56475ecb-3ee5-4437-87ca-1717225df0f3	Successfully retrieved 0 pending issues
20250609	10:59:53	39e67b5f-9f85-45b1-8061-7192c1435406	Successfully retrieved 0 pending issues
20250609	10:59:53	d142a94c-774c-49e7-82db-95847a4ade3a	Successfully retrieved 0 pending issues
20250609	11:01:23	d435bc6b-cbc6-496a-9af2-370b258d9364	Item issued successfully - NAC: GT 19080, Quantity: 12 by user: Saman Tripathee
20250609	11:01:23	a864d04b-5e59-4d83-9288-80e0d91977d8	Item issued successfully - NAC: GT 04552, Quantity: 100 by user: Saman Tripathee
20250609	11:01:23	ac9df33f-8956-446e-baf3-c5b969864856	Item issued successfully - NAC: GT 19080, Quantity: 100 by user: Saman Tripathee
20250609	11:01:23	94d9b24f-1d40-4a62-b8d7-ab744e6ace10	Issue created successfully for date: 2025/06/08 by user: Saman Tripathee
20250609	11:01:25	2281fd74-69dc-4e04-98c3-360127b4952e	Successfully retrieved 3 pending issues
20250609	11:01:25	da165975-9459-4c99-b489-f2f712dddc00	Successfully retrieved 3 pending issues
20250609	11:03:24	a11afd28-6c9b-468f-9527-d2906002efda	Item issued successfully - NAC: GT 04552, Quantity: 100 by user: Saman Tripathee
20250609	11:03:24	3303034a-8e22-4f1c-bb45-a2b2f8652f7e	Issue created successfully for date: 2025/06/07 by user: Saman Tripathee
20250609	13:58:46	49b743d1-2b14-4291-8c7b-c93d12a8720e	Item issued successfully - NAC: GT 04552, Quantity: 100 by user: Saman Tripathee
20250609	13:58:46	979618ef-9ec6-49d5-bb45-8274bcffcd93	Issue created successfully for date: 2025/06/09 by user: Saman Tripathee
20250609	13:59:03	51185128-4bba-46f9-bd7b-4f9ff99dbcab	Item issued successfully - NAC: GT 04552, Quantity: 100 by user: Saman Tripathee
20250609	13:59:03	8e5e0376-b8d1-4d57-9d25-a14cef78ffa0	Issue created successfully for date: 2025/06/11 by user: Saman Tripathee
20250609	13:59:21	56a3bc59-904e-4eba-a16d-8e7c9f442e73	Item issued successfully - NAC: GT 04552, Quantity: 100 by user: Saman Tripathee
20250609	13:59:21	caa8045b-03b5-40d1-a8f7-c9b249018eb1	Issue created successfully for date: 2025/06/10 by user: Saman Tripathee
20250609	15:15:26	11f13161-5a1d-4ce2-b551-96ffd3152e7a	Item issued successfully - NAC: GT 04552, Quantity: 100 by user: Saman Tripathee
20250609	15:15:26	d1c6aed0-a6cf-4d1d-a969-332768a02f93	Issue created successfully for date: 2025/06/09 by user: Saman Tripathee
20250609	15:16:02	9a2ce8b3-c581-4e1a-8d21-cc42f1a95156	Item issued successfully - NAC: GT 04552, Quantity: 100 by user: Saman Tripathee
20250609	15:16:02	7aa5b5d6-e87c-4c8c-b19a-e4703f496d80	Issue created successfully for date: 2025/06/12 by user: Saman Tripathee
20250609	15:16:43	c7c100b1-4131-4a47-907b-ea719f8d9b94	Item issued successfully - NAC: GT 04552, Quantity: 10 by user: Saman Tripathee
20250609	15:16:43	7ec4304b-c455-4aa5-a544-00dde98256b1	Issue created successfully for date: 2025/06/10 by user: Saman Tripathee
20250609	15:21:53	1aa0ed04-80dc-4532-bcf1-ed8461e3d17b	Item issued successfully - NAC: GT 04552, Quantity: 100 by user: Saman Tripathee
20250609	15:21:53	502485ab-6010-4f69-931d-411ae3ef3bd2	Issue created successfully for date: 2025/06/09 by user: Saman Tripathee
20250609	15:22:23	ba395c93-1c01-4e6b-8e21-8165689ea74f	Item issued successfully - NAC: GT 04552, Quantity: 100 by user: Saman Tripathee
20250609	15:22:23	d452ea8d-a5c0-4f67-9bde-bddd830b4854	Issue created successfully for date: 2025/06/11 by user: Saman Tripathee
20250609	15:34:33	9c70bc92-0253-4ff8-90de-7626151e6154	Item issued successfully - NAC: GT 04552, Quantity: 100 by user: Saman Tripathee
20250609	15:34:33	4db8d91b-63cb-449c-a64d-81dffa92e350	Issue created successfully for date: 2025/06/09 by user: Saman Tripathee
20250609	15:34:38	39dd0c51-9abe-4889-9b2e-fc5d01d356e0	Successfully retrieved 1 pending issues
20250609	15:34:38	0ea079d7-d3f7-406e-a87a-c0503196e9c1	Successfully retrieved 1 pending issues
20250609	15:34:41	71f44d1a-2b06-40e3-a6bf-9eb2b09f5a1f	Failed to approve issues - No issues found with IDs: 1
20250609	15:34:41	7dddc108-315f-4d16-83d4-0017c43ddf4f	Error approving issues: Issue records not found for IDs: 1
20250609	15:36:48	c09c0198-bb1e-4148-bb57-bf2b36698592	Error approving issues: Truncated incorrect INTEGER value: '[1]' for IDs: 1
20250609	15:39:36	4a9bfe72-f077-4564-8106-7e546f93e307	Error approving issues: Truncated incorrect INTEGER value: '[1]' for IDs: 1
20250609	15:40:51	9110316b-cf33-415b-8318-ecd66800b500	Successfully approved issue with ID: 1 by user: superadmin@god.com
20250609	15:40:51	df862711-3e0b-4612-b96d-467a08728de3	Successfully retrieved 0 pending issues
20250609	15:42:57	3261deb8-3e5b-4f52-b6cd-267a694fa5d8	Item issued successfully - NAC: GT 04552, Quantity: 100 by user: Saman Tripathee
20250609	15:42:57	322ff067-1a81-494d-9c98-a6789d232e14	Issue created successfully for date: 2025/06/11 by user: Saman Tripathee
20250609	15:43:00	47f882fb-d1cb-423a-9afe-fc21219f9929	Successfully retrieved 1 pending issues
20250609	15:43:00	fbff9508-540f-43c2-8a80-cf0a15936090	Successfully retrieved 1 pending issues
20250609	15:43:03	5c8539d5-aa88-4039-b806-a4d8e71c02d6	Successfully approved issue with ID: 2 by user: superadmin@god.com
20250609	15:43:03	ddf8183f-ef9f-499f-97e6-fb6f035188f0	Successfully retrieved 0 pending issues
20250609	15:43:43	c047aedb-df10-4136-bf68-de3142d6a315	Item issued successfully - NAC: GT 04552, Quantity: 100 by user: Saman Tripathee
20250609	15:43:43	8d74816f-af43-4ba5-8310-cd33674194bc	Issue created successfully for date: 2025/06/10 by user: Saman Tripathee
20250609	15:43:45	fc478e90-bcdb-48ba-aae5-57b6c31116fb	Successfully retrieved 1 pending issues
20250609	15:43:45	669ddfa0-a844-43ba-8997-f2c8c6cc13f6	Successfully retrieved 1 pending issues
20250609	15:43:47	4f4063e5-fed3-4df9-9e51-27d55f8c1546	Successfully approved issue with ID: 3 by user: superadmin@god.com
20250609	15:43:47	9f824e2d-9ad9-4a6b-9590-dc1a028e3ec6	Successfully retrieved 0 pending issues
20250609	15:49:17	80953f64-a754-4c5a-a5dc-ee00b4dabfaf	Item issued successfully - NAC: GT 04552, Quantity: 100 by user: Saman Tripathee
20250609	15:49:17	49b8d330-0710-42b9-be97-031de33c882d	Issue created successfully for date: 2025/06/10 by user: Saman Tripathee
20250609	15:49:20	eee09c80-88c8-403d-a42c-066af5566d1e	Successfully retrieved 1 pending issues
20250609	15:49:20	f4c848f8-7165-4dd2-95c3-af744439db56	Successfully retrieved 1 pending issues
20250609	15:49:22	74034998-80c1-4401-8bf1-16273ef339bf	Successfully approved issue with ID: 4 by user: superadmin@god.com
20250609	15:49:22	c4624f03-e92b-4308-b981-a4d4393a208a	Successfully retrieved 0 pending issues
20250609	15:54:13	781a3e22-61cf-41a2-ad85-e50cee1c6da7	Successfully retrieved 0 pending issues
20250609	15:54:13	0ffd1f5e-2d34-45fa-8e88-de7a7e0b29e5	Successfully retrieved 0 pending issues
20250609	15:54:46	ff6087f6-7842-4d09-9afd-d0c459dadf87	Item issued successfully - NAC: GT 04552, Quantity: 100 by user: Saman Tripathee
20250609	15:54:46	4fb174b8-41e9-4071-97e4-f3dcd0642800	Issue created successfully for date: 2025/06/10 by user: Saman Tripathee
20250609	15:54:48	d4b2556c-e03b-48b3-99e8-32bc7636eee5	Successfully retrieved 1 pending issues
20250609	15:54:48	47a9e3d4-791e-4b03-a239-92f29d0a6dac	Successfully retrieved 1 pending issues
20250609	15:54:50	0fa2835a-1f9e-4c0d-8d29-d3069973f7e8	Successfully approved issue with ID: 5 by user: superadmin@god.com
20250609	15:54:50	ec4435b3-e053-4aa9-ba53-c9b8115066e1	Successfully retrieved 0 pending issues
20250609	15:56:18	fa6144fe-981c-4753-9681-f9d1b695d04b	Item issued successfully - NAC: GT 19080, Quantity: 100 by user: Saman Tripathee
20250609	15:56:18	6d235569-2507-4ef9-aa17-590f97b38750	Item issued successfully - NAC: GT 04552, Quantity: 10 by user: Saman Tripathee
20250609	15:56:18	9c365e9e-dddd-461b-86a7-b58bc8844adf	Issue created successfully for date: 2025/06/30 by user: Saman Tripathee
20250609	15:56:20	9357e76d-e4b4-46b7-92b1-12bd8a46970e	Successfully retrieved 2 pending issues
20250609	15:56:20	fb083943-26b0-4c4d-ace7-0aa34611e9d6	Successfully retrieved 2 pending issues
20250609	15:56:22	3305e15b-5044-4309-a8e4-31178362413e	Successfully approved issue with ID: 6 by user: superadmin@god.com
20250609	15:56:22	94463414-8c73-4a3d-abf9-aa5f67faaa24	Successfully retrieved 1 pending issues
20250609	15:56:26	f0a0c951-da4a-4462-8e40-042f2c65df40	Successfully approved issue with ID: 7 by user: superadmin@god.com
20250609	15:56:26	4ab8a17f-5a31-410f-9424-2ffe54eac28f	Successfully retrieved 0 pending issues
20250609	15:56:54	da13e4d9-a75f-4dd7-b0c5-e74a9dae9a6d	Item issued successfully - NAC: GT 04552, Quantity: 10 by user: Saman Tripathee
20250609	15:56:54	c5da40e2-3953-499f-9240-97ebce3cfd69	Item issued successfully - NAC: GT 19080, Quantity: 123 by user: Saman Tripathee
20250609	15:56:54	a88e5e40-a16c-4d92-879b-89b6096f8fa3	Issue created successfully for date: 2025/06/11 by user: Saman Tripathee
20250609	15:56:56	1f8184c3-87f8-42cc-8f48-b5896eef19ee	Successfully retrieved 2 pending issues
20250609	15:56:56	f0737760-c4e2-4afc-9235-4204a11f56de	Successfully retrieved 2 pending issues
20250609	15:57:00	3c417052-86e6-4532-b819-7dff17cf729f	Successfully approved issue with ID: 8 by user: superadmin@god.com
20250609	15:57:00	589107fe-fda1-47f6-b98f-ef1d27fab80c	Successfully retrieved 1 pending issues
20250609	15:57:04	3a1bec9d-b4e3-4276-9848-aee7bd588eb9	Successfully approved issue with ID: 9 by user: superadmin@god.com
20250609	15:57:04	b9e7e509-d3b9-4923-9580-cb1dc2555e9c	Successfully retrieved 0 pending issues
20250609	16:04:31	83539ec2-9df9-4d10-99cb-5c31217bd22d	Item issued successfully - NAC: GT 19080, Quantity: 12 by user: Saman Tripathee
20250609	16:04:31	097be137-afcf-406a-a6e4-61458862a286	Issue created successfully for date: 2025/06/11 by user: Saman Tripathee
20250609	16:05:56	917bceb4-87a0-4169-9a62-04147b58d3bf	Item issued successfully - NAC: GT 19080, Quantity: 100 by user: Saman Tripathee
20250609	16:05:56	4e35bbb3-2c7c-468d-95fb-1edc21cf3ba8	Item issued successfully - NAC: GT 04552, Quantity: 100 by user: Saman Tripathee
20250609	16:05:56	34dbfd45-19b5-456e-9016-bf746ed6ebe3	Issue created successfully for date: 2025/06/11 by user: Saman Tripathee
20250609	16:05:57	2b30e6fd-aa48-49ab-b612-c268e80bad2c	Successfully retrieved 3 pending issues
20250609	16:05:57	cde8604e-d7b0-4422-b34d-11d51ef429b5	Successfully retrieved 3 pending issues
20250609	16:06:01	3f76bc7e-ccb2-4bbb-8f9b-e37138956079	Failed to approve issues - No issues found with IDs: 10, 11, 12
20250609	16:06:01	b7b1f687-68dd-41fe-81d8-5da0addc1792	Error approving issues: Issue records not found for IDs: 10, 11, 12
20250609	16:08:45	995e2db5-4c64-4f0e-9083-a540a2d681d6	Successfully approved issues with IDs: 10, 11, 12 by user: superadmin@god.com
20250609	16:08:45	7c307195-36fc-4cc1-9682-ba4f10465cad	Successfully retrieved 0 pending issues
20250609	16:09:03	cab91eb9-7478-4b33-92bc-e5c52b89bd8d	Item issued successfully - NAC: GT 19080, Quantity: 100 by user: Saman Tripathee
20250609	16:09:03	cc900c81-4bd3-4749-90bc-69ba87aefb8d	Issue created successfully for date: 2025/06/10 by user: Saman Tripathee
20250609	16:09:05	9fffa605-9c02-4b11-9f67-6a8e1fc7e779	Successfully retrieved 1 pending issues
20250609	16:09:05	97f328a3-68bf-4f84-a076-56220c80a17e	Successfully retrieved 1 pending issues
20250609	16:09:14	6382ec97-3b76-4453-8d95-1f4d8943da17	Successfully approved issues with IDs: 13 by user: superadmin@god.com
20250609	16:09:14	a6a5471d-ad9d-4e65-ba4c-546811766e62	Successfully retrieved 0 pending issues
20250609	16:21:20	f147cadf-8b33-4502-a0ee-96280d2965cd	Item issued successfully - NAC: GT 04552, Quantity: 100 by user: Saman Tripathee
20250609	16:21:20	eb87abdc-35f6-46af-ad61-15b2393cb85b	Item issued successfully - NAC: GT 10463, Quantity: 4 by user: Saman Tripathee
20250609	16:21:20	707c611b-0e11-4df6-a62c-b00a151d5a6f	Issue created successfully for date: 2025/06/24 by user: Saman Tripathee
20250609	16:21:40	652ac1da-dc59-4601-b263-19841d7b0c2b	Successfully retrieved 2 pending issues
20250609	16:21:40	546977cc-2235-45a4-8daf-d032a73179fc	Successfully retrieved 2 pending issues
20250609	16:21:46	2f12e734-537e-4239-bbba-87d6b2e9bcdb	Successfully deleted issue item ID: 15
20250609	16:22:05	6281bd77-4ae1-4eac-ab78-3dd47c1ef2bc	Successfully retrieved 1 pending issues
20250609	16:22:05	25fa34ed-5682-4aa8-98da-28044c162b1d	Successfully retrieved 1 pending issues
20250609	16:22:13	d2ecb311-cf9a-4bd3-9d2c-34aaf64f5917	Successfully updated issue item ID: 14 with new quantity: 200
20250609	16:22:29	73d02b6a-c819-4c7c-af00-4d711cd3a22c	Successfully retrieved 1 pending issues
20250609	16:22:29	ab1840c4-9707-4835-9c0b-1601b22bfb7f	Successfully retrieved 1 pending issues
20250609	16:22:34	5975e84b-3101-40c2-902e-8efbca8fb32a	Successfully updated issue item ID: 14 with new quantity: 100
20250609	16:22:45	29b68b50-c429-4943-9f6e-77c98475130a	Successfully retrieved 1 pending issues
20250609	16:22:45	a849e1fc-8b4b-47fd-92a6-0c289aa2a38d	Successfully retrieved 1 pending issues
20250609	16:22:52	d0bd026c-7dbf-4865-ac83-6bb34df04fb6	Successfully updated issue item ID: 14 with new quantity: 100
20250609	16:23:07	85e3d998-29cb-4bf0-b70d-ee620f0c6bb2	Successfully retrieved 1 pending issues
20250609	16:23:07	38507a92-73fd-42e3-97a7-cfcc67300d8f	Successfully retrieved 1 pending issues
20250609	16:23:12	b4e7ebd2-5266-40d7-abad-2e60885d42e9	Successfully updated issue item ID: 14 with new quantity: 100
20250609	16:23:26	54008705-5abb-48f9-be50-5a0ec7cd6396	Successfully retrieved 1 pending issues
20250609	16:23:26	e70efc32-9f41-47f6-abb1-2b41187cf536	Successfully retrieved 1 pending issues
20250609	16:23:34	daff38d8-179f-4873-88eb-704f33bb7672	Successfully updated issue item ID: 14 with new quantity: 200
20250609	16:24:05	5620b708-eccc-4c29-a559-7e82d25a9274	Successfully retrieved 1 pending issues
20250609	16:24:05	64e85776-2650-4919-9fac-83df8a7d1419	Successfully retrieved 1 pending issues
20250609	16:24:14	bc3ae5f4-a163-4b77-af9b-2d63213c47f3	Successfully updated issue item ID: 14 with new quantity: 300
20250609	16:24:23	4c475a33-7f78-4efe-8a6c-1c9aa80297a7	Successfully retrieved 1 pending issues
20250609	16:24:23	bf1d3201-1810-455e-8a29-53f27f3115c4	Successfully retrieved 1 pending issues
20250609	16:30:45	92208a77-fed7-42a3-a674-f20fb215c686	Successfully retrieved 1 pending issues
20250609	16:30:45	4ee4c219-dc1e-4201-88c9-57e65a6e912c	Successfully retrieved 1 pending issues
20250609	16:31:05	3eb1166f-deaf-4db5-b15e-fa4723ce74cd	Successfully retrieved 1 pending issues
20250609	16:31:05	667d0537-5f02-4070-b4cd-bdfb8d94c540	Successfully retrieved 1 pending issues
20250609	16:31:13	127b4926-2345-472b-a8bd-e7915f8c51a0	Successfully updated issue item ID: 14 with new quantity: 200
20250609	16:31:24	55b12d3b-4f1e-476b-a379-c2827ca3f71f	Successfully retrieved 1 pending issues
20250609	16:31:24	d5ee1448-a002-465c-bbc1-5e4b0534cddd	Successfully retrieved 1 pending issues
20250609	16:31:31	10f2bbaf-652c-4352-9ebd-c10c021ab3b3	Successfully updated issue item ID: 14 with new quantity: 400
20250609	16:31:47	58b42c18-e622-4597-bbc2-14e3cd3ac877	Successfully retrieved 1 pending issues
20250609	16:31:47	254d4c5c-e03e-4f44-9c3e-a8e2fe32c35e	Successfully retrieved 1 pending issues
20250609	16:35:24	36360c0e-8b5f-4e4b-be10-49e41d55f648	Successfully retrieved 1 pending issues
20250609	16:35:25	ef53f8ab-bc08-4eca-9cf2-9e374b01f907	Successfully retrieved 1 pending issues
20250609	16:36:11	8ae5dec8-660f-458b-87dc-6576ae1fa76a	Successfully rejected issues with IDs: 14 by user: superadmin@god.com
20250609	16:36:11	bb4bb64e-d720-4a7c-9899-1e40d3ec062e	Successfully retrieved 0 pending issues
20250612	10:18:02	c76b467b-190b-4408-b544-fc9625fa6895	Successfully retrieved 0 pending issues
20250612	10:18:02	c8b12c67-7282-4e38-a97d-12cde6949f41	Successfully retrieved 0 pending issues
20250612	12:04:21	9e5abad1-bed0-42b1-8945-7abbc8fdbe70	Item issued successfully - NAC: GT 04552, Quantity: 69 by user: Saman Tripathee
20250612	12:04:21	09f686cd-364a-45af-b53f-2df2f1149b58	Issue created successfully for date: 2025/06/11 by user: Saman Tripathee
20250612	12:04:24	b191ab56-e0bf-4edc-8ed4-7b4ae043daf2	Successfully retrieved 1 pending issues
20250612	12:04:24	b1b82950-8ef9-495b-ae86-7d4b9cf389fe	Successfully retrieved 1 pending issues
20250612	12:04:30	d1618da2-0e02-499a-bf20-7fc7ffc75265	Successfully approved issues with IDs: 16 by user: superadmin@god.com
20250612	12:04:30	ae345d22-7c14-45d9-ad63-7a6c0bac5880	Successfully retrieved 0 pending issues
20250612	12:56:45	a278bd21-78be-46f7-95a1-addc6e661eb3	Successfully retrieved 0 pending issues
20250612	12:56:45	de1ce655-5ca0-4e54-b972-06cb63840f14	Successfully retrieved 0 pending issues
20250612	13:02:41	854ace4e-ef6e-4f5c-b3f5-3a9e786ac99a	Successfully retrieved 0 pending issues
20250612	13:02:41	ccd3f7ee-9481-4724-a863-6f61dbcb7d5d	Successfully retrieved 0 pending issues
20250612	14:09:23	50733601-529f-4908-9f73-c9d35e97e8df	Successfully retrieved 0 pending issues
20250612	14:09:23	17ddec5d-82df-4db7-a53f-0380261ba861	Successfully retrieved 0 pending issues
20250612	16:49:52	bb40f447-8b93-4f26-815e-205764b98566	Successfully retrieved 0 pending issues
20250612	16:49:52	9763cd9f-1d93-4ae1-96e8-10772a4733c5	Successfully retrieved 0 pending issues
20250612	16:51:58	e800d3a4-2b20-483e-a5cf-45c4df9d4b97	Successfully retrieved 0 pending issues
20250612	16:51:58	9c02dccf-7e2b-4385-a8d4-624f8ba1a671	Successfully retrieved 0 pending issues
20250612	17:30:07	16f62447-6a56-46b6-9b5b-68f12f8c9aa2	Successfully retrieved 0 pending issues
20250612	17:30:07	8a0f3b45-bc6c-421f-b042-f9dcb8496b9d	Successfully retrieved 0 pending issues
20250613	11:29:59	bae2bdd1-3a19-4ee7-8b5a-95f47f1a717a	Successfully retrieved 0 pending issues
20250613	11:29:59	78b2a0ef-1e40-4de8-a702-1d9fedabd8fc	Successfully retrieved 0 pending issues
20250613	12:26:53	71157082-210f-4b1c-b72e-d835bc9e1bfe	Issue creation failed - Missing required fields by user: Unknown
20250613	12:27:56	cbf503a2-5a45-42d9-814d-b5e6a29057cc	Issue creation failed - Missing required fields by user: Unknown
20250613	12:29:50	07460d69-942f-4780-acb4-6b55519dd2f4	Issue creation failed - Missing required fields by user: Unknown
20250613	12:30:39	abcaf077-c7e9-4893-87b5-b8aa49eaac64	Issue creation failed - Missing required fields by user: Unknown
20250614	11:27:17	c1f048e7-eea8-45b2-a501-5a342dd2682d	Successfully retrieved 0 pending issues
20250614	11:27:17	bd0287c4-f861-4cc3-8fda-a74acedb2b73	Successfully retrieved 0 pending issues
20250614	11:27:41	3d97cf7d-099c-4669-ac4d-2bc5dde4d692	Successfully retrieved 0 pending issues
20250614	11:27:41	d27aec2d-2fb2-4e59-bf55-764d8d590aab	Successfully retrieved 0 pending issues
20250614	11:27:58	9da3aa06-e254-4772-95d3-e12066cdf9bd	Issue creation failed - Missing required fields by user: Unknown
20250614	11:29:54	6112d2ba-30ca-45ff-8eab-c4a534186f20	Issue creation failed - Item not found: 109 by user: superadmin@god.com
20250614	11:29:54	353807fd-22ae-42b1-b56c-a25ab04a3c4a	Error in createIssue: Item with NAC code 109 not found
20250614	11:31:11	b4dd5a46-c936-441c-ab90-211f79c6d27b	Issue creation failed - Item not found: 109 by user: superadmin@god.com
20250614	11:31:11	90488363-5def-4347-81b2-455215222dd9	Error in createIssue: Item with NAC code 109 not found
20250614	11:37:13	82ccf40d-343e-46d8-b40c-7f6668837836	Issue creation failed - Item not found: 109 by user: superadmin@god.com
20250614	11:37:13	07e504c8-0fa8-4c47-8201-03321d9bc43b	Error in createIssue: Item with NAC code 109 not found
20250614	11:38:25	f833e0d8-bbeb-421b-92a8-a8109d158262	Issue creation failed - Item not found: 109 by user: superadmin@god.com
20250614	11:38:25	62bddecc-a89f-4ef0-bf86-07604bbe6ad7	Error in createIssue: Item with NAC code 109 not found
20250614	11:39:27	a7b7019e-ef2c-4187-a998-f859546ca3a2	Issue creation failed - Item not found: 109 by user: superadmin@god.com
20250614	11:39:27	5b464479-1a2d-408f-90bb-3812d44dbedc	Error in createIssue: Item with NAC code 109 not found
20250614	11:43:28	da45870d-e2e9-4bb8-b238-13625371b5f4	Item issued successfully - NAC: GT 07986, Quantity: 12 by user: superadmin@god.com
20250614	11:43:28	9fd8b152-3c5e-4e99-a2ff-26ca8df0ab1a	Issue created successfully for date: 2025/06/14 by user: superadmin@god.com
20250614	11:45:12	3376ff73-915d-49fb-86fb-c47b0a23fb7d	Successfully retrieved 1 pending issues
20250614	11:45:12	a3ceb3f6-480c-4b8c-99c3-5e7633557ea8	Successfully retrieved 1 pending issues
20250614	11:45:47	5b2d69f5-1caa-443d-bb20-532995caa8ad	Successfully rejected issues with IDs: 17 by user: superadmin@god.com
20250614	11:45:47	4812775c-c2ab-4782-aaca-4e745241b120	Successfully retrieved 0 pending issues
20250614	11:54:51	17dd5058-b349-4703-a048-81f317a7e31d	Item issued successfully - NAC: GT 07986, Quantity: 100 by user: superadmin@god.com
20250614	11:54:51	3868704b-aa40-429a-812a-341b02df53cf	Issue created successfully for date: 2025/06/14 by user: superadmin@god.com
20250614	11:56:02	6810d281-160a-4c54-a131-63b641cc4d19	Item issued successfully - NAC: GT 07986, Quantity: 100 by user: superadmin@god.com
20250614	11:56:02	53cdc350-4acb-457c-825c-b2331032e88d	Issue created successfully for date: 2025/06/14 by user: superadmin@god.com
20250614	11:56:03	ec508563-5fea-4516-9b3a-b76dda788d86	Item issued successfully - NAC: GT 07986, Quantity: 100 by user: superadmin@god.com
20250614	11:56:03	c3d0add1-468b-486a-894f-1e2a999fbc79	Issue created successfully for date: 2025/06/14 by user: superadmin@god.com
20250614	11:56:03	6b843b26-3406-48af-8b02-1e431a5231ac	Item issued successfully - NAC: GT 07986, Quantity: 100 by user: superadmin@god.com
20250614	11:56:03	a4202671-d79c-4ed2-94e1-01d22c355fb2	Issue created successfully for date: 2025/06/14 by user: superadmin@god.com
20250614	11:59:36	0df4bdc4-c704-4f9f-8044-0d3db9ddd368	Item issued successfully - NAC: GT 07986, Quantity: 100 by user: superadmin@god.com
20250614	11:59:36	854c8bcf-8e5a-43f6-8003-9f8df856edda	Issue created successfully for date: 2025/06/14 by user: superadmin@god.com
20250614	12:01:48	2a50de56-1f41-4758-98f0-18b24121b2ca	Item issued successfully - NAC: GT 07986, Quantity: 100 by user: superadmin@god.com
20250614	12:01:48	794a80e3-8b55-48ba-8fe4-59784b79a3f3	Issue created successfully for date: 2025/06/14 by user: superadmin@god.com
20250614	12:04:36	78e468de-0c1e-45bf-bc3d-4d48463360e9	Item issued successfully - NAC: GT 07986, Quantity: 100 by user: superadmin@god.com
20250614	12:04:36	d1863bad-a996-42b4-a55e-4e47323840a0	Issue created successfully for date: 2025/06/14 by user: superadmin@god.com
20250614	12:07:22	85af3fea-a816-4986-ab6b-a3f904417ec1	Item issued successfully - NAC: GT 07986, Quantity: 100 by user: superadmin@god.com
20250614	12:07:22	b5fcbe76-3090-4739-900c-e27ae73f6225	Issue created successfully for date: 2025/06/14 by user: superadmin@god.com
20250614	12:07:23	ab5c40aa-9357-4d1d-904c-590cc73db62a	Item issued successfully - NAC: GT 07986, Quantity: 100 by user: superadmin@god.com
20250614	12:07:23	7a73cc96-63cc-4406-a74b-ac08ec6689d9	Issue created successfully for date: 2025/06/14 by user: superadmin@god.com
20250614	12:07:24	0481d6a2-5395-44c9-bba6-0f73ef3b2990	Item issued successfully - NAC: GT 07986, Quantity: 100 by user: superadmin@god.com
20250614	12:07:24	894542f6-5209-47bf-bf8e-c4f3bc3669d5	Issue created successfully for date: 2025/06/14 by user: superadmin@god.com
20250614	12:07:24	1fdd5322-b35b-4a9e-a3d1-e55d4d944720	Item issued successfully - NAC: GT 07986, Quantity: 100 by user: superadmin@god.com
20250614	12:07:24	7ae22303-97be-4b0f-b432-156af4f34941	Issue created successfully for date: 2025/06/14 by user: superadmin@god.com
20250614	12:07:24	35c9cfaf-9130-4ce0-8871-d360cda0eff7	Item issued successfully - NAC: GT 07986, Quantity: 100 by user: superadmin@god.com
20250614	12:07:24	e92773c5-900c-4c53-a6ab-32cbbb1098ea	Issue created successfully for date: 2025/06/14 by user: superadmin@god.com
20250614	12:07:24	0e9b0aea-28e9-4c2b-8973-a29435ccf710	Item issued successfully - NAC: GT 07986, Quantity: 100 by user: superadmin@god.com
20250614	12:07:24	89beab13-05cf-47f7-8f94-eb33349af295	Issue created successfully for date: 2025/06/14 by user: superadmin@god.com
20250614	12:10:18	2a0c3ada-91de-4d60-abdc-0ee6df6928b2	Item issued successfully - NAC: GT 07986, Quantity: 100 by user: superadmin@god.com
20250614	12:10:18	de4d083a-78d8-4a94-9221-beffad29afc3	Issue created successfully for date: 2025/06/14 by user: superadmin@god.com
20250614	12:11:15	2608da66-df34-4516-805c-5854dd97c617	Item issued successfully - NAC: GT 07986, Quantity: 100 by user: superadmin@god.com
20250614	12:11:15	b528b6a6-381a-4229-ae58-ea78eea234e2	Issue created successfully for date: 2025/06/14 by user: superadmin@god.com
20250614	12:12:16	56a70a68-7b2f-4957-871c-67eb07a1279b	Item issued successfully - NAC: GT 07986, Quantity: 100 by user: superadmin@god.com
20250614	12:12:16	8289ffbb-d3b4-4e06-9438-77aecabbc48d	Issue created successfully for date: 2025/06/14 by user: superadmin@god.com
20250614	12:13:13	88ea9fca-4c2a-401d-8cec-2300f7172f89	Item issued successfully - NAC: GT 07986, Quantity: 100 by user: superadmin@god.com
20250614	12:13:13	0fe6e070-ba76-49b9-8033-af25f5adaef3	Issue created successfully for date: 2025/06/14 by user: superadmin@god.com
20250614	12:13:25	f52da4e4-c7a8-4ee4-835f-08592f24ba32	Item issued successfully - NAC: GT 07986, Quantity: 100 by user: superadmin@god.com
20250614	12:13:25	71704e55-4284-485c-a56c-065c791e0849	Issue created successfully for date: 2025/06/14 by user: superadmin@god.com
20250614	12:14:24	2b653257-47cf-49e1-ad12-f39e45849753	Item issued successfully - NAC: GT 07986, Quantity: 100 by user: superadmin@god.com
20250614	12:14:24	7974eff4-6ff3-4b5e-a96d-7bb0624c3b33	Issue created successfully for date: 2025/06/14 by user: superadmin@god.com
20250614	12:18:59	2b7df6f8-4da3-45c7-b12b-0813316b0cb7	Item issued successfully - NAC: GT 07986, Quantity: 100 by user: superadmin@god.com
20250614	12:18:59	d5c20ae5-94e6-4f04-842b-639adbbaab18	Issue created successfully for date: 2025/06/14 by user: superadmin@god.com
20250614	12:21:01	e6b0a37d-f131-4d1d-9185-e0dd9b3bc02f	Item issued successfully - NAC: GT 07986, Quantity: 100 by user: superadmin@god.com
20250614	12:21:01	7d031f65-8f84-4358-936f-06ef9730d1a7	Issue created successfully for date: 2025/06/14 by user: superadmin@god.com
20250614	12:24:05	5da517d5-f669-43ee-9b93-150da65c3de2	Item issued successfully - NAC: GT 07986, Quantity: 100 by user: superadmin@god.com
20250614	12:24:05	c2b636fc-8204-4200-9101-d278f56ec672	Issue created successfully for date: 2025/06/14 by user: superadmin@god.com
20250614	12:24:05	40d6460a-32b8-4faf-ae10-c2e76ba206ec	Item issued successfully - NAC: GT 07986, Quantity: 100 by user: superadmin@god.com
20250614	12:24:05	ee826885-eb5c-4608-8f28-f21a641e0368	Issue created successfully for date: 2025/06/14 by user: superadmin@god.com
20250614	12:31:56	fdc6900e-e293-4144-958c-b8dc1e417e44	Item issued successfully - NAC: GT 07986, Quantity: 100 by user: superadmin@god.com
20250614	12:31:56	013c3da0-7cce-41e3-9573-a5fa36624e7e	Issue created successfully for date: 2025/06/14 by user: superadmin@god.com
20250614	12:34:37	fa5383fb-caab-44aa-95fa-e2f108626961	Item issued successfully - NAC: GT 07986, Quantity: 100 by user: superadmin@god.com
20250614	12:34:37	9d4f5155-751a-4b94-9c7a-e435d252f1cf	Issue created successfully for date: 2025/06/14 by user: superadmin@god.com
20250614	12:34:38	49a4c543-e0b5-46fa-8390-55bc66b48fb5	Item issued successfully - NAC: GT 07986, Quantity: 100 by user: superadmin@god.com
20250614	12:34:38	c41c9fb1-2ec4-4085-a8a9-8c429b10eaad	Issue created successfully for date: 2025/06/14 by user: superadmin@god.com
20250614	12:34:38	0942679e-eda7-423f-8bbd-728ab3052524	Item issued successfully - NAC: GT 07986, Quantity: 100 by user: superadmin@god.com
20250614	12:34:38	b668f398-997f-4a27-8baf-f8e23b74668b	Issue created successfully for date: 2025/06/14 by user: superadmin@god.com
20250614	12:34:39	b6904bd8-240d-4096-8a27-827e721cf076	Item issued successfully - NAC: GT 07986, Quantity: 100 by user: superadmin@god.com
20250614	12:34:39	3fb2b269-ff63-4e9b-b515-29469bec65be	Issue created successfully for date: 2025/06/14 by user: superadmin@god.com
20250614	12:34:39	20ccf66c-4812-4e9d-a895-a71c0f4f82ab	Item issued successfully - NAC: GT 07986, Quantity: 100 by user: superadmin@god.com
20250614	12:34:39	fd424801-f166-4194-a335-ff0d0f2d08a8	Issue created successfully for date: 2025/06/14 by user: superadmin@god.com
20250614	12:34:39	b9c4b122-80ce-49a7-8eff-0ecd80e4df23	Item issued successfully - NAC: GT 07986, Quantity: 100 by user: superadmin@god.com
20250614	12:34:39	d96ce4b0-57b3-4739-b2c1-7dd772a990d0	Issue created successfully for date: 2025/06/14 by user: superadmin@god.com
20250614	12:34:39	386e93e7-e8c3-41e4-a408-093b264fd4a2	Item issued successfully - NAC: GT 07986, Quantity: 100 by user: superadmin@god.com
20250614	12:34:39	e0e578ab-4edd-469f-8189-2f5012832783	Issue created successfully for date: 2025/06/14 by user: superadmin@god.com
20250614	12:34:40	553c31ee-d559-4547-9fdc-a512b1933399	Item issued successfully - NAC: GT 07986, Quantity: 100 by user: superadmin@god.com
20250614	12:34:40	6674273f-a35d-4ddb-898a-1b8157adcb09	Issue created successfully for date: 2025/06/14 by user: superadmin@god.com
20250614	12:34:40	71512c87-85d2-411f-b81c-0c061f1d94fc	Item issued successfully - NAC: GT 07986, Quantity: 100 by user: superadmin@god.com
20250614	12:34:40	56e370f8-02cf-4806-8c81-3c2d4be9f54e	Issue created successfully for date: 2025/06/14 by user: superadmin@god.com
20250614	12:34:40	279c224a-0a4f-4640-a9cb-9d6d926c1163	Item issued successfully - NAC: GT 07986, Quantity: 100 by user: superadmin@god.com
20250614	12:34:40	ae4b7bfd-7daa-45ca-be64-bc55639668d6	Issue created successfully for date: 2025/06/14 by user: superadmin@god.com
20250614	12:44:57	aba7bdfc-066e-4ebc-8147-953c78ee817d	Item issued successfully - NAC: GT 07986, Quantity: 100 by user: superadmin@god.com
20250614	12:44:57	0064fe40-415c-4efe-9340-e304bdf8f5ac	Issue created successfully for date: 2025/06/14 by user: superadmin@god.com
20250614	12:44:58	fa54c31f-e758-4d96-afb3-ec062a567d02	Item issued successfully - NAC: GT 07986, Quantity: 100 by user: superadmin@god.com
20250614	12:44:58	66ee13de-84d8-45ba-9536-fafa588306b8	Issue created successfully for date: 2025/06/14 by user: superadmin@god.com
20250614	12:44:58	ccc550bc-d24f-4d46-be3d-a7a5a3aa1129	Item issued successfully - NAC: GT 07986, Quantity: 100 by user: superadmin@god.com
20250614	12:44:58	0abe85a6-9761-4b15-8369-02d3f8234e8d	Issue created successfully for date: 2025/06/14 by user: superadmin@god.com
20250614	12:44:59	d2ccfbae-873b-4d6a-9515-f828fdedc9b1	Item issued successfully - NAC: GT 07986, Quantity: 100 by user: superadmin@god.com
20250614	12:44:59	71f5e7c6-6b09-4f1b-8950-ba323194f351	Issue created successfully for date: 2025/06/14 by user: superadmin@god.com
20250614	13:03:09	3242a6a6-7b95-4111-a156-760d2e304795	Item issued successfully - NAC: GT 07986, Quantity: 100 by user: superadmin@god.com
20250614	13:03:09	08510eb4-58f3-4f3c-ba05-7809698f7d1b	Issue created successfully for date: 2025/06/14 by user: superadmin@god.com
20250614	13:06:00	482747d9-6492-4823-8786-662de8c91b7e	Successfully retrieved 39 pending issues
20250614	13:06:00	dbf283b0-8b6a-4965-ada4-a889cab3844f	Successfully retrieved 39 pending issues
20250614	13:06:19	37abc334-f778-4cfd-8bf9-32c4a5411c77	Successfully retrieved 39 pending issues
20250614	13:06:19	c181f7cc-2032-412f-b326-c31aa13ff724	Successfully retrieved 39 pending issues
20250614	13:09:37	e0149fa4-6ec4-4ad7-b80d-2ff5ff9014aa	Successfully deleted issue item ID: 55
20250614	13:09:38	f4fef76c-2943-474f-8777-d1ad58c81754	Successfully deleted issue item ID: 54
20250614	13:09:39	e22a7437-acfc-4548-8436-3cc71ebe4c24	Successfully deleted issue item ID: 53
20250614	13:09:39	c48f9b37-c279-4517-993b-fc4e774bb6fe	Successfully deleted issue item ID: 51
20250614	13:09:40	bc324df8-e70c-4bd2-a325-8c0e95852fcf	Successfully deleted issue item ID: 49
20250614	13:09:40	b424f618-aed8-43a4-a24a-c900f98c7b4a	Successfully deleted issue item ID: 47
20250614	13:09:41	2421c49a-26ca-423e-a1c9-ca5326c338a5	Successfully deleted issue item ID: 45
20250614	13:09:41	f112c348-328e-4b1c-b593-8b6a28aca420	Successfully deleted issue item ID: 44
20250614	13:09:41	b10e84be-ae72-4c43-a923-b3ced7522449	Successfully deleted issue item ID: 43
20250614	13:09:41	dac53705-92e2-4630-83e5-adf18a2e75fc	Successfully deleted issue item ID: 42
20250614	13:09:41	cb6ba433-b485-4196-b669-18ddebfdfe15	Successfully deleted issue item ID: 41
20250614	13:09:42	97dade71-8d9a-4f63-95df-dd72d522b258	Successfully deleted issue item ID: 40
20250614	13:09:42	685f7454-4a13-4b4b-ab4b-2f9f24c0fe0f	Successfully deleted issue item ID: 39
20250614	13:09:42	217c6c9a-3b5e-4ce6-ab35-9c878d0fb58f	Successfully deleted issue item ID: 38
20250614	13:09:42	2a52ce1f-2496-4a44-a9ed-439c84e991d7	Successfully deleted issue item ID: 37
20250614	13:09:42	1c056ee5-43a9-486f-8782-661a804a02e4	Successfully deleted issue item ID: 36
20250614	13:09:42	b0c60c13-9f57-4134-9643-98d7b2e8caf1	Successfully deleted issue item ID: 35
20250614	13:09:43	9d3fde31-f154-4540-bc0c-0e9d293206cf	Successfully deleted issue item ID: 34
20250614	13:09:43	a749ad7c-de3d-4afe-b142-699797863bf8	Successfully deleted issue item ID: 33
20250614	13:09:43	05246b53-0237-4ae4-8ffa-e2b0e379c3d8	Successfully deleted issue item ID: 32
20250614	13:09:43	350070f6-f835-42f5-8d08-cc3a84c680df	Successfully deleted issue item ID: 31
20250614	13:09:43	ff53c10d-b120-4930-a4a8-4dc96501d453	Successfully deleted issue item ID: 30
20250614	13:09:43	44f2076d-ce8c-4a82-9cf4-516712ab63cf	Successfully deleted issue item ID: 29
20250614	13:09:44	b4b6c3d3-8fbe-4e58-9e9e-8d6f2bfc7a71	Successfully deleted issue item ID: 28
20250614	13:09:44	dc29a24e-d7f7-4052-a047-e7bcc9d31830	Successfully deleted issue item ID: 27
20250614	13:09:44	ab92ccbb-48cf-49dd-81ca-6f85d1f9193d	Successfully deleted issue item ID: 26
20250614	13:09:44	67104af7-0983-4264-9db9-4294212415a5	Successfully deleted issue item ID: 25
20250614	13:09:44	cd20669f-7dc8-4ca7-8000-ae3bb748815d	Successfully deleted issue item ID: 24
20250614	13:09:44	d1ee9d76-c781-44b4-9392-dc3cbb9258ce	Successfully deleted issue item ID: 23
20250614	13:09:45	61bfdece-6ca7-4237-b3d4-b4702d64020e	Successfully deleted issue item ID: 22
20250614	13:09:45	149dca00-c257-44df-9919-09eac457ceb4	Successfully deleted issue item ID: 21
20250614	13:09:45	21324c17-f3ee-41d8-850a-366b32171e0f	Successfully deleted issue item ID: 20
20250614	13:09:45	56ffab99-e6e2-44ff-8198-fb748288ebff	Successfully deleted issue item ID: 19
20250614	13:09:46	56100e9e-dadc-4f2a-81fd-df77c8f39370	Successfully deleted issue item ID: 18
20250614	13:09:47	a9d72f38-a89e-4bdc-bb0c-95b2256d78fa	Successfully deleted issue item ID: 46
20250614	13:09:47	48e95161-d663-49dd-88be-90e1a6f61dd6	Successfully deleted issue item ID: 48
20250614	13:09:48	381d8fa6-731f-4e04-b7b6-c06d9baa0c8a	Successfully deleted issue item ID: 50
20250614	13:09:48	45377c13-1f0d-4bfc-abb7-66f82cecafa3	Successfully deleted issue item ID: 52
20250614	13:09:49	b8c33bf6-ab92-43dd-a118-b7595262faef	Successfully approved issues with IDs: 56 by user: superadmin@god.com
20250614	13:09:49	4ec64175-7fbb-45f0-80b8-1ccc1b0afb6b	Successfully retrieved 0 pending issues
20250614	13:10:10	97deebb9-b48d-4586-829a-610d57ace3ab	Item issued successfully - NAC: GT 07986, Quantity: 10 by user: superadmin@god.com
20250614	13:10:10	a04bc4e4-c21e-48d8-b5e6-10e3df9c2dc1	Issue created successfully for date: 2025/06/14 by user: superadmin@god.com
20250614	13:10:15	3a0e5ed9-deee-42ea-971c-8ecf8d0f9669	Successfully retrieved 1 pending issues
20250614	13:10:15	315a301c-a3c4-4081-9f24-dc90d37635c5	Successfully retrieved 1 pending issues
20250614	13:10:51	ef2d02b1-a37f-43bb-93f8-1657c468a34f	Successfully rejected issues with IDs: 57 by user: superadmin@god.com
20250614	13:10:51	f4941b8d-258e-4613-859e-ba41da5d0f32	Successfully retrieved 0 pending issues
20250614	13:22:41	d6b90908-d37e-4e34-857b-f0116f7db6ab	Successfully retrieved 0 pending issues
20250614	13:22:41	f1046a69-d284-4d34-8737-06becd15d0da	Successfully retrieved 0 pending issues
20250614	15:24:06	7856fd8b-b94a-4494-90a6-b66a2a345019	Item issued successfully - NAC: GT 07986, Quantity: 100 by user: superadmin@god.com
20250614	15:24:06	3cbc0335-92d5-46a3-bf3f-ff974bebfc6b	Issue created successfully for date: 2025/06/14 by user: superadmin@god.com
20250614	15:25:18	bc888f4b-59b3-4f2d-8b3e-075d30d219e1	Item issued successfully - NAC: GT 07986, Quantity: 100 by user: superadmin@god.com
20250614	15:25:18	57e97cad-64da-4eb0-89e7-3d91aceeab58	Issue created successfully for date: 2025/06/14 by user: superadmin@god.com
20250614	15:26:47	af4342e9-746f-43f6-8d71-552717410deb	Item issued successfully - NAC: GT 07986, Quantity: 100 by user: superadmin@god.com
20250614	15:26:47	7e3b9c0c-08d4-4574-942f-1c948fa41d2a	Issue created successfully for date: 2025/06/14 by user: superadmin@god.com
20250614	15:27:17	696584ba-bcdf-4d23-bea2-a052b0d2f33a	Item issued successfully - NAC: GT 07986, Quantity: 100 by user: superadmin@god.com
20250614	15:27:17	72b6d0a2-1631-4cf9-a0aa-beb7a6cd5f83	Issue created successfully for date: 2025/06/14 by user: superadmin@god.com
20250614	15:27:55	09b4404f-c8de-47a7-84ea-bd594c13cefc	Item issued successfully - NAC: GT 07986, Quantity: 100 by user: superadmin@god.com
20250614	15:27:55	a4ea2d4a-d544-4301-a8f9-975d44e24a66	Issue created successfully for date: 2025/06/14 by user: superadmin@god.com
20250614	15:27:58	2dfd005b-20c3-4dbd-a592-ebd411bd5235	Successfully retrieved 5 pending issues
20250614	15:27:58	7d280bd8-67c4-4f85-8207-5fff48b29bf3	Successfully retrieved 5 pending issues
20250614	15:28:04	d5c288fe-8587-494c-8a02-a9ccbb0d62e3	Successfully deleted issue item ID: 62
20250614	15:28:04	6e34a518-fdb2-49b5-9a94-4cb25c2aa633	Successfully deleted issue item ID: 61
20250614	15:28:05	1986a25a-d469-4168-974f-faa09586e951	Successfully deleted issue item ID: 60
20250614	15:28:05	4156a668-51a8-4995-8618-7cca2b5347b6	Successfully deleted issue item ID: 59
20250614	15:28:07	725daa96-6182-46e6-9ad7-e1587a30de00	Successfully approved issues with IDs: 58 by user: superadmin@god.com
20250614	15:28:07	deec658c-4c99-4f16-99c7-27b0dbf452e4	Successfully retrieved 0 pending issues
20250614	15:28:32	3d51a5b7-c45f-44b0-9b07-7dcf3edf04f2	Item issued successfully - NAC: GT 07986, Quantity: 100 by user: superadmin@god.com
20250614	15:28:32	745c9276-77a6-4f86-b177-dedb7b6415e0	Issue created successfully for date: 2025/06/14 by user: superadmin@god.com
20250614	15:28:43	c12790c6-8103-4975-8f4c-d8e0610fb097	Successfully retrieved 1 pending issues
20250614	15:28:43	7b3f3f15-49a6-4f34-9e99-b19f84d1c9c8	Successfully retrieved 1 pending issues
20250614	15:28:46	d29c5e42-3baf-41fa-a044-c42a7cc8eca3	Successfully approved issues with IDs: 63 by user: superadmin@god.com
20250614	15:28:46	df73daf4-0475-483f-80d8-af2c5551f53c	Successfully retrieved 0 pending issues
20250614	15:29:30	eaa16ea9-d1af-40f1-885a-83e4281feea9	Item issued successfully - NAC: GT 07986, Quantity: 100 by user: superadmin@god.com
20250614	15:29:30	c681df03-9b1f-4544-9df4-6ced96fca68b	Issue created successfully for date: 2025/06/14 by user: superadmin@god.com
20250614	15:30:20	81fff2da-afc8-44a9-a0b6-447740ad7cc6	Item issued successfully - NAC: GT 07986, Quantity: 100 by user: superadmin@god.com
20250614	15:30:20	39d4fc1c-69c9-4cef-8ae1-50c8e334a452	Issue created successfully for date: 2025/06/14 by user: superadmin@god.com
20250616	10:08:27	3a402adc-1e82-4cd8-b84d-092aea78b6b2	Successfully retrieved 2 pending issues
20250616	10:08:27	bb34a48d-cb78-49a6-ba7b-f0f53345ef62	Successfully retrieved 2 pending issues
20250617	10:03:29	fea40a5c-b3a7-4fac-9a79-e6158c8cd110	Successfully retrieved 2 pending issues
20250617	10:03:29	3cd35111-ebb7-4d68-b973-72147f343823	Successfully retrieved 2 pending issues
20250617	10:57:41	3d11d903-9494-440e-a4a4-3f6fa292d552	Successfully retrieved 2 pending issues
20250617	10:57:41	7e30898d-4e60-41d3-9b38-d294225a06e8	Successfully retrieved 2 pending issues
20250618	10:02:56	130362ba-be6c-41ef-8959-611edb1db333	Successfully retrieved 2 pending issues
20250618	10:02:56	c3b03e03-6414-4009-baf9-8801743294ee	Successfully retrieved 2 pending issues
20250618	10:50:19	610d3db5-00fb-4fee-8cde-a7c9279f276d	Successfully retrieved 2 pending issues
20250618	10:50:19	fc911088-d607-4b2a-8263-251b707839cb	Successfully retrieved 2 pending issues
20250618	13:23:49	783be168-e440-4bfa-8405-bdd98f8815ca	Successfully retrieved 2 pending issues
20250618	13:23:49	cefe22c9-91ab-4d12-ad68-459353231408	Successfully retrieved 2 pending issues
20250618	13:23:52	8960fcd3-9d37-4369-89ed-bc17a706de2c	Successfully approved issues with IDs: 64, 65 by user: superadmin@god.com
20250618	13:23:52	7fb9e687-997c-462c-95d2-09caa89708a8	Successfully retrieved 0 pending issues
20250618	13:26:40	ae205fc8-0808-4e25-abaf-196460d03218	Item issued successfully - NAC: GT 07986, Quantity: 100 by user: superadmin@god.com
20250618	13:26:40	65bc640c-fceb-487f-b0c7-fc23d8126e6e	Item issued successfully - NAC: GT 07986, Quantity: 100 by user: superadmin@god.com
20250618	13:26:40	c39ee139-8fef-4ae1-a1b4-930e6d5f69f2	Issue created successfully for date: 2025/06/14 by user: superadmin@god.com
20250618	13:27:39	56acf998-7b0a-40f3-ac71-c86336ca1f64	Item issued successfully - NAC: GT 07986, Quantity: 200 by user: superadmin@god.com
20250618	13:27:39	edb6d652-cc33-49a5-a734-233c1cf2d774	Item issued successfully - NAC: GT 07986, Quantity: 100 by user: superadmin@god.com
20250618	13:27:39	86cb76ae-8e01-4548-b89b-23f6210a082e	Item issued successfully - NAC: GT 07986, Quantity: 14 by user: superadmin@god.com
20250618	13:27:39	468957d9-08da-44a3-b5dc-d3f7f2234c72	Issue created successfully for date: 2025/06/16 by user: superadmin@god.com
20250618	13:27:48	e533029b-0d79-485d-bc88-f10f0233ab8c	Successfully retrieved 5 pending issues
20250618	13:27:48	a08fda46-dd51-4ff6-b064-8a2fa7218f76	Successfully retrieved 5 pending issues
20250618	13:27:56	11be73e5-457d-4177-a35d-61aa0a7ff59e	Successfully approved issues with IDs: 66, 67 by user: superadmin@god.com
20250618	13:27:56	e75a454e-ed82-4fac-88c9-aea3890da5ba	Successfully retrieved 3 pending issues
20250618	13:27:57	c9fc2713-d36d-4ca0-b446-8294cd9beed4	Successfully approved issues with IDs: 68, 69, 70 by user: superadmin@god.com
20250618	13:27:57	4cafaee3-551b-4826-98ce-df5c21a1f6b1	Successfully retrieved 0 pending issues
20250618	15:22:38	41aeb7ca-dd9c-4330-9a87-474280ba70c0	Item issued successfully - NAC: GT 07986, Quantity: 35 by user: superadmin@god.com
20250618	15:22:38	9609700f-558d-41a4-99df-5231537599f3	Item issued successfully - NAC: GT 07986, Quantity: 35 by user: superadmin@god.com
20250618	15:22:38	b32621a2-0dd9-44ad-9b7a-958e3b915a56	Item issued successfully - NAC: GT 07986, Quantity: 30 by user: superadmin@god.com
20250618	15:22:38	e0abf527-c576-4a84-8c73-0f4bb4bc671c	Item issued successfully - NAC: GT 07986, Quantity: 30 by user: superadmin@god.com
20250618	15:22:38	4fc1f5b1-ec10-460e-9986-21b511513a57	Issue created successfully for date: 2025/06/18 by user: superadmin@god.com
20250618	15:22:41	313c260b-c20f-4749-afed-64ab1e2b08fa	Successfully retrieved 4 pending issues
20250618	15:22:41	061f5457-4c19-4229-83d4-23bff13987ec	Successfully retrieved 4 pending issues
20250618	15:22:45	704d0662-0f40-454d-9f80-2312687c6550	Successfully approved issues with IDs: 71, 72, 73, 74 by user: superadmin@god.com
20250618	15:22:45	6ec6e99f-676d-457c-aaf8-510d438828c9	Successfully retrieved 0 pending issues
20250618	15:22:57	2b970c06-0973-46a9-9b85-8f89b2e46d14	Successfully retrieved 0 pending issues
20250618	15:22:57	81c1a661-2be9-4ca1-bc5d-5ae240a3c05d	Successfully retrieved 0 pending issues
20250618	15:23:35	4b02e2b8-7750-4c8f-94f1-e1d5dd288b4f	Successfully retrieved 0 pending issues
20250618	15:23:35	3fb05637-f4ec-4ef0-8122-a357e7cacafd	Successfully retrieved 0 pending issues
20250618	15:24:20	cb307865-24ac-4485-bb5f-9f3861ffe3a0	Item issued successfully - NAC: GT 07986, Quantity: 12 by user: superadmin@god.com
20250618	15:24:20	65a5265c-353a-4f7a-aaf4-2f15b42d9094	Item issued successfully - NAC: GT 07986, Quantity: 50 by user: superadmin@god.com
20250618	15:24:20	2768665c-7dc9-436e-986a-c850df454dbe	Issue created successfully for date: 2025/06/19 by user: superadmin@god.com
20250618	15:24:22	210aa2b1-cb42-450a-a60a-44d50ea03e10	Successfully retrieved 2 pending issues
20250618	15:24:22	dba9960f-e3ec-4df1-b9ef-000724793be7	Successfully retrieved 2 pending issues
20250618	15:24:29	30b0b902-453d-479d-8f37-5e4bb2f09b72	Successfully approved issues with IDs: 75, 76 by user: superadmin@god.com
20250618	15:24:29	dbf65dbe-ac63-45e1-af84-a3d245ecdab2	Successfully retrieved 0 pending issues
20250618	15:37:34	4742a668-d40d-49e8-b879-e865e822cd8b	Item issued successfully - NAC: GT 07986, Quantity: 10 by user: superadmin@god.com
20250618	15:37:34	ac4de371-d134-4d01-be2a-6e5f66c6849a	Issue created successfully for date: 2025/06/24 by user: superadmin@god.com
20250618	15:37:55	a65234de-c16f-424e-abcb-e7cefdce43e4	Item issued successfully - NAC: GT 07986, Quantity: 10 by user: superadmin@god.com
20250618	15:37:55	34437c56-7828-4e71-b31f-62b0f818a8ea	Issue created successfully for date: 2025/06/25 by user: superadmin@god.com
20250618	15:37:58	d8d5db59-c11f-42cf-818f-27304e99450e	Successfully retrieved 2 pending issues
20250618	15:37:58	d8c6ac32-7279-41f9-99cc-098afaca474e	Successfully retrieved 2 pending issues
20250618	15:38:05	68248518-0b41-4be6-9d53-a6a70e73d182	Successfully approved issues with IDs: 77 by user: superadmin@god.com
20250618	15:38:05	81058145-be30-4dd2-aedb-23729559925a	Successfully retrieved 1 pending issues
20250618	15:38:06	30b1e7d8-b119-4c0d-8d10-f034a4b6d4d8	Successfully approved issues with IDs: 78 by user: superadmin@god.com
20250618	15:38:06	4dec84f6-40f2-4ac8-bc45-b41734d626bd	Successfully retrieved 0 pending issues
20250618	17:11:05	853e6c43-315f-47fe-a581-bacf915562a6	Successfully retrieved 0 pending issues
20250618	17:11:05	c95bc713-496c-4810-9b60-a4f35506661c	Successfully retrieved 0 pending issues
20250619	10:36:56	b473e8b9-bc3b-44ff-822c-5fbff62415c7	Successfully retrieved 0 pending issues
20250619	10:36:56	a397c0c9-bebb-48dc-845c-02e9f1717f20	Successfully retrieved 0 pending issues
20250620	10:02:17	f789130e-7974-4419-9a71-f4cfec134709	Successfully retrieved 0 pending issues
20250620	10:02:17	a135d6a1-1465-4b16-8f81-0562073f4768	Successfully retrieved 0 pending issues
20250620	11:54:52	aa214248-246d-4cc8-bc09-00c6a3f2b87e	Successfully retrieved 0 pending issues
20250620	11:54:52	b50e3f53-307f-45a9-b993-28b2c02bb0f9	Successfully retrieved 0 pending issues
20250620	11:55:26	a30697d0-263c-44dd-b895-9c6a29118e67	Successfully retrieved 0 pending issues
20250620	11:55:26	7d6bd4f5-1f60-42ce-896f-726dd3b243f3	Successfully retrieved 0 pending issues
20250620	12:00:11	4ac9568d-1bad-418c-a009-71c8cda9ded2	Successfully retrieved 0 pending issues
20250620	12:00:11	d5a50ffa-4469-4739-92da-d172734009bf	Successfully retrieved 0 pending issues
20250620	12:01:15	1a454a60-7324-41ea-a2f2-f2c97ccdf5c0	Successfully retrieved 0 pending issues
20250620	12:01:15	bba9de31-3d4e-4ec0-afa7-3b8c394096bc	Successfully retrieved 0 pending issues
20250620	12:01:41	cf11788b-82ee-49f1-9b11-b0a477f2c816	Successfully retrieved 0 pending issues
20250620	12:01:41	d263024d-fe77-4b83-9b7a-65047c043be7	Successfully retrieved 0 pending issues
20250620	12:02:30	02029dbb-1099-478b-b2a1-73226a34ba5c	Successfully retrieved 0 pending issues
20250620	12:02:30	2726094c-1050-41ca-9714-d0b5c1a39d8d	Successfully retrieved 0 pending issues
20250620	12:05:14	1255fa5f-19e1-4362-b64d-c54f12b81975	Successfully retrieved 0 pending issues
20250620	12:05:14	2e12f7b4-939e-4e87-bb0c-05ff9ecc68ea	Successfully retrieved 0 pending issues
20250620	12:08:05	871559f6-89d1-4fa1-a38a-c98c42790db3	Successfully retrieved 0 pending issues
20250620	12:08:05	d51921e4-502d-49a0-bb1a-343e7d9c6450	Successfully retrieved 0 pending issues
20250620	12:12:14	79d89677-c823-4e4e-ae11-f8c0fe253d80	Item issued successfully - NAC: GS 28407, Quantity: 1 by user: Saman Tripathee
20250620	12:12:14	0691788b-dd02-4c0b-ac23-c8116e8348cd	Issue created successfully for date: 2025/06/20 by user: Saman Tripathee
20250620	12:12:19	5a80b109-698e-4815-9f2b-cefdac9b168a	Successfully retrieved 1 pending issues
20250620	12:12:19	5f02b40d-c5e0-4999-bbea-956c14b64fb3	Successfully retrieved 1 pending issues
20250620	12:12:29	d8464db2-ef01-4543-9215-ca0293f2abf2	Successfully approved issues with IDs: 79 by user: superadmin@god.com
20250620	12:12:29	036e1c08-403a-4e7a-8341-44f4dadd48d9	Successfully retrieved 0 pending issues
20250620	12:21:00	3e655784-3db2-4336-986f-4a864341ba97	Item issued successfully - NAC: GT 07986, Quantity: 12 by user: superadmin@god.com
20250620	12:21:00	915ff0f0-4091-4b7c-9d15-cf60ff00893d	Issue created successfully for date: 2025/06/20 by user: superadmin@god.com
20250620	12:21:02	01fe7c6f-1207-4c22-ae0d-ba7ab56c5aec	Successfully retrieved 1 pending issues
20250620	12:21:02	cf0084b4-f0d1-4464-a485-62b82715174f	Successfully retrieved 1 pending issues
20250620	12:24:11	fba621c3-8c95-4514-8766-f60103f4ff59	Item issued successfully - NAC: GT 19080, Quantity: 12 by user: Saman Tripathee
20250620	12:24:11	c49af635-169a-4f90-887d-7cfa6abdf801	Item issued successfully - NAC: GT 29949, Quantity: 1 by user: Saman Tripathee
20250620	12:24:11	c5cba9ad-8656-4946-8d81-766524187d9c	Issue created successfully for date: 2025/06/21 by user: Saman Tripathee
20250620	12:24:12	02b14e77-8406-4f29-8b18-273e3b1c6240	Successfully retrieved 3 pending issues
20250620	12:24:12	40b19ea3-5e48-4e41-914d-058be2fc71a8	Successfully retrieved 3 pending issues
20250622	15:11:32	db2580ea-e378-4ecd-9e3f-4fbf7c5ff085	Successfully retrieved 3 pending issues
20250622	15:11:32	dd9e4ae3-8dc0-4cb4-9b6e-e2bc8ef0ccbc	Successfully retrieved 3 pending issues
20250623	08:07:58	6614e89d-041d-4298-a356-90a6564e1598	Successfully retrieved 3 pending issues
20250623	08:07:58	f439dfb1-7203-4f98-9dce-b617ee798385	Successfully retrieved 3 pending issues
20250623	11:10:55	35e699ff-c819-412c-93c5-362eb6a7f694	Successfully retrieved 3 pending issues
20250623	11:10:55	c992566f-05f1-40fe-b553-15fab3c64839	Successfully retrieved 3 pending issues
20250623	11:28:50	45964494-fa45-4221-9bdb-51a60fc5d812	Successfully retrieved 3 pending issues
20250623	11:28:50	ecbb152e-0c1a-4667-8825-3c28421033ce	Successfully retrieved 3 pending issues
20250623	16:52:18	4881be52-56f3-47ff-b4ce-57db0ee102b8	Successfully retrieved 3 pending issues
20250623	16:52:18	a2b2a93e-3176-4d6f-bbd5-1ce77cf9a699	Successfully retrieved 3 pending issues
20250623	17:02:23	bca014da-3edc-46d2-a743-6bacfd82e782	Successfully retrieved 3 pending issues
20250623	17:02:23	f659bab5-63dd-4f42-ad46-fc91d728b15c	Successfully retrieved 3 pending issues
20250624	10:18:47	6da7627c-18fd-4547-b53b-19db61b65e40	Successfully retrieved 3 pending issues
20250624	10:18:47	95e859ff-7aa2-491d-824b-ab369bd6323c	Successfully retrieved 3 pending issues
20250624	14:53:46	cbd06395-184b-44d4-bb0a-d0f7caf7122b	Successfully retrieved 3 pending issues
20250624	14:53:46	95963ef7-0b47-4aba-90e9-944528ada00b	Successfully retrieved 3 pending issues
20250624	14:55:28	76d13e49-0d6f-4110-9cc7-ed6169fa3300	Successfully retrieved 3 pending issues
20250624	14:55:28	aee8b535-682d-4ebd-bc21-cbd51d7d070e	Successfully retrieved 3 pending issues
20250624	14:55:54	31ae5587-af7e-4ef1-9b3d-5d4f9329ab45	Successfully retrieved 3 pending issues
20250624	14:55:54	432f1298-1489-47df-8608-4e99db58971e	Successfully retrieved 3 pending issues
20250625	13:07:41	c3b972a8-96b2-4bf6-8e16-487bd1de086f	Successfully retrieved 3 pending issues
20250625	13:07:41	93272a7e-4910-41d6-b4cf-15ad38bcf34d	Successfully retrieved 3 pending issues
20250625	13:52:51	e988a5fb-f1ba-4786-806e-5752a7a754b7	Item issued successfully - NAC: GT 07986, Quantity: 56 by user: superadmin@god.com
20250625	13:52:51	385ccb60-e222-466e-8d6d-b7b09e2c357d	Item issued successfully - NAC: GT 07986, Quantity: 200 by user: superadmin@god.com
20250625	13:52:51	1cc37933-dbe2-4785-b4f4-fde4f1250689	Item issued successfully - NAC: GT 07986, Quantity: 80 by user: superadmin@god.com
20250625	13:52:51	889aacef-fdde-48b5-be0f-1ddefe29bc35	Item issued successfully - NAC: GT 07986, Quantity: 90.99 by user: superadmin@god.com
20250625	13:52:51	125fd86a-1538-434d-93f3-53c7bc993ea0	Issue created successfully for date: 2025/06/25 by user: superadmin@god.com
20250626	10:06:30	028a716c-7233-4cad-ad41-7a8e1e767e5b	Successfully retrieved 7 pending issues
20250626	10:06:30	b3ef8394-06e8-4789-a008-3fa71f65ff1b	Successfully retrieved 7 pending issues
20250626	10:07:54	d67b80d7-5fc0-4c2c-9458-dccd7fe27720	Successfully retrieved 7 pending issues
20250626	10:07:54	7ad74da8-b356-4c45-870c-a24eadb26b15	Successfully retrieved 7 pending issues
20250626	10:12:30	01dcb917-89fb-45f0-8be3-c51d6195efd7	Successfully retrieved 7 pending issues
20250626	10:12:30	26de2d8d-32d4-4ed6-b620-566c33e9f4ee	Successfully retrieved 7 pending issues
20250626	10:13:47	de6c80c2-b6f8-4479-98ec-e9d737b793a6	Successfully retrieved 7 pending issues
20250626	10:13:47	39257533-1bc9-4a2d-aae5-ab07f316378d	Successfully retrieved 7 pending issues
20250626	10:13:55	f65f6407-b503-4388-bf6b-24913db1a859	Successfully retrieved 7 pending issues
20250626	10:13:55	a8499f6a-03a4-4323-83bc-0d531fcdb752	Successfully retrieved 7 pending issues
20250626	10:17:26	a5a1e4dc-905a-429c-9f82-052abf5454b0	Successfully retrieved 7 pending issues
20250626	10:17:26	fbcc1976-7626-4e5f-8ffa-1a5ff1dfbf2e	Successfully retrieved 7 pending issues
20250626	10:20:19	95e510be-848f-4d0e-b1cd-88bdf93d18f9	Successfully retrieved 7 pending issues
20250626	10:20:19	729c474e-a05b-4da6-a6f3-00071241c3f3	Successfully retrieved 7 pending issues
20250626	10:25:15	f9cbe68f-6384-4430-9b9f-dfa91a81fe7c	Successfully retrieved 0 pending issues
20250626	10:25:15	16f34227-1637-456a-b4bc-10da4ac1050b	Successfully retrieved 0 pending issues
20250626	10:34:26	ce279162-0f3c-4a50-92cc-2c35c5102aee	Successfully retrieved 0 pending issues
20250626	10:34:26	598dc515-d74f-42cc-ae0e-93983289ab91	Successfully retrieved 0 pending issues
20250626	10:37:57	fb3fea7f-77d6-41a3-91de-e8c18140b126	Successfully retrieved 0 pending issues
20250626	10:37:57	1bc7b624-e098-491c-b0f2-6c5aafc218ae	Successfully retrieved 0 pending issues
20250626	10:38:07	958c5f9d-5172-400a-81c8-0a12766e3a6a	Successfully retrieved 0 pending issues
20250626	10:38:07	2025e4db-d662-423a-824a-93af986fddd5	Successfully retrieved 0 pending issues
20250626	10:39:22	cdd92806-6954-4a8c-a892-4e8a2ac0a250	Successfully retrieved 0 pending issues
20250626	10:39:22	5a14b770-ee10-4de0-a4f3-0009cb441187	Successfully retrieved 0 pending issues
20250626	10:46:32	19045b04-0be9-4ecf-8d26-4fdf546df406	Successfully retrieved 0 pending issues
20250626	10:46:32	3f4e65ae-408f-4380-93ad-9015a55ac658	Successfully retrieved 0 pending issues
20250626	10:56:42	8b110f1c-8470-4929-8ffc-4f9b01c2a610	Successfully retrieved 0 pending issues
20250626	10:56:42	c58736d5-beb2-4e4f-86a3-ce46db8fe8a7	Successfully retrieved 0 pending issues
20250626	10:57:49	523af435-71f2-4a80-bc82-a2fcdc5794fc	Successfully retrieved 0 pending issues
20250626	10:57:49	b644b59f-b70f-4c84-8f12-b929fdb16d72	Successfully retrieved 0 pending issues
20250626	11:06:25	761835b8-5c9a-4c05-affe-5498abb48726	Successfully retrieved 0 pending issues
20250626	11:06:25	ec5b6e8f-5204-44ea-ad89-605eb4bc70dd	Successfully retrieved 0 pending issues
20250626	11:09:14	47dc734f-ef66-49e0-9b53-c0422c9a348c	Successfully retrieved 0 pending issues
20250626	11:09:14	9a3991a9-58d4-4b18-9628-f5c05a2f84a9	Successfully retrieved 0 pending issues
20250626	11:39:01	00e48589-d141-4274-b9bf-fb4d57ba12c2	Successfully retrieved 0 pending issues
20250626	11:39:01	b49d2aef-4c27-4947-9083-07144bcab006	Successfully retrieved 0 pending issues
20250626	11:44:06	72fd3297-8fcf-4c83-ba69-913dd9972a8e	Item issued successfully - NAC: GT 04552, Quantity: 123 by user: Saman Tripathee
20250626	11:44:06	70ff4eeb-f522-4dc8-b841-a3accd00e273	Item issued successfully - NAC: GT 04552, Quantity: 15 by user: Saman Tripathee
20250626	11:44:06	29f6c30d-6cad-408c-962c-2a48959cf11d	Item issued successfully - NAC: GT 04552, Quantity: 10 by user: Saman Tripathee
20250626	11:44:06	5a99bfc2-51f1-4410-bb06-afbd08bac71d	Item issued successfully - NAC: GS 84690, Quantity: 3 by user: Saman Tripathee
20250626	11:44:06	14b9efc7-db28-4f76-9483-f9da37475e50	Issue created successfully for date: 2025/06/26 by user: Saman Tripathee
20250626	11:44:08	a4eb47fa-3c88-494f-861f-6d5e3704a305	Successfully retrieved 4 pending issues
20250626	11:44:08	2ee955cc-e350-416d-bdb3-c35879dd951b	Successfully retrieved 4 pending issues
20250626	11:44:11	fa461179-f190-4e09-9179-c115f0042521	Successfully approved issues with IDs: 87, 88, 89, 90 by user: superadmin@god.com
20250626	11:44:11	e0376532-0a2b-40d7-95f2-166d2ecb1ab0	Successfully retrieved 0 pending issues
20250626	11:50:39	484dde61-aff8-43b2-a7d8-26922c7141ce	Item issued successfully - NAC: GT 04552, Quantity: 100 by user: Saman Tripathee
20250626	11:50:39	9dc21bac-60c2-4df6-a907-00a2bde4ecf6	Item issued successfully - NAC: GT 04552, Quantity: 15 by user: Saman Tripathee
20250626	11:50:39	69fb2e69-f74d-4d21-872e-e962f6459f9e	Item issued successfully - NAC: GT 04552, Quantity: 15 by user: Saman Tripathee
20250626	11:50:39	924d8366-9e11-43b8-b9cf-e19a485ee664	Issue created successfully for date: 2025/06/26 by user: Saman Tripathee
20250626	11:50:41	8501e959-df66-4214-8621-2ca3486e1060	Successfully retrieved 3 pending issues
20250626	11:50:41	160b0e48-571a-4973-99e7-53b8ed0e03f5	Successfully retrieved 3 pending issues
20250626	11:50:44	d1e3da13-3e47-41dc-9d60-cb07f4f570b9	Successfully approved issues with IDs: 91, 92, 93 by user: superadmin@god.com
20250626	11:50:44	8359feed-dec8-4213-9e60-1269e0958688	Successfully retrieved 0 pending issues
20250626	11:53:38	0f731cb8-3006-49d4-b4c8-0a15bec82435	Successfully retrieved 0 pending issues
20250626	11:53:38	9fd8f88c-669f-4127-9abc-9e4d53aed1e3	Successfully retrieved 0 pending issues
20250626	11:53:54	1c0a5ff4-6b38-419d-a88b-496b19083e8a	Item issued successfully - NAC: GT 04552, Quantity: 10 by user: Saman Tripathee
20250626	11:53:54	4252cb2e-2658-4483-9520-912fe33531f4	Issue created successfully for date: 2025/06/27 by user: Saman Tripathee
20250626	11:54:14	9a1a5c13-3f9b-43b6-aa20-c625b3416990	Successfully retrieved 1 pending issues
20250626	11:54:14	700c3748-c7b2-4641-aade-8272bbe209de	Successfully retrieved 1 pending issues
20250626	11:54:16	f177bd7a-ef1b-4c96-b13f-cbd975c2b9a4	Successfully approved issues with IDs: 94 by user: superadmin@god.com
20250626	11:54:16	e6e4aa98-670c-4cec-aaa8-ea83419da63d	Successfully retrieved 0 pending issues
20250626	11:55:57	270ecfc6-f1d1-4c72-b91c-655446c88f1b	Item issued successfully - NAC: GT 04552, Quantity: 10 by user: Saman Tripathee
20250626	11:55:57	d626335b-beb8-4e44-a260-2e6aea05bdaf	Item issued successfully - NAC: GT 04552, Quantity: 15 by user: Saman Tripathee
20250626	11:55:57	54a10068-e12a-4cc2-bae0-9bbf6b29058a	Issue created successfully for date: 2025/06/26 by user: Saman Tripathee
20250626	11:55:58	83209181-3a03-4ffd-9518-7a33246afb20	Successfully retrieved 2 pending issues
20250626	11:55:58	9e82b609-d3b9-4831-93a0-87d1a1e5e5c8	Successfully retrieved 2 pending issues
20250626	11:56:01	71c84084-aa5c-4b10-a1ef-065d076a07dc	Successfully approved issues with IDs: 95, 96 by user: superadmin@god.com
20250626	11:56:01	7906ab04-3ca1-4eb6-bde7-ab286d5f4145	Successfully retrieved 0 pending issues
20250626	11:59:40	95bf1d62-4a3b-4144-98a4-b9386c175007	Item issued successfully - NAC: GT 04552, Quantity: 10 by user: Saman Tripathee
20250626	11:59:40	2e91b210-4c5a-43be-ab83-112113d75668	Item issued successfully - NAC: GT 19080, Quantity: 15 by user: Saman Tripathee
20250626	11:59:40	a1f94dfe-b344-4f9e-9617-262a1718fae9	Issue created successfully for date: 2025/06/26 by user: Saman Tripathee
20250626	11:59:42	cacb1e33-c472-4427-a89f-4ac399d5cc64	Successfully retrieved 2 pending issues
20250626	11:59:42	a37e6a2a-2fdd-4970-b458-6922b7b42b27	Successfully retrieved 2 pending issues
20250626	12:00:57	c417364c-efb7-4859-b3de-640d6e58db43	Item issued successfully - NAC: GT 04552, Quantity: 100 by user: Saman Tripathee
20250626	12:00:57	55a93e0b-8532-40ff-92a5-42f175aa55b8	Issue created successfully for date: 2025/06/26 by user: Saman Tripathee
20250626	12:18:36	c266f9d4-34b6-41d4-9aeb-d0e1def1bda4	Item issued successfully - NAC: GT 04552, Quantity: 100 by user: Saman Tripathee
20250626	12:18:36	6c0abccd-0ee0-4c1c-afae-4d8699c72dc7	Item issued successfully - NAC: GT 19080, Quantity: 40 by user: Saman Tripathee
20250626	12:18:36	0e7b477b-a4da-4291-b396-00f3420ada93	Issue created successfully for date: 2025/06/26 by user: Saman Tripathee
20250626	12:18:58	835d33b7-3960-4d07-ace2-883dc5ae69e9	Successfully retrieved 2 pending issues
20250626	12:18:58	696062ea-d1ae-489c-ae3e-7aa85772ba7c	Successfully retrieved 2 pending issues
20250626	12:19:01	4a6453cf-a8a5-41db-9b90-f2200f9ecf92	Successfully approved issues with IDs: 100, 101 by user: superadmin@god.com
20250626	12:19:01	452c96ae-e2d6-4f16-8501-192b849da597	Successfully retrieved 0 pending issues
20250626	12:23:14	c6666594-716e-4153-be42-44d1cf7ea712	Successfully retrieved 0 pending issues
20250626	12:23:14	b79be001-8565-48d1-99b5-fba05b19799b	Successfully retrieved 0 pending issues
20250702	15:30:29	831abeb7-7c40-468f-be2a-ffecd24bec5a	Successfully retrieved 0 pending issues
20250702	15:30:29	94b7fb7a-49cf-4e9f-bc6d-03b8407ec7d8	Successfully retrieved 0 pending issues
20250702	15:33:32	c2ad3e60-6124-4529-8246-182175d5ebc4	Successfully retrieved 0 pending issues
20250702	15:33:32	10d2f608-aa52-4752-a141-b23c071b8285	Successfully retrieved 0 pending issues
20250702	15:34:59	1f8e9187-fbfe-4ed0-902f-ece063a21a27	Successfully retrieved 0 pending issues
20250702	15:34:59	823e5373-8edb-4323-9b6e-5a1da3f94aef	Successfully retrieved 0 pending issues
20250702	15:35:41	cb623de5-1372-4697-b016-77ad39690501	Successfully retrieved 0 pending issues
20250702	15:35:41	a22122ee-d8d4-45d6-908e-b99dbe6f7778	Successfully retrieved 0 pending issues
20250702	15:36:24	5b5e4ac1-c00e-4be6-819f-bd04532a575c	Successfully retrieved 0 pending issues
20250702	15:36:24	8123bee9-a3a0-4788-811e-1bd3c86a53dd	Successfully retrieved 0 pending issues
20250702	15:37:43	4432e370-9a5a-4b9b-9979-1f6789cbf45f	Successfully retrieved 0 pending issues
20250702	15:37:43	287eea10-78cf-4cf4-b431-9885ccab3109	Successfully retrieved 0 pending issues
20250702	15:37:56	89381384-f8bb-4428-9b6c-bf02d923ba0f	Successfully retrieved 0 pending issues
20250702	15:37:56	a3b8ee3f-90e7-4606-b599-bd9fb1e374cb	Successfully retrieved 0 pending issues
20250702	15:38:49	c1bbd8f6-3a01-4311-b635-db86af2f6f8c	Successfully retrieved 0 pending issues
20250702	15:38:49	10bcf981-16b8-44d3-b4f4-2f15da2b3f23	Successfully retrieved 0 pending issues
20250702	15:39:04	d1169ed9-a242-4c9a-9510-f32fda58d204	Successfully retrieved 0 pending issues
20250702	15:39:04	e07d4cee-a0ec-42a1-bf4d-c7615b5e9557	Successfully retrieved 0 pending issues
20250702	15:39:19	c7ee702d-7e60-4d44-8def-a5365054a9c6	Successfully retrieved 0 pending issues
20250702	15:39:19	0e002a7f-554d-4123-93f0-5bbef4516059	Successfully retrieved 0 pending issues
20250702	16:01:50	2a8346b2-9a37-4e17-a087-55b877e99dfe	Successfully retrieved 0 pending issues
20250702	16:01:50	4b598fb0-cb1a-4489-890d-dcbaf5a85be2	Successfully retrieved 0 pending issues
20250703	10:08:20	15b2df0c-245a-4081-8231-25bce363d0d0	Successfully retrieved 0 pending issues
20250703	10:08:20	d833702a-b08d-47f2-ba9a-4d116ea27c08	Successfully retrieved 0 pending issues
20250703	10:17:35	6a14a890-be21-4b78-ac5f-73876fb0f45c	Successfully retrieved 0 pending issues
20250703	10:17:36	da834ade-0100-40a3-bb33-84b091cee341	Successfully retrieved 0 pending issues
20250703	10:19:12	2b3121c4-059f-418b-929e-8d64c82ed733	Successfully retrieved 0 pending issues
20250703	10:19:12	9ea29a59-a0d3-49ad-85dc-9d05698ee6e9	Successfully retrieved 0 pending issues
20250703	10:20:53	9f3006f2-ab5f-4596-bb3a-fb6f0fd9e33e	Successfully retrieved 0 pending issues
20250703	10:20:53	806ab679-8860-4bf5-b26f-a72820682c3b	Successfully retrieved 0 pending issues
20250703	10:22:51	52f5e588-d1e0-4a8d-ba6e-fdbbb3d817d8	Successfully retrieved 0 pending issues
20250703	10:22:51	b6617f93-cd4e-47e3-bee5-fcfb93be3abf	Successfully retrieved 0 pending issues
20250703	10:23:20	aa6bf564-c869-4c78-840b-e641c59664f1	Successfully retrieved 0 pending issues
20250703	10:23:20	7ee81684-78e5-4af6-880e-571adf825a72	Successfully retrieved 0 pending issues
20250703	10:35:11	c2aaf6fe-c3de-4c9d-bc38-d198655203ce	Successfully retrieved 0 pending issues
20250703	10:35:11	f6ec15c5-af18-4746-a219-112dc710c40e	Successfully retrieved 0 pending issues
20250703	10:38:38	8a3f8b78-6cc9-4bab-b296-bf8cabf4c1ca	Successfully retrieved 0 pending issues
20250703	10:38:38	8814904c-a744-4840-b71d-3840f715edea	Successfully retrieved 0 pending issues
20250703	10:56:07	7b679da9-5529-4242-8952-fe39e5c46107	Successfully retrieved 0 pending issues
20250703	10:56:07	0b8d58f9-15d0-4a54-81bd-a973cfbcf6bf	Successfully retrieved 0 pending issues
20250703	10:59:45	144ab43b-5592-4657-b2d9-5cc02a64190c	Successfully retrieved 0 pending issues
20250703	10:59:45	3b05dca9-a865-409b-b31f-4cd5887fe6ac	Successfully retrieved 0 pending issues
20250703	11:00:13	b7e9a2f5-20e8-4621-88ef-ee6e4efce092	Successfully retrieved 0 pending issues
20250703	11:00:13	5a25eb61-9245-4c4b-ab19-88e62e9a4ac4	Successfully retrieved 0 pending issues
20250703	11:04:20	8bd2f3bf-ac68-4042-bd07-12fefd19a3ef	Successfully retrieved 0 pending issues
20250703	11:04:20	a3ce6dae-be06-498f-bcf1-e1b4d21b0f46	Successfully retrieved 0 pending issues
20250703	11:10:00	ab677069-9635-4f3f-96be-91d8888ea978	Successfully retrieved 0 pending issues
20250703	11:10:00	08c34c86-1055-45e8-80c0-7b3191e75f74	Successfully retrieved 0 pending issues
20250703	11:10:23	fc8744c6-56e6-4892-9071-7aca12bdef8f	Successfully retrieved 0 pending issues
20250703	11:10:23	760d0c9c-2b76-4e81-a282-efaf351b0b42	Successfully retrieved 0 pending issues
20250703	11:11:14	c0d9c51e-a59a-40e3-b22d-3b85ad2b16bc	Successfully retrieved 0 pending issues
20250703	11:11:14	fa2e76d5-6b16-4a26-aea8-5a2442fd2e34	Successfully retrieved 0 pending issues
20250703	11:32:06	18e6648f-0f71-4660-a448-af0614d0d4b2	Successfully retrieved 0 pending issues
20250703	11:32:06	9e6de820-399d-406e-ab47-aa5db9b911c1	Successfully retrieved 0 pending issues
20250703	11:33:53	06e39b1e-9b4c-484c-9655-6c99865c516a	Item issued successfully - NAC: GT 00000, Quantity: 20 by user: superadmin@nac.com.np
20250703	11:33:53	a7ea3e24-fc68-4d9f-af73-1f11ba1aacfd	Item issued successfully - NAC: GT 00000, Quantity: 20 by user: superadmin@nac.com.np
20250703	11:33:53	15e0bc45-5bd8-4ed8-a482-61b37f126c21	Issue created successfully for date: 2025/07/04 by user: superadmin@nac.com.np
20250703	11:33:55	8742c12e-c5f2-41e4-8c90-1869f3098693	Successfully retrieved 2 pending issues
20250703	11:33:55	06e3fe57-6816-47f5-941a-2a2b533542b4	Successfully retrieved 2 pending issues
20250703	11:34:03	d75f0afc-ae52-4953-a76c-de33c839e855	Successfully approved issues with IDs: 39, 40 by user: superadmin@nac.com.np
20250703	11:34:03	59bfd185-1926-41a4-9218-6c9be722c6fd	Successfully retrieved 0 pending issues
20250703	11:34:53	8b50440e-2b7e-4a6a-bf0d-90fec1c57652	Item issued successfully - NAC: GT 00000, Quantity: 20 by user: superadmin@nac.com.np
20250703	11:34:53	b4f2ae4d-e9b3-4e85-8b32-df0ef372505c	Item issued successfully - NAC: GT 00000, Quantity: 10 by user: superadmin@nac.com.np
20250703	11:34:53	99019747-9919-4725-ad90-e623675883e7	Issue created successfully for date: 2025/07/05 by user: superadmin@nac.com.np
20250703	11:34:54	6a2cbe2d-e8c0-42ea-b295-80a6557ad241	Successfully retrieved 2 pending issues
20250703	11:34:54	230ffa70-a431-4827-b6b5-931a7d494937	Successfully retrieved 2 pending issues
20250703	11:34:56	14018635-f8eb-408a-9015-5fc1c5981ee9	Successfully approved issues with IDs: 41, 42 by user: superadmin@nac.com.np
20250703	11:34:56	afc3bdc5-88b5-4c71-b592-c2fce1c95a3e	Successfully retrieved 0 pending issues
20250703	12:06:58	483cddef-ae30-46cf-8153-e20aa6763057	Successfully retrieved 0 pending issues
20250703	12:06:58	f82458ba-4491-47db-8000-d3b4658990ca	Successfully retrieved 0 pending issues
20250703	13:05:52	40a0e9c6-7c74-4cb3-9e18-4ac2aa5207bd	Successfully retrieved 0 pending issues
20250703	13:05:52	40d4de92-4526-41db-9e8a-412ce999e1d8	Successfully retrieved 0 pending issues
20250703	17:31:41	297338b5-6851-40a5-be31-0842496a4d1c	Successfully retrieved 0 pending issues
20250703	17:31:41	5fbb9341-152f-4fe8-8489-b5f211e52c84	Successfully retrieved 0 pending issues
20250703	17:34:51	532bc0cc-2476-4b8c-9f17-18f8bbcd8946	Successfully retrieved 0 pending issues
20250703	17:34:51	80e35f5f-87de-4672-bee1-afe19142eee7	Successfully retrieved 0 pending issues
20250703	17:35:00	c923d585-dc20-45c8-b1c6-7f9433a04815	Successfully retrieved 0 pending issues
20250703	17:35:00	ecd266ae-f567-4752-9470-aa27a2bd44d1	Successfully retrieved 0 pending issues
20250703	17:35:06	17f764b2-e47b-4265-9c2c-89886264c2e9	Successfully retrieved 0 pending issues
20250703	17:35:06	f61b5dac-9b58-4d07-a76c-ace246d20e4d	Successfully retrieved 0 pending issues
20250703	17:36:30	19fd25f7-b45e-40e4-a761-6308e1f71390	Successfully retrieved 0 pending issues
20250703	17:36:30	f0cf68b4-4939-4d53-9f72-1b690486edeb	Successfully retrieved 0 pending issues
20250703	17:37:17	c9b33e3d-7168-4215-9c16-a880ce552c45	Successfully retrieved 0 pending issues
20250703	17:37:17	e9ce3cc6-9cda-4d88-a26c-5ebf7cc9a28e	Successfully retrieved 0 pending issues
20250703	17:37:38	4ed22c70-cdd9-4f35-bedb-6f15817bf241	Successfully retrieved 0 pending issues
20250703	17:37:38	f46cb61e-ca3e-465a-8c62-64c4e0ceb4d8	Successfully retrieved 0 pending issues
20250703	17:38:02	3524ef2b-8eb6-4dd0-b19a-34897c4f739c	Successfully retrieved 0 pending issues
20250703	17:38:02	e65928c5-e2f8-450b-9aee-e0d21c7659eb	Successfully retrieved 0 pending issues
20250704	10:53:51	61b4191c-1319-40d0-8fcb-73ca11786695	Successfully retrieved 0 pending issues
20250704	10:53:51	f03c1946-f812-4290-849d-67d15baf531f	Successfully retrieved 0 pending issues
20250704	10:54:29	12841b62-b7db-4a70-bb5f-b83825764f9d	Successfully retrieved 0 pending issues
20250704	10:54:29	bba681fa-691c-44b0-b4f5-a69f0cb2c6d3	Successfully retrieved 0 pending issues
20250705	10:29:52	93b1dfe2-f00e-429c-8b73-a9bcb6d3b160	Successfully retrieved 0 pending issues
20250705	10:29:52	3b846f40-6f93-4c8b-b411-ca245e9f561e	Successfully retrieved 0 pending issues
