20250526	12:15:56	d175d699-e96f-43f4-a60d-d697bb281e2d	Fetching permissions for user ID: 1
20250526	12:15:56	b4f04e18-7218-4aa1-b41d-b6da49c5adc1	Successfully fetched 19 permissions for user ID: 1
20250526	12:22:11	b4687c89-e8cb-4171-a697-60b39c971630	Fetching permissions for user ID: 1
20250526	12:22:11	7d389a9c-ad83-4625-92ec-0e983e3fb6ad	Successfully fetched 19 permissions for user ID: 1
20250526	12:28:51	751aee62-af57-4453-990a-375de56fd2d6	Fetching permissions for user ID: 1
20250526	12:28:51	3e2d92da-71a6-4043-adac-88bcb2f8a8f8	Successfully fetched 19 permissions for user ID: 1
20250526	15:13:07	4bf5797c-f175-4db9-8f35-840f1f173dc7	Fetching permissions for user ID: 1
20250526	15:13:07	34631b99-cff8-46aa-8721-d2c8d3cf2084	Successfully fetched 19 permissions for user ID: 1
20250526	15:38:28	96bc33ad-92b4-4c54-9f34-354a59138eef	Fetching permissions for user ID: 1
20250526	15:38:28	87086f9f-8f5a-4876-8f09-c752d42b4ecb	Successfully fetched 19 permissions for user ID: 1
20250526	15:40:05	b31af702-da57-4106-90bc-31531ecb857d	Fetching permissions for user ID: 1
20250526	15:40:05	123556e5-7b91-482a-9182-fb0dc55a8eef	Successfully fetched 19 permissions for user ID: 1
20250527	10:19:37	0d69a0f3-99d4-44b5-85c7-e36dc5ccc076	Fetching permissions for user ID: 1
20250527	10:19:37	815555fe-ff0a-4baa-8f50-4f4d20a470b0	Successfully fetched 20 permissions for user ID: 1
20250527	10:34:19	b3dd177c-18ca-4370-bb99-573de801c45b	Fetching permissions for user ID: 1
20250527	10:34:19	5ce73c50-69b4-40fd-b6cf-57d60944484c	Successfully fetched 20 permissions for user ID: 1
20250527	11:11:58	9a3bddb5-66da-4603-b83a-7e884bbff4e4	Fetching permissions for user ID: 1
20250527	11:11:58	59b7ef9a-9bd5-4540-a8d6-f4b137c43881	Successfully fetched 20 permissions for user ID: 1
20250527	13:07:03	41aeb748-9316-4acf-b984-04d92f3c90e7	Fetching permissions for user ID: 1
20250527	13:07:03	51f5d218-0375-4332-8736-382304a3eaea	Successfully fetched 22 permissions for user ID: 1
20250528	10:01:37	ab9a6309-8482-4451-8dac-40d40fadf596	Fetching permissions for user ID: 1
20250528	10:01:37	760f5d1d-ef3e-42fc-b683-366a027a196c	Successfully fetched 22 permissions for user ID: 1
20250528	13:41:00	84415c06-0c32-4679-b6ae-53cb751eac83	Fetching permissions for user ID: 1
20250528	13:41:00	eaca062a-d9ac-4c5a-ae8c-6060fd23e75c	Successfully fetched 23 permissions for user ID: 1
20250602	12:33:20	74c5d5ae-5a49-471b-9ad4-a0b24599c2bc	Fetching permissions for user ID: 1
20250602	12:33:20	17a71c79-c9ab-46a1-b101-fb0d7c95bbb5	Successfully fetched 23 permissions for user ID: 1
20250603	10:08:15	d32deb2a-dc65-4b29-905e-09b310c7d42f	Fetching permissions for user ID: 1
20250603	10:08:15	0f551524-8477-4567-ada2-34a3857e2edd	Successfully fetched 23 permissions for user ID: 1
20250603	10:25:50	b17ce994-eb01-4de4-84fa-a7e2292f7d5d	Fetching permissions for user ID: 1
20250603	10:25:50	30db17d1-c26b-4022-af21-944570220e89	Successfully fetched 23 permissions for user ID: 1
20250603	10:26:10	91281053-19b0-4ce8-8260-670ab76f619f	Fetching permissions for user ID: 1
20250603	10:26:10	d9d66d7c-c322-42de-aa2e-432a1a34c1c5	Successfully fetched 23 permissions for user ID: 1
20250603	11:02:51	2d028697-1967-4c92-a255-b00c9543f762	Fetching permissions for user ID: 1
20250603	11:02:51	a1fb3f48-a9ed-4b3c-9ed6-eee72d94e6ce	Successfully fetched 23 permissions for user ID: 1
20250603	11:05:55	21433754-679d-4f3c-8502-0443e252c370	Fetching permissions for user ID: 1
20250603	11:05:55	76f872a0-aa46-47c9-a11c-c70a1731ea23	Successfully fetched 23 permissions for user ID: 1
20250603	11:06:31	00200f67-724f-451f-83cb-86970a75cf70	Fetching permissions for user ID: 1
20250603	11:06:31	c324f8ca-18a6-42dc-8cff-7712fdb14468	Successfully fetched 23 permissions for user ID: 1
20250604	10:07:08	edce4f2f-74cd-442f-b66c-7f6671416b7f	Fetching permissions for user ID: 1
20250604	10:07:08	bb68e8ad-39e5-40b3-88b8-538ddccb46c6	Successfully fetched 23 permissions for user ID: 1
20250604	11:32:43	6a10aa8d-0e32-453d-982d-9750dcfbaee3	Fetching permissions for user ID: 1
20250604	11:32:43	90182a7c-2ef6-4b42-bb65-eb19b408a15b	Successfully fetched 23 permissions for user ID: 1
20250604	13:32:31	cf6b8759-d92c-4eba-b446-3cd0c5df605d	Fetching permissions for user ID: 1
20250604	13:32:31	40791ef7-17b4-4e40-a60d-40c18ca27f9a	Successfully fetched 23 permissions for user ID: 1
20250606	11:43:51	9979bfc1-fe65-498f-aa4e-3343542cab32	Fetching permissions for user ID: 1
20250606	11:43:51	88177551-33d1-4165-937e-388fb930a0e1	Successfully fetched 28 permissions for user ID: 1
20250606	11:53:32	e29bacad-99d5-4455-be0d-6105c9ddc9a0	Fetching permissions for user ID: 1
20250606	11:53:32	d49dc02a-b464-418c-b168-69b0233f43ab	Successfully fetched 28 permissions for user ID: 1
20250606	11:55:55	32cb8cb8-1fec-4884-b006-52402b733ebc	Fetching permissions for user ID: 1
20250606	11:55:55	1dc00a9f-b9ff-4017-aec2-ed40fb21508b	Successfully fetched 29 permissions for user ID: 1
20250606	12:22:45	9da974fc-99ad-4867-85de-71848fa7a684	Fetching permissions for user ID: 1
20250606	12:22:45	270483e4-6fbe-42ef-bc4f-28e1d8a67b0e	Successfully fetched 31 permissions for user ID: 1
20250608	13:22:42	b267d008-4cba-4a48-a895-68dac37dbb1a	Fetching permissions for user ID: 1
20250608	13:22:42	a75f88d9-fa57-4440-945c-2ebc55da1105	Successfully fetched 31 permissions for user ID: 1
20250609	10:16:55	1bb95ea8-618a-4141-9092-fe995e126001	Fetching permissions for user ID: 1
20250609	10:16:55	e04b63cb-c668-4552-9ac6-54c4bc6a77b4	Successfully fetched 31 permissions for user ID: 1
20250612	10:18:02	647bbd25-7914-4e1c-aabf-35c905cd8898	Fetching permissions for user ID: 1
20250612	10:18:02	41d75c0a-8d18-4786-a013-27fb0f33ebce	Successfully fetched 34 permissions for user ID: 1
20250612	17:30:06	cbc14e20-6c36-406e-bee8-7598fed14ff1	Fetching permissions for user ID: 1
20250612	17:30:06	4259f13e-03e6-4d24-a04c-b792b3a30753	Successfully fetched 34 permissions for user ID: 1
20250613	11:29:58	075fb3a9-3521-4ad4-8e82-7d757e11e305	Fetching permissions for user ID: 1
20250613	11:29:58	b2d4fbe9-a4af-4b1a-bab1-f71a6f8b45f3	Successfully fetched 34 permissions for user ID: 1
20250614	11:27:17	4f960334-5435-4966-90b6-7c4c05fea251	Fetching permissions for user ID: 1
20250614	11:27:17	4eb0aa01-160b-4e0f-8efa-cf350f82325c	Successfully fetched 34 permissions for user ID: 1
20250616	10:08:26	8eb08ddc-56dd-4be8-9ca9-2a60bea3d8f8	Fetching permissions for user ID: 1
20250616	10:08:26	3411c015-c3b2-4603-a5a2-900b95f8e839	Successfully fetched 34 permissions for user ID: 1
20250617	10:03:28	86eda088-53ec-4f77-80d9-7b9b193c2eca	Fetching permissions for user ID: 1
20250617	10:03:28	3f54bfc4-983e-436d-bcbb-661717722449	Successfully fetched 34 permissions for user ID: 1
20250618	10:02:56	f88584b9-d2a2-4e15-b955-a68fa6d858d9	Fetching permissions for user ID: 1
20250618	10:02:56	b9590d30-5b93-4acc-97e0-cb40e3b2cdd7	Successfully fetched 34 permissions for user ID: 1
20250618	17:11:04	6635089c-beb7-49cb-9d2f-c6a01a949eb1	Fetching permissions for user ID: 1
20250618	17:11:04	5464d24d-ad37-48e1-a04a-4d27f57ebb61	Successfully fetched 34 permissions for user ID: 1
20250619	10:36:55	4cab4fdd-4533-4731-8afa-d8b03479279a	Fetching permissions for user ID: 1
20250619	10:36:55	8126e06d-e576-4972-9528-3b02f22377f7	Successfully fetched 34 permissions for user ID: 1
20250620	10:02:17	5bbded02-1847-473a-a7d7-4a3f8b22e8e5	Fetching permissions for user ID: 1
20250620	10:02:17	fc6199a2-c598-4bd6-b49e-34582e389141	Successfully fetched 34 permissions for user ID: 1
20250620	11:55:26	f582ad32-2911-429b-8b66-1451af961db9	Fetching permissions for user ID: 1
20250620	11:55:26	e49c5fcf-0680-4b0f-9630-debacdf08f89	Successfully fetched 34 permissions for user ID: 1
20250622	15:11:32	9a6184d4-9a44-475c-abaa-6f361017a149	Fetching permissions for user ID: 1
20250622	15:11:32	89b3e3ef-4c50-4903-9c2f-402b19d18fa3	Successfully fetched 34 permissions for user ID: 1
20250623	08:07:58	fd73ab77-c219-4480-9e1e-4d309a545d74	Fetching permissions for user ID: 1
20250623	08:07:58	2a42b885-f9fc-4945-bccf-6f2fd8022553	Successfully fetched 34 permissions for user ID: 1
20250623	16:52:18	95dc9cd4-be63-4414-98d0-850cb617f370	Fetching permissions for user ID: 1
20250623	16:52:18	d2017d98-4ff2-4f01-b1c7-b6290e3b5c25	Successfully fetched 34 permissions for user ID: 1
20250624	10:18:47	db95c8e2-2309-4fd8-8d4c-a53b07e21901	Fetching permissions for user ID: 1
20250624	10:18:47	77df4c8b-1ea1-4467-8ae1-a472b2b4c4bd	Successfully fetched 34 permissions for user ID: 1
20250625	13:07:41	a056660a-8d11-4f1d-8d10-de5243134474	Fetching permissions for user ID: 1
20250625	13:07:41	6166ce2d-35ce-4950-83df-4350f82725f1	Successfully fetched 34 permissions for user ID: 1
20250626	10:06:30	28afc5af-90f1-4398-bd8c-22fd4301df8f	Fetching permissions for user ID: 1
20250626	10:06:30	6afff326-1a4d-4cd9-a127-a91466d34cb8	Successfully fetched 34 permissions for user ID: 1
20250702	15:33:32	bacf2650-3c23-4aa4-8a96-894df13f4750	Fetching permissions for user ID: 1
20250702	15:33:32	08f7b842-1698-44a7-9919-cffd4fa9c4cf	Successfully fetched 23 permissions for user ID: 1
20250702	15:39:04	cf9dafa9-a37e-4995-87ac-f242be9ac3af	Fetching permissions for user ID: 1
20250702	15:39:04	fd1c1e2b-12ec-4ecf-8ac6-0036ff1dda94	Successfully fetched 23 permissions for user ID: 1
20250702	15:39:19	ccd40160-cd75-4efd-b4a1-c70c0094baab	Fetching permissions for user ID: 1
20250702	15:39:19	d5235288-cb72-408c-96a2-cd338d637414	Successfully fetched 23 permissions for user ID: 1
20250703	10:08:17	a2981a98-69bb-4fdf-8e20-f0b5a273b22c	Fetching permissions for user ID: 1
20250703	10:08:17	fa89b323-e895-4aec-bc3f-9aa393b0f306	Successfully fetched 23 permissions for user ID: 1
20250703	11:04:18	e7c83eb3-459a-44af-9c3a-2523b7c37009	Fetching permissions for user ID: 1
20250703	11:04:18	7dc49cac-6d0f-447a-9006-89f6237e0b58	Successfully fetched 23 permissions for user ID: 1
20250703	11:09:59	b19729a3-fc18-4617-8bfb-d3e6182ae3a1	Fetching permissions for user ID: 1
20250703	11:09:59	7183ec47-8fb9-4375-bd36-aab202a27ce6	Successfully fetched 34 permissions for user ID: 1
20250704	10:53:48	adafa800-9906-4da5-8497-49c29fc97c75	Fetching permissions for user ID: 1
20250704	10:53:48	05a39a0e-57a9-43c3-8bbc-94cd61ec40e3	Successfully fetched 34 permissions for user ID: 1
20250705	10:29:49	fe135f8f-a13f-4b80-b259-8186453dd02d	Fetching permissions for user ID: 1
20250705	10:29:49	c818c4a4-650a-470c-89c4-625519baf5af	Successfully fetched 34 permissions for user ID: 1
