20250526	12:35:44	fd00c039-b904-41ec-b920-23fd405572d5	Successfully generated Excel for request: R004
20250526	13:55:26	179c2e32-72cf-47ce-b2dd-997cf926a734	Successfully generated Excel for RRP: F001T1
20250527	11:16:08	8ec25b90-c226-4fba-9201-e20f9d949da7	Successfully generated Excel for request: R006
20250527	11:21:04	0a440113-f839-454c-82ad-f973ba4a4c0e	Successfully generated Excel for RRP: L005T1
20250527	12:22:16	d9e09d8c-bfde-4528-91f7-c825fec4047d	Successfully generated Excel for request: R003
20250603	11:37:16	ac6a0ec6-7204-458a-8e6f-7b9fa9e06b34	Successfully generated Excel for request: R005
20250603	11:45:36	106bc48b-e867-4603-a56f-d7cb6b1e6b58	Successfully generated Excel for request: R005
20250603	11:48:11	556733c6-eb5f-49db-bb91-6ec5e885b12f	Successfully generated Excel for request: R005
20250603	11:50:08	f8a89182-8b02-4e93-99e6-35de873d4000	Successfully generated Excel for request: R005
20250603	11:50:15	d9123ef3-d9fa-445a-9f6e-de7e2dcfef66	Successfully generated Excel for request: R005
20250603	11:52:27	3d95a458-da72-40a4-a08b-608588f5fb74	Successfully generated Excel for request: R005
20250603	11:54:22	94e138d2-ac7e-4041-ab1e-0873178ceef1	Successfully generated Excel for RRP: L002T1
20250603	16:38:42	321592f7-aa05-46f5-bfc9-4198d2526eeb	Successfully generated Excel for request: R004
20250603	16:46:40	c5140c95-3cf5-4024-a48c-73787bc96f5c	Successfully generated Excel for RRP: L004T1
20250604	10:11:20	ceecf474-6592-4ec2-a1c7-c65a02188802	Successfully generated Excel for request: R004
20250620	12:02:57	db8b9d32-6d9c-4b81-8640-dfd09fc622ea	Successfully generated Excel for request: R005
20250620	12:09:01	d5d054c2-2060-4b3f-a208-7a5dd9f4fe4d	Successfully generated Excel for RRP: L003T1
20250626	11:11:06	feb4f656-3a7a-4f5a-8d98-5d153a515dfb	Successfully generated Excel for request: R001
20250626	11:12:50	e18407f8-a86a-417a-9aef-fd86e72fcc7e	Successfully generated Excel for RRP: L001T1
20250626	11:13:32	ed56a87a-85f0-450b-9a67-2b8840037d68	Successfully generated Excel for RRP: F001T1
20250626	11:34:06	c0480d08-c2fb-44ac-ae33-217be16ac981	Successfully generated Excel for RRP: F001T1
20250626	11:34:24	ad73a378-efcc-42b3-a524-4e85da449316	Successfully generated Excel for request: R001
20250626	11:35:40	2531e5c4-27f0-4c3d-9cd3-1120ec7f453f	Successfully generated Excel for RRP: L001T1
20250626	11:35:48	31b73a4a-f729-4a9f-bd53-5b1471217ae8	Successfully generated Excel for RRP: F001T1
20250703	10:25:38	69cbb1f1-c054-404c-a6cd-426c14317581	Successfully generated Excel for request: R001
20250703	10:25:38	28d0646c-ab1e-4840-8b7d-fff083d2e2d0	Successfully generated Excel for request: R002
20250703	11:00:28	d7f6e475-d439-4287-a2ec-6c70f796c356	Successfully generated Excel for request: R001
20250703	11:00:28	09144d1d-0db3-4f29-b91a-dd1a8a4fa465	Successfully generated Excel for request: R001
