20250526	12:28:52	53d4af00-3fac-466c-944c-7ca51df92793	Successfully fetched 0 pending receives
20250526	12:28:52	bc3d7cad-b74f-408b-92ab-3c1192de5fc0	Successfully fetched 0 pending receives
20250526	12:28:58	dba18fa1-91d8-48ec-976f-f9e2e2ef7afb	Successfully fetched 0 pending receives
20250526	12:28:58	2e3956cb-2f0c-408c-b010-d3c7a4a1ac7e	Successfully fetched 0 pending receives
20250526	12:31:28	d72de404-b8fc-4b4f-9e03-03c046e7579e	Successfully fetched 0 pending receives
20250526	12:31:28	fae3de4b-cd34-42cf-8f28-5041603713e6	Successfully fetched 0 pending receives
20250526	12:31:39	278c3971-d8f9-4bbb-a01f-05d7824e2047	Successfully fetched 0 pending receives
20250526	12:31:39	dddb6a31-0303-4c28-ba49-4c3dfd97ea79	Successfully fetched 0 pending receives
20250526	12:32:06	79c9adef-9568-49a3-b425-33fc9b3e0829	Successfully fetched 0 pending receives
20250526	12:32:06	d26af158-1164-4a36-963f-5536a60baa66	Successfully fetched 0 pending receives
20250526	12:34:10	bbca8ee9-6a68-4a08-9e8b-2caa4f114c82	Successfully searched receivables with 2 results
20250526	12:34:48	657c48da-a8a6-486d-937b-fa3fdf796888	Created receive item for request R004 with ID 27 by user: superadmin@god.com
20250526	12:34:48	7eda5c67-62ad-441d-9440-0d03f509c5f1	Successfully created receive with 1 items by user: superadmin@god.com
20250526	12:34:51	86a3c5d5-8156-474f-baa9-9a9f1e9771dd	Successfully fetched 1 pending receives
20250526	12:34:51	2041552e-65bc-4b01-99f9-52595599b43e	Successfully fetched 1 pending receives
20250526	12:34:54	71be2422-f4f1-4f91-9a13-d39ef57de393	Successfully fetched receive details for ID: 27
20250526	12:38:32	6f91d666-6a03-4844-87a4-532998927970	Successfully fetched 1 pending receives
20250526	12:38:32	c56132e5-2aff-4394-91ae-077b6c76cc5d	Successfully fetched 1 pending receives
20250526	12:38:48	68995eb0-63c1-42c8-88f0-b76e39ee157b	Successfully fetched receive details for ID: 27
20250526	12:43:39	0f0b6bec-84d4-4acb-ac85-6bfaea0c092b	Successfully updated stock for NAC code: GT 04552 with new balance: 1389
20250526	12:43:39	d468f157-3227-4329-a664-8a6d4ab7123c	Successfully approved receive ID: 27
20250526	12:43:39	5f5013e1-381b-48fa-82ae-ba72a3771012	Successfully fetched 0 pending receives
20250526	12:43:48	35f63410-7b4d-4b1b-afee-4d721744b1eb	Successfully searched receivables with 2 results
20250526	12:44:14	1f04cb00-755c-49c7-a711-b75893277455	Created receive item for request R004 with ID 28 by user: superadmin@god.com
20250526	12:44:14	53b0af9b-e618-4636-9ea1-7c727b7bb9c0	Successfully created receive with 1 items by user: superadmin@god.com
20250526	12:44:22	46cdca78-2369-4641-9bdf-efb1c0346057	Successfully searched receivables with 2 results
20250526	12:44:24	8baae408-047e-4ab6-9fc0-2e3fcf1b9e8c	Successfully searched receivables with 2 results
20250526	12:44:30	3fcd6e09-6a61-427e-bd5d-bb0d59a244c4	Successfully fetched 1 pending receives
20250526	12:44:31	a8010f9f-4084-4b38-b486-a7817dd2ea97	Successfully fetched 1 pending receives
20250526	12:44:42	85c1f725-ca88-497e-b724-392b9e63cc93	Successfully fetched receive details for ID: 28
20250526	12:45:26	f63606c5-c8fb-43f2-a7f1-aeecd7f87ea2	Successfully rejected receive ID: 28 by user: superadmin@god.com
20250526	12:45:26	cf7ea404-e4b3-45e9-bf48-52dd20d70555	Successfully fetched 0 pending receives
20250526	12:45:30	712d4016-4af0-43a0-afd0-d32bcb2fecfb	Successfully fetched 0 pending receives
20250526	12:45:30	26efdfaa-d474-43ad-b732-3015e4b26ed8	Successfully fetched 0 pending receives
20250526	12:45:36	6166e6eb-ef71-4310-b434-155494c7b973	Successfully fetched 0 pending receives
20250526	12:45:36	1fa5bec1-bca7-4892-91b9-e414f881d31b	Successfully fetched 0 pending receives
20250526	12:45:39	b4919808-a630-4b84-9646-44562b602514	Successfully fetched 0 pending receives
20250526	12:45:39	a0982d60-d163-4964-a303-ccd32b4d29a2	Successfully fetched 0 pending receives
20250526	12:54:00	7b57521d-9f06-4b21-beb8-3a042cb2abcc	Successfully fetched 0 pending receives
20250526	12:54:00	7c4b7a71-358c-43a2-98d1-584c73b670b5	Successfully fetched 0 pending receives
20250526	12:54:22	784acf83-254e-4162-a4c7-06f4284c03c3	Successfully searched receivables with 2 results
20250526	12:54:33	13503b33-ce9c-48c8-8e87-a92401e05301	Created receive item for request R004 with ID 29 by user: superadmin@god.com
20250526	12:54:33	e6395ee6-b2e2-4314-9690-3f22cb08a710	Successfully created receive with 1 items by user: superadmin@god.com
20250526	12:54:35	96664827-f2a1-4be7-b6d5-a539aaaf42c2	Successfully fetched 1 pending receives
20250526	12:54:35	fe1d2a94-f05a-4c9c-be6e-ec4b386e0ff9	Successfully fetched 1 pending receives
20250526	12:54:39	48c8c8a7-3b7c-4383-a17a-605c5b5c6a11	Successfully fetched receive details for ID: 29
20250526	12:54:49	cbba97ca-5370-4fa2-a17e-cc23802c1baf	Successfully updated stock for NAC code: GT 04552 with new balance: 1489
20250526	12:54:49	518ee648-180e-4519-8553-3ddafdd90b87	Successfully approved receive ID: 29
20250526	12:54:49	d0b5e987-f937-4f8f-880b-2014f0ada178	Successfully fetched 0 pending receives
20250526	12:56:01	b21be43c-257f-424b-b68b-1a1b26b9b546	Successfully searched receivables with 1 results
20250526	12:59:05	ca9e4a8f-03f7-492a-836d-5ba401e8ae50	Successfully fetched 0 pending receives
20250526	12:59:05	af4ebf4a-b208-4f67-88a2-5e91546b8f25	Successfully fetched 0 pending receives
20250526	12:59:51	27dcd7c0-42b1-47d0-8fe3-b99b06ad4b30	Successfully searched receivables with 0 results
20250526	12:59:52	01c77d99-2110-41b6-856a-43d76727eb7b	Successfully searched receivables with 0 results
20250526	12:59:54	d45bbcad-8a6c-4cc2-bc4b-fe3afa018095	Successfully searched receivables with 1 results
20250526	12:59:56	93e20df4-5247-445b-afe2-6e6d80b9a622	Successfully searched receivables with 1 results
20250526	13:00:38	0d782ba6-c02f-426e-8dd9-a495114fb48c	Created receive item for request R003 with ID 30 by user: superadmin@god.com
20250526	13:00:38	7bfb6bae-8b48-4a5a-a354-0abab5c80a6f	Successfully created receive with 1 items by user: superadmin@god.com
20250526	13:00:43	9865eb53-2f1a-4668-ae40-0413d644e6be	Successfully fetched 1 pending receives
20250526	13:00:43	e23ab87a-bb98-4989-b2a3-05e145c890cc	Successfully fetched 1 pending receives
20250526	13:00:58	21516e67-bb5c-4db0-a74c-a660e7fa0ab6	Successfully fetched receive details for ID: 30
20250526	13:04:32	aee7abe3-5f89-423d-852d-a9036025c405	Successfully rejected receive ID: 30 by user: superadmin@god.com
20250526	13:04:32	b7292af1-9143-4f9c-9dec-db6ad6fd57f0	Successfully fetched 0 pending receives
20250526	13:10:58	612cf15e-ac7d-4acf-9427-e100feb43c66	Successfully fetched 0 pending receives
20250526	13:10:58	fcdf764d-b437-462b-ab95-37ac99693fd4	Successfully fetched 0 pending receives
20250526	13:11:24	891e0974-bd94-4775-9609-39736383cf7f	Successfully fetched 0 pending receives
20250526	13:11:24	c220be40-af49-4cc1-94de-9622cf26447d	Successfully fetched 0 pending receives
20250526	13:24:03	619de098-b5e0-4b82-9fb2-095808d5d26d	Successfully fetched 0 pending receives
20250526	13:24:03	ff9fca68-2e2a-424d-bfa6-1288c8fad9e0	Successfully fetched 0 pending receives
20250526	13:28:36	61b87b20-9798-4c3f-8bee-c6c2ac6554ee	Successfully fetched 0 pending receives
20250526	13:28:36	aab93d7a-00fb-4797-bf9c-51d53bbb493e	Successfully fetched 0 pending receives
20250526	13:39:21	1d06e390-bbbd-489e-a6c6-e5391bece96b	Successfully fetched 0 pending receives
20250526	13:39:21	71db0b58-95a3-422b-a349-e3facc1dfaf8	Successfully fetched 0 pending receives
20250526	13:47:53	402ab3c1-006c-4dda-b308-339336d818da	Successfully fetched 0 pending receives
20250526	13:47:53	325f44fc-d00a-4200-bf0f-950070a9d1d5	Successfully fetched 0 pending receives
20250526	13:54:31	9f5b47b2-fb9a-4321-9ed9-3a3da89938cf	Successfully fetched 0 pending receives
20250526	13:54:31	219d3144-0471-4a04-85f8-56fc7dafabf8	Successfully fetched 0 pending receives
20250526	13:55:49	b17d0c34-47fe-4d97-a11a-5b4bd86f9872	Successfully fetched 0 pending receives
20250526	13:55:49	0ed20e54-ad6b-4b4f-ae9b-cb9d89aae590	Successfully fetched 0 pending receives
20250526	13:55:56	f9ecd26c-4b59-4c38-8330-f7da6aa6d6f8	Successfully fetched 0 pending receives
20250526	13:55:56	e9877d67-1ad1-4dbe-80c8-39494295fcf9	Successfully fetched 0 pending receives
20250526	13:56:05	bc4a14b1-8e66-42d4-9ac4-5b46a66aea1f	Successfully fetched 0 pending receives
20250526	13:56:05	bcf203ff-d158-416a-bd38-3e7e37a6670e	Successfully fetched 0 pending receives
20250526	13:58:10	5fe890a7-8c9f-4b67-ac7c-4dc9ebc0652a	Successfully fetched 0 pending receives
20250526	13:58:10	39c6a521-7b20-4233-98d6-5a10225fe6dc	Successfully fetched 0 pending receives
20250526	15:13:08	7c7b9daa-47a5-428f-aec4-3f94d79dc50e	Successfully fetched 0 pending receives
20250526	15:13:08	dbe2996a-59d7-4ee9-9e21-6ee32d0a5563	Successfully fetched 0 pending receives
20250526	15:15:40	5a4479b4-d787-4d18-b595-e49ad728e4f7	Successfully fetched 0 pending receives
20250526	15:15:40	cbdd4924-7c8c-49aa-834f-8898a4b1d4d9	Successfully fetched 0 pending receives
20250526	15:16:26	d023e4cc-562b-4952-a4a3-3a6a5c50b67e	Successfully fetched 0 pending receives
20250526	15:16:26	c53730c6-294d-438f-bd7e-fd8b324d0757	Successfully fetched 0 pending receives
20250526	15:19:37	bcc9b40f-a884-4855-84f9-a7cac01eee32	Successfully fetched 0 pending receives
20250526	15:19:37	8da552c3-acc1-4d19-92ae-475c6464054a	Successfully fetched 0 pending receives
20250526	15:19:39	7b1fea94-344e-4ebc-82a0-878d5c49f372	Successfully fetched 0 pending receives
20250526	15:19:39	60c01d8b-6867-4fd9-8193-86aede3bc2ff	Successfully fetched 0 pending receives
20250526	15:19:41	9c44a7b5-9239-41d1-8803-adb3db182648	Successfully fetched 0 pending receives
20250526	15:19:41	990db90f-9f91-4242-9828-0140526fab07	Successfully fetched 0 pending receives
20250526	15:21:01	ebb3c8ea-bd6b-44df-a847-0268bf92516f	Successfully fetched 0 pending receives
20250526	15:21:01	5f6d7613-6981-4720-96a1-ab2437ada142	Successfully fetched 0 pending receives
20250526	15:21:57	1629490c-a4ed-4c4e-99c6-250da693b691	Successfully fetched 0 pending receives
20250526	15:21:57	38dd1dba-2474-4703-a78d-d6776cb196b4	Successfully fetched 0 pending receives
20250526	15:22:56	e1c5a4ba-107d-4ac7-abc8-0deac20491e9	Successfully fetched 0 pending receives
20250526	15:22:56	a55a3ac9-ce05-477f-94c1-351623a7e4c3	Successfully fetched 0 pending receives
20250526	15:38:28	e141a76f-0671-4bfd-a8d7-c505936167e8	Successfully fetched 0 pending receives
20250526	15:38:28	55df0f5a-69d5-4ef7-9bf1-d07247374ce6	Successfully fetched 0 pending receives
20250526	15:40:05	8fca5357-97ac-44e3-8135-ae58d76b6ee2	Successfully fetched 0 pending receives
20250526	15:40:05	c7bfe50c-0464-44be-b829-2637601fdbab	Successfully fetched 0 pending receives
20250527	10:19:37	484e2a80-73cf-4086-9bfc-acd41ac7b996	Successfully fetched 0 pending receives
20250527	10:19:37	d3ae7714-dee7-4e3e-8397-84eb246ea5ba	Successfully fetched 0 pending receives
20250527	10:34:10	bb50f1f8-c016-4d58-998b-01b9079c3bc5	Successfully fetched 0 pending receives
20250527	10:34:10	34fe99ac-4b59-4140-af44-b349432b7762	Successfully fetched 0 pending receives
20250527	10:34:19	47106f2f-b465-4b29-bc3b-be81bd0dece6	Successfully fetched 0 pending receives
20250527	10:34:19	690904fa-7d82-4c1c-b767-f41cf667a665	Successfully fetched 0 pending receives
20250527	10:35:58	04c35386-5b99-4e93-9efb-0727691e5e5e	Successfully fetched 0 pending receives
20250527	10:35:58	a78acb6c-8690-47b2-9812-fa886e08b823	Successfully fetched 0 pending receives
20250527	10:36:52	f515e432-89a1-4f14-8a0b-03d901906bad	Successfully fetched 0 pending receives
20250527	10:36:52	04d389fb-ee32-41ce-ac93-238abaf5fd09	Successfully fetched 0 pending receives
20250527	10:37:17	d8411141-01f4-4f25-9150-77109de0ac6d	Successfully fetched 0 pending receives
20250527	10:37:17	a2e59f72-2268-4f36-8191-c0992e96a965	Successfully fetched 0 pending receives
20250527	10:42:18	d4e4dda7-97f6-4ede-b0f1-cb40efad9686	Successfully fetched 0 pending receives
20250527	10:42:18	0c1e1c0d-9e97-41c2-93b3-2bc64634bd42	Successfully fetched 0 pending receives
20250527	10:45:55	c5c6fdd6-05e1-4d13-8282-e727c673b87e	Successfully fetched 0 pending receives
20250527	10:45:55	5c7ee422-33b6-4f0a-8a69-6a207e4e3479	Successfully fetched 0 pending receives
20250527	10:46:22	701ffb93-f35e-4a53-a46b-011c577cf115	Successfully fetched 0 pending receives
20250527	10:46:22	5685f785-3e2d-4df6-aea5-4a7d9c95045e	Successfully fetched 0 pending receives
20250527	10:57:17	2c28793e-0bb0-4d2c-b240-ab57880db742	Successfully fetched 0 pending receives
20250527	10:57:17	b092f834-3fe5-4014-adb8-8f8d7fdb346c	Successfully fetched 0 pending receives
20250527	10:58:49	0411290e-44fb-41b5-8f8a-96332e6ab559	Successfully fetched 0 pending receives
20250527	10:58:49	168c051b-9ced-4d83-8b9a-1c2173095ed1	Successfully fetched 0 pending receives
20250527	11:11:58	e6dfd7fc-5f58-41ee-ba93-5e6fd0a150df	Successfully fetched 0 pending receives
20250527	11:11:58	f465335a-8a80-46b5-86f1-1251f11bed39	Successfully fetched 0 pending receives
20250527	11:14:40	78d13aac-3f6c-4290-b2c3-71565bfb7fd9	Successfully fetched 0 pending receives
20250527	11:14:40	71a931d6-9edc-47fc-9888-702b30cf4562	Successfully fetched 0 pending receives
20250527	11:15:18	7c444956-0ca0-4e0d-a194-45b0ca8bc415	Successfully fetched 0 pending receives
20250527	11:15:18	617fab98-1692-414f-b123-c3d18b4d431e	Successfully fetched 0 pending receives
20250527	11:15:44	95a34bf7-e6c1-4ecc-bb01-446271336658	Successfully fetched 0 pending receives
20250527	11:15:44	5d78650b-0bce-4f08-912b-ffd5144b1e74	Successfully fetched 0 pending receives
20250527	11:16:37	77469e6e-d3db-4bf2-bedf-624df3fb9aa2	Successfully searched receivables with 2 results
20250527	11:17:06	163a2ec3-6d8c-4f2a-9e43-41e9a7e7f87a	Created receive item for request R006 with ID 31 by user: superadmin@god.com
20250527	11:17:06	8798c74f-61d5-4aa3-b80c-e3cd4e523e69	Successfully created receive with 1 items by user: superadmin@god.com
20250527	11:17:08	6971709f-8229-45f4-a190-22aa89e2b00e	Successfully fetched 1 pending receives
20250527	11:17:08	24dfb416-06b0-427e-9217-00531216b7f8	Successfully fetched 1 pending receives
20250527	11:17:14	467a61ac-abf8-42ee-beb0-17d1d6c2effb	Successfully fetched receive details for ID: 31
20250527	11:17:40	edfe6115-e754-4a11-803b-c479fefe8549	Successfully updated stock for NAC code: GT 04552 with new balance: 1889
20250527	11:17:40	b6fb9cd1-df23-40d4-9868-a41e07b47034	Successfully approved receive ID: 31
20250527	11:17:40	05c23017-aad0-4c36-af2f-35f8e9f42e21	Successfully fetched 0 pending receives
20250527	11:18:02	4dbca123-59cf-4b32-9eae-b35d9d260d3c	Successfully searched receivables with 1 results
20250527	11:18:28	3c8c537e-b368-46d0-a33d-fe68a7e3e2b0	Created receive item for request R003 with ID 32 by user: superadmin@god.com
20250527	11:18:28	42b57fe8-f156-42db-8705-38d928cb65b5	Successfully created receive with 1 items by user: superadmin@god.com
20250527	11:18:32	f578e3d7-1c56-4053-b1a6-2be4d4470046	Successfully fetched 1 pending receives
20250527	11:18:32	2a9d9c43-152a-4580-bf37-a68c6723d040	Successfully fetched 1 pending receives
20250527	11:18:41	75403155-ef27-46ea-9fb6-f56282e856f1	Successfully fetched receive details for ID: 32
20250527	11:18:50	8bcca7e2-2be2-4ef2-934d-361f8b526fa3	Successfully rejected receive ID: 32 by user: superadmin@god.com
20250527	11:18:50	36190fcc-d975-4356-9c0a-6a11a86cf59c	Successfully fetched 0 pending receives
20250527	11:18:53	d6ecdcaa-7fff-4dec-b830-34430e0b067c	Successfully fetched 0 pending receives
20250527	11:18:53	03c45eac-6f9b-434f-977c-f5b1d1d364e7	Successfully fetched 0 pending receives
20250527	11:20:25	67f4be96-e4b0-49b7-b16d-4a4b32131d61	Successfully fetched 0 pending receives
20250527	11:20:25	1d8a2ba5-3099-4fb6-9e86-a97310d7125b	Successfully fetched 0 pending receives
20250527	11:21:21	d0a747db-e401-43ce-8bc5-cc13d0daf772	Successfully fetched 0 pending receives
20250527	11:21:21	9c917913-96f2-4b02-870c-da80e7fe27dd	Successfully fetched 0 pending receives
20250527	11:29:01	4d090b00-dd77-4fab-aece-cdd864a1ad6a	Successfully fetched 0 pending receives
20250527	11:29:01	1441e1c3-5b6e-4f35-8da4-27ce798b8d2e	Successfully fetched 0 pending receives
20250527	11:32:45	83893ac8-9384-4d25-8f61-2ac80f4f5e61	Successfully fetched 0 pending receives
20250527	11:32:45	95773715-fa9d-407b-82c1-77f4400ae664	Successfully fetched 0 pending receives
20250527	11:59:43	4fff9ab2-3ecc-4227-9809-f3061efe6151	Successfully fetched 0 pending receives
20250527	11:59:43	dc7f70f1-754f-4d0a-a125-b7036f64812b	Successfully fetched 0 pending receives
20250527	12:19:06	c43ced97-4e59-4c3d-897d-23d128943cc7	Successfully fetched 0 pending receives
20250527	12:19:06	4a18fb44-ec45-44c4-81b9-c00900b62ae7	Successfully fetched 0 pending receives
20250527	12:21:13	e8676c05-534d-4530-884e-261c31671a19	Successfully fetched 0 pending receives
20250527	12:21:13	938a73df-9460-41ed-82bd-b760696c3082	Successfully fetched 0 pending receives
20250527	12:21:20	1ce699c9-6a0f-47c7-8978-cad0a288884c	Successfully fetched 0 pending receives
20250527	12:21:20	7555d1c2-e1a2-43d4-862a-f51adcf5c532	Successfully fetched 0 pending receives
20250527	12:21:35	c9a9f250-14ec-4eed-9ebe-bbf8d13d476a	Successfully fetched 0 pending receives
20250527	12:21:35	cee2bfda-d56d-4219-b484-f572bcb2e4b7	Successfully fetched 0 pending receives
20250527	12:21:50	f5eecd98-029d-4c6f-b175-08bc1547964b	Successfully fetched 0 pending receives
20250527	12:21:50	7524ecc9-ad9e-4bf8-afb4-8e4ffadbfc03	Successfully fetched 0 pending receives
20250527	12:23:00	646c4eae-e989-465a-b4d8-c448df98d639	Successfully fetched 0 pending receives
20250527	12:23:00	25f25fc2-680a-41e5-92a0-410bf9f39ac5	Successfully fetched 0 pending receives
20250527	12:24:44	9f57d713-5329-43d8-b5c9-12bbc5f6a891	Successfully fetched 0 pending receives
20250527	12:24:44	7765fa1f-2bd0-4f1e-ae57-7d07244802a6	Successfully fetched 0 pending receives
20250527	12:35:38	bc37fdf6-ccd5-4620-a081-4eaab1708003	Successfully fetched 0 pending receives
20250527	12:35:38	1b1c26ae-e850-44cd-a779-48e521baa72d	Successfully fetched 0 pending receives
20250527	13:07:03	24be2130-5cad-4cca-ab11-1f8223bea5ae	Successfully fetched 0 pending receives
20250527	13:07:03	d0deee79-6ba8-40ab-8f04-98c5fee9066c	Successfully fetched 0 pending receives
20250527	13:07:15	d8587999-d6e6-468a-8233-42e58f6369ab	Successfully fetched 0 pending receives
20250527	13:07:15	71d1f24b-89bf-471d-9315-da254a9b18d4	Successfully fetched 0 pending receives
20250527	13:07:49	847914c3-5224-4d12-862d-4135e2a6dffb	Successfully fetched 0 pending receives
20250527	13:07:49	06f9c2dd-6d91-4187-95fd-a5001fbb3aad	Successfully fetched 0 pending receives
20250527	13:09:16	204ae552-27f4-4a8f-9ddd-58f0c8d67b83	Successfully fetched 0 pending receives
20250527	13:09:16	697f7e35-5cf8-4581-8be9-776bd87676ac	Successfully fetched 0 pending receives
20250527	13:40:38	c343cc4a-c655-4492-a8c8-3a96c2e8353f	Successfully fetched 0 pending receives
20250527	13:40:38	6e835150-71cd-4a51-b381-12044304d558	Successfully fetched 0 pending receives
20250527	16:17:48	296e7cbb-dba6-4720-911d-c2b49f588b77	Successfully fetched 0 pending receives
20250527	16:17:48	90371389-38fe-4b4a-a158-fdd52fd7a64b	Successfully fetched 0 pending receives
20250528	10:01:37	d68554b8-8711-4946-bf1b-f94ed86e520f	Successfully fetched 0 pending receives
20250528	10:01:37	3f66b685-c2a6-45a3-ab19-b295642ee0c5	Successfully fetched 0 pending receives
20250528	10:02:09	0ef59b3d-49a7-4a37-8028-1d05b960cab8	Successfully fetched 0 pending receives
20250528	10:02:09	bcc1e9ea-e3be-4824-9763-2f4ecb355e59	Successfully fetched 0 pending receives
20250528	10:04:00	476449cb-856f-4849-8bdc-f72bed8e899c	Successfully fetched 0 pending receives
20250528	10:04:00	a815a47c-d3e6-4b2e-9cda-19222d06b167	Successfully fetched 0 pending receives
20250528	11:05:39	1b3694e3-61f5-44e8-a54f-b02280e4a4cd	Successfully fetched 0 pending receives
20250528	11:05:39	3de55871-68fc-4a39-9478-bbafb591759b	Successfully fetched 0 pending receives
20250528	13:41:03	dcb10b60-514f-40e3-b773-c4896fb62cb4	Successfully fetched 0 pending receives
20250528	13:41:03	6e3aa982-2f9b-4b9c-8b86-ea1ef9c42b58	Successfully fetched 0 pending receives
20250528	13:42:44	e74068a9-2bac-4600-a43a-abbb5f45da1c	Successfully fetched 0 pending receives
20250528	13:42:44	38bf8005-c8de-43db-b7a4-11f147537dd2	Successfully fetched 0 pending receives
20250602	12:33:21	0c8fbc0d-19f8-4b43-bbd8-75b8ad23d7ad	Successfully fetched 0 pending receives
20250602	12:33:21	5a1704cd-8737-46c0-9821-f43fd24b5420	Successfully fetched 0 pending receives
20250602	16:10:11	57b6dcb9-e188-481c-ae04-ec59e9a4bf2b	Successfully fetched 0 pending receives
20250602	16:10:11	adb4194a-31ba-41be-b76c-0ba7ec135b3c	Successfully fetched 0 pending receives
20250603	10:08:15	cac6ccff-09c7-4781-8168-07d53e1af7bd	Successfully fetched 0 pending receives
20250603	10:08:15	c0bec5b9-db9f-4486-9131-343c9183f4eb	Successfully fetched 0 pending receives
20250603	10:10:52	a528ccf1-12bf-4cf2-b474-de26aeae7579	Successfully fetched 0 pending receives
20250603	10:10:52	a1b81af6-4e23-4de4-ab2d-b815de74cf98	Successfully fetched 0 pending receives
20250603	10:12:35	cdc1eb7e-fae9-4451-b688-00c539d325f3	Successfully fetched 0 pending receives
20250603	10:12:35	5ef3a746-b3d3-42bf-b2be-caf3a56c3785	Successfully fetched 0 pending receives
20250603	10:21:23	c7d51d48-1dd6-405c-8c19-afc5b087144f	Successfully fetched 0 pending receives
20250603	10:21:23	76dda9d4-91da-4301-a0bf-2bd49a50cd96	Successfully fetched 0 pending receives
20250603	10:23:11	bea7e403-fbc4-4fc1-98e9-16bc463e19ec	Successfully fetched 0 pending receives
20250603	10:23:11	85a2cd4d-4eee-4adc-a2ca-930c8a29c968	Successfully fetched 0 pending receives
20250603	10:25:50	0634132b-7c58-4425-b1ec-ffbba35a3c08	Successfully fetched 0 pending receives
20250603	10:25:50	75d5642a-26c6-4049-be86-dd5fc2b2d983	Successfully fetched 0 pending receives
20250603	10:26:10	879a32c1-7599-4f59-b9be-c67e89a4a745	Successfully fetched 0 pending receives
20250603	10:26:10	8d5a1268-78c4-40ae-a125-7ee7078f8924	Successfully fetched 0 pending receives
20250603	10:28:33	cc7f3129-67a5-4abb-9579-05e8e5712a51	Successfully fetched 0 pending receives
20250603	10:28:33	0a8e04f0-084f-4981-9528-fdd6a7d21db8	Successfully fetched 0 pending receives
20250603	10:28:36	175f8492-a367-48de-af07-847478f8ec5b	Successfully fetched 0 pending receives
20250603	10:28:36	01b738d8-5ec1-44a7-8417-8697513d9e56	Successfully fetched 0 pending receives
20250603	10:46:08	b823cd74-3d8b-41ae-93c3-d7893db61ab4	Successfully fetched 0 pending receives
20250603	10:46:08	27ed604c-45f7-4d02-baee-86c4af3e5484	Successfully fetched 0 pending receives
20250603	11:02:51	27b03f24-2900-4980-b976-36842f7e3346	Successfully fetched 0 pending receives
20250603	11:02:51	f0ba1367-3c1d-4cbc-a0e2-9793f0e28f20	Successfully fetched 0 pending receives
20250603	11:05:55	18298fdb-854b-465e-af23-beb73439efc0	Successfully fetched 0 pending receives
20250603	11:05:55	b746a225-40ea-432b-8662-280b0acf88eb	Successfully fetched 0 pending receives
20250603	11:06:31	5701ec26-3576-406c-957f-d32efa11fffe	Successfully fetched 0 pending receives
20250603	11:06:31	a7b6479a-6852-4d8d-8a11-d0449aa0971a	Successfully fetched 0 pending receives
20250603	11:20:36	3389d541-d789-4354-820a-6c843058e571	Successfully fetched 0 pending receives
20250603	11:20:36	8ec81a0f-8ff9-47ed-80b5-4fa955387976	Successfully fetched 0 pending receives
20250603	11:34:35	4a7230cf-939a-4edd-ae29-1fc910dade11	Successfully fetched 0 pending receives
20250603	11:34:35	8d771a23-be82-4f42-94a5-b4a4da22398a	Successfully fetched 0 pending receives
20250603	11:35:36	0dbdfb59-1d05-4e30-be8e-09a3ae9c29e0	Successfully fetched 0 pending receives
20250603	11:35:37	3bf7b6e5-6f6c-4836-866d-b8846798e77f	Successfully fetched 0 pending receives
20250603	11:36:15	4a5bbdbc-eba5-47d2-bcd3-403500dbf1a8	Successfully fetched 0 pending receives
20250603	11:36:15	73dbc2d1-de68-440a-a1c0-1d4d0d6e2584	Successfully fetched 0 pending receives
20250603	16:31:22	f181ded4-301b-4f55-a861-4508be0636c1	Successfully fetched 0 pending receives
20250603	16:31:22	52b142cf-e68b-48d5-8a7e-287cc0b78896	Successfully fetched 0 pending receives
20250603	16:31:35	d86a28a8-e5c6-46b0-9faf-fc2e62255014	Successfully fetched 0 pending receives
20250603	16:31:36	d9918e67-e8e3-4aa0-9eb4-3a15838fcb31	Successfully fetched 0 pending receives
20250603	16:35:56	970c9763-ce70-42f2-8e69-cb39beda8a8d	Successfully fetched 0 pending receives
20250603	16:35:56	605ffc9d-4774-4065-82a0-774abe30f41a	Successfully fetched 0 pending receives
20250603	16:37:38	ce30e72a-d309-4cfa-b169-edc48d2526f9	Successfully fetched 0 pending receives
20250603	16:37:38	817399b7-f3d4-4419-b104-e712c5a0ad32	Successfully fetched 0 pending receives
20250603	16:38:05	3b2caf3d-f3b3-457c-8611-8ea88d9398f9	Successfully fetched 0 pending receives
20250603	16:38:05	dece6dfb-32f2-4bdd-a374-9d31dd92072e	Successfully fetched 0 pending receives
20250603	16:38:19	25c86bd9-a1a8-4a10-9c24-f4de3f54c4ab	Successfully fetched 0 pending receives
20250603	16:38:19	bf38b9d3-ff1e-4754-bb39-c6f4ccca3bb0	Successfully fetched 0 pending receives
20250603	16:39:46	98dec623-ce78-4b90-bc1d-07ff2b9790a8	Successfully searched receivables with 2 results
20250603	16:39:49	9dd8b568-6e38-497a-a9c6-69c5435bfc85	Successfully searched receivables with 2 results
20250603	16:42:19	5fafff42-1ad3-4ef5-9f3f-455e0cf80514	Created receive item for request R004 with ID 33 by user: superadmin@god.com
20250603	16:42:19	5363ef77-6f78-4178-ab80-a4cf2a675954	Successfully created receive with 1 items by user: superadmin@god.com
20250603	16:42:24	45fcd22a-dea2-48a2-aa42-d0e688e387cf	Successfully fetched 1 pending receives
20250603	16:42:24	31ca8816-c3e3-406e-bcc0-0a61811e7b44	Successfully fetched 1 pending receives
20250603	16:42:27	b6ceff23-36a9-4ab0-9cb9-0308e7b9387f	Successfully fetched receive details for ID: 33
20250603	16:42:52	ac6207df-04f6-4513-897f-311b2eb6537b	Successfully updated stock for NAC code: GT 04552 with new balance: 3089
20250603	16:42:52	cbc8dea3-ac74-4140-b8d8-4ddf9e2d2323	Successfully approved receive ID: 33
20250603	16:42:52	71e973f3-55e0-4740-bdcb-ed3f69883d67	Successfully fetched 0 pending receives
20250603	16:45:24	8479a60b-59e9-4746-aaf6-9c044fb59cbe	Successfully fetched 0 pending receives
20250603	16:45:24	3cacee04-439d-4c8a-81f3-a1e51705ccf9	Successfully fetched 0 pending receives
20250603	16:46:09	6e729d9d-5436-44ed-a5f1-79c18e89061d	Successfully fetched 0 pending receives
20250603	16:46:09	924d74ba-6a63-4d5c-8559-db6b05d5f842	Successfully fetched 0 pending receives
20250604	10:07:08	f3084453-8606-4da4-a60a-4dc70f1f4dd1	Successfully fetched 0 pending receives
20250604	10:07:08	90323d44-9d6b-4269-b848-a6424e1cfd78	Successfully fetched 0 pending receives
20250604	10:10:34	b9a8bb4d-cfe0-487c-938e-31c38d0c3921	Successfully fetched 0 pending receives
20250604	10:10:34	66deee49-fa99-41e3-ba26-acce312f65f1	Successfully fetched 0 pending receives
20250604	10:11:57	2f6f81c7-5c13-4d97-afc2-2b234ea0a153	Successfully searched receivables with 3 results
20250604	10:16:40	cdc962af-9572-48e9-aa7c-4f40ae720e7c	Successfully searched receivables with 3 results
20250604	10:16:41	9b24f2a1-b4e9-410e-8bca-74636102bb0a	Successfully searched receivables with 2 results
20250604	10:20:12	a5144d31-ee14-4ce4-9558-d8fe49a6ce88	Created receive item for request R005 with ID 34 by user: superadmin@god.com
20250604	10:20:12	e9d038d0-a5c2-44e9-8920-ade0083b0a14	Successfully created receive with 1 items by user: superadmin@god.com
20250604	10:20:16	8593892f-e3ef-4834-a9eb-cf6dc5eeb0e4	Successfully fetched 1 pending receives
20250604	10:20:16	401f8c38-9f83-4cb8-9bf6-5c4c835902a6	Successfully fetched 1 pending receives
20250604	10:20:17	2b0ab4ae-45ec-41f5-81a2-ed098f5fc453	Successfully fetched receive details for ID: 34
20250604	10:27:22	9a4ba8d5-8bd9-4dad-a84f-72fd60ca6408	Successfully fetched receive details for ID: 34
20250604	10:28:30	31697c46-7c8b-40d1-9f5a-023f4f1c34a3	Successfully updated stock for NAC code: GT 04552 with new balance: 3094
20250604	10:28:30	043550c8-1bdf-49ec-a82d-bd028bafb041	Successfully approved receive ID: 34
20250604	10:28:30	b9bbd92d-cad3-4202-81cb-080ee18be510	Successfully fetched 0 pending receives
20250604	11:22:45	494b8cb7-d796-4099-99f0-84cad7f71bc6	Successfully fetched 0 pending receives
20250604	11:22:45	654cab5b-05db-4bbd-a1ed-f0fe81583c43	Successfully fetched 0 pending receives
20250604	11:29:22	7a32ec28-4f99-4c06-99c8-22b661fffe5f	Successfully fetched 0 pending receives
20250604	11:29:22	3ec3a55e-c20a-4fcd-9d61-1dae9013fb6b	Successfully fetched 0 pending receives
20250604	11:29:56	7e5678e4-dc92-4e3c-bb33-a983d79f1615	Successfully fetched 0 pending receives
20250604	11:29:56	32fb5ff6-289f-488c-9018-006dce2f293b	Successfully fetched 0 pending receives
20250604	11:29:59	16538adf-e100-40f7-806f-d1add4f0cbf0	Successfully fetched 0 pending receives
20250604	11:29:59	9a962570-8b7c-475e-8cfd-9e6457418d27	Successfully fetched 0 pending receives
20250604	11:32:44	77ef85d4-6c89-4173-be03-47f9f0552389	Successfully fetched 0 pending receives
20250604	11:32:44	e3c47eb5-7338-4464-9c6e-ff9804489d1c	Successfully fetched 0 pending receives
20250604	11:32:52	52417e97-fec1-44b6-b5ed-b56bc9970db5	Successfully fetched 0 pending receives
20250604	11:32:52	d8f25d30-8eef-438f-b10a-ef25374f3552	Successfully fetched 0 pending receives
20250604	11:39:35	77f7b8fc-4f62-4cbc-ab60-37968662eb5c	Successfully fetched 0 pending receives
20250604	11:39:35	4dcff21e-6598-470a-a1a5-c16af0ba887b	Successfully fetched 0 pending receives
20250604	13:32:32	f0857600-a91e-4733-ba66-93de60d71071	Successfully fetched 0 pending receives
20250604	13:32:32	c95732cd-6a76-4928-b621-e8c4f4db541f	Successfully fetched 0 pending receives
20250606	11:43:51	5783117b-e44a-4558-b8a1-3eb3ab1fc3c3	Successfully fetched 0 pending receives
20250606	11:43:51	47542f02-3348-4e5d-8b55-c3ec2079d121	Successfully fetched 0 pending receives
20250606	11:46:34	abab08ae-d5e2-4052-9342-1809038e1bce	Successfully fetched 0 pending receives
20250606	11:46:34	4d4ecb47-448c-4173-aae1-e5d0fc700b35	Successfully fetched 0 pending receives
20250606	11:46:39	39587266-5e82-4ee3-a53a-fab27392866d	Successfully fetched 0 pending receives
20250606	11:46:39	45cc01d9-90e8-4a9d-9917-ba81d7cd6672	Successfully fetched 0 pending receives
20250606	11:47:51	50845853-7c9c-49df-837f-fae423c98c9b	Successfully fetched 0 pending receives
20250606	11:47:51	e0816059-0ef4-48f2-ab36-32de6fb5e8ca	Successfully fetched 0 pending receives
20250606	11:53:32	af9567d0-69e2-4102-814e-86b5d7d202ef	Successfully fetched 0 pending receives
20250606	11:53:32	3135b61a-f7e7-4a92-b91d-fa6f4a3bd36a	Successfully fetched 0 pending receives
20250606	11:55:56	79f7cc51-8cb3-4808-94a4-620be20d9e99	Successfully fetched 0 pending receives
20250606	11:55:56	d9205e70-8488-4239-82ed-9521628602cb	Successfully fetched 0 pending receives
20250606	11:56:03	69f0df54-789b-4e2e-9c76-79457dd6a4f9	Successfully fetched 0 pending receives
20250606	11:56:03	e13b5c4a-8500-4fc8-827b-46c56e60b9c7	Successfully fetched 0 pending receives
20250606	12:22:45	a4594e09-0dfa-46cd-82dd-95c124c5d9f7	Successfully fetched 0 pending receives
20250606	12:22:45	d973c9b9-2e38-4d64-bb19-d57b85788600	Successfully fetched 0 pending receives
20250608	13:22:42	529f680d-e0f7-4038-b3bd-bb56a36be779	Successfully fetched 0 pending receives
20250608	13:22:42	a89d9f20-3036-4624-b462-625df4644487	Successfully fetched 0 pending receives
20250608	16:28:41	26cd72ad-5101-4932-ad3f-501f38231108	Successfully fetched 0 pending receives
20250608	16:28:41	1a324496-6839-406b-9e05-d977c6d0ad33	Successfully fetched 0 pending receives
20250608	16:50:06	c739ba39-457d-4c3d-96cb-8a92ae39989f	Successfully fetched 0 pending receives
20250608	16:50:06	49a8b872-952b-48a2-b39c-994fb34ba5f3	Successfully fetched 0 pending receives
20250609	10:16:56	30a37532-4f41-4772-a7df-cb509e48d898	Successfully fetched 0 pending receives
20250609	10:16:56	01d819cd-cb61-48bd-87bc-3e616920484a	Successfully fetched 0 pending receives
20250609	10:17:23	8eaeed78-f41b-474c-9c3c-ba01d0f3da5a	Successfully fetched 0 pending receives
20250609	10:17:23	8b936013-4e18-4c4f-ae0e-6eec7f892d07	Successfully fetched 0 pending receives
20250609	10:54:27	8d804e0c-d865-4b7c-8bc4-f1790df72c99	Successfully fetched 0 pending receives
20250609	10:54:27	63f51ebc-1965-4cf8-a5fb-3cd515a91ee0	Successfully fetched 0 pending receives
20250609	10:59:50	2c043705-8b86-4e94-b560-7f1f6a92c64e	Successfully fetched 0 pending receives
20250609	10:59:50	d51f47d7-5987-4a1a-9782-8000a9689738	Successfully fetched 0 pending receives
20250609	10:59:53	f020a8a4-1a0c-41d0-bab2-689f65836d87	Successfully fetched 0 pending receives
20250609	10:59:53	ff1abf2a-1ab6-4436-9ced-da44201ddb6a	Successfully fetched 0 pending receives
20250609	11:01:25	35f57262-ecce-4c1f-9c3e-5318cafd05c7	Successfully fetched 0 pending receives
20250609	11:01:25	e00ec8c8-3a69-453f-830b-0631bee49806	Successfully fetched 0 pending receives
20250609	15:34:38	82b3e193-51dd-4e72-8111-c7c275cf65a6	Successfully fetched 0 pending receives
20250609	15:34:38	39e97486-9313-4022-bdcd-f3e1180369cd	Successfully fetched 0 pending receives
20250609	15:43:00	2baaefda-f291-411b-be77-68de56ac7ace	Successfully fetched 0 pending receives
20250609	15:43:00	c8d9c26a-b2dc-47f5-9bff-0f165ae783c4	Successfully fetched 0 pending receives
20250609	15:43:45	7fb6e4f8-5793-497d-a815-2b9599ccb649	Successfully fetched 0 pending receives
20250609	15:43:45	f68e6de7-0ac9-42e6-9d81-0a032e84a6b2	Successfully fetched 0 pending receives
20250609	15:49:20	63cf33a7-103f-4ef7-8947-083622b10f15	Successfully fetched 0 pending receives
20250609	15:49:20	268a3b82-af04-401c-b85e-838c50b9fcf2	Successfully fetched 0 pending receives
20250609	15:54:13	53452bd8-a63f-472c-81f1-62fc1e21e7b1	Successfully fetched 0 pending receives
20250609	15:54:13	956f2dc5-c7be-46ca-b743-5885de41a0f3	Successfully fetched 0 pending receives
20250609	15:54:48	a5188fc6-9f12-4111-91bf-a4c293886e1d	Successfully fetched 0 pending receives
20250609	15:54:48	4f1e44f2-8e87-4743-b749-7d965b1cad60	Successfully fetched 0 pending receives
20250609	15:56:20	5ae6d96b-6c13-4b82-81ff-5a7bc0ff22ad	Successfully fetched 0 pending receives
20250609	15:56:20	00896817-99ee-4cf2-ace1-3b6f076431db	Successfully fetched 0 pending receives
20250609	15:56:56	42e5a4aa-0799-4676-8eec-81ee35bedc66	Successfully fetched 0 pending receives
20250609	15:56:56	ef58f4a1-b28a-4014-b81b-fcb115c51dce	Successfully fetched 0 pending receives
20250609	16:05:57	44a05519-913b-4398-8d06-eccd5c13fee7	Successfully fetched 0 pending receives
20250609	16:05:57	669429a7-ba9a-4b20-b0d8-556889bad41c	Successfully fetched 0 pending receives
20250609	16:09:05	a342520e-8dd7-489f-897d-46c49f46ae41	Successfully fetched 0 pending receives
20250609	16:09:05	8f9d4527-a6f2-4a21-945e-9332e55cd6d2	Successfully fetched 0 pending receives
20250609	16:21:40	e4bf8545-2b9b-4484-b95d-98aa089f25e9	Successfully fetched 0 pending receives
20250609	16:21:40	d32207ec-2494-41a6-ac1d-95a5037caac3	Successfully fetched 0 pending receives
20250609	16:22:05	a5dc1877-d9ac-40cd-9ad5-894fcf0ba9f3	Successfully fetched 0 pending receives
20250609	16:22:05	644f4348-2311-4864-b16e-a94e72e8a5c8	Successfully fetched 0 pending receives
20250609	16:22:29	19cdd9c1-6a31-4c78-92e6-8a03f6b4f074	Successfully fetched 0 pending receives
20250609	16:22:29	f99c3909-e432-45ed-a9c9-bf5816b5934d	Successfully fetched 0 pending receives
20250609	16:22:45	5bb95961-c39c-4492-b2a4-2b31b3181483	Successfully fetched 0 pending receives
20250609	16:22:45	b244302b-902b-4d18-b3c0-1cc0240a08ca	Successfully fetched 0 pending receives
20250609	16:23:07	c3c06049-1b6b-4464-99ee-b8fc24b63349	Successfully fetched 0 pending receives
20250609	16:23:07	7432fc02-a52f-454b-ba13-68be65925312	Successfully fetched 0 pending receives
20250609	16:23:26	9f78199a-0dda-4c27-900f-854276d9887e	Successfully fetched 0 pending receives
20250609	16:23:26	8cb69991-024f-4a79-bc5b-117b303386fb	Successfully fetched 0 pending receives
20250609	16:24:05	ac2b2493-e36c-492c-b073-2e432882effc	Successfully fetched 0 pending receives
20250609	16:24:05	abe459c2-e813-4a40-9f94-10c4f14904fd	Successfully fetched 0 pending receives
20250609	16:24:23	49b5703d-c784-4633-b3ab-3e867efd86d9	Successfully fetched 0 pending receives
20250609	16:24:23	cff77af8-f8f8-4253-bb43-a938dce4f9b2	Successfully fetched 0 pending receives
20250609	16:30:45	13214471-38a7-4980-acbc-077b36f07134	Successfully fetched 0 pending receives
20250609	16:30:45	4bdc28b3-69c2-4685-83b3-7de746ac6833	Successfully fetched 0 pending receives
20250609	16:31:05	6252ca3f-3050-4b4c-a249-474c83ed97c7	Successfully fetched 0 pending receives
20250609	16:31:05	9e88906d-f5fb-4a1a-8046-441599c933c4	Successfully fetched 0 pending receives
20250609	16:31:24	ccfd31c3-c3df-46d7-90d4-9108ec111e15	Successfully fetched 0 pending receives
20250609	16:31:24	2346210f-20bf-4527-91d2-1f5735188149	Successfully fetched 0 pending receives
20250609	16:31:47	8afd1aa9-fb05-41ea-a193-5137ade2bcdd	Successfully fetched 0 pending receives
20250609	16:31:47	1ab6f504-066e-4ffd-9036-534bca087a5e	Successfully fetched 0 pending receives
20250609	16:35:25	63c181b5-f7ca-4989-8ad4-067e41c9eb15	Successfully fetched 0 pending receives
20250609	16:35:25	3b098887-729d-40de-8e39-6caf29c785ae	Successfully fetched 0 pending receives
20250612	10:18:02	3bcf43ef-434e-4c7d-9f8e-7adc3197c5d3	Successfully fetched 0 pending receives
20250612	10:18:02	b39096da-f6fd-4625-a68c-75500124fe3d	Successfully fetched 0 pending receives
20250612	12:04:24	fc140154-bd41-435c-b723-397067e2fd64	Successfully fetched 0 pending receives
20250612	12:04:24	f87e5424-e4e9-41d6-b0ac-094f55ea1c06	Successfully fetched 0 pending receives
20250612	12:56:45	296232f8-5c7f-459e-b30f-60d00e26063d	Successfully fetched 0 pending receives
20250612	12:56:45	8ca4dcf9-026e-4917-9394-91af7c273977	Successfully fetched 0 pending receives
20250612	13:02:41	3359065d-5c74-4d56-b7cf-fe8ed2dcabeb	Successfully fetched 0 pending receives
20250612	13:02:41	f80477e7-1cc8-4c3c-9dbd-311c100f5a9b	Successfully fetched 0 pending receives
20250612	14:09:23	6a6a2f10-4dbe-4724-9e61-8ac3626dcc56	Successfully fetched 0 pending receives
20250612	14:09:23	22a3fbb1-f54d-4dd7-9b83-d5fee180f541	Successfully fetched 0 pending receives
20250612	16:49:52	03e4f38e-ec1b-4556-ac64-5f658f3b5076	Successfully fetched 0 pending receives
20250612	16:49:52	2bef7e66-4ab9-45f0-a5ce-803efca594ef	Successfully fetched 0 pending receives
20250612	16:51:58	4984857d-54c0-4047-9088-88ecea9b49a6	Successfully fetched 0 pending receives
20250612	16:51:58	670687bf-2ba2-4d1b-9816-65756a40a621	Successfully fetched 0 pending receives
20250612	17:30:07	0ac6861b-fc55-4c15-9af9-9c86aeea9418	Successfully fetched 0 pending receives
20250612	17:30:07	7d47e4ec-9b2f-40cf-af85-1cb63561faa4	Successfully fetched 0 pending receives
20250613	11:29:59	cd1d5362-6c3d-440f-9499-221cf3ddb317	Successfully fetched 0 pending receives
20250613	11:29:59	5a9fa613-0e45-4e22-ba46-444a693e96d3	Successfully fetched 0 pending receives
20250614	11:27:17	e99c6650-0789-4d3a-ad71-ad065a5f4ff5	Successfully fetched 0 pending receives
20250614	11:27:17	c2c18235-ac6b-4b57-9639-7ba394ddbaa7	Successfully fetched 0 pending receives
20250614	11:27:41	6ae384af-9c02-41ef-989d-cafbe2b885d1	Successfully fetched 0 pending receives
20250614	11:27:41	314e9a6c-b6d1-4c45-97e0-771fc4751da5	Successfully fetched 0 pending receives
20250614	11:45:12	5b6d93a5-9713-43c4-a6b5-bea88a79b555	Successfully fetched 0 pending receives
20250614	11:45:12	e9ee3554-c308-4565-8431-741ee86c8d32	Successfully fetched 0 pending receives
20250614	13:06:00	f6a37b16-fa94-45d7-8345-7789ef6fafe0	Successfully fetched 0 pending receives
20250614	13:06:00	e0d75304-c1de-4602-b2d1-c85cd96b1ec2	Successfully fetched 0 pending receives
20250614	13:06:19	2758b41c-797f-4639-a81c-91ef0b65ae0b	Successfully fetched 0 pending receives
20250614	13:06:19	1e4d43ff-766b-4ca6-a815-6efb5f3de3e0	Successfully fetched 0 pending receives
20250614	13:10:15	99a2d5fe-85fc-4ac7-81f6-e93c27ea29b4	Successfully fetched 0 pending receives
20250614	13:10:15	a6c6ea52-a536-45ae-885b-de7ed151e22b	Successfully fetched 0 pending receives
20250614	13:22:41	cefbbdd1-1c7d-4fd6-8541-036675ceaccf	Successfully fetched 0 pending receives
20250614	13:22:41	ad00d932-6ffd-4b35-bb82-a8d87d9509a5	Successfully fetched 0 pending receives
20250614	15:27:58	d4697020-d12e-4a32-b93f-fe1518051812	Successfully fetched 0 pending receives
20250614	15:27:58	1fddb556-121b-47f1-9a5e-7a1c9ccb2898	Successfully fetched 0 pending receives
20250614	15:28:43	20ea771f-88c5-4be7-afc3-8f520f0cd792	Successfully fetched 0 pending receives
20250614	15:28:43	967ace06-fd9d-4e17-a0e6-0c2923b46e4b	Successfully fetched 0 pending receives
20250616	10:08:27	f6e78b01-006c-4b3c-92ab-4d342082191e	Successfully fetched 0 pending receives
20250616	10:08:27	d4e1e863-1d51-4b31-817f-6503f85b4f8b	Successfully fetched 0 pending receives
20250617	10:03:29	3ee8dc70-0e65-4f55-a74e-78830dc2c727	Successfully fetched 0 pending receives
20250617	10:03:29	6dc3fa58-d634-45e2-ad9d-fefcfe9e5bbe	Successfully fetched 0 pending receives
20250617	10:57:41	9a15b3d1-8989-4626-b160-d8ae4f4f880f	Successfully fetched 0 pending receives
20250617	10:57:41	8950c61c-54b1-4122-aa86-fc60daad950a	Successfully fetched 0 pending receives
20250618	10:02:56	dd2ab99b-97cc-4541-aeb3-65e3149420ab	Successfully fetched 0 pending receives
20250618	10:02:56	eae2d19d-e149-4561-aa7c-6968b569b4e2	Successfully fetched 0 pending receives
20250618	10:50:19	9e1a6489-5654-4c5a-9086-661d1d4d7ec6	Successfully fetched 0 pending receives
20250618	10:50:19	f0146f63-ba19-4410-81ea-647f0e73ab12	Successfully fetched 0 pending receives
20250618	13:23:49	d4ba31bc-07d9-4988-a8b2-54c6c52d2e2c	Successfully fetched 0 pending receives
20250618	13:23:49	b5ed6b21-0944-42e0-9421-3ea88e8dc350	Successfully fetched 0 pending receives
20250618	13:27:48	8c468953-dc2e-4344-8804-78622f26fc49	Successfully fetched 0 pending receives
20250618	13:27:48	e94d45db-0f18-4308-bedb-88b23b3077ad	Successfully fetched 0 pending receives
20250618	15:22:41	9ff4f988-1e93-41c9-b293-bd59ed88bb84	Successfully fetched 0 pending receives
20250618	15:22:41	795f7ff0-c85f-46d2-953b-e79e4e2c0dac	Successfully fetched 0 pending receives
20250618	15:22:57	2450e1ed-29e6-412d-8be7-cae09883a62c	Successfully fetched 0 pending receives
20250618	15:22:57	79f4a90d-cb16-4963-b9fc-456467d0ad74	Successfully fetched 0 pending receives
20250618	15:23:35	557743a3-36fc-467b-8f50-091f9581d149	Successfully fetched 0 pending receives
20250618	15:23:35	523bdc01-9d91-4861-b498-06031f2b54f1	Successfully fetched 0 pending receives
20250618	15:24:22	b6350bba-561d-4d4c-bbd0-f263cac5764a	Successfully fetched 0 pending receives
20250618	15:24:22	4a5d9e0f-3244-423b-bf9e-fb5b0508ea95	Successfully fetched 0 pending receives
20250618	15:37:58	09556cd1-a383-499a-a158-720f6ed643d4	Successfully fetched 0 pending receives
20250618	15:37:58	983b0659-fecf-47f1-9bb4-0f6d516034bc	Successfully fetched 0 pending receives
20250618	17:11:05	0c4e2b7a-c9b9-462a-bc33-1cb7ac45fb1d	Successfully fetched 0 pending receives
20250618	17:11:05	af426c2b-5f6c-455c-827a-87705243aff7	Successfully fetched 0 pending receives
20250619	10:36:56	d8ccbbc5-4d02-4978-b80b-bd3a60fecacd	Successfully fetched 0 pending receives
20250619	10:36:56	bc2891da-8444-49bb-a81c-f478ba031623	Successfully fetched 0 pending receives
20250620	10:02:17	515b92a0-cdfa-4e30-975c-e79a90eeef92	Successfully fetched 0 pending receives
20250620	10:02:17	365b264f-4173-4208-9780-4b45334a35f9	Successfully fetched 0 pending receives
20250620	11:54:52	8a301397-1f1c-4991-9f14-5ca2dbc4e396	Successfully fetched 0 pending receives
20250620	11:54:52	23d1328e-1557-44c0-a6cf-6ea75222913a	Successfully fetched 0 pending receives
20250620	11:55:26	7de36281-8601-4de7-afeb-6c0480749556	Successfully fetched 0 pending receives
20250620	11:55:26	4d449523-40c9-42ac-94b3-c8c6f887e98b	Successfully fetched 0 pending receives
20250620	12:00:11	51327a46-0214-4d04-9a78-33883df02948	Successfully fetched 0 pending receives
20250620	12:00:11	98de03fb-682d-464e-a238-6eb0c75be01e	Successfully fetched 0 pending receives
20250620	12:01:15	b50f11e7-80d1-43c6-a53b-16d5221a6b4b	Successfully fetched 0 pending receives
20250620	12:01:15	8c5a615d-c514-49f8-9cb4-24e8b4756415	Successfully fetched 0 pending receives
20250620	12:01:41	8c9ffeb4-793f-443f-9849-5605fdff770e	Successfully fetched 0 pending receives
20250620	12:01:41	74e56951-f247-47e8-886b-b1328da7e862	Successfully fetched 0 pending receives
20250620	12:02:30	dbbab062-59f6-4a60-a546-8669063c64e0	Successfully fetched 0 pending receives
20250620	12:02:30	a6d36281-0bf3-4edc-9b55-be0d665ff9da	Successfully fetched 0 pending receives
20250620	12:03:52	2a0cadfd-cb16-48e2-992d-f6fe8431db22	Successfully searched receivables with 1 results
20250620	12:03:54	223bf725-972f-44fe-8afa-4251589d79ce	Successfully searched receivables with 1 results
20250620	12:05:10	96cc4e19-630c-4430-8dbd-47b5174c543a	Created receive item for request R005 with ID 35 by user: superadmin@god.com
20250620	12:05:10	931ebf1e-9d1f-4f17-bf56-8e5b339b23da	Successfully created receive with 1 items by user: superadmin@god.com
20250620	12:05:14	6cdc6198-d2be-4c40-84c4-742d7957a269	Successfully fetched 1 pending receives
20250620	12:05:14	fbd2a523-f313-45d3-89fb-0528c4ec12ea	Successfully fetched 1 pending receives
20250620	12:05:19	d741cdac-98ae-412c-b969-38cdfc1a7c7e	Successfully fetched receive details for ID: 35
20250620	12:05:38	debbcf5b-aaf5-48a7-83b3-8b4701ea8a7b	Successfully updated stock for NAC code: GT 04552 with new balance: 2185
20250620	12:05:38	4fe57bf5-fa50-41f5-a179-6c2db3e987ec	Successfully approved receive ID: 35
20250620	12:05:38	e459291a-dbc8-450e-9630-e714ee7eb82a	Successfully fetched 0 pending receives
20250620	12:08:05	a9866472-9c3c-4f83-b667-26f60fc4974e	Successfully fetched 0 pending receives
20250620	12:08:05	f4959294-503c-4145-85e7-25d76bd72edd	Successfully fetched 0 pending receives
20250620	12:12:19	e934d35e-789f-4cad-9e85-1fdafe0feb11	Successfully fetched 0 pending receives
20250620	12:12:19	99f2e8d6-4d16-4d08-ad03-e641e4210bd4	Successfully fetched 0 pending receives
20250620	12:21:02	581496fd-9bbe-449c-bdbe-5854ff1441f0	Successfully fetched 0 pending receives
20250620	12:21:02	7fa0ce3a-8150-41b4-b610-7c1fe0dacf5c	Successfully fetched 0 pending receives
20250620	12:24:12	98870693-908d-44ac-9ca2-62e63c415ca9	Successfully fetched 0 pending receives
20250620	12:24:12	a3c62a16-730f-45be-b999-35d9cce6fc2b	Successfully fetched 0 pending receives
20250622	15:11:32	04bb56db-aadc-402c-a8b4-dee501b55aaf	Successfully fetched 0 pending receives
20250622	15:11:32	ebc5e9a3-3653-4983-abee-8327efeda4f0	Successfully fetched 0 pending receives
20250623	08:07:58	a4d4be90-1022-4b45-9c49-d77a893b30bc	Successfully fetched 0 pending receives
20250623	08:07:58	0672bf9c-b1cf-452e-88f2-c0f2b016b54e	Successfully fetched 0 pending receives
20250623	11:10:55	9ae90a71-ce66-4191-8a08-8fdf56778500	Successfully fetched 0 pending receives
20250623	11:10:55	5fc25847-4013-432b-a542-2fe50dc18664	Successfully fetched 0 pending receives
20250623	11:28:50	7d2cd0f3-af78-4ff3-92bf-fff0950610ab	Successfully fetched 0 pending receives
20250623	11:28:50	7f8a2dec-dad9-4c2c-a624-e901a1a9756f	Successfully fetched 0 pending receives
20250623	16:52:18	7cedc9e4-de3f-4d4c-9845-17dbfd4d7aad	Successfully fetched 0 pending receives
20250623	16:52:18	489ece54-d400-4def-93c7-31d911f081e7	Successfully fetched 0 pending receives
20250623	17:02:22	0caf8e28-baf7-43ae-80f2-17413db0c6bc	Successfully fetched 0 pending receives
20250623	17:02:23	ea1836aa-b53b-468e-b424-92b31bb1bc97	Successfully fetched 0 pending receives
20250624	10:18:47	5560d37f-38b5-4b24-8756-98174bc78f1d	Successfully fetched 0 pending receives
20250624	10:18:47	129ac680-4307-4291-b66b-4895e967560b	Successfully fetched 0 pending receives
20250624	14:53:46	724865d0-eedf-402d-9821-bd22c2cd35ae	Successfully fetched 0 pending receives
20250624	14:53:46	59fd5c3b-1caf-4c71-97e2-b15115a98e2d	Successfully fetched 0 pending receives
20250624	14:55:28	8a264b8f-040a-49da-acdb-10dba876fb1c	Successfully fetched 0 pending receives
20250624	14:55:28	136f291a-7fd7-4d1c-ace8-02d52ab1a4da	Successfully fetched 0 pending receives
20250624	14:55:54	0b3a812a-19b9-4476-acaf-f61b1c48bc7d	Successfully fetched 0 pending receives
20250624	14:55:54	b1b50fe8-ba93-4970-bbc4-12f708459404	Successfully fetched 0 pending receives
20250625	13:07:41	cfd2a0dd-83e5-45b9-9dea-d05674511ef1	Successfully fetched 0 pending receives
20250625	13:07:41	72bfa203-057e-4a93-9cc6-b8561ff2b5ca	Successfully fetched 0 pending receives
20250626	10:06:30	07a8ee9b-f16b-49b0-8f99-dee9051a7080	Successfully fetched 0 pending receives
20250626	10:06:30	d047d20f-4e07-4f9a-99b2-9082d54bcb64	Successfully fetched 0 pending receives
20250626	10:07:54	bb816639-5782-435c-888f-6a097cfae28a	Successfully fetched 0 pending receives
20250626	10:07:54	6e69c8ad-d839-4cd3-ab57-5d10055cce0c	Successfully fetched 0 pending receives
20250626	10:12:30	d2ff0281-e3dd-4d83-bc59-e92ce1221286	Successfully fetched 0 pending receives
20250626	10:12:30	d9617a2e-1c9b-4b30-9fb1-2e22228193c6	Successfully fetched 0 pending receives
20250626	10:13:47	b627df9e-e63d-48c1-87c4-8c7efe5152c7	Successfully fetched 0 pending receives
20250626	10:13:47	e63a597c-42e9-4b4d-8736-d79d524a43d8	Successfully fetched 0 pending receives
20250626	10:13:55	e9c90e9b-0099-4865-a440-e6efc1642c10	Successfully fetched 0 pending receives
20250626	10:13:55	f3e57b0c-eb46-4387-8b37-2eae0f03eeb7	Successfully fetched 0 pending receives
20250626	10:17:26	95049a74-d46e-450e-a20c-ab00a8e31837	Successfully fetched 0 pending receives
20250626	10:17:26	79afc64f-1b19-474f-b047-d487d7b3dd36	Successfully fetched 0 pending receives
20250626	10:20:19	676c9da6-1038-4c94-a5ae-eddde2d58705	Successfully fetched 0 pending receives
20250626	10:20:19	08c526de-26a5-44e3-8930-c7169130f937	Successfully fetched 0 pending receives
20250626	10:25:15	27769f23-9326-4d12-9617-80445d60fa1c	Successfully fetched 0 pending receives
20250626	10:25:15	7881dc2c-f2a6-438f-8f84-31f60fc79eaa	Successfully fetched 0 pending receives
20250626	10:34:26	a8251a2e-e441-440f-b126-b77ea0e46b74	Successfully fetched 0 pending receives
20250626	10:34:26	620ce58e-c8f8-4a39-9134-7921c54b0d10	Successfully fetched 0 pending receives
20250626	10:37:57	11e48a48-838a-4c28-a263-e63e3a95ba0d	Successfully fetched 0 pending receives
20250626	10:37:57	3c863d41-4f50-4717-b7de-f1ee3473a4ef	Successfully fetched 0 pending receives
20250626	10:38:02	251e4c62-1acf-49e4-9cbb-73380bc29990	Successfully searched receivables with 0 results
20250626	10:38:05	96991dc8-3bf3-46bf-a507-bb832ecbd161	Successfully searched receivables with 0 results
20250626	10:38:07	4b87e4ba-bf0e-4a14-8c29-90d73e8d0ca9	Successfully fetched 0 pending receives
20250626	10:38:07	89759dcf-84e4-4c95-a649-946cdfd2f0f0	Successfully fetched 0 pending receives
20250626	10:39:22	6283b4ea-1255-4838-89dc-216c2dba30df	Successfully fetched 0 pending receives
20250626	10:39:22	e2f12ff0-cf3e-4fe2-bb8b-f6df52270a47	Successfully fetched 0 pending receives
20250626	10:39:36	681c473c-3cb6-4aaa-937f-6134e2afa820	Successfully searched receivables with 1 results
20250626	10:46:32	376d187b-662b-44b8-a892-06246123f575	Successfully fetched 0 pending receives
20250626	10:46:32	0a5d2303-20da-4c9d-9e90-0e919e50bc7f	Successfully fetched 0 pending receives
20250626	10:47:11	b879fdba-5aad-47c3-8493-76370a8c4cf9	Successfully searched receivables with 1 results
20250626	10:49:23	faaeeabc-53db-4933-ab6e-7e351dfe2585	Successfully searched receivables with 1 results
20250626	10:54:54	44724630-9bef-46b1-9407-fd8a20809a12	Successfully searched receivables with 1 results
20250626	10:56:39	2c07e870-7b3f-4d3c-a4a3-285cfada2303	Created receive item for request R001 with ID 1 by user: superadmin@god.com
20250626	10:56:39	69d41e1c-052b-4950-80fa-23e71af6daa9	Created receive item for request R001 with ID 2 by user: superadmin@god.com
20250626	10:56:39	231a013b-34c7-44ce-b2ee-90b2e938bf92	Successfully created receive with 2 items by user: superadmin@god.com
20250626	10:56:42	97fd8c82-a359-4433-95eb-3e74f20500ed	Successfully fetched 2 pending receives
20250626	10:56:42	ed0d7e20-17fe-4ce3-8bf2-17d45f3187cb	Successfully fetched 2 pending receives
20250626	10:57:49	ca43dfd9-5e35-4c8c-ba50-c78ff8442fe8	Successfully fetched 2 pending receives
20250626	10:57:49	028c0044-c8d7-4e9a-9219-1616c894694d	Successfully fetched 2 pending receives
20250626	10:57:56	e5547e02-27a5-4cc5-b45b-c545606f7e24	Successfully fetched receive details for ID: 2
20250626	10:58:06	59c75ace-c8a1-40c3-83bb-7f72e94c7b7d	Successfully created new stock record for NAC code: TW 00000
20250626	10:58:06	044f7fa2-1283-4790-a7ae-5c00cb8b8e48	Successfully approved receive ID: 2
20250626	10:58:06	a5d3661b-d9d4-4aa6-a318-ab3fb26e249d	Successfully fetched 1 pending receives
20250626	10:58:07	75388b15-4930-44a8-bb97-d326a7e92bd9	Successfully fetched receive details for ID: 1
20250626	10:58:09	8b9569ef-c356-45c0-a3ba-f06b2976d472	Successfully updated stock for NAC code: GT 04552 with new balance: 2186
20250626	10:58:09	fe62a769-847e-4af5-a5ee-e2b7af15b97d	Successfully approved receive ID: 1
20250626	10:58:09	1bc4e921-69d9-4e36-9d78-a5d021f68264	Successfully fetched 0 pending receives
20250626	11:06:25	f375f663-de10-496d-bfb2-2da752c87c5d	Successfully fetched 0 pending receives
20250626	11:06:25	0b6174fc-b29c-4e7f-8917-a49e47a17231	Successfully fetched 0 pending receives
20250626	11:09:14	dca229e9-8da1-4b6c-a333-d79acb0c26af	Successfully fetched 0 pending receives
20250626	11:09:14	48dbf5d1-6d8c-4cfb-ac95-b723c208b902	Successfully fetched 0 pending receives
20250626	11:39:01	c696c175-2859-4ea3-a115-bdc32275c726	Successfully fetched 0 pending receives
20250626	11:39:01	efa8f40b-af76-438b-8a70-ef5f730eeae5	Successfully fetched 0 pending receives
20250626	11:44:08	b2d271ac-5e27-48fe-9367-63a253d255b8	Successfully fetched 0 pending receives
20250626	11:44:08	73c8b262-82b7-4d67-a5f0-c3a3f92430a3	Successfully fetched 0 pending receives
20250626	11:50:41	49315fa8-352f-490b-bbe1-8b6594fdc11c	Successfully fetched 0 pending receives
20250626	11:50:41	ac4a10d3-552e-4f3b-a161-3d20e5c720cd	Successfully fetched 0 pending receives
20250626	11:53:38	9934e3f8-7fa4-4ab7-a4eb-6df7beae40cf	Successfully fetched 0 pending receives
20250626	11:53:38	0e4b55de-5cf4-430f-96d6-d27581924247	Successfully fetched 0 pending receives
20250626	11:54:14	31b91c0b-0e0f-4e5b-9b0f-f28b3822d930	Successfully fetched 0 pending receives
20250626	11:54:14	1bf203bd-8456-4082-82a4-781ea9060ec6	Successfully fetched 0 pending receives
20250626	11:55:58	64e76ece-76dc-4f61-a7b4-a33bb39e13d0	Successfully fetched 0 pending receives
20250626	11:55:58	bc6f1d18-ffcb-4365-b115-55e605451a8b	Successfully fetched 0 pending receives
20250626	11:59:42	566d9af7-0fc1-4f6b-a60e-1235146beb6c	Successfully fetched 0 pending receives
20250626	11:59:42	cb370040-e21c-4461-b60b-d5d1e949babf	Successfully fetched 0 pending receives
20250626	12:18:58	5a33a79d-53d9-4e1a-aff4-e2382e71c66f	Successfully fetched 0 pending receives
20250626	12:18:58	f18c073d-6677-4abc-b87d-d6c7af6eb456	Successfully fetched 0 pending receives
20250626	12:23:14	6a68ca9f-663a-4da1-bbea-b133b42d9830	Successfully fetched 0 pending receives
20250626	12:23:14	0f1696db-1ff5-4d41-8f8a-8ed9781bc887	Successfully fetched 0 pending receives
20250702	15:30:29	d2b42967-a1b2-4e3d-a008-37ddc5895a71	Successfully fetched 0 pending receives
20250702	15:30:29	ec0d7ae8-c8bb-4703-aebc-806706bac64b	Successfully fetched 0 pending receives
20250702	15:33:32	b237cb85-065f-465a-bb06-a75a387bebe8	Successfully fetched 0 pending receives
20250702	15:33:32	4bc1b157-e3e2-421a-94ac-65bbf0883888	Successfully fetched 0 pending receives
20250702	15:34:59	6b0ba176-0af3-4b7d-bba9-6691ab33f848	Successfully fetched 0 pending receives
20250702	15:34:59	31d248d6-05fd-4ab8-85f7-a998bfb58257	Successfully fetched 0 pending receives
20250702	15:35:41	f0fcd16d-91eb-4ae4-85c5-afa2948d77dc	Successfully fetched 0 pending receives
20250702	15:35:41	9f348b87-eb35-4252-935b-4eff0f3818e6	Successfully fetched 0 pending receives
20250702	15:36:24	f3ccab1c-873e-40a4-af6f-b8ca4c84a1b4	Successfully fetched 0 pending receives
20250702	15:36:24	fbbc5aba-0558-4ea9-a5dc-623dd8dfa95c	Successfully fetched 0 pending receives
20250702	15:37:43	a22939bb-95da-44e8-b6c4-5d8877109570	Successfully fetched 0 pending receives
20250702	15:37:43	a490094d-ad1b-4836-b099-6ead717bce89	Successfully fetched 0 pending receives
20250702	15:37:56	bde74539-809e-4df8-a70f-49d20b4fc039	Successfully fetched 0 pending receives
20250702	15:37:56	ab638ac6-7356-42da-8d73-f7d05f2618c7	Successfully fetched 0 pending receives
20250702	15:38:49	3d222d2e-6a32-474a-a30b-bc4814b8c519	Successfully fetched 0 pending receives
20250702	15:38:49	52edcc68-30a3-4931-bd9d-1d9884578af0	Successfully fetched 0 pending receives
20250702	15:39:04	b4cf04ae-5c78-43cf-b8ec-bf872ec6b108	Successfully fetched 0 pending receives
20250702	15:39:04	26727943-284b-4b9b-939d-a28975eac4e0	Successfully fetched 0 pending receives
20250702	15:39:19	ea851165-9fe6-4a18-aed8-6058f7b6b316	Successfully fetched 0 pending receives
20250702	15:39:19	97d0c37c-6184-4ead-84eb-b3d456486dd3	Successfully fetched 0 pending receives
20250702	16:01:50	953d70c7-2ea3-4db8-9bb6-5c23a7e4229c	Successfully fetched 0 pending receives
20250702	16:01:50	13dc2977-f607-4fd7-ae44-564897f38df1	Successfully fetched 0 pending receives
20250703	10:08:20	df17f3f4-5718-46c5-b93d-5e18d6531524	Successfully fetched 0 pending receives
20250703	10:08:20	1335ed24-18e6-46f2-8ed7-36c5d7e8e3a7	Successfully fetched 0 pending receives
20250703	10:17:35	3cbaa5d3-d8d9-49d0-900f-9f916aa5912e	Successfully fetched 0 pending receives
20250703	10:17:35	b130c1b2-ac52-4703-ac6e-d63e8fff2d15	Successfully fetched 0 pending receives
20250703	10:19:12	2668111e-c59a-4727-9a6b-40c192352bf4	Successfully fetched 0 pending receives
20250703	10:19:12	dd540378-9c6d-4910-8666-c33861d647f8	Successfully fetched 0 pending receives
20250703	10:19:26	4ce7fe1b-0244-4442-9748-06d05bde727d	Successfully searched receivables with 0 results
20250703	10:19:28	47917a6e-54b1-41bf-99ca-f6c50743e476	Successfully searched receivables with 2 results
20250703	10:20:50	9ff8e184-dc73-4264-843c-e1d8f0941dcd	Successfully searched receivables with 2 results
20250703	10:20:53	dcecc0f1-8e0b-4b5d-a3a1-52cb50eebc0e	Successfully fetched 0 pending receives
20250703	10:20:53	9d8a948b-595c-4bfb-9dfa-719425cbb527	Successfully fetched 0 pending receives
20250703	10:20:56	b0b133b5-897a-4c9f-8527-c2aac5371456	Successfully searched receivables with 2 results
20250703	10:21:51	f4b60041-90ef-4202-9456-538d114d6ed1	Successfully searched receivables with 0 results
20250703	10:22:51	0ecf6acb-8584-415e-b69f-9483dc977c3e	Successfully fetched 0 pending receives
20250703	10:22:51	81852c6e-6714-44e2-b81f-4499233d7df1	Successfully fetched 0 pending receives
20250703	10:23:20	079ff538-9dff-4997-b4c4-c480fa2d3937	Successfully fetched 0 pending receives
20250703	10:23:20	6829b590-ffc3-4d2a-8a6a-f889aee75be3	Successfully fetched 0 pending receives
20250703	10:24:04	c028d9b3-247e-4fb4-ba71-ad6e7c53b6d1	Successfully searched receivables with 1 results
20250703	10:34:37	a64ea5c0-3a78-4f2b-9a1c-bca1bd96bfbf	Successfully searched receivables with 1 results
20250703	10:34:38	28493086-8d58-4738-88b3-4af487c84ac0	Successfully searched receivables with 0 results
20250703	10:34:39	f7ceed4c-0005-4c4f-9b4a-637ebdb812ff	Successfully searched receivables with 1 results
20250703	10:35:10	460973c2-993a-4ba1-b738-75255158bba8	Created receive item for request R002 with ID 33 by user: superadmin@nac.com.np
20250703	10:35:10	8e5bf722-10f7-40a4-a267-2ea566ce0f1e	Successfully created receive with 1 items by user: superadmin@nac.com.np
20250703	10:35:11	a931225d-bc8c-4805-ab28-97a3089a859e	Successfully fetched 1 pending receives
20250703	10:35:11	c99e13fe-719c-4010-8501-be7b93f06dae	Successfully fetched 1 pending receives
20250703	10:35:13	9265d7fb-b194-4050-9b5a-99f956bb78df	Successfully fetched receive details for ID: 33
20250703	10:35:43	a8d88069-a551-4366-bb37-fedc14d23536	Successfully fetched receive details for ID: 33
20250703	10:37:03	10450c8d-e94e-4f82-9167-5c11b3e8bc46	Successfully fetched receive details for ID: 33
20250703	10:37:15	f371360f-cec1-4daf-8678-1419481fd459	Successfully fetched receive details for ID: 33
20250703	10:38:13	9800d2b2-8d76-4d92-8835-b2b983b4ad53	Successfully rejected receive ID: 33 by user: superadmin@nac.com.np
20250703	10:38:13	6df9260a-61e8-4a82-a724-9d3678e0b595	Successfully fetched 0 pending receives
20250703	10:38:32	30379200-dc78-462f-81d0-171820773de0	Successfully searched receivables with 1 results
20250703	10:38:38	24d6ceac-7f72-48a7-a14b-a1b6635ff350	Successfully fetched 0 pending receives
20250703	10:38:38	d07d8aed-35cc-4174-88fb-a5a151664273	Successfully fetched 0 pending receives
20250703	10:56:07	a997a6be-0cdc-45fa-9bb3-5063a8505669	Successfully fetched 0 pending receives
20250703	10:56:07	5eace20f-3571-4e50-82f9-c80ad819070a	Successfully fetched 0 pending receives
20250703	10:59:45	dad37baf-aa36-473e-9a65-7beeca175cf0	Successfully fetched 0 pending receives
20250703	10:59:45	aab1d27c-fd02-417f-94f7-f0f2d1e4145b	Successfully fetched 0 pending receives
20250703	11:00:13	674e70cc-a01d-40d2-bd43-13c7975baa6f	Successfully fetched 0 pending receives
20250703	11:00:13	1aa1b696-8de8-4b30-b94b-068479f2af60	Successfully fetched 0 pending receives
20250703	11:04:20	ac05afc0-cb1a-42ee-8d25-75bb6cafb902	Successfully fetched 0 pending receives
20250703	11:04:20	f1b28f35-0415-4a1c-b43f-2b95f118056e	Successfully fetched 0 pending receives
20250703	11:10:00	f98f93d8-17af-4d74-acbc-5f5a625ba10e	Successfully fetched 0 pending receives
20250703	11:10:00	56a75b3f-4889-45c2-994e-f29adb9a0c3e	Successfully fetched 0 pending receives
20250703	11:10:23	fe68710e-440d-4304-aadf-779c7a6f516d	Successfully fetched 0 pending receives
20250703	11:10:23	3f8f9db3-b076-4ccf-99b6-8c5970dfa30b	Successfully fetched 0 pending receives
20250703	11:11:14	1002c10a-244a-46c1-8d34-a676c3a337e4	Successfully fetched 0 pending receives
20250703	11:11:14	85c9365f-5e9c-4ee8-ba18-6076b6cf8663	Successfully fetched 0 pending receives
20250703	11:32:06	adbb5cce-c10d-41aa-a9c8-a59c34a1bb48	Successfully fetched 0 pending receives
20250703	11:32:06	7623574f-6266-400a-9b24-ab135a13d97e	Successfully fetched 0 pending receives
20250703	11:33:55	858a9c67-879a-4ef9-a515-a93fa791f519	Successfully fetched 0 pending receives
20250703	11:33:55	a62b8ad9-03c8-4af0-96cd-6e84ae6af63a	Successfully fetched 0 pending receives
20250703	11:34:54	c9c0943f-49cd-48bc-bca3-3370c871f33a	Successfully fetched 0 pending receives
20250703	11:34:54	a1656a80-3cb3-4e64-a7ab-648757bab9a4	Successfully fetched 0 pending receives
20250703	12:06:58	344feff8-ba3b-4ee7-9e54-733d042feacf	Successfully fetched 0 pending receives
20250703	12:06:58	995db2d1-ff31-412f-afbc-a893bdeeb023	Successfully fetched 0 pending receives
20250703	13:05:52	296d8f0d-03fc-465d-9cd9-a9afe329613e	Successfully fetched 0 pending receives
20250703	13:05:52	209c1d0f-99be-42a6-84e6-9cd731af50cc	Successfully fetched 0 pending receives
20250703	17:31:41	326e7209-0c16-447f-ad7c-60ceed062806	Successfully fetched 0 pending receives
20250703	17:31:41	7544f002-fcd8-4b5d-84f9-65d1d01a55d0	Successfully fetched 0 pending receives
20250703	17:34:51	df2e8a0d-ebd7-4b42-b7eb-9193523fb9b8	Successfully fetched 0 pending receives
20250703	17:34:51	337eab58-e450-4bda-9b72-40319dd3bd2d	Successfully fetched 0 pending receives
20250703	17:35:00	efc341eb-6293-4bd6-8fe3-676a647b7f77	Successfully fetched 0 pending receives
20250703	17:35:00	b548003e-dabf-483b-84be-c4e8e46cf403	Successfully fetched 0 pending receives
20250703	17:35:06	03c461ce-348a-4402-a897-7d41d657d216	Successfully fetched 0 pending receives
20250703	17:35:06	f1e04036-4e1e-4a7d-9a3a-329f32d96987	Successfully fetched 0 pending receives
20250703	17:36:30	c1bedc72-8147-4401-b759-e1aef6e4d5b5	Successfully fetched 0 pending receives
20250703	17:36:30	928c4fbc-0db3-4929-9d42-88eff4c343a8	Successfully fetched 0 pending receives
20250703	17:37:17	e302ac96-7ead-4ee2-9c77-3f23be494cd4	Successfully fetched 0 pending receives
20250703	17:37:17	726a44b2-4a36-42c5-b971-4713c385da47	Successfully fetched 0 pending receives
20250703	17:37:38	9c63ee54-3c45-47ce-a7b8-1ad96a81ffb3	Successfully fetched 0 pending receives
20250703	17:37:38	eec6bca2-2099-4333-9b48-892bc029a89a	Successfully fetched 0 pending receives
20250703	17:38:02	1df4abdb-06fa-49ea-99bb-dda96094cb27	Successfully fetched 0 pending receives
20250703	17:38:02	c1b4c95a-1070-48c2-a6d2-8887e1f239b8	Successfully fetched 0 pending receives
20250704	10:53:51	63d872ad-861e-45cb-943e-f118ebe27534	Successfully fetched 0 pending receives
20250704	10:53:51	dcb383f4-bc28-43ad-a311-b57b262ce0cb	Successfully fetched 0 pending receives
20250704	10:54:29	37de1377-3fc5-4a8a-91b0-951e2cf3dab1	Successfully fetched 0 pending receives
20250704	10:54:29	b6eb80dd-9e3b-496d-9916-4b72263364fa	Successfully fetched 0 pending receives
20250705	10:29:52	6639aa6e-1a84-4b0d-bc49-21d89e396f8b	Successfully fetched 0 pending receives
20250705	10:29:52	b073ef3e-0b0a-47db-b32d-9a18c833b707	Successfully fetched 0 pending receives
