20250408	14:58:05	f12708d5-8500-443e-9cc7-ad52d56204dd	GET	/	unknown
20250408	14:58:05	d19ab537-92f9-4853-8e84-c99a86e68c3a	GET	/favicon.ico	unknown
20250408	14:58:40	90abdc06-bf02-4720-be4b-5654c1c6d219	GET	/	unknown
20250408	14:58:40	34b5a7aa-5d86-4a85-9cbc-48f152baae35	GET	/css/styles.css	unknown
20250408	14:59:06	7442ee5c-a070-4150-94f5-46a0a2314324	GET	/shit	unknown
20250408	15:54:58	fcb10dee-635f-4fed-9103-5a3e9f56d71c	GET	/	unknown
20250408	15:54:58	3781ba3c-9c1c-4807-871f-32ec79a2ad93	GET	/css/styles.css	unknown
20250408	15:55:05	e0f89dae-ba01-45b6-8add-936470a76bb2	GET	/as	unknown
20250408	15:55:05	277480df-c875-4d78-b1e7-0e16c7abe732	GET	/css/styles.css	unknown
20250408	15:55:39	67504c11-bcd1-4875-9798-d74caf5bcc11	GET	/as	unknown
20250408	15:55:39	8628af44-f8e4-48b8-978e-cd85b74b6c02	GET	/public/styles.css	unknown
20250408	15:55:54	de7cf5fd-b6b4-4e54-9815-a72650fde974	GET	/as	unknown
20250408	15:55:54	c69e6841-e0ea-4883-85ef-8ee4680f512e	GET	/public/styles.css	unknown
20250408	15:55:55	e2107396-7d3b-46d8-94c6-184e3797d94e	GET	/as	unknown
20250408	15:55:55	7c94e5c4-a67d-45ba-a8d1-565862a09165	GET	/public/styles.css	unknown
20250408	15:55:55	4a171df3-393b-4270-ad4c-53c65a5698be	GET	/as	unknown
20250408	15:55:55	f7100437-62f4-408a-8e6a-0c038982a16b	GET	/public/styles.css	unknown
20250408	15:55:55	192a281e-39eb-4d84-92f6-24245af88ad7	GET	/as	unknown
20250408	15:55:55	6ff58d12-cc34-499a-8843-b0401e0f865a	GET	/public/styles.css	unknown
20250408	15:55:55	7b90a686-7cf0-4054-97d5-1fdef9a3464a	GET	/as	unknown
20250408	15:55:55	5b8a3569-b27a-4d65-8637-c9656c3c7dda	GET	/public/styles.css	unknown
20250408	15:55:55	8bdade51-cb47-4f29-8312-af28a12347a3	GET	/as	unknown
20250408	15:55:55	c8253746-f77c-4e82-b4b4-2c8a777ca2ff	GET	/public/styles.css	unknown
20250408	15:55:55	8143d64e-9bd4-469d-8bb4-d768926ba3d4	GET	/as	unknown
20250408	15:55:55	4bd9136c-6d35-4fa5-b158-023b896830b2	GET	/public/styles.css	unknown
20250408	15:55:55	85ff2e51-85d7-4dba-af0e-29c35a5a79b1	GET	/as	unknown
20250408	15:55:55	89fd7146-8ea9-4647-ad4d-a30fda5fee32	GET	/public/styles.css	unknown
20250408	15:55:56	427daf10-e819-4bf0-8e7f-d36487803edf	GET	/as	unknown
20250408	15:55:56	9212e30a-282d-4069-8807-e3176f3043de	GET	/public/styles.css	unknown
20250408	15:56:15	9b3afe0b-4126-46aa-90bc-4c674d7f63ae	GET	/as	unknown
20250408	15:56:15	89d86d42-ca7e-4783-a9f8-f82417aa581a	GET	/public/styles.css	unknown
20250408	15:56:15	5abf3cc8-a3e5-4840-95eb-b339f5304e16	GET	/as	unknown
20250408	15:56:15	9eaf2994-90a8-4dd1-9b23-7cc742fad23c	GET	/public/styles.css	unknown
20250408	15:56:15	15f05d64-ac9a-44ed-b832-208dac2e0407	GET	/as	unknown
20250408	15:56:15	591e07cb-6a5f-499a-9739-5be27d035572	GET	/public/styles.css	unknown
20250408	15:56:15	2390861e-2be9-43cd-907d-1c5b2e631ff9	GET	/as	unknown
20250408	15:56:15	14745359-e7dd-4e5b-8fc9-828712b4e66a	GET	/public/styles.css	unknown
20250408	15:56:15	99d5daf2-9012-4dc2-ad55-f559950cfcc2	GET	/as	unknown
20250408	15:56:15	74f4cabc-efc7-4e1c-9899-adfb2102f341	GET	/public/styles.css	unknown
20250408	15:56:46	21ba6353-3fd5-41ff-9408-4b7daa153a63	GET	/as	unknown
20250408	15:56:46	0241f70d-7b52-46bf-a194-1b591c51688d	GET	/styles.css	unknown
20250408	15:56:46	7ee4adf7-d4f4-4d38-ba94-748e39afe05d	GET	/as	unknown
20250408	15:56:46	04ca15c4-3128-4eb6-8538-f8088120707c	GET	/styles.css	unknown
20250408	15:56:46	54dc71fc-c81f-4f5e-a764-b21ae065b428	GET	/as	unknown
20250408	15:56:47	404cce8b-07cb-48dd-9982-57f8fe368414	GET	/styles.css	unknown
20250408	15:56:47	e4eaeec7-e33b-4782-9ebc-15c728ac0896	GET	/as	unknown
20250408	15:56:47	5fc3ea8c-9c47-4b43-b371-d42f49ae98d6	GET	/styles.css	unknown
20250408	15:56:47	82b3c683-eb8e-44c5-ac13-255b3280438c	GET	/as	unknown
20250408	15:56:47	39780bb8-9640-42af-9166-71ec7d5f9d9d	GET	/styles.css	unknown
20250408	15:56:47	17ebb948-dfe7-416e-a65e-3a683a7519c9	GET	/as	unknown
20250408	15:56:47	27778ab7-de7f-429a-b389-8998cfeb0c9a	GET	/styles.css	unknown
20250408	15:56:47	be4fb34b-1184-4c22-ab31-39579bed0fd1	GET	/as	unknown
20250408	15:56:47	8d716efb-45df-49ec-b3fa-3331d9e0e4b3	GET	/styles.css	unknown
20250408	15:56:47	593d08d0-375e-4632-8e17-9fa408906f9c	GET	/as	unknown
20250408	15:56:47	e307f395-0aaf-4314-94e1-8bb64545f99d	GET	/styles.css	unknown
20250408	15:56:56	9396067a-30c1-4ca2-91b1-b0bb84b7f051	GET	/as	unknown
20250408	15:56:56	86b606a9-10d3-4aea-8e18-1d59ded2a8eb	GET	/styles.css	unknown
20250408	15:57:30	926dc5d6-6c52-46a9-8998-392e373c0003	GET	/as	unknown
20250408	15:57:30	38624df2-41ed-4fa5-b277-9d08d82062be	GET	/public/styles.css	unknown
20250408	15:58:10	f3098f47-1b13-47eb-8792-eb2f8c864097	GET	/as	unknown
20250408	15:58:10	87aa1ff5-e30f-4caa-9c65-8bb5d8bfc48b	GET	/styles.css	unknown
20250408	15:58:11	e85522c6-7c84-40b7-939d-c21617bd6e87	GET	/as	unknown
20250408	15:58:11	56eac587-110b-46aa-ab65-5d39b993d384	GET	/styles.css	unknown
20250408	15:58:11	3c0ff437-c9bc-4297-94da-a61aa2446538	GET	/as	unknown
20250408	15:58:11	efc8e395-4dc9-4285-a94a-71bc61e72542	GET	/styles.css	unknown
20250408	15:58:17	27104bbd-3bf1-4ad1-85c6-9f966b9c678d	GET	/as	unknown
20250408	15:58:17	545af8f5-40b7-496e-b029-540197fff197	GET	/styles.css	unknown
20250408	15:58:31	edf83a1a-50b7-4557-abff-b692139e754d	GET	/as	unknown
20250408	15:58:31	483dcbd1-7b71-4ba5-a61d-527b83b64074	GET	/styles.css	unknown
20250408	15:58:31	a4128167-2a52-45d1-8e2e-0b26ab11c8b1	GET	/as	unknown
20250408	15:58:31	189f6162-2fcb-47fd-982e-017820e6df3e	GET	/styles.css	unknown
20250408	15:58:31	2189274e-7136-4121-b685-bb6933294460	GET	/as	unknown
20250408	15:58:31	7f2781d4-cba9-4fa3-b300-acf87cedb3f1	GET	/styles.css	unknown
20250408	15:58:31	8be16d2a-0430-4580-8ccb-101e06ff2ffd	GET	/as	unknown
20250408	15:58:31	2633ec07-3229-4a77-87dd-61405c2dab3f	GET	/styles.css	unknown
20250408	15:58:31	628fc403-b603-43dc-b699-cc7777c727ce	GET	/as	unknown
20250408	15:58:31	464ac216-c406-4b83-b542-a64277cfa9e4	GET	/styles.css	unknown
20250408	15:58:32	20aa6af9-c2a6-4264-bd66-7747ac94622c	GET	/as	unknown
20250408	15:58:32	d65977ea-60a0-4a46-9bc9-8e93fce460bb	GET	/styles.css	unknown
20250408	15:58:32	0a8442b8-1491-4c5a-8d33-bdace73acbf1	GET	/as	unknown
20250408	15:58:32	7535abb0-e4ed-4853-87c7-96fcb2f7d210	GET	/styles.css	unknown
20250408	15:58:32	ff32322d-1703-4e4f-b8c4-f1819a07cb27	GET	/as	unknown
20250408	15:58:32	af9e7351-cc38-47b6-b8d5-d04e5f5200ee	GET	/styles.css	unknown
20250408	15:58:32	eccd3e1a-2f51-476a-92d9-4d5e8a5d6748	GET	/as	unknown
20250408	15:58:32	9dbb8c5b-de8f-4b3f-b4a5-55be3ecc21c5	GET	/styles.css	unknown
20250408	15:58:57	cae490f5-eb3d-47be-b7a9-9cb238c7789b	GET	/styles.css	unknown
20250408	15:59:02	a0671112-e55c-4c35-878d-f410125f5153	GET	/as	unknown
20250408	15:59:02	e7cec216-a527-43e9-8f79-60f7384330dd	GET	/styles.css	unknown
20250408	15:59:02	5a0596ce-88d5-4190-bfc8-225e6698fdd9	GET	/as	unknown
20250408	15:59:02	a66ec7e5-45af-44dd-8bd5-b0663eeb7069	GET	/styles.css	unknown
20250408	15:59:02	dd66cca1-292d-4ad5-9973-13df5e735661	GET	/as	unknown
20250408	15:59:02	63b467f7-1f32-4782-b5c5-7048867e3cfd	GET	/styles.css	unknown
20250408	15:59:02	10910800-7876-47cb-8dab-08e44815603a	GET	/as	unknown
20250408	15:59:02	1579c02d-27a5-4432-b3b2-f50b11c67a76	GET	/styles.css	unknown
20250408	15:59:02	8d3a9b0a-97e1-4461-a9f3-2320f4fac44b	GET	/as	unknown
20250408	15:59:02	28634125-a720-4977-860d-0f0b5a4ddb4c	GET	/styles.css	unknown
20250408	15:59:02	c5c3160b-f495-4697-ac74-16134d2807c0	GET	/as	unknown
20250408	15:59:03	20aea796-c80b-4958-a867-1e4930bf0af3	GET	/styles.css	unknown
20250408	15:59:03	b460030c-4f53-40d5-9358-ebada486fa50	GET	/as	unknown
20250408	15:59:03	b03ecf40-ee6c-4652-ae67-039b07605d41	GET	/styles.css	unknown
20250408	15:59:03	ed56006c-f165-4ac0-91c1-a317b6b230ac	GET	/as	unknown
20250408	15:59:03	767758fe-a428-4ee6-8ae4-538420e787e6	GET	/styles.css	unknown
20250408	15:59:03	fd3e78b9-9e94-4e89-b455-18573cc4dde7	GET	/as	unknown
20250408	15:59:03	ffd10460-fb80-4eca-a0d1-ea78309121ba	GET	/styles.css	unknown
20250408	15:59:07	681f3815-b1ee-489c-b757-65964bbe9952	GET	/styles.css	unknown
20250408	15:59:07	a379b91f-3b73-4f2e-b8f3-8d223106434e	GET	/styles.css	unknown
20250408	15:59:14	4449760f-44b8-454c-90fa-39e27829e4f1	GET	/styles.css	unknown
20250408	15:59:14	876697b3-f0a1-4404-96b7-2593456656f4	GET	/styles.css	unknown
20250408	15:59:37	fff72b78-2bdf-454d-b11f-3cac29909a72	GET	/styles.css	unknown
20250408	15:59:37	8e0365cb-2ed5-46f3-bd5f-e50a0feae2ee	GET	/views/styles.css	unknown
20250408	15:59:41	ce3668ab-6dce-430e-be1d-806d1a9da710	GET	/styles.css	unknown
20250408	15:59:41	c0b08ed0-14d7-473e-a71e-15c66f69611e	GET	/views/styles.css	unknown
20250408	15:59:45	44352d91-353b-4333-9cd6-6488247901f6	GET	/as	unknown
20250408	15:59:45	c363781d-bfde-4eb7-a50a-3825325e6ab2	GET	/views/styles.css	unknown
20250408	16:00:01	73cd858d-d7ef-4ea3-9caf-57d0b39fe376	GET	/views/styles.css	unknown
20250408	16:00:01	2edd76ca-18a0-4a51-811c-fb6793eb3529	GET	/views/styles.css	unknown
20250408	16:02:24	3588d6fd-e618-46ed-acc2-2dbd988d1416	GET	/as	unknown
20250408	16:02:24	0cd2e8d6-0e16-4e8a-bfd0-d190d6b3c46f	GET	/public/styles.css	unknown
20250408	16:02:24	a48851d0-9093-46b3-8e11-75ec1e031f06	GET	/as	unknown
20250408	16:02:24	486444dd-07e7-4ca5-b085-71ba46608c1b	GET	/public/styles.css	unknown
20250408	16:02:24	cb561567-1edb-4693-b155-4863fa4814f2	GET	/as	unknown
20250408	16:02:24	a5c69011-3c28-486f-a1fc-dfc54b480ead	GET	/public/styles.css	unknown
20250408	16:02:24	78074015-4300-436a-be81-2a3ad0294718	GET	/as	unknown
20250408	16:02:24	4be121cb-5093-4861-a27b-1ad5e896098c	GET	/public/styles.css	unknown
20250408	16:02:24	7426f209-d55d-4e10-be5d-62cbb2df7314	GET	/as	unknown
20250408	16:02:24	afe25fb4-ead0-425f-908f-5f0fa0844430	GET	/public/styles.css	unknown
20250408	16:02:25	cf9b39b8-3924-4a1b-9b91-24a8be771e9c	GET	/as	unknown
20250408	16:02:25	826835f6-fcde-4749-8ad4-091280e2e8a1	GET	/public/styles.css	unknown
20250408	16:03:12	fad5c873-ff78-4a39-92ad-df404a0bf0ef	GET	/as	unknown
20250408	16:03:12	dbe4ebe6-cc14-4b84-b21b-45ab8c504c29	GET	/public/styles.css	unknown
20250408	16:03:12	b01d65ac-9f47-4574-a26a-fe33b6b99e9d	GET	/as	unknown
20250408	16:03:12	deeb45a3-f146-47be-b385-dca2686b2d9c	GET	/public/styles.css	unknown
20250408	16:03:12	e6512ff2-c233-4722-8a79-604e014ecde9	GET	/as	unknown
20250408	16:03:12	614b7834-9c50-4d1a-a9d1-c054e3721816	GET	/public/styles.css	unknown
20250408	16:03:12	e488ef89-e40a-4685-92c6-0c8eb3707185	GET	/as	unknown
20250408	16:03:12	52aae537-7172-4e05-95d8-c89dfaab515c	GET	/public/styles.css	unknown
20250408	16:03:13	0cc87ddf-aae5-4b55-9b70-9c5049974b99	GET	/as	unknown
20250408	16:03:13	dce96452-8503-4922-9324-f4dac7d233c8	GET	/public/styles.css	unknown
20250408	16:03:13	c8a0d233-6567-46f0-b825-cfcd0b492f0e	GET	/as	unknown
20250408	16:03:13	9a8f1979-6f24-4bef-8152-7f8bc17bf926	GET	/public/styles.css	unknown
20250408	16:03:13	3b0cbc0a-54b3-4c88-b875-163c141902a2	GET	/as	unknown
20250408	16:03:13	d67ad417-819e-4198-8969-ea91cacd9a5d	GET	/public/styles.css	unknown
20250408	16:03:20	39a475dc-b027-4132-ba12-52f2b6424c16	GET	/as	unknown
20250408	16:03:20	6cde91f7-de9e-4877-84b5-d321b938d25c	GET	/public/styles.css	unknown
20250408	16:03:20	930b9328-8405-4c80-97c8-022a31e32151	GET	/as	unknown
20250408	16:03:20	a9ac48ef-c422-453b-b62c-4bf4bd7a3ddd	GET	/public/styles.css	unknown
20250408	16:03:21	8a8d188c-ee27-470a-a439-d4eaec72ea2a	GET	/as	unknown
20250408	16:03:21	8e42f65e-b3d1-400e-af3f-ddca1d337154	GET	/public/styles.css	unknown
20250408	16:03:21	829c5dbd-8e02-411f-bd57-bbaba78bbfcc	GET	/as	unknown
20250408	16:03:21	b314e06b-a6f3-42f7-ad2a-c97afabaee0c	GET	/public/styles.css	unknown
20250408	16:06:21	18522433-d552-48f7-92da-1e4600583ab1	GET	/as	unknown
20250408	16:06:21	506a083c-c759-463b-a8c3-09b0ec0f2399	GET	/public/styles.css	unknown
20250408	16:06:21	b3375905-b221-4eb8-9825-88f7861c5a45	GET	/as	unknown
20250408	16:06:21	0d52df6a-0352-4818-8758-6dc74e4b6468	GET	/public/styles.css	unknown
20250408	16:06:21	446bd457-ec65-4f80-8398-01ac134d382a	GET	/as	unknown
20250408	16:06:21	d9ff60f5-df1a-47bb-9bda-6400515a7ec0	GET	/public/styles.css	unknown
20250408	16:06:33	bdaff0f2-ced1-4f8a-9c3f-56e8efce2b18	GET	/as	unknown
20250408	16:06:33	2088c03c-fd99-43c6-a5eb-02fc95c1ca1f	GET	/styles.css	unknown
20250408	16:06:33	404723c0-6cf2-4427-aa6d-4ce449debac7	GET	/as	unknown
20250408	16:06:33	15cfc20c-6a39-4ef4-8426-78fa8ccfcda0	GET	/styles.css	unknown
20250408	16:07:00	f2ba22db-6c68-48d9-8d1c-b672f23cc903	GET	/	unknown
20250408	16:07:00	b191f3fd-990f-4105-8764-d8b97a9319a8	GET	/styles.css	unknown
20250408	16:18:27	b8bd8464-c4fb-403a-8656-a81632adaca5	OPTIONS	/api/auth/login	http://localhost:3000
20250408	16:19:58	a0dc8653-8b5d-4d97-ac64-40d6e4ad153d	OPTIONS	/api/auth/login	http://localhost:3000
20250408	16:21:29	0b59b06b-7ad1-4918-bd5b-2f8961ba41ee	OPTIONS	/auth/login	http://localhost:3000
20250408	16:23:29	c148a003-dad0-4f8c-88a7-8517d5f4e6d8	OPTIONS	/auth/login	http://localhost:3000
20250408	16:23:30	33b0f5f8-484d-4930-ba86-c22b698a91a5	POST	/auth/login	http://localhost:3000
20250408	16:23:41	68ca54c4-6b1d-4729-b2ee-14300d9558f9	OPTIONS	/auth/login	http://localhost:3000
20250408	16:23:41	6799eff2-6ad2-4f8d-b7dc-cdf290ff9535	POST	/auth/login	http://localhost:3000
20250408	16:23:50	2a7294cc-d9bd-405d-8395-fa578c16c955	OPTIONS	/auth/login	http://localhost:3000
20250408	16:23:50	d70ebab8-6740-40a3-b55d-398a55edc5da	POST	/auth/login	http://localhost:3000
20250408	16:24:45	fc4384e5-451f-4f8e-bdaa-15fcc3dcd879	OPTIONS	/auth/login	http://localhost:3000
20250408	16:24:45	a45b613c-41da-492b-8894-5eda32ad5404	POST	/auth/login	http://localhost:3000
20250408	16:25:58	40b587be-4195-45f2-afa8-973569e5d51c	OPTIONS	/auth/login	http://localhost:3000
20250408	16:25:58	ae534054-6c7d-4ed6-bec8-255f31644bd7	POST	/auth/login	http://localhost:3000
20250408	16:26:29	b078be88-4827-4e0e-a570-11c756a7c4f7	OPTIONS	/auth/login	http://localhost:3000
20250408	16:26:29	dcdc525d-8055-4589-b479-3390e235fb8b	POST	/auth/login	http://localhost:3000
20250408	16:26:55	a7ebacff-505d-4409-8f04-54971a94fef0	OPTIONS	/auth/login	http://localhost:3000
20250408	16:26:55	dad2a2e2-42e6-4e6c-833d-6a52221f0d8a	POST	/auth/login	http://localhost:3000
20250408	16:27:32	9da5fc58-85c1-47ec-b43e-e978a03d9401	OPTIONS	/auth/login	http://localhost:3000
20250408	16:27:32	d563ea5d-755a-42a8-b9ab-1fabfd952ed2	POST	/auth/login	http://localhost:3000
20250408	16:28:10	1eae5132-4cb5-40b7-9f4d-22dcd94023dc	OPTIONS	/auth/login	http://localhost:3000
20250408	16:28:10	7fc5103d-683f-4b35-9535-522a4462d816	POST	/auth/login	http://localhost:3000
20250408	16:29:01	497f5f2b-0693-4e1e-802f-1079735d72a7	OPTIONS	/auth/login	http://localhost:3000
20250408	16:29:01	9a23ef90-5999-468e-b4c5-67d41c3a1c3e	POST	/auth/login	http://localhost:3000
20250408	16:29:29	f2c0beec-b16c-46a8-a183-3c0941a59462	OPTIONS	/auth/login	http://localhost:3000
20250408	16:29:29	824a6348-6261-4a83-8a7e-c7f8b24080f1	POST	/auth/login	http://localhost:3000
20250408	16:31:14	bd7d1c4e-4efb-46bc-b492-252d54da0833	OPTIONS	/auth/login	http://localhost:3000
20250408	16:31:14	c552468b-84d9-44f9-9924-8f8fc3b5ed6a	POST	/auth/login	http://localhost:3000
20250408	16:31:56	3905ed4b-d8ac-4fa7-b140-9d6547bde4f5	OPTIONS	/auth/login	http://localhost:3000
20250408	16:31:56	9af657c2-1bd4-49a0-8f7f-5575b98a05ff	POST	/auth/login	http://localhost:3000
20250408	16:32:05	b53f2e0d-f6b4-48b6-b0de-11ec5da8ae5c	OPTIONS	/auth/login	http://localhost:3000
20250408	16:32:05	c2314af4-b500-4546-b7c6-10a67e6ba0c0	POST	/auth/login	http://localhost:3000
20250408	16:33:49	e4f4b7ab-7958-4cef-9227-889d585f8d75	OPTIONS	/auth/login	http://localhost:3000
20250408	16:33:49	ef2bd3ef-d990-4d87-9ac2-e1e0854f7213	POST	/auth/login	http://localhost:3000
20250408	16:34:57	5b7ab3b5-c0f5-4c22-9345-49b5664835c6	OPTIONS	/auth/login	http://localhost:3000
20250408	16:34:57	0112b6cd-3230-43cc-bcfa-a892f2297859	POST	/auth/login	http://localhost:3000
20250408	16:35:27	89f8b2f0-d5ff-4573-bf4b-2b32296eb2cf	OPTIONS	/auth/login	http://localhost:3000
20250408	16:35:27	17f8c0e6-7967-4f61-9fef-22df09ae6cb9	POST	/auth/login	http://localhost:3000
