20250526	12:28:52	0fd2fdd8-2e50-4b8e-8f52-e173cc6ca009	Successfully fetched 1 pending requests
20250526	12:28:52	c94cc447-ef5c-4f10-9cdd-f95434a82f93	Successfully fetched 1 pending requests
20250526	12:28:58	09d27d97-163b-4f2e-ae05-aee28801b313	Successfully fetched 1 pending requests
20250526	12:28:58	8be07f72-054e-4701-97e4-0b75d925c86f	Successfully fetched 1 pending requests
20250526	12:30:48	f5b4e0f8-e9a0-4db0-9513-97e582216311	Successfully fetched last request info: R003
20250526	12:30:48	002c0f75-a019-4fdd-b2ec-2041a192b463	Successfully fetched last request info: R003
20250526	12:31:24	ee25dc9e-0013-4932-bec0-4994eae514ee	Successfully created request R006 with 1 items by user: superadmin@god.com
20250526	12:31:28	b29a34b0-3c85-43c5-a18b-9a607d12d9be	Successfully fetched 2 pending requests
20250526	12:31:28	863621d7-f321-4a38-b6e0-a14098bd5e52	Successfully fetched 2 pending requests
20250526	12:31:31	d629d10c-8804-436c-8085-0352c5e5ac7d	Successfully fetched 1 items for request R006
20250526	12:31:34	c798d501-a97c-4832-a5d6-dce19c28012e	Successfully rejected request R006 by user: superadmin@god.com
20250526	12:31:34	7de0adc2-24b8-4d63-b773-93f0c6a6419c	Successfully fetched 1 pending requests
20250526	12:31:39	37916581-1bdf-4147-804f-dc9362092e16	Successfully fetched 1 pending requests
20250526	12:31:39	8ec9bd61-ad1c-4eaf-a98f-f2f8ed892f58	Successfully fetched 1 pending requests
20250526	12:31:42	505da7dc-5b29-448d-8f38-804d7d136678	Successfully fetched request R006 with 1 items
20250526	12:31:42	3b6110c5-06a8-4951-a120-a8d95a798920	Successfully fetched request R006 with 1 items
20250526	12:32:05	bc2a4f0e-730b-45fa-9879-4c82321f418a	Successfully updated request 20 to R006 with 1 items
20250526	12:32:06	0960e0ac-ae67-43c6-b836-0111e14afa03	Successfully fetched 2 pending requests
20250526	12:32:06	2cb30129-693d-4d8e-88fc-1338e5a0f517	Successfully fetched 2 pending requests
20250526	12:32:08	7f479426-3115-4636-8acc-2527274118e0	Successfully fetched 1 items for request R004
20250526	12:32:20	c77e816e-73b6-4767-a01a-9e1f4d9f8492	Successfully updated request R004 to R004 with 1 items
20250526	12:32:21	d132e0ab-3b5b-47aa-b6c7-23e3265be585	Successfully approved request R004 by user: superadmin@god.com
20250526	12:32:21	3990a54b-5f57-4043-91a0-2785f7a66d0a	Successfully fetched 1 pending requests
20250526	12:34:51	64448989-be01-497f-9c4b-7fbb0b05c7e7	Successfully fetched 1 pending requests
20250526	12:34:51	44af983f-e65d-45fd-9ca0-690568ee3de2	Successfully fetched 1 pending requests
20250526	12:35:39	ea3b6da3-4880-4de9-93de-c58cb39f6076	Successfully searched requests with 3 results
20250526	12:38:32	861e0419-c630-4370-964e-8bc7f18cd797	Successfully fetched 1 pending requests
20250526	12:38:32	82d2211d-1581-45b2-a0cc-3ddc2ca81301	Successfully fetched 1 pending requests
20250526	12:44:30	b9b81513-1b93-4f33-a438-cffd1cc8aa22	Successfully fetched 1 pending requests
20250526	12:44:31	570fa88e-d2ea-490a-b118-d9fb3a383597	Successfully fetched 1 pending requests
20250526	12:44:32	9b2f1e8c-af52-4264-bf00-d79c12179b5b	Successfully fetched 1 items for request R006
20250526	12:45:30	d5c4c782-d693-40fa-8936-18f44afa4193	Successfully fetched 1 pending requests
20250526	12:45:30	2ea91a45-d07e-447f-ad85-45639cc84159	Successfully fetched 1 pending requests
20250526	12:45:36	2e92f739-59ce-4ac6-b885-1b04825a7738	Successfully fetched 1 pending requests
20250526	12:45:36	d40d807a-0c50-4dd9-b25d-1010e337dd5e	Successfully fetched 1 pending requests
20250526	12:45:39	1d3afe98-e520-44d9-8cc3-96341a373426	Successfully fetched 1 pending requests
20250526	12:45:39	8e94988f-03a2-41cc-a41a-0f7086a22150	Successfully fetched 1 pending requests
20250526	12:54:00	f36da529-b93f-479e-a75e-9594f8093cea	Successfully fetched 1 pending requests
20250526	12:54:00	4bfb7f6c-d317-48b1-9de6-fd10f082218a	Successfully fetched 1 pending requests
20250526	12:54:35	fc74a96e-36ef-405f-928c-5c91e0d087b1	Successfully fetched 1 pending requests
20250526	12:54:35	34a50165-fe68-48fd-9693-eb2d8ada0919	Successfully fetched 1 pending requests
20250526	12:59:05	ff6fd353-e8c6-48bc-842d-c774e58e68aa	Successfully fetched 1 pending requests
20250526	12:59:05	1a3bb981-a6bf-421c-9f4b-05561ba88852	Successfully fetched 1 pending requests
20250526	13:00:43	6f11e31e-8373-4668-a755-43e6b3cd7eec	Successfully fetched 1 pending requests
20250526	13:00:43	3fc83540-a55c-4e84-be97-d8d3f959bca9	Successfully fetched 1 pending requests
20250526	13:10:58	a81a4e6b-4272-46dc-9880-54e366b5fcc2	Successfully fetched 1 pending requests
20250526	13:10:58	80cbd7c5-affd-4270-a625-ffacc6488da4	Successfully fetched 1 pending requests
20250526	13:11:24	6213b4ac-2c13-465b-94af-5958792c2582	Successfully fetched 1 pending requests
20250526	13:11:24	b56befaa-0cf4-463e-8e97-a8f7f9416e89	Successfully fetched 1 pending requests
20250526	13:24:03	9aaf0f09-6ae9-4fee-9865-d6ea0e1e5336	Successfully fetched 1 pending requests
20250526	13:24:03	488381db-b4d1-44cc-b2e0-cfed117f08fc	Successfully fetched 1 pending requests
20250526	13:28:36	a1a323cb-6d7b-4528-be5b-28e026cd2f96	Successfully fetched 1 pending requests
20250526	13:28:36	cafaec33-edc7-4934-9871-9af1281575f6	Successfully fetched 1 pending requests
20250526	13:39:21	db4efad6-300e-4ae7-9909-2d2335269496	Successfully fetched 1 pending requests
20250526	13:39:21	418badf6-d1e0-40c2-b5f7-eec8bc5dee81	Successfully fetched 1 pending requests
20250526	13:47:53	3b55c273-99c0-48fd-9b5e-5424923885f1	Successfully fetched 1 pending requests
20250526	13:47:53	b744350b-c82c-44ce-b2cd-12236b5aea69	Successfully fetched 1 pending requests
20250526	13:54:31	0b8ab98c-ea73-44bb-b105-654a6fed7b8c	Successfully fetched 1 pending requests
20250526	13:54:31	3e0e1321-0af4-4a1d-bf2b-e0dbe95e8a04	Successfully fetched 1 pending requests
20250526	13:55:49	3f17e16e-bb35-4976-a311-b4016839757c	Successfully fetched 1 pending requests
20250526	13:55:49	0f155564-9964-449a-9b33-05871c0b71e4	Successfully fetched 1 pending requests
20250526	13:55:56	92e55e33-558c-4a47-8363-15a88ca8eca2	Successfully fetched 1 pending requests
20250526	13:55:56	4676e458-4ab1-4413-9f8a-5f6ac342dc24	Successfully fetched 1 pending requests
20250526	13:55:58	90505da3-c258-47f4-9583-21f096d5ab68	Successfully fetched last request info: R003
20250526	13:55:58	dfd7ff8d-8524-4eab-a750-046cae8e6170	Successfully fetched last request info: R003
20250526	13:56:03	ab4b33a7-c86a-414c-80e5-9d412fcc0ac1	Successfully fetched last request info: R003
20250526	13:56:03	aa1bc64a-53bc-473c-af04-7878ca6574b6	Successfully fetched last request info: R003
20250526	13:56:05	6545e395-0bbc-4d8b-abc2-52e93a7313bd	Successfully fetched 1 pending requests
20250526	13:56:05	572a15ed-f104-4953-a9ac-6979df40db5c	Successfully fetched 1 pending requests
20250526	13:58:10	6d3be546-f9a8-4f0d-9b65-8b001df970c9	Successfully fetched 1 pending requests
20250526	13:58:10	24a97aba-8dba-467f-addf-094776b020b5	Successfully fetched 1 pending requests
20250526	13:58:22	1e10ceec-e116-4a2a-824f-0c89be3709a2	Successfully fetched last request info: R003
20250526	13:58:22	1b35cdd9-00a1-4b8e-a6bb-146541e13601	Successfully fetched last request info: R003
20250526	13:58:25	e5cc5bd1-182b-47a0-9696-bd202de6f2b3	Successfully fetched last request info: R003
20250526	13:58:25	adb2f7c6-9211-4633-88d6-cf554eb2c78d	Successfully fetched last request info: R003
20250526	15:13:08	91e4ee74-34a5-4a17-a84c-ba48dfd01a55	Successfully fetched 1 pending requests
20250526	15:13:08	91e744fc-aa2a-4ea9-8afb-7f15451d0b9a	Successfully fetched 1 pending requests
20250526	15:14:05	98ff890d-2c1c-4aba-b3d5-b17f03115172	Successfully fetched last request info: R003
20250526	15:14:05	dc630559-2054-467e-9a27-1140e5c4bbb7	Successfully fetched last request info: R003
20250526	15:15:40	cba8fe46-f3db-418a-9489-47128610ab9d	Successfully fetched 1 pending requests
20250526	15:15:40	277e7702-5eba-4d87-ac85-ed6edd4827c3	Successfully fetched 1 pending requests
20250526	15:16:26	b7cf339b-1f33-4ed6-835f-5b8028c12099	Successfully fetched 1 pending requests
20250526	15:16:26	3e8921ba-4740-482e-828c-5862e837e406	Successfully fetched 1 pending requests
20250526	15:19:37	1831c5f5-a54b-427e-b5c8-b34721171add	Successfully fetched 1 pending requests
20250526	15:19:37	6fc97f23-75dd-4f37-9cd8-d60a87e73795	Successfully fetched 1 pending requests
20250526	15:19:39	874667e4-b681-4249-9e64-4b4ec03ec464	Successfully fetched 1 pending requests
20250526	15:19:39	6beaf4d4-38cc-47f7-a48f-2ae0dd848e5c	Successfully fetched 1 pending requests
20250526	15:19:39	9522d650-81d8-4e6c-aa5f-b2f2c360c001	Successfully fetched last request info: R003
20250526	15:19:39	5a1c560c-0d2c-4401-95e9-810b240b1cc3	Successfully fetched last request info: R003
20250526	15:19:41	ccba3582-5661-40fc-833a-3fa0dbe33fb4	Successfully fetched 1 pending requests
20250526	15:19:41	0c8ce6b7-440c-4102-b94a-528b55e93aca	Successfully fetched 1 pending requests
20250526	15:21:01	41759d1e-9228-43a9-9c5f-5645f5ed0f98	Successfully fetched 1 pending requests
20250526	15:21:01	7d9bbecb-cd56-4cf6-a79c-51ce05001f46	Successfully fetched 1 pending requests
20250526	15:21:57	35f19bbc-abf1-4be5-99b1-89e8eef17137	Successfully fetched 1 pending requests
20250526	15:21:57	2891ff31-7c8e-4883-b11f-da6caadda7bd	Successfully fetched 1 pending requests
20250526	15:22:40	efdd1666-5ea4-426d-8ab1-f38550e3717e	Successfully fetched last request info: R003
20250526	15:22:40	8401edaf-24d1-4847-9fbc-5314d571cf1e	Successfully fetched last request info: R003
20250526	15:22:56	41a92a95-d918-49c9-9e0c-a15d30e71b09	Successfully fetched 1 pending requests
20250526	15:22:56	5e8f15d2-d9e3-4f20-8d7e-a6d12b7c7b02	Successfully fetched 1 pending requests
20250526	15:22:57	5b11bc83-336e-42d6-beac-c9157f65b484	Successfully fetched last request info: R003
20250526	15:22:57	ea49fb56-ccd9-4f6c-a4ce-5beae0b42f9b	Successfully fetched last request info: R003
20250526	15:38:28	3cf1a65b-d4bf-46d0-a056-8d0f6b4412a8	Successfully fetched 1 pending requests
20250526	15:38:28	1a02934f-6932-45c9-97f1-fb2df51f4dc1	Successfully fetched 1 pending requests
20250526	15:38:30	a7e1e49d-08df-471e-b5cb-b18286e1be82	Successfully fetched last request info: R003
20250526	15:38:30	e59df588-805c-4add-94ff-4971f66c783c	Successfully fetched last request info: R003
20250526	15:40:05	c2274f0b-3ee9-4af3-8676-69c2e6ae790f	Successfully fetched 1 pending requests
20250526	15:40:05	772b0c48-61dc-4628-ae60-4bba0ea66e53	Successfully fetched 1 pending requests
