20250526	12:30:40	cebd620b-ca9c-496c-b117-9dc0cc551a0a	Starting stock search with parameters: universal=co, equipmentNumber=, partNumber=
20250526	12:30:40	8200e605-d2aa-45b5-9761-5398b448176c	Using FULLTEXT search for universal parameter: co
20250526	12:30:41	dc9c6748-26b4-4c3a-a2d9-e5d68a5e94fa	Successfully found 50 results for search parameters
20250526	12:30:42	6dae4710-e38e-4c9b-ab1d-49c577ceb2b8	Starting stock search with parameters: universal=cotton, equipmentNumber=, partNumber=
20250526	12:30:42	c8691753-622d-467f-b10b-60a00bb91360	Using FULLTEXT search for universal parameter: cotton
20250526	12:30:42	159b756b-045d-4f2c-83c5-36504fe4bb7e	Successfully found 2 results for search parameters
20250526	12:30:43	8b0d386e-fbde-48e4-a5e3-133222720f68	Fetching item details for ID: 1839
20250526	12:30:43	49f60f59-b88a-4666-8605-7b3357851de5	Successfully fetched item details for ID: 1839
20250526	12:30:53	a2674447-b1fe-4f65-9fbc-4e35aaa4e5bb	Using FULLTEXT search for universal parameter: cotton
20250526	12:30:53	3d8bd7c7-ed7e-46be-819e-7bf38fa1e1ef	Starting stock search with parameters: universal=cotton, equipmentNumber=, partNumber=
20250526	12:30:53	67684a02-bab7-48ce-8988-71b229568b58	Successfully found 2 results for search parameters
20250526	15:23:01	a1233709-5eb0-438e-9227-9a74a584f64f	Starting stock search with parameters: universal=issue, equipmentNumber=, partNumber=
20250526	15:23:01	6d7289b0-14a9-4f4f-9be5-5204cb842101	Using FULLTEXT search for universal parameter: issue
20250526	15:23:01	4d854141-e49d-4825-b2d7-4535c19ad140	No results found for search parameters
20250526	15:23:03	c5fa58c9-44d6-408a-97d0-9084b93c55f5	Starting stock search with parameters: universal=cotton, equipmentNumber=, partNumber=
20250526	15:23:03	f4acfdba-0ae1-4421-a913-33d012f428f8	Using FULLTEXT search for universal parameter: cotton
20250526	15:23:03	8820acf6-b8b7-4d92-97f9-d22a3ed5eb3e	Successfully found 2 results for search parameters
20250526	15:37:38	6ad56f8d-1d5e-479d-b15d-1789fb8e02d9	Starting stock search with parameters: universal=starte, equipmentNumber=, partNumber=
20250526	15:37:38	bad6a879-2ffd-4bea-9e79-ed5d8ec81d72	Using FULLTEXT search for universal parameter: starte
20250526	15:37:38	d3b80cc5-13fb-4797-adfa-d20adf59715f	Successfully found 50 results for search parameters
20250526	15:37:39	e7e506e6-d22e-4486-919d-89ce6d49290f	Using FULLTEXT search for universal parameter: starter
20250526	15:37:39	1a7fd1ae-3782-4df2-a423-e09d3c2fbec0	Starting stock search with parameters: universal=starter, equipmentNumber=, partNumber=
20250526	15:37:39	40b48615-2731-47c3-927d-11f22e5ab1bd	Successfully found 50 results for search parameters
20250527	10:38:54	88121f35-3d68-4a97-a625-73c5dcf01efe	Starting stock search with parameters: universal=cototn, equipmentNumber=, partNumber=
20250527	10:38:54	677e25d0-abb8-4f48-ac7e-88e0beeacc47	Using FULLTEXT search for universal parameter: cototn
20250527	10:38:54	78f06309-9469-41b3-ada6-d1109fabdb56	No results found for search parameters
20250527	10:38:55	01045db4-1fe2-42b4-86ff-ee804c18b04b	Starting stock search with parameters: universal=cot, equipmentNumber=, partNumber=
20250527	10:38:55	8503db31-36e6-4993-8b4d-86cb021baee9	Using FULLTEXT search for universal parameter: cot
20250527	10:38:55	8ce1e309-e0db-43bf-9eb2-d99ee8da86c7	Successfully found 5 results for search parameters
20250527	10:38:56	3c46f33b-7eec-477f-89b3-ada1b7a36a5e	Starting stock search with parameters: universal=cotton, equipmentNumber=, partNumber=
20250527	10:38:56	607c9bc8-010e-4cb7-b43f-449782b94f36	Using FULLTEXT search for universal parameter: cotton
20250527	10:38:56	2c90b4c1-cdcf-4dde-9b25-448aa94a753b	Successfully found 2 results for search parameters
20250527	11:12:07	a27f10cb-2fcb-4c8d-872a-fedcb8a991ba	Starting stock search with parameters: universal=cotton, equipmentNumber=, partNumber=
20250527	11:12:07	51275bcf-ef48-424a-87f8-ba4fe9e93757	Using FULLTEXT search for universal parameter: cotton
20250527	11:12:07	8c997ab1-4be8-4c51-9229-59a24e8963c6	Successfully found 2 results for search parameters
20250527	11:12:11	8483294d-0c44-4a61-b404-38695b1df40e	Fetching item details for ID: 1839
20250527	11:12:11	a0cce70e-b593-4c25-95c8-3777c231f39f	Successfully fetched item details for ID: 1839
20250527	11:12:29	32fbac3f-eb38-425f-88c1-a24bd2bf7a6a	Fetching item details for ID: 1839
20250527	11:12:29	fb32a7d2-5890-4a3b-8e2f-01de80818178	Successfully fetched item details for ID: 1839
20250527	11:12:45	7b7daee0-4eb9-4ec5-be2b-2bc502800423	Starting stock search with parameters: universal=cotton, equipmentNumber=, partNumber=
20250527	11:12:45	da11f3fa-7e22-40bb-b915-d40fbe5b2b17	Using FULLTEXT search for universal parameter: cotton
20250527	11:12:45	9674518b-daac-43f2-b6ea-30ed1971d47b	Successfully found 2 results for search parameters
20250527	12:20:24	10da1702-627b-4d47-8514-8d22bd62beb9	Starting stock search with parameters: universal=c, equipmentNumber=, partNumber=
20250527	12:20:24	a237192d-ee00-4a2d-8715-930ea9df0c9c	Using FULLTEXT search for universal parameter: c
20250527	12:20:24	ddd8fd29-93e7-4304-ac13-778ae9c90743	Successfully found 50 results for search parameters
20250527	13:38:29	79102392-5fdc-460b-8c34-cce2da6b184d	Starting stock search with parameters: universal=c, equipmentNumber=, partNumber=
20250527	13:38:29	dfc52db1-36f2-473d-a469-83ca5fd66037	Using FULLTEXT search for universal parameter: c
20250527	13:38:29	23aa68eb-79ef-4be7-91fe-cb0a4655b815	Successfully found 50 results for search parameters
20250527	13:38:31	3a026335-7eae-497a-8798-f3dd11951162	Starting stock search with parameters: universal=cotto, equipmentNumber=, partNumber=
20250527	13:38:31	a46e2eb0-fcc3-44b5-82f0-cf4bc390adc4	Using FULLTEXT search for universal parameter: cotto
20250527	13:38:31	b7e7749c-c498-44b2-b61e-f0e51bb3a95a	Successfully found 2 results for search parameters
20250527	13:38:52	8adc12c9-185d-4303-b3cf-e0eb02f4147f	Using FULLTEXT search for universal parameter: filter
20250527	13:38:52	94105a83-82f8-434d-8d7d-e81d3d2ae739	Starting stock search with parameters: universal=filter, equipmentNumber=, partNumber=
20250527	13:38:52	5e2e7654-38d1-48a1-b50a-7ddffc901384	Successfully found 50 results for search parameters
20250527	13:39:18	48e2c6b1-82c6-4936-a05c-1a0f1e51a7da	Starting stock search with parameters: universal=app, equipmentNumber=, partNumber=
20250527	13:39:18	e136b13f-325c-4b0a-84cd-9d65b57a2334	Using FULLTEXT search for universal parameter: app
20250527	13:39:18	2997538e-40aa-485a-8b25-28f653a2dfe8	No results found for search parameters
20250527	13:39:25	ec52ea0e-c063-415b-87bd-5b3b4aa8be97	Starting stock search with parameters: universal=sta, equipmentNumber=, partNumber=
20250527	13:39:25	ee7183d2-086f-4715-b5d2-f01fec1736f9	Using FULLTEXT search for universal parameter: sta
20250527	13:39:25	878ab5d2-7853-46e9-858d-29235cbdcfc9	Successfully found 50 results for search parameters
20250527	14:54:53	7905a23a-e033-47cc-9db3-1aa0c6c31e31	Starting stock search with parameters: universal=cotton, equipmentNumber=, partNumber=
20250527	14:54:53	35e5438d-bbc7-4afc-96bc-3dbf9c6d075a	Using FULLTEXT search for universal parameter: cotton
20250527	14:54:53	d63a6154-ffb3-4d6f-9228-9f3c6401d69f	Successfully found 2 results for search parameters
20250527	16:02:47	7cbdf2d6-438a-41b2-ba74-0e907b6c0c88	Starting stock search with parameters: universal=cotton, equipmentNumber=, partNumber=
20250527	16:02:47	0a1c0c4a-80b4-4179-90d9-d15fa84ab825	Using FULLTEXT search for universal parameter: cotton
20250527	16:02:47	b53fdd6c-9a04-4035-a590-487fe7e3731f	Successfully found 2 results for search parameters
20250527	16:28:51	f4c96e83-145c-4951-92a6-fdd2b288393f	Starting stock search with parameters: universal=filter, equipmentNumber=, partNumber=
20250527	16:28:51	099bae6f-ca22-4d01-8285-38276a4a8b57	Using FULLTEXT search for universal parameter: filter
20250527	16:28:51	0426df3e-7d4f-46f6-a5a7-2118f5de32eb	Successfully found 50 results for search parameters
20250528	13:49:03	b9a8804b-c08e-47c3-a357-29315dbe5f1f	Using FULLTEXT search for universal parameter: c
20250528	13:49:03	02e0c501-a369-4952-86da-fcc6566e2267	Starting stock search with parameters: universal=c, equipmentNumber=undefined, partNumber=undefined
20250528	13:49:03	90d139ac-8cf5-4647-a44e-ab033683c90d	Successfully found 50 results for search parameters
20250528	13:49:15	808cffa1-767a-471c-8f66-e70229bd92b5	Starting stock search with parameters: universal=s, equipmentNumber=undefined, partNumber=undefined
20250528	13:49:15	3f7c2d92-580e-4e9b-94e0-4789ec8bcbbd	Using FULLTEXT search for universal parameter: s
20250528	13:49:15	7422c214-c0e8-4806-a9b4-668d319eea4d	Successfully found 50 results for search parameters
20250528	13:49:17	d09e07f7-55ce-443e-8450-485f187f1182	Starting stock search with parameters: universal=c, equipmentNumber=undefined, partNumber=undefined
20250528	13:49:17	36320230-3d1e-42c5-80b9-67857b236419	Using FULLTEXT search for universal parameter: c
20250528	13:49:17	7a2d764f-b243-4bfa-a3e3-f98fff0f3a08	Successfully found 50 results for search parameters
20250528	13:49:18	bfa0e5ec-9a16-48c3-9286-4e63be89773f	Starting stock search with parameters: universal=co, equipmentNumber=undefined, partNumber=undefined
20250528	13:49:18	04423f0c-8036-4d23-8d7e-b20f2191354a	Using FULLTEXT search for universal parameter: co
20250528	13:49:18	3db8fa03-2ce9-4bc2-a479-bf85a80b9a55	Successfully found 50 results for search parameters
20250528	13:49:18	a483be19-2528-4bd2-bf83-7290ae03c89a	Starting stock search with parameters: universal=cot, equipmentNumber=undefined, partNumber=undefined
20250528	13:49:18	3de1ceaa-b4df-438d-8709-6dab6bea6c25	Using FULLTEXT search for universal parameter: cot
20250528	13:49:18	8f6681d8-2db1-41e2-9dfa-5a0dcdaf899c	Successfully found 5 results for search parameters
20250528	13:49:18	44409cd6-fdf4-4c0d-993d-1ada035920b4	Starting stock search with parameters: universal=cott, equipmentNumber=undefined, partNumber=undefined
20250528	13:49:18	8598dc12-950e-4cbf-b0ff-06271b2960cf	Using FULLTEXT search for universal parameter: cott
20250528	13:49:18	745231e4-8170-4b48-981d-1bf45ffc40f7	Successfully found 4 results for search parameters
20250528	13:49:19	a2214374-6ece-40b5-93cc-c6024e865ef8	Starting stock search with parameters: universal=cotto, equipmentNumber=undefined, partNumber=undefined
20250528	13:49:19	013c7c4a-c31f-42de-a0dc-4ab62efcb7e7	Using FULLTEXT search for universal parameter: cotto
20250528	13:49:19	c8add2ca-cba9-4b8a-aad5-90160e7cee5c	Successfully found 2 results for search parameters
20250528	13:49:20	3c32838b-5891-4b18-9614-62b315244aec	Starting stock search with parameters: universal=cotton, equipmentNumber=undefined, partNumber=undefined
20250528	13:49:20	d1310a77-7360-4bf9-bc8a-1eb8147ed6ab	Using FULLTEXT search for universal parameter: cotton
20250528	13:49:20	47cf8130-d495-40b2-9252-9eece772ad80	Successfully found 2 results for search parameters
20250528	13:56:03	88fd2cd3-1726-44ce-8432-4b503a217e95	Starting stock search with parameters: universal=cotton, equipmentNumber=, partNumber=
20250528	13:56:03	123cb956-a78d-496b-907d-606640d66a89	Using FULLTEXT search for universal parameter: cotton
20250528	13:56:03	a7692034-a6c4-4207-8b4a-9bcfee7e2f0c	Successfully found 2 results for search parameters
20250528	13:58:21	d0185226-efef-49a8-8176-0434415bc061	Starting stock search with parameters: universal=fil, equipmentNumber=, partNumber=
20250528	13:58:21	3289fd20-6497-476e-8514-46375af91b0a	Using FULLTEXT search for universal parameter: fil
20250528	13:58:21	3301ef95-302b-44d1-a7d8-dda4a6915653	Successfully found 50 results for search parameters
20250528	15:08:32	5b8da375-292d-4cc8-a0c1-334ce3e1a78c	Starting stock search with parameters: universal=s, equipmentNumber=, partNumber=
20250528	15:08:32	b6930352-b0b9-49e6-8989-7a9a76f3d5ae	Using FULLTEXT search for universal parameter: s
20250528	15:08:32	6f2251c2-e432-4a3a-af95-e760e3f3df02	Successfully found 50 results for search parameters
20250528	16:21:21	aeda5e99-6c8c-4b5d-8546-d3a72847686c	Starting stock search with parameters: universal=cotton, equipmentNumber=, partNumber=
20250528	16:21:21	d061220c-a958-4e60-93be-8078dae71a11	Using FULLTEXT search for universal parameter: cotton
20250528	16:21:21	6478f7d2-bd1b-4e90-9cc6-7e53adada52e	Successfully found 2 results for search parameters
20250602	12:39:02	b7bf2b4e-0d7b-4548-b628-c9ec0b397f6f	Starting stock search with parameters: universal=cotton, equipmentNumber=, partNumber=
20250602	12:39:02	e24e5b39-586c-40f8-afff-fda2f33cef09	Using FULLTEXT search for universal parameter: cotton
20250602	12:39:02	a07ded98-0ffa-41bc-89c5-76dc1d481fca	Successfully found 2 results for search parameters
20250602	14:25:45	f33e7dfe-d137-4059-9f96-4950663859fa	Starting stock search with parameters: universal=co, equipmentNumber=, partNumber=
20250602	14:25:45	f4c4a5a0-5c64-498b-8b4c-9225223cc448	Using FULLTEXT search for universal parameter: co
20250602	14:25:45	62ea213e-6690-4f5c-9ce5-002752b9b6eb	Successfully found 50 results for search parameters
20250602	14:25:47	bc18cd39-5a88-4cf0-9593-94617fb65b1a	Using FULLTEXT search for universal parameter: cotton 
20250602	14:25:47	aae26f89-f5bb-420a-9d98-cf9868b7e83b	Starting stock search with parameters: universal=cotton , equipmentNumber=, partNumber=
20250602	14:25:47	2dc76c7b-4291-49b4-887b-c7018875eed5	Successfully found 2 results for search parameters
20250602	16:04:47	b86458a9-7a6a-4816-893d-dd601980a80d	Starting stock search with parameters: universal=cotton, equipmentNumber=, partNumber=
20250602	16:04:47	578374e5-19bd-46f5-81d1-fcd0b1b52d5e	Using FULLTEXT search for universal parameter: cotton
20250602	16:04:47	dd06801c-8bdd-4c74-961e-eb46e2dbdc38	Successfully found 2 results for search parameters
20250602	16:13:42	5d2f56b9-6156-4815-8a95-f5ab40557731	Starting stock search with parameters: universal=cotton, equipmentNumber=, partNumber=
20250602	16:13:42	1f84f8ca-ee8b-4e02-bd40-1517e9f7c675	Using FULLTEXT search for universal parameter: cotton
20250602	16:13:42	71b8634c-a6e0-4c49-ae71-36678b41c08a	Successfully found 2 results for search parameters
20250603	11:29:52	37eaf599-d7c5-4486-a023-5df9d1486e77	Starting stock search with parameters: universal=cotton, equipmentNumber=, partNumber=
20250603	11:29:52	5139ad5d-aafc-4174-babd-f127a09fde65	Using FULLTEXT search for universal parameter: cotton
20250603	11:29:52	558a38ce-462c-4e06-bf48-4e04d20b2fbb	Successfully found 2 results for search parameters
20250603	11:30:17	6aff6910-382d-47a3-adab-51f9d27d899f	Fetching item details for ID: 1839
20250603	11:30:17	969b22b1-8bb3-452c-9d4a-71a8f9e7e964	Successfully fetched item details for ID: 1839
20250603	11:30:24	05d1e783-9f30-4d54-b9f6-1ee0e9992c87	Starting stock search with parameters: universal=co, equipmentNumber=, partNumber=
20250603	11:30:24	706e18c4-9644-4f13-ab6e-aadee2da4e28	Using FULLTEXT search for universal parameter: co
20250603	11:30:24	8a9788d8-b308-42c7-a83f-b8e876257946	Successfully found 50 results for search parameters
20250603	11:30:55	b0abed46-ed86-4777-a953-4fdef9c7b731	Starting stock search with parameters: universal=cotton, equipmentNumber=, partNumber=
20250603	11:30:55	6b699c06-7223-40ff-885d-7e0751e30a5c	Using FULLTEXT search for universal parameter: cotton
20250603	11:30:55	176531a5-95f0-4231-89b3-18d7a21c2f3d	Successfully found 2 results for search parameters
20250603	11:32:31	7623d7a2-da5c-4162-9957-f6c8f1654963	Starting stock search with parameters: universal=v, equipmentNumber=, partNumber=
20250603	11:32:31	84cac6a6-709c-4936-8018-c542a3b08c9a	Using FULLTEXT search for universal parameter: v
20250603	11:32:31	59db0dc5-5385-4496-a0c9-28928a1f7572	Successfully found 50 results for search parameters
20250603	11:32:35	c4f18615-d4a6-4b26-8b1f-4d180b9dce5a	Starting stock search with parameters: universal=cotton, equipmentNumber=, partNumber=
20250603	11:32:35	696188c5-7a39-45e8-9098-196352ba0e39	Using FULLTEXT search for universal parameter: cotton
20250603	11:32:35	8794ffde-b23d-42da-b04d-9484d98cd859	Successfully found 2 results for search parameters
20250603	11:33:00	7b27b1fd-b268-48b3-8bae-fa28c00218fb	Starting stock search with parameters: universal=filter, equipmentNumber=, partNumber=
20250603	11:33:00	72da6999-31d8-4291-b243-70402f913fc1	Using FULLTEXT search for universal parameter: filter
20250603	11:33:00	df001873-bda3-4b1f-b529-35087d49f61b	Successfully found 50 results for search parameters
20250603	16:36:30	1b0ae6fc-cfdb-4c6b-9959-3433a9c4e533	Starting stock search with parameters: universal=c, equipmentNumber=, partNumber=
20250603	16:36:30	d9275ec9-09ab-4538-83c4-7b58e3610055	Using FULLTEXT search for universal parameter: c
20250603	16:36:30	2aaaf4b0-988e-4c29-9772-5a748bddc7be	Successfully found 50 results for search parameters
20250603	16:36:31	b060b908-2d7b-4705-be5e-091f6586244f	Starting stock search with parameters: universal=cotton, equipmentNumber=, partNumber=
20250603	16:36:31	df36cadf-3012-4811-88d0-bc43625d2c1e	Using FULLTEXT search for universal parameter: cotton
20250603	16:36:31	a8b75ef8-90e2-4a6b-bdeb-3f15c6769cf0	Successfully found 2 results for search parameters
20250603	16:48:52	c9d58b06-180f-4993-9154-eaade462c5f6	Starting stock search with parameters: universal=cotton, equipmentNumber=, partNumber=
20250603	16:48:52	f91a918a-b565-4a3f-92fc-ded25482cffc	Using FULLTEXT search for universal parameter: cotton
20250603	16:48:52	89e30e0e-f5fc-4589-8866-a4e7f19b097f	Successfully found 2 results for search parameters
20250604	10:09:18	7ef0d667-b6bd-47e5-80c9-3d2d9389ddb3	Starting stock search with parameters: universal=cotton, equipmentNumber=, partNumber=
20250604	10:09:18	1425387a-30ba-4a2a-8fcc-1b431c2e7b69	Using FULLTEXT search for universal parameter: cotton
20250604	10:09:18	25470b84-828e-428e-ae2b-88cef53a9a58	Successfully found 2 results for search parameters
20250604	10:09:43	2cb79c3a-40d2-45db-abf1-31dcbf3f4e3c	Starting stock search with parameters: universal=cotton gloves, equipmentNumber=, partNumber=
20250604	10:09:43	e7fc37a7-fa25-4694-9954-ce75fe50d946	Using FULLTEXT search for universal parameter: cotton gloves
20250604	10:09:43	75988a90-c3a4-40e8-8994-07b57a07aadc	Successfully found 4 results for search parameters
20250604	10:32:24	e9a81f82-7ac3-4750-8fea-c7d56a93e18f	Starting stock search with parameters: universal=c, equipmentNumber=, partNumber=
20250604	10:32:24	74b6d273-05f3-40a5-889d-6430b799a0d6	Using FULLTEXT search for universal parameter: c
20250604	10:32:24	1ad10b3c-edc6-4309-830e-d090c4a14ade	Successfully found 50 results for search parameters
20250604	10:32:26	30bed04e-9821-4b32-8ec5-7b7d75d39956	Starting stock search with parameters: universal=cotton, equipmentNumber=, partNumber=
20250604	10:32:26	2a2f0187-d003-4e7d-b856-d5f27c50ba8f	Using FULLTEXT search for universal parameter: cotton
20250604	10:32:26	f3d29cde-decc-4a2b-bd2a-ccfc58a61a91	Successfully found 2 results for search parameters
20250604	10:33:09	f4c7da30-576c-4566-b1d6-34d0a822d384	Starting stock search with parameters: universal=cott, equipmentNumber=, partNumber=
20250604	10:33:09	001f6840-93f7-4fd3-8145-eb5664695371	Using FULLTEXT search for universal parameter: cott
20250604	10:33:09	837e1786-dc3a-43fb-99d4-65dcb8b5f2b3	Successfully found 4 results for search parameters
20250604	10:33:14	6d042c98-2f24-488b-b7bf-e0f948ccd94c	Starting stock search with parameters: universal=cotton, equipmentNumber=, partNumber=
20250604	10:33:14	1df5eb09-b1c3-4f89-80d5-d1b1776cb332	Using FULLTEXT search for universal parameter: cotton
20250604	10:33:14	36815a37-7c8e-4aba-87ee-ba2a3b6c761d	Successfully found 2 results for search parameters
20250604	10:34:04	e9b987f9-e2a2-4c19-8765-2f28b4dc8bcf	Starting stock search with parameters: universal=a, equipmentNumber=, partNumber=
20250604	10:34:04	7edb8530-6722-4a9d-9ebe-79f25947681a	Using FULLTEXT search for universal parameter: a
20250604	10:34:04	5d4b8bf0-e837-4b14-9555-13d4366e87d4	Successfully found 50 results for search parameters
20250604	10:34:07	7710d351-56a0-4322-a6c9-2bbb894b8971	Using FULLTEXT search for universal parameter: cotton
20250604	10:34:07	f2ad6e92-ece5-4d3e-8032-fb2c3a19cb37	Starting stock search with parameters: universal=cotton, equipmentNumber=, partNumber=
20250604	10:34:07	b7d30d20-6aa9-414d-8ef7-09279bfe0f09	Successfully found 2 results for search parameters
20250604	10:35:03	b11220d3-c311-41a0-b4b2-d011b7b340b6	Starting stock search with parameters: universal=cotton glove, equipmentNumber=, partNumber=
20250604	10:35:03	9e1e8847-532e-430f-866d-e75a281e50dd	Using FULLTEXT search for universal parameter: cotton glove
20250604	10:35:03	4a06a916-3632-4ed7-8b08-e6d8ea4b96f2	Successfully found 5 results for search parameters
20250604	10:35:07	dcaf60c5-3298-43c9-92a5-ffc18611cda8	Using FULLTEXT search for universal parameter: cotton gloves
20250604	10:35:07	4497cf37-8a20-4e2e-b6f4-7a8ed29c4d50	Starting stock search with parameters: universal=cotton gloves, equipmentNumber=, partNumber=
20250604	10:35:07	d8e8b2c4-6d84-4193-ad43-37b68048f428	Successfully found 4 results for search parameters
20250604	10:35:36	1c7352da-efaf-48ce-84d4-209fc930ea2f	Starting stock search with parameters: universal=-, equipmentNumber=, partNumber=
20250604	10:35:36	806146c1-7c8d-4b20-81d1-fec2c71baa38	Using FULLTEXT search for universal parameter: -
20250604	10:35:36	1b94a190-0391-4708-abe1-494c3b2e78c9	Search error: syntax error, unexpected $end, expecting FTS_TERM or FTS_NUMB or '*'
20250604	10:35:36	93e394c8-944e-46f7-8b3e-994109555f19	Database error during search: syntax error, unexpected $end, expecting FTS_TERM or FTS_NUMB or '*'
20250604	10:35:39	5cc92503-2a73-4b0d-a7c2-9640a9c0c4be	Starting stock search with parameters: universal=mask, equipmentNumber=, partNumber=
20250604	10:35:39	3302a45e-5b43-4891-bd36-ecdf3c260183	Using FULLTEXT search for universal parameter: mask
20250604	10:35:39	bc7b0099-bba2-4633-9bef-5595b001b35d	Successfully found 3 results for search parameters
20250604	10:35:44	fb31b139-3328-41c5-afca-8aa18e263e69	Starting stock search with parameters: universal=cotton, equipmentNumber=, partNumber=
20250604	10:35:44	35bb4623-1c8a-46c3-a23f-f34f2a86f226	Using FULLTEXT search for universal parameter: cotton
20250604	10:35:44	0ee13316-8e50-4569-a619-4847a05d7319	Successfully found 2 results for search parameters
20250604	10:53:21	ebbf5966-91b0-48b2-861a-321b1ce4b982	Starting stock search with parameters: universal=cotton v, equipmentNumber=, partNumber=
20250604	10:53:21	88993652-d417-45c0-bf86-4609d6bad808	Using FULLTEXT search for universal parameter: cotton v
20250604	10:53:21	bc542f1d-e4d8-4de3-9c20-4564edf2817d	Successfully found 50 results for search parameters
20250604	10:53:33	c7e1443d-37c2-406b-88a8-518a71a5c91d	Starting stock search with parameters: universal=cotton, equipmentNumber=, partNumber=
20250604	10:53:33	8147b1f9-9b99-448e-8bfd-e0380c945ca7	Using FULLTEXT search for universal parameter: cotton
20250604	10:53:33	0d4b441b-884e-44bb-92f1-ebd20508f1a5	Successfully found 2 results for search parameters
20250604	10:54:26	0506abde-c6c1-434e-8147-c5eb334959b6	Starting stock search with parameters: universal=c, equipmentNumber=, partNumber=
20250604	10:54:26	b7cc7c3e-e89f-4cd5-99cc-7b5343789030	Using FULLTEXT search for universal parameter: c
20250604	10:54:26	6108f552-8e34-4083-b1bb-0f8f4031956b	Successfully found 50 results for search parameters
20250604	10:54:29	89a07d05-d35c-48b4-bf70-1a8d8f18f623	Starting stock search with parameters: universal=cotton, equipmentNumber=, partNumber=
20250604	10:54:29	41ceb02a-26c1-4382-bb99-a67589f991a3	Using FULLTEXT search for universal parameter: cotton
20250604	10:54:29	1b2cd0ca-2719-4961-8983-6620da366a64	Successfully found 2 results for search parameters
20250604	10:55:03	9edf6802-bd93-4624-bf0d-36e3e515e877	Starting stock search with parameters: universal=c, equipmentNumber=, partNumber=
20250604	10:55:03	be9f83ec-4a5e-4c69-aee3-692508b7b651	Using FULLTEXT search for universal parameter: c
20250604	10:55:03	d8b3fa20-916b-4129-8f4f-232f884badcf	Successfully found 50 results for search parameters
20250604	10:55:06	0adabd0a-b9ec-4054-b2f4-a4da04f7bf53	Starting stock search with parameters: universal=cotton, equipmentNumber=, partNumber=
20250604	10:55:06	91faf009-9049-4a8c-bac0-43626583cda8	Using FULLTEXT search for universal parameter: cotton
20250604	10:55:06	f0be9e38-e4ea-4212-a6e2-39242d9d0f9e	Successfully found 2 results for search parameters
20250604	10:55:21	a1fe80cc-7501-495d-915c-a0db927a69e3	Starting stock search with parameters: universal=cotto, equipmentNumber=, partNumber=
20250604	10:55:21	0f2bd9b7-4578-4883-91ee-cb9e16b97871	Using FULLTEXT search for universal parameter: cotto
20250604	10:55:21	2518cd14-58a1-4e4e-9f83-e15751fc2fa6	Successfully found 2 results for search parameters
20250604	10:55:24	defca715-c065-4bf3-899d-3dd5d1d8c62c	Starting stock search with parameters: universal=cottom, equipmentNumber=, partNumber=
20250604	10:55:24	ab308439-e2f5-4ce0-891f-25c73f6701f9	Using FULLTEXT search for universal parameter: cottom
20250604	10:55:24	bd8cff2c-2e45-44ca-919f-49d01dc72583	No results found for search parameters
20250604	10:55:25	9c0576de-5b3a-40f0-8e92-2bc02746f076	Using FULLTEXT search for universal parameter: cotto
20250604	10:55:25	2a4a01ba-f918-4ca8-a59e-08f81d1b674b	Starting stock search with parameters: universal=cotto, equipmentNumber=, partNumber=
20250604	10:55:25	cdc71e1f-d1c6-423d-938f-210002540a69	Successfully found 2 results for search parameters
20250604	10:58:31	fb94306e-0890-4212-ab77-fbdbefd0bd59	Starting stock search with parameters: universal=cotton, equipmentNumber=, partNumber=
20250604	10:58:31	d8bb77e4-780c-489d-86b2-7a868a8d974f	Using FULLTEXT search for universal parameter: cotton
20250604	10:58:31	abc3b82a-268e-420f-9a68-eb55d9a83f02	Successfully found 2 results for search parameters
20250604	10:59:02	61ebc205-1422-4c6a-b99d-ef2107f643dc	Starting stock search with parameters: universal=c, equipmentNumber=, partNumber=
20250604	10:59:02	bb9c9247-a8f0-4b8a-93da-070dc613c23c	Using FULLTEXT search for universal parameter: c
20250604	10:59:02	54e0227a-a983-40ff-b8e8-358c9b803ecd	Successfully found 50 results for search parameters
20250604	10:59:03	2b86df8c-1028-4f74-a9ca-fe7855a2a716	Starting stock search with parameters: universal=cotton, equipmentNumber=, partNumber=
20250604	10:59:03	e1731db9-b011-4805-8155-cd5ee8886ab9	Using FULLTEXT search for universal parameter: cotton
20250604	10:59:03	e65eee44-2327-4730-9dc0-171b5adebb7d	Successfully found 2 results for search parameters
20250604	10:59:16	1aea6267-2066-48ac-a8c2-c042a466e923	Starting stock search with parameters: universal=cotto, equipmentNumber=, partNumber=
20250604	10:59:16	13e79bd5-1a98-469c-bf1e-1cc41d6327db	Using FULLTEXT search for universal parameter: cotto
20250604	10:59:16	f3dd8bbf-5d63-42c9-bbc4-7f4545725396	Successfully found 2 results for search parameters
20250604	10:59:17	a3777cec-2c73-4f86-ab5f-1533a4be9e60	Starting stock search with parameters: universal=cotton, equipmentNumber=, partNumber=
20250604	10:59:17	4e297ece-b317-4289-a481-ef4e23b1fdb3	Using FULLTEXT search for universal parameter: cotton
20250604	10:59:17	0c07fbd3-45e5-4fa5-80f6-3b12981d655e	Successfully found 2 results for search parameters
20250604	10:59:21	f355bad7-9b71-40d8-ae26-ff7f46ca2886	Starting stock search with parameters: universal=cotton gloves, equipmentNumber=, partNumber=
20250604	10:59:21	3e827429-7750-4cc3-a53b-92b069114fea	Using FULLTEXT search for universal parameter: cotton gloves
20250604	10:59:21	414f25cf-61fc-49cc-b0f6-10ac07e938ad	Successfully found 4 results for search parameters
20250604	11:01:17	260849ee-5060-4931-b2b5-8ab3b4e62117	Starting stock search with parameters: universal=c, equipmentNumber=, partNumber=
20250604	11:01:17	3c47c555-86e9-43da-821f-273a73589391	Using FULLTEXT search for universal parameter: c
20250604	11:01:17	19f8914f-5efe-47d5-9908-391ffd8c0cb1	Successfully found 50 results for search parameters
20250604	11:01:18	5c1ff067-add2-40cf-b8de-f8d709dbab77	Starting stock search with parameters: universal=cotton, equipmentNumber=, partNumber=
20250604	11:01:18	1988a2c0-32b1-4411-903f-2fc8ee53f34a	Using FULLTEXT search for universal parameter: cotton
20250604	11:01:18	3982adb5-d13b-46be-b56a-e4214ce5d264	Successfully found 2 results for search parameters
20250604	11:01:41	a5e6a016-ff0f-4686-a7e4-cdf825b4ebec	Starting stock search with parameters: universal=cotton, equipmentNumber=, partNumber=
20250604	11:01:41	366b7d14-707c-453c-a990-667f61c9b81c	Using FULLTEXT search for universal parameter: cotton
20250604	11:01:41	53b9c402-7da7-4fb5-bcca-f9515ead6392	Successfully found 2 results for search parameters
20250604	11:03:13	bf90dda6-e1a1-48d9-bdfb-26982870111f	Starting stock search with parameters: universal=cott, equipmentNumber=, partNumber=
20250604	11:03:13	66c59bba-e2d4-4127-bcb7-c89b1c6c43d5	Using FULLTEXT search for universal parameter: cott
20250604	11:03:13	4d1280d7-0c32-4fe6-9266-a4a74810ee8f	Successfully found 4 results for search parameters
20250604	11:03:17	8917109b-cfa1-4c22-a9b4-04e342ba0efc	Starting stock search with parameters: universal=cot, equipmentNumber=, partNumber=
20250604	11:03:17	1d51952b-991d-499a-a474-332c357e14f4	Using FULLTEXT search for universal parameter: cot
20250604	11:03:17	5838ef7b-3420-47c9-bd44-ca92d6c4fe80	Successfully found 5 results for search parameters
20250604	11:04:21	50c0931b-1530-4970-9e05-fc730b2e3a5d	Using FULLTEXT search for universal parameter: cotton
20250604	11:04:21	a7794bcd-d4eb-45b6-b3a3-2c9dbd083e12	Starting stock search with parameters: universal=cotton, equipmentNumber=, partNumber=
20250604	11:04:21	4069836b-6c86-4037-8cda-c8e8b130bdd9	Successfully found 2 results for search parameters
20250604	11:04:31	82f4ca59-6305-4b04-b7de-9efbd92f3a62	Starting stock search with parameters: universal=cotton, equipmentNumber=, partNumber=
20250604	11:04:31	6f646698-1494-4466-b92b-6f66f90dc399	Using FULLTEXT search for universal parameter: cotton
20250604	11:04:31	4e9babc8-b9ab-4d08-bd77-250ccd62c14b	Successfully found 2 results for search parameters
20250604	11:07:28	86ff1c8d-564b-4785-9501-f66a0df97bec	Starting stock search with parameters: universal=c, equipmentNumber=, partNumber=
20250604	11:07:28	c113ea8d-1534-491f-a652-f19107164c96	Using FULLTEXT search for universal parameter: c
20250604	11:07:28	58c7afa2-5187-4d58-81eb-88dbf4dad85c	Successfully found 50 results for search parameters
20250604	11:07:29	4bda2e6a-a9a5-4cba-abfa-d10c9b29db4b	Starting stock search with parameters: universal=co, equipmentNumber=, partNumber=
20250604	11:07:29	d9f97cfb-2312-41a6-8fb4-a1e400847802	Using FULLTEXT search for universal parameter: co
20250604	11:07:29	7ad15323-b072-4cae-96c8-1a20eb62282d	Successfully found 50 results for search parameters
20250604	11:07:31	340954ee-0db4-49f8-8c2d-c6b394100484	Starting stock search with parameters: universal=cotton, equipmentNumber=, partNumber=
20250604	11:07:31	c075880d-529f-4ae4-bb99-7cfd21d10c39	Using FULLTEXT search for universal parameter: cotton
20250604	11:07:31	69490d5f-be0f-4ca8-9bd9-4b9f6ba80fcd	Successfully found 2 results for search parameters
20250604	11:07:57	fca76f63-e0cd-4f85-a9f0-8d718cab976d	Starting stock search with parameters: universal=c, equipmentNumber=, partNumber=
20250604	11:07:57	d6d013ab-76dd-46bb-ac03-56f07c4d23f4	Using FULLTEXT search for universal parameter: c
20250604	11:07:57	57796a1f-3bcb-4b59-80ad-e16e639d59e6	Successfully found 50 results for search parameters
20250604	11:07:58	2b6ba28c-c0e2-4076-9376-6f2c375f9b8e	Starting stock search with parameters: universal=coto, equipmentNumber=, partNumber=
20250604	11:07:58	570641f6-b20f-45fa-be83-28b0ef3392fc	Using FULLTEXT search for universal parameter: coto
20250604	11:07:58	11df3b0e-a4bf-494d-8e56-b268b15f6b87	No results found for search parameters
20250604	11:07:59	dc22d76c-3032-4a1f-8ea5-79c7967dc805	Starting stock search with parameters: universal=cotton, equipmentNumber=, partNumber=
20250604	11:07:59	de58531f-ecc6-475c-a78c-94c4b2d1daac	Using FULLTEXT search for universal parameter: cotton
20250604	11:07:59	1265f393-ed9d-4198-8b78-a451acb60c18	Successfully found 2 results for search parameters
20250604	11:08:31	9b7baa52-1c5f-42b6-af3c-8636b4c3cc65	Starting stock search with parameters: universal=c, equipmentNumber=, partNumber=
20250604	11:08:31	5ef35004-3d66-42b8-8606-f5d71853b7e1	Using FULLTEXT search for universal parameter: c
20250604	11:08:31	292c4eb4-34d6-4192-87a1-95769e20fc93	Successfully found 50 results for search parameters
20250604	11:08:32	8f4cb8d9-e3c5-4b4c-a2ca-2ab3c3524a15	Starting stock search with parameters: universal=cotton, equipmentNumber=, partNumber=
20250604	11:08:32	03a2432a-fbac-4e73-be33-d4921a8474a1	Using FULLTEXT search for universal parameter: cotton
20250604	11:08:32	521b5edd-06cc-481c-afd3-6c42c7ce2aa2	Successfully found 2 results for search parameters
20250604	11:18:53	340dc0ae-8275-4872-a6f7-9dc56998a4cb	Starting stock search with parameters: universal=c, equipmentNumber=, partNumber=
20250604	11:18:53	f7268ce2-c341-48e2-8716-e8251c7395a3	Using FULLTEXT search for universal parameter: c
20250604	11:18:53	e3382743-a5c9-44db-876c-a9ad56f88bc9	Successfully found 50 results for search parameters
20250604	11:18:54	0b1c940c-ace6-4891-8a2c-6e4de64c69a9	Starting stock search with parameters: universal=cotton, equipmentNumber=, partNumber=
20250604	11:18:54	4fd99844-ae8e-4359-b2c2-8ea08e76bb44	Using FULLTEXT search for universal parameter: cotton
20250604	11:18:54	827cfca5-092a-49d7-a04d-026a6d5b168c	Successfully found 2 results for search parameters
20250604	11:19:20	890091f7-3250-4088-bcb0-9d31d806c1af	Starting stock search with parameters: universal=c, equipmentNumber=, partNumber=
20250604	11:19:20	89a202ff-6e5b-485d-941d-1717fa66a57e	Using FULLTEXT search for universal parameter: c
20250604	11:19:20	47f4167e-1f99-4459-8a32-cda4cd8ee20e	Successfully found 50 results for search parameters
20250604	11:19:21	55bc11b5-29eb-4d52-a550-a13e81105b79	Starting stock search with parameters: universal=cotton, equipmentNumber=, partNumber=
20250604	11:19:21	3dcf7d16-6ab1-4fc7-b0b6-5e8bdb337866	Using FULLTEXT search for universal parameter: cotton
20250604	11:19:21	c9cc87d6-3943-45a5-97a2-c29e0282b645	Successfully found 2 results for search parameters
20250604	11:19:41	7486b4ff-ad2c-480b-bffc-6611d6bde3cb	Starting stock search with parameters: universal=c, equipmentNumber=, partNumber=
20250604	11:19:41	a7e97b45-e223-4ac1-9a79-25a59ac17e90	Using FULLTEXT search for universal parameter: c
20250604	11:19:41	7dc24192-5242-44cc-a083-9ef19b8e7aab	Successfully found 50 results for search parameters
20250604	11:19:42	64660674-81d5-44b8-88cc-052da948502f	Starting stock search with parameters: universal=cotton, equipmentNumber=, partNumber=
20250604	11:19:42	2d6bd6de-e113-47bd-ad49-f76cefa8a5a7	Using FULLTEXT search for universal parameter: cotton
20250604	11:19:42	89c04bb8-ee99-48d5-abdd-484204c54df7	Successfully found 2 results for search parameters
20250604	11:28:36	171f6c8d-f4b2-4a91-9eee-2d5a404813bb	Starting stock search with parameters: universal=cotton , equipmentNumber=, partNumber=
20250604	11:28:36	20ebc521-4a7a-4b5e-a8b5-2ae471f0ba08	Using FULLTEXT search for universal parameter: cotton 
20250604	11:28:36	34ca12ac-80eb-4804-b556-cf7d5512bdcd	Successfully found 2 results for search parameters
20250604	11:29:27	4f1821ab-b2b4-4f2c-b01d-94f819af6b94	Starting stock search with parameters: universal=search, equipmentNumber=, partNumber=
20250604	11:29:27	766fd25a-a179-4258-863b-d8445ef8f33a	Using FULLTEXT search for universal parameter: search
20250604	11:29:27	5f41ce84-7e33-478b-bff8-3a1f4d315360	No results found for search parameters
20250604	11:29:30	519c2057-e386-4a1c-9684-1a0f3f133980	Starting stock search with parameters: universal=cotton, equipmentNumber=, partNumber=
20250604	11:29:30	10037fec-ec0d-4088-aa66-1e9519263139	Using FULLTEXT search for universal parameter: cotton
20250604	11:29:30	cdbbe5de-9d90-4a04-9ae1-acb05de4891b	Successfully found 2 results for search parameters
20250604	11:29:31	07642f8d-eb16-4455-8b74-f69d437350cf	Fetching item details for ID: 2932
20250604	11:29:31	e02eff59-5d3f-43d4-828f-648d924f3d2b	Successfully fetched item details for ID: 2932
20250604	11:29:33	eb7df164-456a-4f3a-825d-16bb07ad3476	Fetching item details for ID: 1839
20250604	11:29:33	d8732891-2dc9-4d4d-baa3-fb42420daf59	Successfully fetched item details for ID: 1839
20250609	11:00:38	fd7baa30-ba7d-4650-8605-d547c59d0fc4	Starting stock search with parameters: universal=cotton, equipmentNumber=, partNumber=
20250609	11:00:38	f1c8e22a-fc0d-4932-9b73-02cdb676bb73	Using FULLTEXT search for universal parameter: cotton
20250609	11:00:38	9a5deab1-9556-4303-855d-24062f708481	Successfully found 2 results for search parameters
20250609	11:03:03	8b66b458-25de-4523-b610-b507cb53c4fc	Using FULLTEXT search for universal parameter: cotton
20250609	11:03:03	32957acd-1d71-4902-91db-174cb5bc6950	Starting stock search with parameters: universal=cotton, equipmentNumber=, partNumber=
20250609	11:03:03	78c9254f-decc-4d6d-a151-1be437891f29	Successfully found 2 results for search parameters
20250609	13:58:31	62a0df75-2956-4139-9900-419e567968e8	Starting stock search with parameters: universal=cot, equipmentNumber=, partNumber=
20250609	13:58:31	89aab9f5-80c2-4ac8-9528-617c57214fb4	Using FULLTEXT search for universal parameter: cot
20250609	13:58:31	dc6d33e7-98e0-42ae-ba43-548498f99647	Successfully found 5 results for search parameters
20250609	13:58:52	959961e9-ff10-41b2-86b0-20b6757a3c31	Starting stock search with parameters: universal=cotton, equipmentNumber=, partNumber=
20250609	13:58:52	1ba82bef-3702-43c1-ac7b-a8b9bd5c7028	Using FULLTEXT search for universal parameter: cotton
20250609	13:58:52	82263a54-9270-4365-b825-b1ad788a5dd1	Successfully found 2 results for search parameters
20250609	13:59:07	161daab7-350e-46a5-892f-c90a8f52da90	Starting stock search with parameters: universal=cotton gloved, equipmentNumber=, partNumber=
20250609	13:59:07	30b78ce6-7d8c-4ed7-bb47-f12fc9e59da4	Using FULLTEXT search for universal parameter: cotton gloved
20250609	13:59:07	4c35f764-dfe3-4ad6-9a29-5afd07b81ecd	Successfully found 2 results for search parameters
20250609	15:15:06	ffb8817c-c7ce-4917-8012-1bc2ce886f20	Starting stock search with parameters: universal=cotton, equipmentNumber=, partNumber=
20250609	15:15:06	a4c4e9e4-ef63-4c65-abd4-976fbcab48bf	Using FULLTEXT search for universal parameter: cotton
20250609	15:15:06	1c42e12c-f4e7-424b-89c6-15ba9be2abad	Successfully found 2 results for search parameters
20250609	15:34:18	7c2b3344-699f-4dc6-96f5-4ebb8beb63fc	Starting stock search with parameters: universal=cotton, equipmentNumber=, partNumber=
20250609	15:34:18	f4efc240-db12-4deb-b893-20167769b70b	Using FULLTEXT search for universal parameter: cotton
20250609	15:34:18	aa2753d3-f42d-45cd-a8f5-8e5aa9e5b08d	Successfully found 2 results for search parameters
20250609	15:42:40	3c5e96ed-6fd8-4aa9-a3dd-ad7df0e34427	Starting stock search with parameters: universal=cotton, equipmentNumber=, partNumber=
20250609	15:42:40	197079fa-437d-4d8a-871c-11ba770bb77b	Using FULLTEXT search for universal parameter: cotton
20250609	15:42:40	8cf922e1-1733-40c2-b88b-ce615de69fb9	Successfully found 2 results for search parameters
20250609	15:43:28	6751183d-4b80-4ccc-a4c6-4b503dc5973a	Starting stock search with parameters: universal=cotton, equipmentNumber=, partNumber=
20250609	15:43:28	cf947b5b-76a5-41b2-8828-4069188c5534	Using FULLTEXT search for universal parameter: cotton
20250609	15:43:28	7f76cf9b-393c-42d1-be41-ffcf9eb4364e	Successfully found 2 results for search parameters
20250609	15:44:26	884f68fe-acac-49c1-a88e-d1675866bac9	Starting stock search with parameters: universal=issue, equipmentNumber=, partNumber=
20250609	15:44:26	ae34a592-be66-4a36-9648-1a7b4cf4dea9	Using FULLTEXT search for universal parameter: issue
20250609	15:44:26	57d6ce4c-390e-4862-83d3-0e0cf860992f	No results found for search parameters
20250609	15:44:29	c510f068-61b5-4c15-9f11-faf265e5476a	Starting stock search with parameters: universal=cotton, equipmentNumber=, partNumber=
20250609	15:44:29	10e37e44-fb9e-4ea3-a72e-2f8133d5371d	Using FULLTEXT search for universal parameter: cotton
20250609	15:44:29	a094ab51-478b-42f6-bc0b-a5826bd62de5	Successfully found 2 results for search parameters
20250609	15:50:28	2510da17-d457-4157-9329-107b319644af	Starting stock search with parameters: universal=c, equipmentNumber=, partNumber=
20250609	15:50:28	68d3971d-3c74-4c49-8082-c63811c23016	Using FULLTEXT search for universal parameter: c
20250609	15:50:28	d56ac586-1a10-4f38-ab1d-562d9c7b866e	Successfully found 50 results for search parameters
20250609	15:50:29	e0af2e47-41dd-49f3-8216-57be36d52eef	Starting stock search with parameters: universal=cotton, equipmentNumber=, partNumber=
20250609	15:50:29	eb69d23f-49ff-4496-90e7-16e3058a560d	Using FULLTEXT search for universal parameter: cotton
20250609	15:50:29	12ea09f7-ec3a-43fa-9fca-3b3c5478eb69	Successfully found 2 results for search parameters
20250609	15:54:17	b9d4dd19-5cc6-4cbf-961f-d5f180dacebe	Starting stock search with parameters: universal=c, equipmentNumber=, partNumber=
20250609	15:54:17	342b89c5-de0b-411d-a03b-d0b4c9bff059	Using FULLTEXT search for universal parameter: c
20250609	15:54:17	3660f03f-7c9c-4f09-a83c-d48eaa9f2fb1	Successfully found 50 results for search parameters
20250609	15:54:28	6fc09e5c-8403-40e2-9bcb-2301004bf307	Starting stock search with parameters: universal=cotton, equipmentNumber=, partNumber=
20250609	15:54:28	7ded08a4-e2d0-4860-a264-c2878e226a86	Using FULLTEXT search for universal parameter: cotton
20250609	15:54:28	0136fa34-d1cc-408e-85f5-f3d914533808	Successfully found 2 results for search parameters
20250609	15:55:12	24a2daea-15a6-435d-9c09-2f1dfc304605	Starting stock search with parameters: universal=c, equipmentNumber=, partNumber=
20250609	15:55:12	6e335bb9-cd84-47b0-a35c-c65374aad77c	Using FULLTEXT search for universal parameter: c
20250609	15:55:12	22470c6d-6909-4a2f-9e4c-1b5754d69a36	Successfully found 50 results for search parameters
20250609	15:55:14	f92cd865-a5a6-40c4-a76c-032a838bd76e	Starting stock search with parameters: universal=cotton, equipmentNumber=, partNumber=
20250609	15:55:14	ae4a5b6d-0157-404f-86bb-d900a068ee6e	Using FULLTEXT search for universal parameter: cotton
20250609	15:55:14	21b25081-924e-4a0d-b740-702e16e126a8	Successfully found 2 results for search parameters
20250609	15:56:39	788d57e3-dc12-41b9-b106-36727a169ea7	Starting stock search with parameters: universal=cotton, equipmentNumber=, partNumber=
20250609	15:56:39	28f59a03-eaca-4ac2-abc4-2bf393a88819	Using FULLTEXT search for universal parameter: cotton
20250609	15:56:39	8ff42e02-7e55-4123-b64e-d4e5ab65ddc7	Successfully found 2 results for search parameters
20250609	16:04:12	ca0bc7fd-2546-4cb1-b869-7edbe71cc0a5	Starting stock search with parameters: universal=shit, equipmentNumber=, partNumber=
20250609	16:04:12	8f61a4b4-4481-4057-b112-775914d96a3b	Using FULLTEXT search for universal parameter: shit
20250609	16:04:12	79e1038f-0e93-4177-a7a5-9a8f73d755fe	Successfully found 1 results for search parameters
20250609	16:04:18	5507d849-3528-41ab-97d9-f9d648f6942f	Starting stock search with parameters: universal=cotton, equipmentNumber=, partNumber=
20250609	16:04:18	3fb6b3d9-519f-42ea-ac2a-aec360215bb8	Using FULLTEXT search for universal parameter: cotton
20250609	16:04:18	afa67ed7-8b35-40ec-9816-8d22f103f7de	Successfully found 2 results for search parameters
20250609	16:08:52	94c253e2-b345-40be-bf49-0a4b75787662	Starting stock search with parameters: universal=cotton, equipmentNumber=, partNumber=
20250609	16:08:52	7f3e2e65-500c-42f3-8ae6-144fa328c138	Using FULLTEXT search for universal parameter: cotton
20250609	16:08:52	1b0545d2-5fda-46a3-9d60-0eaadc9c8a75	Successfully found 2 results for search parameters
20250609	16:20:52	32b61821-7c1d-4967-9f64-21e5cb5babfa	Starting stock search with parameters: universal=cotton glove, equipmentNumber=, partNumber=
20250609	16:20:52	d2230572-f1fa-4b82-a307-7e22ea4f8532	Using FULLTEXT search for universal parameter: cotton glove
20250609	16:20:52	e5b21144-3e07-40ba-bc4f-423568a788e5	Successfully found 5 results for search parameters
20250609	16:21:26	3266f9b9-2121-4aa9-9715-e2830e9aa961	Starting stock search with parameters: universal=cotton glov, equipmentNumber=, partNumber=
20250609	16:21:26	45023ba2-5633-4280-bd10-d44d61b86e83	Using FULLTEXT search for universal parameter: cotton glov
20250609	16:21:26	389a1840-89df-4f9a-866b-667570235624	Successfully found 5 results for search parameters
20250609	16:21:54	e4e0abe9-d90a-4a1f-9ad2-4bd4c194b258	Starting stock search with parameters: universal=rubber, equipmentNumber=, partNumber=
20250609	16:21:54	4bc549ea-26d7-47ba-9a3a-d65336216e72	Using FULLTEXT search for universal parameter: rubber
20250609	16:21:54	193db28e-afe1-4d71-8770-0d16866f555e	Successfully found 33 results for search parameters
20250609	16:21:57	6e3689ac-ce08-4ca2-97d6-a77f76043ba8	Starting stock search with parameters: universal=rubber glovers, equipmentNumber=, partNumber=
20250609	16:21:57	1869fbdc-2299-4edd-b249-888625013341	Using FULLTEXT search for universal parameter: rubber glovers
20250609	16:21:57	88858bc8-9318-4012-a6f1-11045d093058	Successfully found 33 results for search parameters
20250609	16:21:58	e0f34d89-be70-4f81-84f0-0d5e383d79cf	Starting stock search with parameters: universal=rubber gloves, equipmentNumber=, partNumber=
20250609	16:21:58	f7240fdf-c2ef-4f42-9a36-92e8c1f37980	Using FULLTEXT search for universal parameter: rubber gloves
20250609	16:21:58	d3aa4308-7d5d-4042-95e1-dcfcce03f0e3	Successfully found 35 results for search parameters
20250609	16:22:22	29717d22-dfea-463a-a4d1-c5afedc618b1	Starting stock search with parameters: universal=cotton, equipmentNumber=, partNumber=
20250609	16:22:22	14fbd07c-6180-41df-a8c3-c75ec74b06f7	Using FULLTEXT search for universal parameter: cotton
20250609	16:22:22	479e9099-bde3-46a3-ad12-3b6b7d67e672	Successfully found 2 results for search parameters
20250609	16:22:42	62e763ee-d907-4801-9e18-aa3364ae8b6e	Starting stock search with parameters: universal=cotton, equipmentNumber=, partNumber=
20250609	16:22:42	f5ed2f2a-b797-43b3-b64b-fca33ad8e3b6	Using FULLTEXT search for universal parameter: cotton
20250609	16:22:42	58ccb037-646b-46ff-ba65-1c1fad1a6f4d	Successfully found 2 results for search parameters
20250609	16:23:01	ae63ae9d-0f77-4922-b751-17324ada252d	Starting stock search with parameters: universal=cotton, equipmentNumber=, partNumber=
20250609	16:23:01	893f625f-a0c2-474d-b075-0091830d0c57	Using FULLTEXT search for universal parameter: cotton
20250609	16:23:01	d2aa2c83-eca3-421d-9b2f-45a7247e4af3	Successfully found 2 results for search parameters
20250609	16:23:21	08974071-5fc2-4468-8cbc-9d4d3bfe5e24	Using FULLTEXT search for universal parameter: c
20250609	16:23:21	15060f88-9386-4a91-a3cc-f77d4d19cfc9	Starting stock search with parameters: universal=c, equipmentNumber=, partNumber=
20250609	16:23:21	9c3f55d4-3a25-44ea-9b80-7fd2d01633b2	Successfully found 50 results for search parameters
20250609	16:23:22	a38719d4-4ece-4b46-8363-ce042bef785f	Using FULLTEXT search for universal parameter: cotton
20250609	16:23:22	6d7f35c9-4125-4090-9011-060773807666	Starting stock search with parameters: universal=cotton, equipmentNumber=, partNumber=
20250609	16:23:22	a25b0f5a-ab41-40b5-ab49-6782c719a5f0	Successfully found 2 results for search parameters
20250609	16:23:44	d621819e-ac50-4914-9c0f-cc00f8952514	Starting stock search with parameters: universal=cototn, equipmentNumber=, partNumber=
20250609	16:23:44	7e300b3a-771a-43ce-b151-d8ebc05c08c6	Using FULLTEXT search for universal parameter: cototn
20250609	16:23:44	1d985b4f-c683-49ed-99e2-c0d51d292011	No results found for search parameters
20250609	16:23:46	6d4b5b46-d15d-419d-af4e-37e491c0c3da	Starting stock search with parameters: universal=cotton, equipmentNumber=, partNumber=
20250609	16:23:46	fe055f2a-4fc7-428b-a9c7-7f9f6c80d685	Using FULLTEXT search for universal parameter: cotton
20250609	16:23:46	1d937dc1-1e31-4096-bc18-ff540e8fdee4	Successfully found 2 results for search parameters
20250609	16:24:19	4d02a4fa-eb6e-4b31-9544-6511f41011a9	Starting stock search with parameters: universal=c, equipmentNumber=, partNumber=
20250609	16:24:19	29c38841-5347-4f41-b682-31455d0ac007	Using FULLTEXT search for universal parameter: c
20250609	16:24:19	ab10b214-3e78-4877-887b-9dceba796a04	Successfully found 50 results for search parameters
20250609	16:24:20	c706a2b8-faa3-42f3-8ef7-70d75cea3d9b	Using FULLTEXT search for universal parameter: cotton
20250609	16:24:20	f9b05382-a9f7-4f69-8bd8-701c668533b2	Starting stock search with parameters: universal=cotton, equipmentNumber=, partNumber=
20250609	16:24:20	b39852fa-c57b-4f1b-ad8e-e6418efce563	Successfully found 2 results for search parameters
20250609	16:30:56	f4d109c7-a9c3-446d-9efc-11b371287d04	Starting stock search with parameters: universal=300, equipmentNumber=, partNumber=
20250609	16:30:56	ac0eaf01-9e9a-4a30-87e1-9bfe24ec98b2	Using FULLTEXT search for universal parameter: 300
20250609	16:30:56	05e350be-a533-4e8b-a30a-9e7a2971d1d2	Successfully found 50 results for search parameters
20250609	16:31:00	8fb92e11-18dd-4a3d-8028-8280622ed68f	Starting stock search with parameters: universal=cotton, equipmentNumber=, partNumber=
20250609	16:31:00	3c884286-f73c-4b48-8c7e-7142026a48cc	Using FULLTEXT search for universal parameter: cotton
20250609	16:31:00	fea9fce6-7ca4-487e-871e-90311592806c	Successfully found 2 results for search parameters
20250609	16:31:17	9cd4678a-0978-428b-b74e-442d1ec908ac	Starting stock search with parameters: universal=c, equipmentNumber=, partNumber=
20250609	16:31:17	3d6d1c77-1ede-403c-ae38-4c3e9cd92645	Using FULLTEXT search for universal parameter: c
20250609	16:31:17	8793a18e-78e7-4d0d-870a-3fa4498d0690	Successfully found 50 results for search parameters
20250609	16:31:18	2afa7996-532e-4c46-9863-4d9e28c2ae5e	Starting stock search with parameters: universal=cotton, equipmentNumber=, partNumber=
20250609	16:31:18	c4bd7081-ba19-4d64-a121-24aa0b865aa7	Using FULLTEXT search for universal parameter: cotton
20250609	16:31:18	aa52969d-a06f-406b-be2a-ad7a11d08eda	Successfully found 2 results for search parameters
20250609	16:31:36	9d5fab4c-55bf-4f00-b342-f2c1e2b88f8b	Starting stock search with parameters: universal=cotton, equipmentNumber=, partNumber=
20250609	16:31:36	e0c394dd-dd0b-4acf-adc7-7c47cf134a9b	Using FULLTEXT search for universal parameter: cotton
20250609	16:31:36	7272c14a-a291-424a-acca-56fa3a796dec	Successfully found 2 results for search parameters
20250609	16:32:03	33250a05-4c98-4e1c-883b-e24a7499d4bd	Starting stock search with parameters: universal=cotton, equipmentNumber=, partNumber=
20250609	16:32:03	26a4bba0-ab1b-48d9-b32e-6f263651e349	Using FULLTEXT search for universal parameter: cotton
20250609	16:32:03	b22f18fb-1821-48da-b21a-ba127c741868	Successfully found 2 results for search parameters
20250609	16:36:18	1bc54293-c485-46ac-a9a8-5109368528b2	Starting stock search with parameters: universal=cotton, equipmentNumber=, partNumber=
20250609	16:36:18	ebb00904-8897-4d42-bc3f-2d078ba20aca	Using FULLTEXT search for universal parameter: cotton
20250609	16:36:18	5c1c86dc-f202-4756-8f9b-fb06f3e8178b	Successfully found 2 results for search parameters
20250612	12:03:33	424a3fb3-1b93-418f-a90c-aec3a553004a	Starting stock search with parameters: universal=c, equipmentNumber=, partNumber=
20250612	12:03:33	89e674ea-7731-4fca-a679-2f1ff2438673	Using FULLTEXT search for universal parameter: c
20250612	12:03:33	76ecd290-2de0-4e08-b7a9-3b8576e1d2c5	Successfully found 50 results for search parameters
20250612	12:03:34	b343c528-5a4e-4299-b50e-718b5594a375	Starting stock search with parameters: universal=cotton, equipmentNumber=, partNumber=
20250612	12:03:34	de388a08-dacd-4dec-bb28-12a63c2ab9f8	Using FULLTEXT search for universal parameter: cotton
20250612	12:03:34	db9d9e41-089f-4d9b-81a1-47a34d483d38	Successfully found 2 results for search parameters
20250616	10:44:47	fb87aa0d-78ad-44a9-b123-414e7bf74210	Starting stock search with parameters: universal=00000, equipmentNumber=, partNumber=
20250616	10:44:47	dc913dad-2b70-4b21-a01f-f5d847739f70	Using FULLTEXT search for universal parameter: 00000
20250616	10:44:47	143a2c02-9c9a-41a7-9342-2ccd26d37c73	Successfully found 6 results for search parameters
20250616	10:44:51	8a6dbe1f-1fa0-4455-820d-e240b4416dd9	Starting stock search with parameters: universal=GT 00000, equipmentNumber=, partNumber=
20250616	10:44:51	8d68ced5-6800-4647-ac3b-6f8fb2281923	Using FULLTEXT search for universal parameter: GT 00000
20250616	10:44:51	d6c7f95a-9090-42cc-b701-09c438f8e391	Successfully found 6 results for search parameters
20250616	10:45:06	b5ef2577-fc6d-44a0-b646-7632d0fcb835	Starting stock search with parameters: universal=petrl, equipmentNumber=, partNumber=
20250616	10:45:06	5c3379d2-2bc0-4c07-b404-9b19651471b1	Using FULLTEXT search for universal parameter: petrl
20250616	10:45:06	bb939c40-c5b3-4bed-89aa-afd5c69e7c49	No results found for search parameters
20250616	10:45:07	3958c627-1a1e-4441-bbed-0e1ebd347346	Starting stock search with parameters: universal=pet, equipmentNumber=, partNumber=
20250616	10:45:07	d4b5ecb2-cf1c-404d-9654-d63c5cc1986f	Using FULLTEXT search for universal parameter: pet
20250616	10:45:07	28b82ca0-0cee-49fc-acd0-476f6ec47ba8	Successfully found 1 results for search parameters
20250620	11:56:07	d1fb2fb5-6649-446a-a01b-f416176538dc	Starting stock search with parameters: universal=04, equipmentNumber=, partNumber=
20250620	11:56:07	6b72fc5e-11aa-4f92-9358-7b1dbc581229	Using FULLTEXT search for universal parameter: 04
20250620	11:56:07	46174e51-7080-4216-9867-13ea62aea99a	Successfully found 50 results for search parameters
20250620	11:56:08	8cd883a9-6c18-4cc6-9fe7-3708a3f13a4f	Starting stock search with parameters: universal=0455, equipmentNumber=, partNumber=
20250620	11:56:08	b13f2d99-710e-4cca-9a11-b11ba52aed07	Using FULLTEXT search for universal parameter: 0455
20250620	11:56:08	c9abf012-2439-4ba1-9bf6-e72de6fdd3ce	Successfully found 1 results for search parameters
20250620	11:56:09	2a2434ba-a296-4808-98ba-18db7f9039f5	Starting stock search with parameters: universal=04552, equipmentNumber=, partNumber=
20250620	11:56:09	210c43da-2fe6-4160-a6c6-beb81aba76e0	Using FULLTEXT search for universal parameter: 04552
20250620	11:56:09	18664773-0405-47e4-8fee-6ace3175f838	Successfully found 1 results for search parameters
20250620	11:56:11	19ddfff4-bed0-484f-87d3-172160baaa66	Fetching item details for ID: 1839
20250620	11:56:11	26bde090-176f-433c-993e-66bc143b27e5	Successfully fetched item details for ID: 1839
20250620	11:57:03	041d0709-a952-402a-a6a7-15d85c8ef50a	Starting stock search with parameters: universal=455, equipmentNumber=, partNumber=
20250620	11:57:03	7a49fe96-6b78-40ec-bb52-149fd417f74b	Using FULLTEXT search for universal parameter: 455
20250620	11:57:03	88f5bb63-9a64-43d7-a242-e010fc56c76e	No results found for search parameters
20250620	11:57:04	566214de-d578-4c4e-aba6-b0a8e93f1ee4	Starting stock search with parameters: universal=4552, equipmentNumber=, partNumber=
20250620	11:57:04	298f31a8-6d0d-463e-bdf5-090571d999d0	Using FULLTEXT search for universal parameter: 4552
20250620	11:57:04	16b03210-b861-4a8f-ba55-cd9a4ddc0732	No results found for search parameters
20250620	11:57:07	0317cb2c-9b48-4ea5-8e78-4574deb160a0	Starting stock search with parameters: universal=04552, equipmentNumber=, partNumber=
20250620	11:57:07	ddc5a862-c5be-4bb6-bdcd-d285940608b0	Using FULLTEXT search for universal parameter: 04552
20250620	11:57:07	066c9707-db2f-4131-a265-2721bac13d68	Successfully found 1 results for search parameters
20250620	11:59:20	01743dd7-cffd-4ed8-bde5-c03c480ad5ae	Starting stock search with parameters: universal=0, equipmentNumber=, partNumber=
20250620	11:59:20	b11e9303-170e-4229-a708-bcbe0138816e	Using FULLTEXT search for universal parameter: 0
20250620	11:59:20	87c562a9-efc8-4de0-999d-3f76e121405b	Successfully found 50 results for search parameters
20250620	11:59:22	14c26808-072f-4b47-8565-19374ce93fd8	Starting stock search with parameters: universal=08145, equipmentNumber=, partNumber=
20250620	11:59:22	8d252c2e-76db-415f-a2e7-7bf438129ec0	Using FULLTEXT search for universal parameter: 08145
20250620	11:59:22	70bb66a7-aa07-4c90-a76c-e48157e235f7	Successfully found 1 results for search parameters
20250620	12:09:39	b3e8a79d-bb5e-40ab-b652-5e7c207dae8c	Starting stock search with parameters: universal=08145, equipmentNumber=, partNumber=
20250620	12:09:39	1fbace05-172d-4f69-98ff-4f33ba8903d9	Using FULLTEXT search for universal parameter: 08145
20250620	12:09:39	16559cce-a5ef-4267-8cb4-fffaef1439d0	Successfully found 1 results for search parameters
20250620	12:10:23	6c48cf33-2573-4ca8-89bb-5fcb0f7dcdb4	Starting stock search with parameters: universal=start, equipmentNumber=, partNumber=
20250620	12:10:23	8531040e-f47a-4cdc-9424-62385e33dfc3	Using FULLTEXT search for universal parameter: start
20250620	12:10:23	00f92cf2-ed3f-4d78-80e8-cc57a62157b0	Successfully found 50 results for search parameters
20250620	12:10:45	9dc09c92-ff57-4cfb-9212-d352350b351e	Starting stock search with parameters: universal=con, equipmentNumber=, partNumber=
20250620	12:10:45	604993db-5bbe-4aa9-b3fc-89f0254ff4be	Using FULLTEXT search for universal parameter: con
20250620	12:10:45	ddf3fa29-0d10-48d1-b1bc-63fbd3c19907	Successfully found 50 results for search parameters
20250620	12:10:47	6f0dee8c-e349-4387-bd6a-0abe73983c0d	Starting stock search with parameters: universal=consu, equipmentNumber=, partNumber=
20250620	12:10:47	3be2c2e6-655d-4998-b979-1e5370525abc	Using FULLTEXT search for universal parameter: consu
20250620	12:10:47	f7c03780-c38c-4a5e-a12c-dc33638f1566	Successfully found 50 results for search parameters
20250620	12:18:16	30fc12e6-af26-42d3-99f8-1a25e18c5f7a	Starting stock search with parameters: universal=081445, equipmentNumber=, partNumber=
20250620	12:18:16	da0a343b-15a5-4080-bbac-0f38c48ff5e6	Using FULLTEXT search for universal parameter: 081445
20250620	12:18:16	b6f67738-b973-42a6-a645-4c5d01026fed	No results found for search parameters
20250620	12:18:18	f32c74af-f5b5-4871-b681-be4942c585e8	Starting stock search with parameters: universal=0814, equipmentNumber=, partNumber=
20250620	12:18:18	fd724cc9-59d8-4fe4-89d8-bff690b09e39	Using FULLTEXT search for universal parameter: 0814
20250620	12:18:18	4f2d12bb-5e9d-4ee8-8575-6c2aad589590	Successfully found 1 results for search parameters
20250620	12:23:20	9fc66137-0b6f-4b56-997d-83fcc2cdf1aa	Starting stock search with parameters: universal=coo, equipmentNumber=, partNumber=
20250620	12:23:20	285e8ca9-29a9-4ee3-a836-c010d0d752d0	Using FULLTEXT search for universal parameter: coo
20250620	12:23:20	9e74474c-1c4c-4f45-b331-44d4f575ac64	Successfully found 26 results for search parameters
20250620	12:23:21	af1297c8-ce3b-46c3-b617-75d7887751fb	Starting stock search with parameters: universal=co, equipmentNumber=, partNumber=
20250620	12:23:21	d6011b1f-ece8-4a92-a69d-57c946eceaab	Using FULLTEXT search for universal parameter: co
20250620	12:23:21	d61716fb-0c1f-4c92-8912-d1455b224a86	Successfully found 50 results for search parameters
20250620	12:23:22	1dd9c958-7b08-4b12-a75f-3fe90277d419	Starting stock search with parameters: universal=cott, equipmentNumber=, partNumber=
20250620	12:23:22	8bbc6fb1-8679-413b-aa16-120686090928	Using FULLTEXT search for universal parameter: cott
20250620	12:23:22	1edac934-1d72-41cf-a8da-8862dec2189f	Successfully found 4 results for search parameters
20250620	12:23:31	55d18816-644d-449f-9a03-1ac6ecab76c0	Starting stock search with parameters: universal=c, equipmentNumber=, partNumber=
20250620	12:23:31	46099f39-01c9-44a9-a466-67b2289b10db	Using FULLTEXT search for universal parameter: c
20250620	12:23:31	f2632571-a98a-4263-b628-7e02d2c7d479	Successfully found 50 results for search parameters
20250624	10:18:52	5baf3953-0d8a-4e33-8f69-20e0fb73ca90	Starting stock search with parameters: universal= , equipmentNumber=undefined, partNumber=undefined
20250624	10:18:52	277a758c-0229-4d68-9d6b-55f3dac95840	Using FULLTEXT search for universal parameter:  
20250624	10:18:53	b334d86c-fbfd-4234-b034-e98a8f837041	Search error: syntax error, unexpected $end, expecting FTS_TERM or FTS_NUMB or '*'
20250624	10:18:53	dd346854-938d-4729-9864-a2490c99b1af	Database error during search: syntax error, unexpected $end, expecting FTS_TERM or FTS_NUMB or '*'
20250624	10:18:53	878ce955-a974-4a72-ac15-a4a32453bdb5	Using FULLTEXT search for universal parameter:  
20250624	10:18:53	f627345c-9819-4a72-9737-5cb75a9f0230	Starting stock search with parameters: universal= , equipmentNumber=undefined, partNumber=undefined
20250624	10:18:53	4f73c1c2-11b9-4c0d-ae7e-42e922c54847	Search error: syntax error, unexpected $end, expecting FTS_TERM or FTS_NUMB or '*'
20250624	10:18:53	2398d317-1305-485d-b20e-ca8a79f7c4f1	Database error during search: syntax error, unexpected $end, expecting FTS_TERM or FTS_NUMB or '*'
20250626	10:29:27	5f29bdb3-c05e-4b7d-b7f9-f2b2445d8915	Starting stock search with parameters: universal=cotton, equipmentNumber=, partNumber=
20250626	10:29:27	308a702d-42f4-4e85-ad83-780aacad3240	Using FULLTEXT search for universal parameter: cotton
20250626	10:29:27	07719de0-5616-41ff-9b6f-f110f9b17ce1	Successfully found 2 results for search parameters
20250626	10:29:30	304e081d-a59d-4b34-9520-d09d5b6e5beb	Fetching item details for ID: 1839
20250626	10:29:30	b2f8e0b5-c651-452c-80ef-8e4676e9c4ea	Successfully fetched item details for ID: 1839
20250626	10:29:44	1984fd3d-dde7-4926-b5ae-a40528ad2190	Starting stock search with parameters: universal=filter, equipmentNumber=, partNumber=
20250626	10:29:44	744aed2d-f650-4224-9c39-8fcfd10752e1	Using FULLTEXT search for universal parameter: filter
20250626	10:29:44	c617dbe9-846d-46b1-bf90-bb3ae1b80d9c	Successfully found 50 results for search parameters
20250626	10:29:47	00e1d4cb-9dc1-4e27-b9ed-01f7f7acd201	Fetching item details for ID: 621
20250626	10:29:47	fd278299-7655-4050-91c6-d8bd9e31adee	Successfully fetched item details for ID: 621
20250626	10:34:38	cab5c091-15c0-4edb-aef5-27f089079705	Starting stock search with parameters: universal=cotton, equipmentNumber=, partNumber=
20250626	10:34:38	e386e942-334b-4f0e-8152-56fc8cbdfa23	Using FULLTEXT search for universal parameter: cotton
20250626	10:34:38	3363b7d4-33cd-43f9-b445-1d2dde814e1a	Successfully found 2 results for search parameters
20250626	10:36:25	d061268f-2e29-4461-b5fc-ec1be7fb5d67	Starting stock search with parameters: universal=filter, equipmentNumber=, partNumber=
20250626	10:36:25	f65afffc-8a83-46dd-823a-f4e8b51ac89f	Using FULLTEXT search for universal parameter: filter
20250626	10:36:25	3f795c3d-5c46-4dfc-86b1-de951b8c3fbc	Successfully found 50 results for search parameters
20250626	10:56:46	98b2c15b-c7d6-4d7d-a741-c33eb5e54410	Starting stock search with parameters: universal=tw , equipmentNumber=, partNumber=
20250626	10:56:46	8087619d-a8f2-4a7b-8ac4-f1f11daea256	Using FULLTEXT search for universal parameter: tw 
20250626	10:56:46	a8f2b171-53a7-4117-ae36-59df38b5799f	Successfully found 4 results for search parameters
20250626	10:56:48	78e529fa-116d-47eb-8980-3b2625e4d6c4	Starting stock search with parameters: universal=tw 000, equipmentNumber=, partNumber=
20250626	10:56:48	91e8aa4d-d619-4c79-afc3-5fb35142767e	Using FULLTEXT search for universal parameter: tw 000
20250626	10:56:48	d73d6f37-2f58-4f06-bfa6-c9110035e26b	Successfully found 50 results for search parameters
20250626	10:56:51	f5021a77-697e-41ca-9ad0-a6e7a66a10b6	Starting stock search with parameters: universal=tw, equipmentNumber=, partNumber=
20250626	10:56:51	38e49c15-82c3-40fe-8354-8032f873fa4e	Using FULLTEXT search for universal parameter: tw
20250626	10:56:51	d66cea65-0997-4743-b6c3-d2c88100f09f	Successfully found 4 results for search parameters
20250626	10:56:53	57c24d6e-642b-4ad7-a027-d55dd87abe90	Starting stock search with parameters: universal=tw 2000, equipmentNumber=, partNumber=
20250626	10:56:53	68b175ce-b15f-4921-8549-d19d43722262	Using FULLTEXT search for universal parameter: tw 2000
20250626	10:56:53	10283021-b47a-4c5f-9bfa-686a86ab6939	Successfully found 23 results for search parameters
20250626	10:56:55	28f4cb6c-a50a-4cc9-a373-83f142b1124d	Starting stock search with parameters: universal=tw 20000, equipmentNumber=, partNumber=
20250626	10:56:55	111b2538-fab7-4202-ab9f-58269db9be27	Using FULLTEXT search for universal parameter: tw 20000
20250626	10:56:55	44927ce0-1fe6-40e3-b8f2-450bf35d6fb4	Successfully found 2 results for search parameters
20250626	10:57:00	a9c50c1d-3c05-4397-a74b-785fe329dc00	Starting stock search with parameters: universal=TW 20000, equipmentNumber=, partNumber=
20250626	10:57:00	2d41dec3-2243-4d00-be43-6b8d2419b3d6	Using FULLTEXT search for universal parameter: TW 20000
20250626	10:57:00	c8cead3a-9fe3-424b-91b2-0b6411e9461e	Successfully found 2 results for search parameters
20250626	10:57:05	bb7f2a61-255b-4e6a-b189-40a7dcafacb8	Starting stock search with parameters: universal=TW, equipmentNumber=, partNumber=
20250626	10:57:05	e6b31c87-5be7-4052-a9b7-45f5a8211e34	Using FULLTEXT search for universal parameter: TW
20250626	10:57:05	377bea05-6daa-459a-8df8-347269292af5	Successfully found 4 results for search parameters
20250626	10:57:16	cf9d57ab-67ff-46c3-8b0e-c51e332c6b95	Starting stock search with parameters: universal=GS, equipmentNumber=, partNumber=
20250626	10:57:16	3b3230b3-6dbf-4e9c-898d-2c5881fcce1c	Using FULLTEXT search for universal parameter: GS
20250626	10:57:16	6ec6b0b6-7a45-46ad-8ef3-304d7be0d9f2	Successfully found 6 results for search parameters
20250626	10:57:20	20158bef-de87-412d-8615-35f4c3b08ca4	Starting stock search with parameters: universal=TW, equipmentNumber=, partNumber=
20250626	10:57:20	5488d48c-951a-4659-ada9-81aa76bfaea6	Using FULLTEXT search for universal parameter: TW
20250626	10:57:20	d8b0a539-0a1f-418f-8b5b-512211c279bb	Successfully found 4 results for search parameters
20250626	10:57:21	8b9ebe57-52a8-4584-a619-874ffde84f5c	Starting stock search with parameters: universal=T, equipmentNumber=, partNumber=
20250626	10:57:21	ea9dad3c-af17-4cbe-aeab-ef9f5c32fa21	Using FULLTEXT search for universal parameter: T
20250626	10:57:21	d5647c8e-ae7b-4328-a6a7-5e89fa532153	Successfully found 50 results for search parameters
20250626	10:57:22	3296b9fc-0c08-4d2d-a481-6f9dbb9653b2	Starting stock search with parameters: universal=TW, equipmentNumber=, partNumber=
20250626	10:57:22	69624d47-2b54-432a-a19f-5fd29c9d736e	Using FULLTEXT search for universal parameter: TW
20250626	10:57:22	cc759c88-111a-416e-8be5-4da69d2a9b56	Successfully found 4 results for search parameters
20250626	10:57:24	fdf75c13-9253-4631-8cc6-dd59a811f62d	Starting stock search with parameters: universal=Tyre, equipmentNumber=, partNumber=
20250626	10:57:24	458c8b55-968e-426c-b322-c343c5ff0383	Using FULLTEXT search for universal parameter: Tyre
20250626	10:57:24	32df195e-7166-4883-8f9c-ce002817810f	Successfully found 50 results for search parameters
20250626	10:57:38	32532616-3e0f-4f07-83ba-8fa168803f9c	Starting stock search with parameters: universal=new shit, equipmentNumber=, partNumber=
20250626	10:57:38	7bf84427-fb68-41db-abf2-ec099e73c73a	Using FULLTEXT search for universal parameter: new shit
20250626	10:57:38	5b52e44d-1f65-43af-bd05-f033f2a39d6c	Successfully found 5 results for search parameters
20250626	10:57:41	24b29e36-0993-42b6-b97a-79fe8901a4be	Using FULLTEXT search for universal parameter: new shit tem
20250626	10:57:41	06b71769-da09-4124-abd7-0920004db7a1	Starting stock search with parameters: universal=new shit tem, equipmentNumber=, partNumber=
20250626	10:57:41	806ea3c3-0d7a-4351-bb0a-fc0e9e54c379	Successfully found 32 results for search parameters
20250626	10:57:42	3139429d-018f-4bb2-8f91-8c89dace1476	Starting stock search with parameters: universal=new shit, equipmentNumber=, partNumber=
20250626	10:57:42	9374eb6e-c2b4-4cba-b93b-a89aa27dce16	Using FULLTEXT search for universal parameter: new shit
20250626	10:57:42	a1da4eda-0969-4929-972f-cfd6047c95c5	Successfully found 5 results for search parameters
20250626	10:57:43	cf978a56-0a2c-4b9d-a090-1328631c3c63	Starting stock search with parameters: universal=new shit , equipmentNumber=, partNumber=
20250626	10:57:43	6944d730-c7a8-4ae7-b8ff-4a4d709128c3	Using FULLTEXT search for universal parameter: new shit 
20250626	10:57:43	8f49079a-a7ec-4e98-b717-5c8fee5a4be2	Successfully found 5 results for search parameters
20250626	10:58:35	49de548a-bccb-4769-a1d9-c21cc6d0c9cf	Starting stock search with parameters: universal=trw, equipmentNumber=, partNumber=
20250626	10:58:35	21417565-ddcb-4de2-866c-aa6112005e9d	Using FULLTEXT search for universal parameter: trw
20250626	10:58:35	1be1c2d5-27ef-4b58-9f38-42d15d5df539	No results found for search parameters
20250626	10:58:36	c1ccb0ae-733e-4a68-94a9-7dcb0f5f01e6	Starting stock search with parameters: universal=tw, equipmentNumber=, partNumber=
20250626	10:58:36	6d71bf9c-4561-4ecd-8ce1-16004dc42ee8	Using FULLTEXT search for universal parameter: tw
20250626	10:58:36	02895420-5760-409e-8786-25f9f06892bb	Successfully found 4 results for search parameters
20250626	10:58:41	782ee2da-f37b-459a-91bf-1c643393c82a	Starting stock search with parameters: universal=tw , equipmentNumber=, partNumber=
20250626	10:58:41	025416ef-824b-435a-a4af-6431dd1c242a	Using FULLTEXT search for universal parameter: tw 
20250626	10:58:41	f2aad2be-be8b-4791-8f44-4e103f234393	Successfully found 4 results for search parameters
20250626	10:58:43	0013503c-269a-46c5-99ff-a3ce1c3effec	Starting stock search with parameters: universal= tw, equipmentNumber=, partNumber=
20250626	10:58:43	8d8f6835-b9c3-459f-a19b-52652e4215d9	Using FULLTEXT search for universal parameter:  tw
20250626	10:58:43	6182982d-bf7f-4050-a760-eb91e4f6f4a1	Successfully found 4 results for search parameters
20250626	10:58:49	c96f6ab9-baff-4005-b87a-6e87cfb85520	Starting stock search with parameters: universal=tyre, equipmentNumber=, partNumber=
20250626	10:58:49	88e2046c-ee1c-46f1-a14f-12b77cac5e07	Using FULLTEXT search for universal parameter: tyre
20250626	10:58:49	d52d3605-1f1c-4467-b12f-7f18b1ca673d	Successfully found 50 results for search parameters
20250626	10:58:51	cffd8d97-fa0d-4ccb-b4ba-d7a916c3fce7	Starting stock search with parameters: universal=new , equipmentNumber=, partNumber=
20250626	10:58:51	2bc6f781-55fe-49c1-bdac-9e8bd30afa00	Using FULLTEXT search for universal parameter: new 
20250626	10:58:51	9a6580fb-1508-4fa5-84de-c5cc61578744	Successfully found 6 results for search parameters
20250626	10:58:52	7939343a-ae8a-4c40-8c66-7d3fd708001b	Starting stock search with parameters: universal=new s, equipmentNumber=, partNumber=
20250626	10:58:52	3135548c-9d23-4d74-87d8-94c9de17bc6e	Using FULLTEXT search for universal parameter: new s
20250626	10:58:52	0ea8f4fd-8029-4f4c-a687-51198dc0ce77	Successfully found 50 results for search parameters
20250626	10:58:52	86a3b201-24e0-427d-851b-d840fe87e3ca	Starting stock search with parameters: universal=new shit, equipmentNumber=, partNumber=
20250626	10:58:52	3858fb51-9cdd-4ffe-beae-f87789262ef4	Using FULLTEXT search for universal parameter: new shit
20250626	10:58:52	fab61af0-0108-43bc-a71f-dc0513bf8efc	Successfully found 7 results for search parameters
20250626	10:59:01	58a3e7c5-3766-45e2-91c3-5dd04dfca3f8	Starting stock search with parameters: universal=cotton, equipmentNumber=, partNumber=
20250626	10:59:01	d6dfc31d-e65f-484c-8260-dd95dec87019	Using FULLTEXT search for universal parameter: cotton
20250626	10:59:01	c3953f12-eaac-4968-99e4-74f423945e3b	Successfully found 2 results for search parameters
20250626	10:59:07	14208d19-e4c8-4bdc-b1a9-1a54624c24fd	Fetching item details for ID: 1839
20250626	10:59:07	f53890cb-fac8-4e03-97e2-095af7cbfbd7	Successfully fetched item details for ID: 1839
20250626	10:59:11	c9537545-cec6-4c55-96b8-3fbd138081a7	Fetching item details for ID: 1839
20250626	10:59:11	5da45dc3-201b-4296-b4db-8422c3b8f54b	Successfully fetched item details for ID: 1839
20250626	10:59:17	e3fd3257-7f3b-4c95-ba3c-c22cd8d0545f	Fetching item details for ID: 1839
20250626	10:59:17	ce7540e6-2171-4a73-89fe-bb85f9d4676f	Successfully fetched item details for ID: 1839
20250626	10:59:25	12d79366-1bd0-42f5-b605-89f68b17b978	Starting stock search with parameters: universal=new location, equipmentNumber=, partNumber=
20250626	10:59:25	c20d5991-5241-4faf-82e9-70443ff039f5	Using FULLTEXT search for universal parameter: new location
20250626	10:59:25	88ced37e-f012-45d4-8fae-ff06f3dc91ec	Successfully found 6 results for search parameters
20250626	10:59:29	e3a7626d-a9a5-40e6-a418-ad00c9b7823e	Using FULLTEXT search for universal parameter: new location shit
20250626	10:59:29	b7f6cd97-5f2d-4a05-94f5-495eafcc136d	Starting stock search with parameters: universal=new location shit, equipmentNumber=, partNumber=
20250626	10:59:29	922f0b64-4641-4c2c-95b7-28598dfdfb1a	Successfully found 7 results for search parameters
20250626	10:59:32	864461f6-dff0-45a3-8c70-9e8c60634520	Fetching item details for ID: 4749
20250626	10:59:32	92309a85-35eb-45c0-b900-de2c51bdd366	Successfully fetched item details for ID: 4749
20250626	11:43:19	dc14f1db-095b-4826-9738-74a2e89d5145	Starting stock search with parameters: universal=cotton, equipmentNumber=, partNumber=
20250626	11:43:19	b11d127f-c664-4d8c-8d69-d6ad2034e411	Using FULLTEXT search for universal parameter: cotton
20250626	11:43:19	b3c71374-7ff4-44a1-9db8-19368476e302	Successfully found 2 results for search parameters
20250626	11:43:51	c37938b8-8191-4172-92fe-6cadd9ba9e1a	Starting stock search with parameters: universal=filter, equipmentNumber=, partNumber=
20250626	11:43:51	c45939b7-6cd5-449d-be15-5a0822a65354	Using FULLTEXT search for universal parameter: filter
20250626	11:43:51	67e34c7e-d5ef-407b-9552-1794ce7bdb16	Successfully found 50 results for search parameters
20250626	11:45:17	963d116f-0dad-4a1e-8525-4503ee8e71ee	Starting stock search with parameters: universal=cotton, equipmentNumber=, partNumber=
20250626	11:45:17	d6d2fba9-d197-4d8a-a1af-517e3408d201	Using FULLTEXT search for universal parameter: cotton
20250626	11:45:17	e0818e33-60da-47ba-bbc6-145fa198717b	Successfully found 2 results for search parameters
20250626	11:45:20	670930ae-85b4-4920-ba23-b59f858f63df	Fetching item details for ID: 1839
20250626	11:45:20	e7d834b1-eb7d-44b8-8cdb-c9303e3b3550	Successfully fetched item details for ID: 1839
20250626	11:49:54	76dfbf45-dfe6-4753-980a-e71825268280	Fetching item details for ID: 1839
20250626	11:49:54	beba8d6d-b3eb-4663-89c8-472d7e2b0b60	Successfully fetched item details for ID: 1839
20250626	11:50:03	0a6aac4e-048b-4fd6-9ba0-bf6f6e373828	Using FULLTEXT search for universal parameter: cotton
20250626	11:50:03	f93a253a-afd0-4157-876b-75b69e70eb2d	Starting stock search with parameters: universal=cotton, equipmentNumber=, partNumber=
20250626	11:50:03	65653f14-6e4a-452d-915f-d25df6bd24eb	Successfully found 2 results for search parameters
20250626	11:53:43	2113ec8e-43ea-45f6-b889-c766dae05870	Using FULLTEXT search for universal parameter: cotton
20250626	11:53:43	45be5170-04e5-447b-beb7-dc72b1c01868	Starting stock search with parameters: universal=cotton, equipmentNumber=, partNumber=
20250626	11:53:43	873fb85d-5edd-4e79-b0dd-cbb47a5e3dc3	Successfully found 2 results for search parameters
20250626	11:55:14	a902f560-2039-4371-ae00-d61122f6a073	Starting stock search with parameters: universal=cotton, equipmentNumber=, partNumber=
20250626	11:55:14	131b4c32-f689-496e-90c2-d284dd40ada5	Using FULLTEXT search for universal parameter: cotton
20250626	11:55:14	ba081786-910c-485f-a0b5-b398077b5543	Successfully found 2 results for search parameters
20250626	11:58:50	eeb487d0-1a95-42b9-85f2-44fe82888ce4	Starting stock search with parameters: universal=cotton, equipmentNumber=, partNumber=
20250626	11:58:50	7576bccc-b03b-41c8-8f24-78194a3da103	Using FULLTEXT search for universal parameter: cotton
20250626	11:58:50	e0d1829d-d3f0-4a60-b8a0-360baeddcfe4	Successfully found 2 results for search parameters
20250626	12:00:44	4832b0ae-f8d3-4cf7-b4f1-ee24b3e52237	Starting stock search with parameters: universal=cotton, equipmentNumber=, partNumber=
20250626	12:00:44	09adbf2a-f326-46a8-be56-cf016eedac00	Using FULLTEXT search for universal parameter: cotton
20250626	12:00:44	59bdb671-28c4-49fb-b76a-dc02461ed024	Successfully found 2 results for search parameters
20250626	12:22:43	00463ceb-acc5-4782-a3ea-4a7a796e4502	Using FULLTEXT search for universal parameter: cotton
20250626	12:22:43	8e97fd43-1d03-4c06-bfac-28b7fb13c49e	Starting stock search with parameters: universal=cotton, equipmentNumber=, partNumber=
20250626	12:22:43	e6d3174b-83e6-4760-8be3-737211dc5086	Successfully found 2 results for search parameters
20250702	15:40:21	5ad12a54-a09a-414e-ae87-10f43f49b424	Starting stock search with parameters: universal=c, equipmentNumber=, partNumber=
20250702	15:40:21	9fd32896-305f-4b45-ab4e-edcb9b3c789f	Using FULLTEXT search for universal parameter: c
20250702	15:40:21	0eb4ed1e-248b-44bd-af35-6fddd6f7c634	Successfully found 50 results for search parameters
20250702	15:40:24	626a2185-1e65-45dc-a83a-06037224ef97	Starting stock search with parameters: universal=cotton, equipmentNumber=, partNumber=
20250702	15:40:24	e3b0f6d9-6702-43ae-906f-46a4947a5fc6	Using FULLTEXT search for universal parameter: cotton
20250702	15:40:24	f219bf5f-d2f8-4703-b328-c05c59921942	Successfully found 2 results for search parameters
20250702	15:40:33	50859a85-63e6-4ac9-aaa0-f19484793b81	Fetching item details for ID: 1839
20250702	15:40:33	fbf5113e-eac2-42b4-bd47-a7133ad0a6bd	Successfully fetched item details for ID: 1839
20250702	16:01:20	e338cbfd-8401-40f8-83ba-0517327f1dfe	Starting stock search with parameters: universal=cotton, equipmentNumber=, partNumber=
20250702	16:01:20	b6b086fc-d256-45d5-b55a-a52d510417d7	Using FULLTEXT search for universal parameter: cotton
20250702	16:01:20	158d8fc8-e651-44d6-be87-5059bc996710	Successfully found 2 results for search parameters
20250703	10:16:22	b63f39a4-cce7-478a-bb34-90343283e702	Starting stock search with parameters: universal=c, equipmentNumber=, partNumber=
20250703	10:16:22	035a88f8-7fdd-46da-81c0-ab3e4692e972	Using FULLTEXT search for universal parameter: c
20250703	10:16:22	21435760-18ea-4e82-9ac9-c76ec2c811c3	Successfully found 50 results for search parameters
20250703	10:16:23	2f9df8ce-8d4d-4da1-9c3c-5a600b825477	Starting stock search with parameters: universal=cotton, equipmentNumber=, partNumber=
20250703	10:16:23	e4bda602-0e3e-48f6-a8fd-740a6494b4cc	Using FULLTEXT search for universal parameter: cotton
20250703	10:16:23	0b512b8b-cf64-415c-ac8a-0b5ba71a915d	Successfully found 2 results for search parameters
20250703	10:17:55	2a4f76e2-d7e5-4057-bcff-8ec88ba11730	Starting stock search with parameters: universal=cotton, equipmentNumber=, partNumber=
20250703	10:17:55	22ee1cac-6cee-49f5-8907-c4993ea27027	Using FULLTEXT search for universal parameter: cotton
20250703	10:17:55	c212a270-d1e9-487e-9511-d0b336dd6ab6	Successfully found 2 results for search parameters
20250703	10:22:16	324670ae-bda3-4d49-86c8-6b68e3936437	Using FULLTEXT search for universal parameter: cot
20250703	10:22:16	ad66d29b-336d-4320-b28a-9568be7fb0ba	Starting stock search with parameters: universal=cot, equipmentNumber=, partNumber=
20250703	10:22:16	e5cecb33-1ec7-439a-b707-883c38b5c28f	Successfully found 5 results for search parameters
20250703	10:22:20	4953991d-b41f-4bae-ad4d-b2f2886aeae9	Starting stock search with parameters: universal=cotton, equipmentNumber=, partNumber=
20250703	10:22:20	b8505dbc-41eb-40b7-b062-7b284d9e025f	Using FULLTEXT search for universal parameter: cotton
20250703	10:22:20	089a46c4-e471-47b1-838b-e22e450b67fd	Successfully found 2 results for search parameters
20250703	10:23:02	9f500eaf-e895-4fb1-a637-fd9e8e8f2311	Starting stock search with parameters: universal=coton, equipmentNumber=, partNumber=
20250703	10:23:02	a323bfa7-e723-42f8-b689-3e58e1d83cb9	Using FULLTEXT search for universal parameter: coton
20250703	10:23:02	523d2602-4b58-43a1-8ba0-ae7baef84015	No results found for search parameters
20250703	10:23:03	293b0d19-b11d-45b3-867d-93909a1ae574	Starting stock search with parameters: universal=co, equipmentNumber=, partNumber=
20250703	10:23:03	f81ac3e4-7a91-4cd4-8128-5950ea35e797	Using FULLTEXT search for universal parameter: co
20250703	10:23:03	20acd248-8f96-4234-9e7b-d60aa80d06ac	Successfully found 50 results for search parameters
20250703	10:23:04	2fb98f8c-cdda-4c48-b8cf-a6d7fa106198	Starting stock search with parameters: universal=cotton, equipmentNumber=, partNumber=
20250703	10:23:04	daeec292-a799-434e-8179-9d41d2611e49	Using FULLTEXT search for universal parameter: cotton
20250703	10:23:04	d1d166b0-a548-4bc7-baf6-6e73ab8448fe	Successfully found 2 results for search parameters
20250703	10:25:56	c8ba7de1-66fb-4e34-aba6-ad76a0023259	Starting stock search with parameters: universal=tw, equipmentNumber=, partNumber=
20250703	10:25:56	7e96f424-87e2-4b59-823a-f6182d0b7914	Using FULLTEXT search for universal parameter: tw
20250703	10:25:56	f2aa5842-99e7-4da8-afa4-8962f8a79309	Successfully found 4 results for search parameters
20250703	10:26:00	3d27159f-5e48-4732-be13-14261b53d3d8	Starting stock search with parameters: universal=TGW, equipmentNumber=, partNumber=
20250703	10:26:00	fb341a7f-50f9-4c62-8f80-459cf2e97169	Using FULLTEXT search for universal parameter: TGW
20250703	10:26:00	6a1dbb91-9608-4954-88f8-2c701e770f57	No results found for search parameters
20250703	10:26:01	542e7fd1-4eb3-49a3-8451-6bdf28d27f70	Starting stock search with parameters: universal=TW, equipmentNumber=, partNumber=
20250703	10:26:01	e524941e-c5c3-42d4-842f-8da6532b3176	Using FULLTEXT search for universal parameter: TW
20250703	10:26:01	ed85576b-6730-43ab-8998-62061aa66cd3	Successfully found 4 results for search parameters
20250703	10:26:04	a20291e7-6fa8-4141-b907-4257404b479d	Starting stock search with parameters: universal=tyre, equipmentNumber=, partNumber=
20250703	10:26:04	016ce23e-9939-4b6d-8e9d-c7bdacb9af83	Using FULLTEXT search for universal parameter: tyre
20250703	10:26:04	e4116d41-54ab-4aaa-8e14-3a50539e64d4	Successfully found 50 results for search parameters
20250703	10:26:12	521179ab-1eef-40ba-8f47-a410f9aeea62	Starting stock search with parameters: universal=GS, equipmentNumber=, partNumber=
20250703	10:26:12	d91b78e4-eae1-406c-b5ff-ebda6eb86720	Using FULLTEXT search for universal parameter: GS
20250703	10:26:12	88c04f54-81c2-462c-a94b-b242fba54f85	Successfully found 6 results for search parameters
20250703	10:26:15	2ed0d4d6-40a1-406e-b584-76dc9cebf13e	Starting stock search with parameters: universal=GS 0, equipmentNumber=, partNumber=
20250703	10:26:15	15d21780-bbc8-4142-933e-d1a0479b10b0	Using FULLTEXT search for universal parameter: GS 0
20250703	10:26:15	b33cdd9b-de55-44e9-a47f-8dc5c2de149e	Successfully found 50 results for search parameters
20250703	10:26:16	4a6893dd-f98b-4755-bdee-e4219a0d6d1d	Starting stock search with parameters: universal=GS 00, equipmentNumber=, partNumber=
20250703	10:26:16	90f5679d-5d88-41a6-87f0-287cb42eb787	Using FULLTEXT search for universal parameter: GS 00
20250703	10:26:16	586eb43e-2c8e-4d4b-b63d-8bc22b8d4639	Successfully found 50 results for search parameters
20250703	10:26:20	444671bc-7373-4d53-96b7-ab2f34ce7a66	Starting stock search with parameters: universal=GS 92230, equipmentNumber=, partNumber=
20250703	10:26:20	32d0ddec-e7ae-46dc-9502-ac4bc83df570	Using FULLTEXT search for universal parameter: GS 92230
20250703	10:26:20	eeeeac44-57d8-4b6b-b5c3-87df58d6e198	Successfully found 1 results for search parameters
20250703	10:26:23	c8f8b060-3d59-45c1-9bf6-c546e2e49100	Starting stock search with parameters: universal=TW, equipmentNumber=, partNumber=
20250703	10:26:23	c2715cb5-7a53-46e2-abf4-7645250c23b2	Using FULLTEXT search for universal parameter: TW
20250703	10:26:23	6bdf61cb-fd7b-4cff-91e1-ec114a7fb9d7	Successfully found 4 results for search parameters
20250703	10:26:25	b0e118c7-f911-4bf4-8f71-12b09d2eeb8f	Starting stock search with parameters: universal=tyre, equipmentNumber=, partNumber=
20250703	10:26:25	79845366-3fa1-4224-8f29-4af5c080518d	Using FULLTEXT search for universal parameter: tyre
20250703	10:26:25	ca17b750-7d78-4968-ac48-7e4890c83e30	Successfully found 50 results for search parameters
20250703	10:26:27	8bb29cb7-9e3a-48cc-ab97-ac1ad2e39e77	Starting stock search with parameters: universal=tyr, equipmentNumber=, partNumber=
20250703	10:26:27	bebe8433-c161-49fc-bd70-ee0c39660a63	Using FULLTEXT search for universal parameter: tyr
20250703	10:26:27	117fde4b-016a-4bd5-ac52-a25f17c68b9d	Successfully found 50 results for search parameters
20250703	10:26:31	d562e9f8-7b7b-4f24-8d58-e49c16f389a4	Starting stock search with parameters: universal=TW, equipmentNumber=, partNumber=
20250703	10:26:31	e24c8e1e-c660-44f7-9b3f-e0f4439d47bf	Using FULLTEXT search for universal parameter: TW
20250703	10:26:31	c7a6fc9e-ccf4-4e3f-89bc-436ee6d10d91	Successfully found 4 results for search parameters
20250703	10:26:32	e5fdce5b-9bbd-466b-aed9-1285fc0c12ee	Starting stock search with parameters: universal=TW 00, equipmentNumber=, partNumber=
20250703	10:26:32	66a8baa9-f0d4-4ce1-b000-33ba6100281c	Using FULLTEXT search for universal parameter: TW 00
20250703	10:26:32	4755956d-bea5-406c-a14b-4133a20ad9a8	Successfully found 50 results for search parameters
20250703	10:26:33	ff720aa2-12e6-4785-9e96-7c4a9253f61a	Starting stock search with parameters: universal=TW 00145, equipmentNumber=, partNumber=
20250703	10:26:33	6834ec21-9de3-4d7d-be95-351989d9b7f3	Using FULLTEXT search for universal parameter: TW 00145
20250703	10:26:33	dfcef911-009d-4c2f-b669-4cc4916775f1	Successfully found 1 results for search parameters
20250703	10:27:11	7889eb78-2928-4cb7-842c-58bf2acd2adb	Starting stock search with parameters: universal=TW 001, equipmentNumber=, partNumber=
20250703	10:27:11	b0ac3872-df1f-44a8-8cee-999502f802cc	Using FULLTEXT search for universal parameter: TW 001
20250703	10:27:11	ae7dad09-d679-489e-bb2f-4f253aa2d574	Successfully found 50 results for search parameters
20250703	10:27:18	34b14217-8d88-43b5-8a8d-36a43e3e653d	Starting stock search with parameters: universal=tw, equipmentNumber=, partNumber=
20250703	10:27:18	04c965f8-03ca-4de2-9f0a-ae1d4a507a2a	Using FULLTEXT search for universal parameter: tw
20250703	10:27:19	31c8c1c4-af1b-4c41-88ce-6a0c604ae40a	Successfully found 4 results for search parameters
20250703	10:27:20	bec7b04d-9ea4-4f4c-83d5-59eb5e9ad7be	Starting stock search with parameters: universal=tw 00, equipmentNumber=, partNumber=
20250703	10:27:20	6a777a6c-d91d-44f9-a38f-4c1e9e3c5bb9	Using FULLTEXT search for universal parameter: tw 00
20250703	10:27:20	c40bde4b-e97a-45e4-b07a-ee952d3b94f7	Successfully found 50 results for search parameters
20250703	10:27:29	835a78e4-06fa-476e-a9ab-290e000dfd0b	Starting stock search with parameters: universal=tw 00, equipmentNumber=tyre, partNumber=
20250703	10:27:29	c0cd3399-75c1-4fb3-91e9-1b6f254f86e6	Using FULLTEXT search for universal parameter: tw 00
20250703	10:27:29	cd43b744-7f7b-4641-9506-5bee49fa0117	Successfully found 20 results for search parameters
20250703	10:27:35	09f2798c-2610-48d6-8ecb-950fddb4008c	Starting stock search with parameters: universal=tw 00, equipmentNumber=, partNumber=
20250703	10:27:35	1336801d-4f63-46d0-9ef2-3c83efde68bb	Using FULLTEXT search for universal parameter: tw 00
20250703	10:27:35	f01b30c6-0e48-4e86-9ee6-4bb72d5343f1	Successfully found 50 results for search parameters
20250703	10:27:40	27fd9f1c-e5be-4724-a23b-a38da282f173	Starting stock search with parameters: universal=tyre, equipmentNumber=, partNumber=
20250703	10:27:40	1381bfbb-c5dc-4066-b3e9-9fc8a4db2e6a	Using FULLTEXT search for universal parameter: tyre
20250703	10:27:40	e07ad1e1-3da9-43c9-a146-5164fa19edc2	Successfully found 50 results for search parameters
20250703	10:59:16	24cae947-f0dc-4a8f-8ea4-0df0257b22f0	Starting stock search with parameters: universal=cotton, equipmentNumber=, partNumber=
20250703	10:59:16	9a09c579-2acb-4f11-8417-22453d145c41	Using FULLTEXT search for universal parameter: cotton
20250703	10:59:16	02b89c8b-7241-42da-a5b5-331194438ee2	Successfully found 2 results for search parameters
20250703	10:59:57	6e14a3d2-6ee4-4522-b125-38b21e5278bc	Starting stock search with parameters: universal=s, equipmentNumber=, partNumber=
20250703	10:59:57	58f2b1dc-840a-4861-861e-f683ad71d542	Using FULLTEXT search for universal parameter: s
20250703	10:59:57	ec40e973-a8ae-4bd6-9a35-222e217b82a4	Successfully found 50 results for search parameters
20250703	11:32:17	c5677621-9ce5-4bf2-a148-3859c0e15d7b	Starting stock search with parameters: universal=petrol, equipmentNumber=, partNumber=
20250703	11:32:17	4f7e88b5-bb80-462a-ac96-739cf98b4943	Using FULLTEXT search for universal parameter: petrol
20250703	11:32:17	17758f38-09e7-4124-8032-d804abfcebd1	Successfully found 1 results for search parameters
20250703	11:32:19	f6a00cfc-7135-4eba-b675-2abf23d15630	Fetching item details for ID: 4744
20250703	11:32:19	8ff3ed93-970c-42d1-a4bf-8bc86589c4e9	Successfully fetched item details for ID: 4744
20250703	11:35:11	9ceee2e0-afbb-4327-a90f-bd62da5b68e9	Starting stock search with parameters: universal=petrol, equipmentNumber=, partNumber=
20250703	11:35:11	17087335-a90e-439b-bfb1-07eb523a9a27	Using FULLTEXT search for universal parameter: petrol
20250703	11:35:11	1209bf09-9c57-4b67-a8a4-a769639afb1d	Successfully found 1 results for search parameters
20250703	11:45:35	2da8428c-4c76-4672-a1b0-90a41e025160	Starting stock search with parameters: universal=cp, equipmentNumber=, partNumber=
20250703	11:45:35	463887b2-8ca8-4128-9cc8-55114fe26842	Using FULLTEXT search for universal parameter: cp
20250703	11:45:35	db46529a-1466-4b4c-9586-fd69b1aad6bc	Successfully found 17 results for search parameters
20250703	11:45:36	de772e07-2f7e-4687-8500-0501bf1ecf3b	Starting stock search with parameters: universal=c, equipmentNumber=, partNumber=
20250703	11:45:36	dd12a959-a513-4a2a-9974-e47c3f5cdd75	Using FULLTEXT search for universal parameter: c
20250703	11:45:36	5de46a2a-e3f5-44bb-b4c4-94094b34b629	Successfully found 50 results for search parameters
20250703	11:46:28	9f92ac5d-da28-425f-8935-594c2d7e7d9f	Starting stock search with parameters: universal=petrol, equipmentNumber=, partNumber=
20250703	11:46:28	9f587b9b-c981-49aa-884d-a644add85f93	Using FULLTEXT search for universal parameter: petrol
20250703	11:46:28	119fae3d-44b4-49dd-af03-caf68cf07b9d	Successfully found 1 results for search parameters
20250703	11:58:07	5abe381d-8b23-43fc-82b9-6cdb8a29a67f	Starting stock search with parameters: universal=c, equipmentNumber=, partNumber=
20250703	11:58:07	018ec801-f67d-4b97-b75c-e0421f923e96	Using FULLTEXT search for universal parameter: c
20250703	11:58:07	081961be-4b44-4e45-a3b0-2d390afbc18c	Successfully found 50 results for search parameters
20250703	11:58:09	78d7d5b2-e89d-49fa-8296-10f0370b8d03	Using FULLTEXT search for universal parameter: cotton
20250703	11:58:09	3d32ccd2-220b-4b16-8699-c55aff7efc32	Starting stock search with parameters: universal=cotton, equipmentNumber=, partNumber=
20250703	11:58:09	69c72ad2-f822-4173-ba9d-a4fe02dedad1	Successfully found 2 results for search parameters
20250703	11:58:27	b67f6f73-d4e6-4a75-97ac-e4e50b118ded	Starting stock search with parameters: universal=c, equipmentNumber=, partNumber=
20250703	11:58:27	5880bf84-89db-4986-aacb-3042b2af48e2	Using FULLTEXT search for universal parameter: c
20250703	11:58:27	407fe8ee-47ce-47b9-951d-f002acf4edbf	Successfully found 50 results for search parameters
20250703	11:58:27	2038ab55-ed9e-46ef-a9d3-15818072b0f2	Starting stock search with parameters: universal=cotton, equipmentNumber=, partNumber=
20250703	11:58:27	31139f6c-f485-4286-8c79-c54e3d81de67	Using FULLTEXT search for universal parameter: cotton
20250703	11:58:27	31a04b31-b2bd-4523-997f-2e2a563b0dcb	Successfully found 2 results for search parameters
20250703	11:58:29	f2814e47-4a9f-4af3-ac84-86dfa8e2d1f9	Fetching item details for ID: 1839
20250703	11:58:29	61d98162-fe05-4b5f-a1e6-66c2ed5cb00f	Successfully fetched item details for ID: 1839
20250703	17:37:13	cf4765f9-3150-4127-873a-e02882403cf7	Starting stock search with parameters: universal=cotton, equipmentNumber=, partNumber=
20250703	17:37:13	3963d182-5bc0-44b5-a2a7-bf45769c671e	Using FULLTEXT search for universal parameter: cotton
20250703	17:37:13	1060d299-ee9d-4d1b-a7db-49a10a8373bf	Successfully found 2 results for search parameters
20250704	10:54:17	fee3111a-5b56-49e4-b071-84d717758dc5	Starting stock search with parameters: universal=c, equipmentNumber=, partNumber=
20250704	10:54:17	fa8cc40d-96c6-4f70-ad83-cc609bfde2d7	Using FULLTEXT search for universal parameter: c
20250704	10:54:17	af070d9a-8e35-445c-acd9-ce36cbaefb92	Successfully found 50 results for search parameters
20250704	10:54:18	6b9ac168-78df-49c4-b76f-36e77c3835a5	Starting stock search with parameters: universal=cotton, equipmentNumber=, partNumber=
20250704	10:54:18	5a06e613-ce09-4d3e-89ce-6fa2ede4fbde	Using FULLTEXT search for universal parameter: cotton
20250704	10:54:18	2eb0d162-3433-4822-bad0-7d0ac3a89a22	Successfully found 2 results for search parameters
20250704	10:54:19	f16d187b-2301-4e51-8d6d-caef8e11ded2	Fetching item details for ID: 1839
20250704	10:54:19	47f51e96-5fa1-4906-b46e-cecf6cdcc16a	Successfully fetched item details for ID: 1839
