20250526	12:19:28	2e103f90-0878-430a-9435-4cd41cf98e36	Connected to MySQL
20250526	12:19:28	c053b256-4e5c-4054-9d19-65f1af3b07ba	Server running on port 5000
20250526	12:19:28	23a772c6-0ace-4e0a-aa1f-8bced26541a3	Connected to MySQL
20250526	12:19:28	953d39c7-09c5-4614-b324-e60866e0b9b1	Server running on port 5000
20250526	12:19:30	4aa4f3cf-5b60-443c-b168-5eeb4bc72452	Connected to MySQL
20250526	12:19:30	4072a631-6e4e-4549-85a8-a915ba69d260	Server running on port 5000
20250526	12:19:44	2d6ccfe8-1048-484e-93d7-beb58974c7b5	Connected to MySQL
20250526	12:19:44	e1b21375-8daf-428f-beb9-73c832dedd7f	Server running on port 5000
20250526	12:19:45	f0a66c5f-16be-4815-aa24-1d727453d399	Connected to MySQL
20250526	12:19:45	85508608-a1f9-4a09-92e9-1ca4acb128c5	Server running on port 5000
20250526	12:21:30	854be45f-602b-4ee7-be9c-32851ab7bbdb	Connected to MySQL
20250526	12:21:30	422b2c88-cc8c-4494-b47a-8a97053a64e0	Server running on port 5000
20250526	12:21:57	6ae47cce-b181-4e06-8478-873682925a05	Connected to MySQL
20250526	12:21:57	a9e5a6d2-abb0-408a-948b-833e67fb8211	Server running on port 5000
20250526	12:22:57	810381d3-f86c-431a-8fe2-beaeec045e2a	Connected to MySQL
20250526	12:22:57	29643298-0ac2-4ddd-8f9d-50585dda3ec9	Server running on port 5000
20250526	12:23:50	c3dd07aa-dc02-443f-8e22-40e03fca3fba	Connected to MySQL
20250526	12:23:50	ba416495-fb42-4a15-bad1-d55bde12c2f4	Server running on port 5000
20250526	12:24:15	0640d52f-5cd9-4843-9116-d62b5f0d4d69	Connected to MySQL
20250526	12:24:15	6130c78c-624c-4f02-9cc7-76b034c9fc6d	Server running on port 5000
20250526	12:24:16	380e5ace-8553-4219-9186-52fe45ab5659	Connected to MySQL
20250526	12:24:16	cd880124-d55a-4e91-807c-b108b7eef433	Server running on port 5000
20250526	12:24:35	0ac7b3bf-39e1-4b56-b992-2fca1c97427a	Connected to MySQL
20250526	12:24:35	7a971fe0-9997-48c0-8e15-920f06d597c6	Server running on port 5000
20250526	12:24:39	bcddf7dd-08a2-42a8-86cd-9b7f0bcdf9b5	Connected to MySQL
20250526	12:24:39	e6c33af2-d8a7-4342-bd07-d8593189d190	Server running on port 5000
20250526	12:25:20	97ffd5a5-64a2-4748-90f2-fe68035d5551	Connected to MySQL
20250526	12:25:20	5e0db553-42e6-412a-895c-04d4c90852d9	Server running on port 5000
20250526	12:25:36	e5bb9640-fff0-447e-a182-91abdaa3d408	Connected to MySQL
20250526	12:25:36	d7453f10-4415-4789-8a8c-02e5ff0ea5b6	Server running on port 5000
20250526	12:26:32	8b4fc0dc-ade7-48a9-aa85-bc76cee0e68b	Connected to MySQL
20250526	12:26:32	db23a86d-af67-4aac-a161-b0cd7a4dc929	Server running on port 5000
20250526	12:26:43	a1e6126b-b42e-474c-9f9d-f084c9880420	Connected to MySQL
20250526	12:26:43	4520ff29-52ed-4142-8ca0-1a2dfb3e42f6	Server running on port 5000
20250526	12:27:07	f1bc7d68-b277-409e-afef-95969321ada9	Connected to MySQL
20250526	12:27:07	628c9b65-fe13-42b5-b92b-7936479e5b8c	Server running on port 5000
20250526	12:27:12	9d8bc898-a0ab-45e2-85c7-7bfefb11f1d5	Connected to MySQL
20250526	12:27:12	44ae6885-f1a1-42b3-ab5f-5c09b170d540	Server running on port 5000
20250526	12:28:46	27e77708-18e5-4d60-9ce7-6b4527e1bada	Connected to MySQL
20250526	12:28:46	4f585e1c-8b5d-4bf6-8141-773d1c1554ff	Server running on port 5000
20250526	12:28:50	3a82fe09-bfaf-4a00-b108-651c1ec77d77	Connected to MySQL
20250526	12:28:50	e80d5080-7d02-464b-851b-f8975358af4d	Server running on port 5000
20250526	12:29:33	09a28bbc-95ef-4860-bca4-68c824c2ae6d	Connected to MySQL
20250526	12:29:33	689a59bf-8379-42b9-ad3c-f32644f9b848	Server running on port 5000
20250526	12:29:35	3aa35b48-c645-498e-83ff-b50cdd3af889	Connected to MySQL
20250526	12:29:35	985a901d-3fcf-4e64-b3ac-e8142d498e44	Server running on port 5000
20250526	12:30:00	7ce7cf81-e982-46e6-b683-efc01bb58332	Connected to MySQL
20250526	12:30:00	75641c87-6d6d-444f-ac61-468e5ba866f9	Server running on port 5000
20250526	12:30:19	9ec5c256-da64-4f43-92ad-958f02ff847e	Connected to MySQL
20250526	12:30:19	65762936-2921-460e-9111-7505e4472706	Server running on port 5000
20250526	12:30:31	a9b4295b-a35c-4f5a-b11a-85e534fece1f	Connected to MySQL
20250526	12:30:31	683e1c06-475b-4273-b106-d738800ca567	Server running on port 5000
20250526	12:32:52	4b68f6c3-9889-431e-895d-1cd7d306437f	404 - Route not found: GET /api/receive/getlastreceiveinfo
20250526	12:32:52	01a436d7-2245-4b97-8103-50121726e028	404 - Route not found: GET /api/receive/getlastreceiveinfo
20250526	12:53:15	a8f14c03-33a8-46c9-b9ef-1e2fd2dd7a9e	Connected to MySQL
20250526	12:53:15	dec433c7-67ae-4d21-872c-cf53d5339d7b	Server running on port 5000
20250526	12:54:09	736c1370-fcb1-49fd-8df5-0178529f56d3	Connected to MySQL
20250526	12:54:09	b819eda2-fbb0-47b3-860e-907ac65b2357	Server running on port 5000
20250526	13:32:48	43fe3527-96b0-4a0a-b392-dcdcb5bb2560	404 - Route not found: GET /api/users?currentUser=superadmin%40god.com
20250526	13:32:48	d706d67c-cda9-434e-893a-a1a8d973c55e	404 - Route not found: GET /api/users?currentUser=superadmin%40god.com
20250526	13:36:20	21897d9b-d444-4fed-956f-05bf593fc7cb	404 - Route not found: GET /api/roles?currentUser=superadmin%40god.com
20250526	13:36:20	2c3b211e-d075-4ccc-aa3d-e4b44aa2c01e	404 - Route not found: GET /api/roles?currentUser=superadmin%40god.com
20250526	13:36:57	b7d0d88f-4f75-4e50-a36c-124ccc3270b9	404 - Route not found: GET /api/roles?currentUser=superadmin%40god.com
20250526	13:36:57	94f93ec7-c4d1-42fc-8d12-861a0e678e84	404 - Route not found: GET /api/roles?currentUser=superadmin%40god.com
20250526	13:37:31	aa32d58e-e075-43e4-9f2e-6a80b416bfe8	404 - Route not found: GET /api/roles?currentUser=superadmin%40god.com
20250526	13:37:31	9c24df1e-d16f-4ea2-a746-4beb0308befd	404 - Route not found: GET /api/roles?currentUser=superadmin%40god.com
20250526	13:37:44	4d80c12f-4f01-45f8-adc5-b2f23d06234b	Connected to MySQL
20250526	13:37:44	dade78a1-cb24-4920-86d8-d3e2ba17b387	Server running on port 5000
20250526	13:47:49	8b63828a-8901-4a3b-809d-04bed19070c2	Connected to MySQL
20250526	13:47:49	15894061-38e1-4d96-a61f-1a2b6fa38ca7	Server running on port 5000
20250526	14:07:36	1da303fd-802b-403f-85d4-3794f14cbcea	Connected to MySQL
20250526	14:07:36	a8d00ccb-9d49-4fb5-a5ae-7e4f33f9a90c	Server running on port 5000
20250526	16:25:36	085ba3e2-d05b-4bae-b9f9-8df6d4e86afa	Connected to MySQL
20250526	16:25:36	3c99a772-09e4-419d-b25b-e6e36bbe6c8e	Server running on port 5000
20250526	16:26:11	17b339d3-d380-47e4-8ea9-ae61c0e49bfc	Connected to MySQL
20250526	16:26:11	35db9791-6638-4e62-9b75-01a81108e386	Server running on port 5000
20250526	16:26:20	1f6a28f6-6f86-4350-ab30-cdee897bc643	Connected to MySQL
20250526	16:26:20	72353e1e-91d4-43ef-9549-1735cd8a9a62	Server running on port 5000
20250526	16:27:50	64081c7e-6052-41a7-9a8b-5942ce12a855	Connected to MySQL
20250526	16:27:50	19317d08-9bf9-4d7f-abc1-11c992e9ae94	Server running on port 5000
20250526	16:28:53	ae093f4e-218a-4c18-817e-38cb1ac699ff	Connected to MySQL
20250526	16:28:53	3ecce151-c88c-45f8-9c9f-9f42e92c7112	Server running on port 5000
20250526	16:30:46	0454730e-078e-49e5-a634-f2921bf12292	Connected to MySQL
20250526	16:30:46	aacfc8b3-ae5c-48d4-b81d-45f6d42af798	Server running on port 5000
20250526	16:35:46	f0ffbb11-8914-416b-b85c-5349fe680512	Connected to MySQL
20250526	16:35:46	598a451f-dcb6-4b82-8e0f-391e65ee692b	Server running on port 5000
20250526	16:35:49	d7779882-e186-4e86-b837-c096b0c4d7e9	Connected to MySQL
20250526	16:35:49	103ef938-71f5-498e-be6a-6b53669da32f	Server running on port 5000
20250526	16:35:50	ba2cc951-f808-423c-b622-7f0df2621571	Connected to MySQL
20250526	16:35:50	0078ae47-c514-4518-b499-d15850831145	Server running on port 5000
20250526	16:49:30	44213f03-f92b-47ab-957c-4e137cfe0f46	Connected to MySQL
20250526	16:49:30	d062b31a-64da-4713-b791-b5b0b2d63c65	Server running on port 5000
20250526	16:51:25	748bde4e-363d-4f3a-9708-51048ad318a0	Connected to MySQL
20250526	16:51:25	448b320f-8000-4648-b80a-122b22284683	Server running on port 5000
20250526	16:54:11	f3d4d427-c4b7-4684-a10b-4379b2d63eae	Connected to MySQL
20250526	16:54:11	17de4a42-bdcf-4519-b633-97285c5bf41d	Server running on port 5000
20250526	16:54:12	8ad11c49-75dc-4860-a611-934e3ba0631a	Connected to MySQL
20250526	16:54:12	33fdbb5d-656d-4188-924e-d6e8cdce7f4d	Server running on port 5000
