20250526	12:15:56	5d1fb354-325d-4db2-bcec-33870d440544	Searching for user with email: superadmin@god.com
20250526	12:15:56	358d3386-e7fd-4bf0-8270-ad9e70777b47	Found user with email: superadmin@god.com
20250526	12:22:11	180378c5-cffa-4ca4-999c-44bb727f5784	Searching for user with email: superadmin@god.com
20250526	12:22:11	13797686-74b2-4ef3-8cda-2f000985ea62	Found user with email: superadmin@god.com
20250526	12:27:29	948b9e0c-a32d-406a-9d19-3ac6372271ab	Searching for user with email: superadmin@god.com
20250526	12:27:29	1462134d-8684-46c8-98a0-1743d62c4013	Error finding user with email superadmin@god.com: Unknown column 'r.id' in 'on clause'
20250526	12:27:33	bd9a9311-6ed3-4aa2-9701-e2be1f628ca1	Searching for user with email: superadmin@god.com
20250526	12:27:33	bf38d7a8-d462-4a27-b298-d9feaabc27b2	Error finding user with email superadmin@god.com: Unknown column 'r.id' in 'on clause'
20250526	12:27:34	7ca3108b-0e0f-40f4-acc2-f54562ac4a5d	Searching for user with email: superadmin@god.com
20250526	12:27:34	372cc267-24d0-4634-961b-bc1335100e19	Error finding user with email superadmin@god.com: Unknown column 'r.id' in 'on clause'
20250526	12:27:39	27a091ce-dd78-4655-b251-c43959026b01	Searching for user with email: superadmin@god.com
20250526	12:27:39	20140f71-55e0-440d-b621-5b49fc466b91	Error finding user with email superadmin@god.com: Unknown column 'r.id' in 'on clause'
20250526	12:28:51	b452ee28-c87a-431f-97c4-eebb1b4db59e	Searching for user with email: superadmin@god.com
20250526	12:28:51	1da8fac5-e1e5-4205-893f-5e563ac733df	Found user with email: superadmin@god.com
20250526	15:13:07	7dc4b36e-78dd-4918-ac1f-f38eea8d4baa	Searching for user with email: superadmin@god.com
20250526	15:13:07	92e4b9d5-d284-4cd4-8207-c6293bd3dd37	Found user with email: superadmin@god.com
20250526	15:38:28	4b85761f-2474-49c1-86fc-1d81a60e84dc	Searching for user with email: superadmin@god.com
20250526	15:38:28	51b9c273-c7de-4007-ae8b-14dbab0724ca	Found user with email: superadmin@god.com
20250526	15:40:05	ee8621dc-4fb2-45c9-a473-d924e0083af5	Searching for user with email: superadmin@god.com
20250526	15:40:05	418bba2e-d22b-4d07-b7ff-9bc5f0dab1c5	Found user with email: superadmin@god.com
20250527	10:19:37	0f6d83a3-568b-41aa-bcbe-473d9265a847	Searching for user with email: superadmin@god.com
20250527	10:19:37	5374c20c-e2d7-4a2e-9829-61b5ac517ae3	Found user with email: superadmin@god.com
20250527	10:34:19	e1c9bddd-11a1-4405-a999-df2c61eec44e	Searching for user with email: superadmin@god.com
20250527	10:34:19	d0e47ab3-4187-4704-8c22-660ae8132e8c	Found user with email: superadmin@god.com
20250527	11:11:58	9d314895-09f6-491e-9f55-cc6b71e6357a	Searching for user with email: superadmin@god.com
20250527	11:11:58	e41d0bd9-c23a-4730-aa54-8549295e3023	Found user with email: superadmin@god.com
20250527	13:07:03	5ec84da3-908e-4b0c-8f39-f550597361fc	Searching for user with email: superadmin@god.com
20250527	13:07:03	991b46aa-f438-482c-9fed-bf80b79a1366	Found user with email: superadmin@god.com
20250528	10:01:37	6b6fe622-2663-4750-88f6-39a4909adc87	Searching for user with email: superadmin@god.com
20250528	10:01:37	871b6c03-dc61-48e4-90c7-8541f5cdf4a1	Found user with email: superadmin@god.com
20250528	13:41:00	52421d54-bd2d-43a5-bd3b-d1ac07f3f350	Searching for user with email: superadmin@god.com
20250528	13:41:00	2656f8e1-f787-4cc9-9951-f6c13f899338	Found user with email: superadmin@god.com
20250602	12:33:20	a912608a-8e0e-4099-a6cf-3c4b36eb16ab	Searching for user with email: superadmin@god.com
20250602	12:33:20	41ec7a02-e37a-4111-a03f-c3819f236678	Found user with email: superadmin@god.com
20250603	10:08:15	2eb121a9-ca43-4ce1-8276-7a452ee34e0c	Searching for user with email: superadmin@god.com
20250603	10:08:15	4bd31f3f-835f-452b-b459-3b4850edfff2	Found user with email: superadmin@god.com
20250603	10:25:50	4da425ca-efd1-4f99-80be-92cbf3420551	Searching for user with email: superadmin@god.com
20250603	10:25:50	4aa050d3-208c-4d7e-8b9c-cc6477b5ccc4	Found user with email: superadmin@god.com
20250603	10:26:10	b545f2a2-4da8-422f-b1b1-69dfcdc935e6	Searching for user with email: superadmin@god.com
20250603	10:26:10	075e6dff-6633-4592-96e7-bc28ff8c0d49	Found user with email: superadmin@god.com
20250603	11:02:51	b4b43757-13ba-46e0-a760-5f6985bf4c6d	Searching for user with email: superadmin@god.com
20250603	11:02:51	9d4a1b41-a581-427e-8eb5-1e1f2a38312a	Found user with email: superadmin@god.com
20250603	11:04:44	2b42634d-01ba-40d1-a5e7-7fbd1d3550f4	Searching for user with email: superadmin@god.com
20250603	11:04:44	55442f94-de31-4ad1-b30c-9b43dc90f535	Found user with email: superadmin@god.com
20250603	11:05:55	76ebf55a-2eae-4cdf-b0c1-1bdbcca70365	Searching for user with email: superadmin@god.com
20250603	11:05:55	c7c7e486-1c14-496a-94a0-74bc20494df9	Found user with email: superadmin@god.com
20250603	11:06:31	0b3c43c8-9d85-48e5-9682-a04765dd72b3	Searching for user with email: superadmin@god.com
20250603	11:06:31	7e1e9a3d-bd53-4a5d-ba9e-00cf5fcd417a	Found user with email: superadmin@god.com
20250604	10:07:08	755edc3a-02b4-41cb-a26e-70e4b2f75820	Searching for user with email: superadmin@god.com
20250604	10:07:08	94f763dd-e82c-4e61-b043-051d994faead	Found user with email: superadmin@god.com
20250604	11:32:43	fd3643af-9092-4eed-9ab2-bb75fef716c1	Searching for user with email: superadmin@god.com
20250604	11:32:43	17e68a8b-3446-4780-acee-5730e26fafbd	Found user with email: superadmin@god.com
20250604	13:32:25	72fb6b29-8ddd-4665-bb4c-1882f55ca4f5	Searching for user with email: superadmin@god.com
20250604	13:32:25	7a26dba2-8429-4c8f-9819-670230fa853d	Found user with email: superadmin@god.com
20250604	13:32:31	9e195288-fdde-4f2c-841e-c13ae3b6b299	Searching for user with email: superadmin@god.com
20250604	13:32:31	6a05836f-6b0a-4ad4-be47-3c0f45667de7	Found user with email: superadmin@god.com
20250606	11:43:51	034da268-02f7-4c23-a0d1-2d779503b2f3	Searching for user with email: superadmin@god.com
20250606	11:43:51	f96fe674-2090-4ca7-addb-4b64fdbdd1e2	Found user with email: superadmin@god.com
20250606	11:53:31	b5d4d6e2-149a-40f3-88ee-58615d0834a9	Searching for user with email: superadmin@god.com
20250606	11:53:31	778d4f05-be02-46e9-b5a8-7ab9b1d9b2f6	Found user with email: superadmin@god.com
20250606	11:55:55	60633f40-7743-44e2-85fe-2784133552d6	Searching for user with email: superadmin@god.com
20250606	11:55:55	c1f5e806-e275-40ff-980f-eca8863f003f	Found user with email: superadmin@god.com
20250606	12:22:45	e341b00f-2906-4b07-8d2a-fec97e5374fc	Searching for user with email: superadmin@god.com
20250606	12:22:45	e645b766-dc8a-4d6e-9bd9-63675d0edafc	Found user with email: superadmin@god.com
20250608	13:22:42	a2f7c763-8ff6-48ac-8943-9d6dc1198ce9	Searching for user with email: superadmin@god.com
20250608	13:22:42	2221b833-8f7b-4efe-aaf1-1b8cc9da10dc	Found user with email: superadmin@god.com
20250609	10:16:55	6972aa90-e69c-4de6-8254-3ca78bb1c999	Searching for user with email: superadmin@god.com
20250609	10:16:55	f62852c4-cde1-4355-b155-fc93b172b907	Found user with email: superadmin@god.com
20250612	10:18:02	a802dd54-c316-4f72-b59e-3951d653a841	Searching for user with email: superadmin@god.com
20250612	10:18:02	8d2192ce-8ded-42c4-92b5-957623a9498a	Found user with email: superadmin@god.com
20250612	17:30:06	d626c430-d7eb-48f1-9c5d-94e70058a15b	Searching for user with email: superadmin@god.com
20250612	17:30:06	096a3c50-85f3-43b4-9b76-a835c83a1da2	Found user with email: superadmin@god.com
20250613	11:29:58	82231543-8fa6-4f03-94f8-e35f335fd18b	Searching for user with email: superadmin@god.com
20250613	11:29:58	cec29ac7-e29c-4a8d-ac56-0170780f6fb8	Found user with email: superadmin@god.com
20250614	11:27:17	0d04cbcd-a468-4730-9dfc-856052a07ee8	Searching for user with email: superadmin@god.com
20250614	11:27:17	93c18d7a-b999-4c2f-b1ca-b68f765b99b9	Found user with email: superadmin@god.com
20250616	10:08:26	7d8155b4-61f4-4543-b1bc-4f799e226714	Searching for user with email: superadmin@god.com
20250616	10:08:26	39ba0b1c-0090-4362-a044-9db781c33432	Found user with email: superadmin@god.com
20250617	10:03:28	c73dfec0-cb57-4cdd-b444-dc2498a98395	Searching for user with email: superadmin@god.com
20250617	10:03:28	ee8da945-311e-4bd4-9599-0ad585f0520d	Found user with email: superadmin@god.com
