20250526	13:36:14	b7a50a0b-ad29-4459-939e-4f19d7fe806b	Fetching users for current user: superadmin@god.com
20250526	13:36:14	03230982-640d-4e4c-aff0-5a7a973a1a73	Successfully fetched 4 users for current user: superadmin@god.com
20250526	13:36:14	e2588147-c651-4296-b5e3-f7f4178660f4	Fetching users for current user: superadmin@god.com
20250526	13:36:14	2e0ffc32-74b0-41d9-b365-7d758caccdaf	Successfully fetched 4 users for current user: superadmin@god.com
20250526	13:36:49	6ef11534-53ba-4757-9507-6f71f5494217	Fetching users for current user: superadmin@god.com
20250526	13:36:49	c8f188d9-b8e3-49f2-91b6-4c75b8cbbc3c	Successfully fetched 4 users for current user: superadmin@god.com
20250526	13:36:49	74587705-f16f-4063-809f-df37e3d55e4b	Fetching users for current user: superadmin@god.com
20250526	13:36:49	a765bf50-561b-4cd5-a8b4-a37e789700f8	Successfully fetched 4 users for current user: superadmin@god.com
20250526	13:36:52	77d6ae99-2798-445e-9444-3a1d5b3c62c1	Starting user deletion transaction for ID: 2
20250526	13:36:52	c1ac993b-3d04-423a-8a5d-a79e821e1c69	Successfully deleted user: test@test.com
20250526	13:36:54	8d8afa0d-3e2b-4782-a19a-674402f31576	Starting user deletion transaction for ID: 5
20250526	13:36:54	f5f1bd40-5a46-4566-a3e5-25442c7b2e3a	Successfully deleted user: test2@test
20250526	13:36:55	f66bf621-da3d-45a1-b340-ec710d173e2c	Starting user deletion transaction for ID: 3
20250526	13:36:55	fa4aabec-3290-478a-b10f-bd1108a0c3f6	Successfully deleted user: test2@test.com
20250526	13:37:26	9186e11e-3ff1-40c3-9260-48fd7dd3edf9	Fetching users for current user: superadmin@god.com
20250526	13:37:26	8fac225d-e109-4b34-b11e-b0f9f7558a48	Successfully fetched 1 users for current user: superadmin@god.com
20250526	13:37:26	122eec37-11c0-4337-98a9-97b48c152498	Fetching users for current user: superadmin@god.com
20250526	13:37:26	7e118c12-8030-4605-9e36-bb4b6c4fc42e	Successfully fetched 1 users for current user: superadmin@god.com
20250526	13:37:29	dba97879-e980-4b16-a671-b6aec0cd381f	Fetching users for current user: superadmin@god.com
20250526	13:37:29	78397d5c-254f-4ffc-acdd-76d1a5685ce0	Successfully fetched 1 users for current user: superadmin@god.com
20250526	13:37:29	49931e3f-3613-4c1d-9d41-3fcd390c7cde	Fetching users for current user: superadmin@god.com
20250526	13:37:29	b55964c7-8977-4b63-a930-436103048401	Successfully fetched 1 users for current user: superadmin@god.com
20250526	13:38:19	b564a2a9-56b9-41a1-b79d-9184de9cca7c	Fetching users for current user: superadmin@god.com
20250526	13:38:19	9b639774-bc17-4c05-943d-e18f28c04d3c	Successfully fetched 1 users for current user: superadmin@god.com
20250526	13:38:19	a7253352-d2f5-4f27-ae78-4d8872590f80	Fetching users for current user: superadmin@god.com
20250526	13:38:19	0c0fb768-421d-4f60-a01a-5820589f679b	Successfully fetched 1 users for current user: superadmin@god.com
20250526	13:38:52	84e1218f-79eb-4f28-929a-f4ee2450b44c	Starting user creation transaction
20250526	13:38:52	1358f146-895a-41f3-ae3d-7993bbbfa4ba	Creating new user: admin@inventory.com by superadmin@god.com
20250526	13:38:52	be4d8ca9-099c-4201-9e00-7c3152a40fa9	Assigning 4 permissions to user: admin@inventory.com
20250526	13:38:52	04ff02cd-e180-47ee-9c22-0e61e5c1119e	Successfully created user: admin@inventory.com with ID: 7
20250526	13:38:52	a961e0ba-6eb5-47b0-9143-446d483e888a	Fetching users for current user: superadmin@god.com
20250526	13:38:52	08398bb6-fd27-4282-827d-96c81c8e4c41	Successfully fetched 2 users for current user: superadmin@god.com
20250526	13:38:52	8da574fe-dcbc-4aef-9b62-93276deb8f6f	Fetching users for current user: superadmin@god.com
20250526	13:38:52	aa22b3e8-af82-43f3-be37-834e8d7c24e0	Successfully fetched 2 users for current user: superadmin@god.com
20250526	13:39:07	aea64f64-7325-47e6-b86f-1423cd6b7f8a	Starting user permissions update transaction for ID: 7
20250526	13:39:07	9474041a-f230-4920-af76-af54b2f125f5	Updating permissions for user ID: 7 by superadmin@god.com
20250526	13:39:07	53a2f999-4d7b-46fe-920c-d2b6c78720be	Successfully updated permissions for user: admin@inventory.com
20250526	13:39:07	0ace4cf5-3667-4353-be73-0ebea770ce55	Fetching users for current user: superadmin@god.com
20250526	13:39:07	f78d4bb9-8907-4ab7-b24d-ef1a17641d86	Successfully fetched 2 users for current user: superadmin@god.com
20250526	13:39:07	3d469e79-d7a4-492a-a486-c4168a99b471	Fetching users for current user: superadmin@god.com
20250526	13:39:07	5ad4a246-1f33-4347-b1b4-49884a130219	Successfully fetched 2 users for current user: superadmin@god.com
20250526	15:14:03	45a246d6-9abe-4cd2-84d7-345d21b7ac8e	Fetching users for current user: superadmin@god.com
20250526	15:14:03	38af9ea4-f6c6-4005-90bd-fd91d5f2c432	Successfully fetched 2 users for current user: superadmin@god.com
20250526	15:14:03	04ef3f6a-0264-4708-8107-0bc511b03902	Fetching users for current user: superadmin@god.com
20250526	15:14:03	0b89167b-0d8d-451d-ab37-2af04b57e80f	Successfully fetched 2 users for current user: superadmin@god.com
20250526	15:14:10	306d5243-f343-4fbc-bbcd-6743b8c91eb8	Fetching users for current user: superadmin@god.com
20250526	15:14:10	8b587689-36ec-42ad-944a-68ffec2005b3	Successfully fetched 2 users for current user: superadmin@god.com
20250526	15:14:10	01065541-78df-4f7b-8120-8e3fb2271bf4	Fetching users for current user: superadmin@god.com
20250526	15:14:10	ae396e35-71c2-4869-ad8e-e584af4649ad	Successfully fetched 2 users for current user: superadmin@god.com
20250526	15:16:45	25758d6d-467e-4236-bfee-2aa3977839a6	Fetching users for current user: superadmin@god.com
20250526	15:16:45	cf71782c-2b37-4fd4-8f98-a894e6b063cb	Successfully fetched 2 users for current user: superadmin@god.com
20250526	15:16:45	b45f76f1-aed0-489e-9b28-b6bd018c0859	Fetching users for current user: superadmin@god.com
20250526	15:16:45	137f4ec8-7408-45b9-a241-02b8bbc5c923	Successfully fetched 2 users for current user: superadmin@god.com
20250526	15:22:42	a7024326-010c-4cb0-a1bf-c44080b1e0e5	Fetching users for current user: superadmin@god.com
20250526	15:22:42	d83c0077-62b2-4320-aef6-54a04c66cc4c	Successfully fetched 2 users for current user: superadmin@god.com
20250526	15:22:42	1821ce32-9100-4365-aaa3-8b90adda5547	Fetching users for current user: superadmin@god.com
20250526	15:22:42	4aec6ceb-a459-4c02-a14a-2c5fd4533806	Successfully fetched 2 users for current user: superadmin@god.com
20250526	15:22:51	539458c4-e5f2-43b9-8b36-12355088ee91	Fetching users for current user: superadmin@god.com
20250526	15:22:51	f100ae71-8324-4a6c-b4f2-530e3b70a91d	Successfully fetched 2 users for current user: superadmin@god.com
20250526	15:22:51	280a1266-7d4b-422d-ac27-f40d829ddf32	Fetching users for current user: superadmin@god.com
20250526	15:22:51	2d10e1ae-d96d-45de-b4ee-1beaa7b20532	Successfully fetched 2 users for current user: superadmin@god.com
20250526	15:38:32	5259c618-3ae0-427e-9c54-f2533ae0e921	Fetching users for current user: superadmin@god.com
20250526	15:38:32	d39e812f-b34b-42e1-9669-255f008a77c5	Successfully fetched 2 users for current user: superadmin@god.com
20250526	15:38:32	3c070272-8273-429c-bc9e-f16dccb847a7	Fetching users for current user: superadmin@god.com
20250526	15:38:32	6c0c3310-374e-4507-8dce-a6a5d6e19235	Successfully fetched 2 users for current user: superadmin@god.com
20250527	13:07:09	0a5f583c-ec3c-458a-9dc1-59b9986f62b6	Fetching users for current user: superadmin@god.com
20250527	13:07:09	3afdb328-98e3-4b3d-bc10-1e87898c9b40	Successfully fetched 2 users for current user: superadmin@god.com
20250527	13:07:09	ef34f89a-4ec2-4967-90c2-3a81a4d6f85b	Fetching users for current user: superadmin@god.com
20250527	13:07:09	0304cfb6-165d-40d0-aebd-140c3be6e567	Successfully fetched 2 users for current user: superadmin@god.com
20250603	11:05:59	e928142b-ae03-4c46-b649-a8b77719ab52	Fetching users for current user: superadmin@god.com
20250603	11:05:59	f810554a-3689-4725-9126-17eef6eda224	Successfully fetched 2 users for current user: superadmin@god.com
20250603	11:05:59	2719f27b-5935-44d9-8f1a-c8c248e952ad	Fetching users for current user: superadmin@god.com
20250603	11:05:59	8482647d-d1dd-4ee2-9131-cb3987c21656	Successfully fetched 2 users for current user: superadmin@god.com
20250603	11:06:06	e4c7a94a-eb07-4aa8-8e14-ecef0615bc9c	Fetching users for current user: superadmin@god.com
20250603	11:06:06	24f07898-95f8-43d2-90a5-581c11e45575	Successfully fetched 2 users for current user: superadmin@god.com
20250603	11:06:06	95ae52c1-da3e-4473-b008-f04aa08ed87d	Fetching users for current user: superadmin@god.com
20250603	11:06:06	7c98daeb-fda8-4c93-b3bb-abc877f85a22	Successfully fetched 2 users for current user: superadmin@god.com
20250603	11:06:09	a4761c68-6835-46c0-81d3-effdd6985e8a	Fetching user details for ID: 1 by current user: superadmin@god.com
20250603	11:06:09	017e3faa-ca3b-49a5-87e1-7fcdbf9f1d34	Successfully fetched user details for ID: 1
20250603	11:06:09	08152cf5-73e1-4716-938b-cf5ac38471f9	Fetching user details for ID: 1 by current user: superadmin@god.com
20250603	11:06:09	fe2afb6e-8505-4a24-9222-96e327f487ce	Successfully fetched user details for ID: 1
20250603	11:06:12	3d8509ef-3919-444e-b8f3-2a0a374a70dd	Starting user update transaction for ID: 1
20250603	11:06:12	aecb9ae5-065c-42bd-9cd4-ead506e6b891	Updating user: superadmin@god.com by superadmin@god.com
20250603	11:06:12	47c8a0a2-9447-478e-919d-1c9e6277c730	Successfully updated user: superadmin@god.com
20250603	11:06:12	325a8055-47b2-4e5d-933c-8ee6644b4ec5	Fetching users for current user: superadmin@god.com
20250603	11:06:12	b7b6628c-544c-4812-81bd-59105c89b493	Successfully fetched 2 users for current user: superadmin@god.com
20250603	11:06:12	0ba50b21-c130-4e09-b134-20fff9765522	Fetching users for current user: superadmin@god.com
20250603	11:06:12	63a1473d-eb4a-46b5-8139-64b31437c41e	Successfully fetched 2 users for current user: superadmin@god.com
20250603	16:31:48	f5198025-c441-496b-8ef3-26b942f894e6	Fetching users for current user: superadmin@god.com
20250603	16:31:48	08403bfe-64d7-4848-82db-1d4551072ba6	Successfully fetched 2 users for current user: superadmin@god.com
20250603	16:31:48	e81abe84-2500-436f-9d22-8951ff701b2d	Fetching users for current user: superadmin@god.com
20250603	16:31:48	f1b7f986-da17-4223-8ba7-da4348964f26	Successfully fetched 2 users for current user: superadmin@god.com
20250603	16:34:19	0ea711a0-72d1-4f32-bbc6-d340e828d8a7	Fetching users for current user: superadmin@god.com
20250603	16:34:19	de990c63-0dee-4c73-8d5e-cf1375014411	Successfully fetched 2 users for current user: superadmin@god.com
20250603	16:34:19	b84999d0-6070-4fcf-9d8e-40318f858cbc	Fetching users for current user: superadmin@god.com
20250603	16:34:19	25e2fe97-c2f5-4f35-8ac5-596a2d25f87f	Successfully fetched 2 users for current user: superadmin@god.com
20250603	16:36:21	029abe05-c963-442f-a9b7-63b042ff64ee	Fetching users for current user: superadmin@god.com
20250603	16:36:21	f7126d55-0fd6-4b63-aa6f-6f5111252e50	Successfully fetched 2 users for current user: superadmin@god.com
20250603	16:36:21	d0c60905-32bf-483e-b1bd-4c55e071d431	Fetching users for current user: superadmin@god.com
20250603	16:36:21	bab7d7d7-9b00-4573-883d-118c29674382	Successfully fetched 2 users for current user: superadmin@god.com
20250604	11:33:53	40cbc2ff-bc28-4ab5-8a0e-553436864b4f	Fetching users for current user: superadmin@god.com
20250604	11:33:53	d9e99a6f-7f68-4047-a64d-24bf113159bc	Successfully fetched 2 users for current user: superadmin@god.com
20250604	11:33:53	8b273621-6c9b-4579-8a17-6015ca2bb766	Fetching users for current user: superadmin@god.com
20250604	11:33:53	0e483674-caf6-4f65-96b5-2917d5245476	Successfully fetched 2 users for current user: superadmin@god.com
20250604	11:39:21	0203dfcf-0399-4871-93e2-96d5990ab2ce	Fetching users for current user: superadmin@god.com
20250604	11:39:21	95892f40-0ef9-4d46-88f9-f2eb1b9ac3a5	Successfully fetched 2 users for current user: superadmin@god.com
20250604	11:39:21	396115a7-c6f9-44df-ad91-b93a5e26abc8	Fetching users for current user: superadmin@god.com
20250604	11:39:21	b129f1c6-d758-4731-a46f-0d599ba00ffb	Successfully fetched 2 users for current user: superadmin@god.com
20250604	11:44:08	1de13330-c620-4b82-9687-6e0f5d9f9596	Fetching users for current user: superadmin@god.com
20250604	11:44:08	914a53d5-1927-439c-876f-224b5d1d2757	Successfully fetched 2 users for current user: superadmin@god.com
20250604	11:44:08	7390d001-0082-48f6-9019-0b1f30156cde	Fetching users for current user: superadmin@god.com
20250604	11:44:08	e2670b02-70f2-4500-a4e8-6711eaa34629	Successfully fetched 2 users for current user: superadmin@god.com
20250604	11:54:41	dcbebf15-11d2-4199-8263-dced4d2f0621	Fetching users for current user: superadmin@god.com
20250604	11:54:41	8d63254e-c5d1-42ab-9623-29c5deb39020	Successfully fetched 2 users for current user: superadmin@god.com
20250604	11:54:41	bafaf9ac-d7ee-4f92-9475-55d345357e41	Fetching users for current user: superadmin@god.com
20250604	11:54:41	e1bf9fbe-6455-41de-87e6-ee3193a34fb4	Successfully fetched 2 users for current user: superadmin@god.com
20250604	11:55:21	4db373df-18fa-416d-b645-7797b3e1ae2b	Fetching users for current user: superadmin@god.com
20250604	11:55:21	06603dba-4605-43f7-9bc4-a9fa6a0e4b7e	Successfully fetched 2 users for current user: superadmin@god.com
20250604	11:55:42	b46f2bce-42f7-46b4-9e69-d29dd9d115b5	Fetching users for current user: superadmin@god.com
20250604	11:55:42	ea466d37-f3f8-4103-99a9-719db5fd5154	Successfully fetched 2 users for current user: superadmin@god.com
